30-Oct-2023 16:42:18.486 INFO [main] org.apache.catalina.startup.VersionLoggerListener.log Nombre de la versión del servidor: Apache Tomcat/10.1.15
30-Oct-2023 16:42:18.492 INFO [main] org.apache.catalina.startup.VersionLoggerListener.log Server built:                      Oct 11 2023 23:38:40 UTC
30-Oct-2023 16:42:18.493 INFO [main] org.apache.catalina.startup.VersionLoggerListener.log Número de versión de servidor:     10.1.15.0
30-Oct-2023 16:42:18.498 INFO [main] org.apache.catalina.startup.VersionLoggerListener.log OS Name:                           Windows 11
30-Oct-2023 16:42:18.498 INFO [main] org.apache.catalina.startup.VersionLoggerListener.log Versión de Systema Operativo:      10.0
30-Oct-2023 16:42:18.500 INFO [main] org.apache.catalina.startup.VersionLoggerListener.log Arquitectura:                      amd64
30-Oct-2023 16:42:18.501 INFO [main] org.apache.catalina.startup.VersionLoggerListener.log Java Home:                         C:\Program Files\Java\jdk-17.0.2
30-Oct-2023 16:42:18.505 INFO [main] org.apache.catalina.startup.VersionLoggerListener.log JVM Version:                       17.0.2+8-86
30-Oct-2023 16:42:18.506 INFO [main] org.apache.catalina.startup.VersionLoggerListener.log Vededor JVM:                       Oracle Corporation
30-Oct-2023 16:42:18.506 INFO [main] org.apache.catalina.startup.VersionLoggerListener.log CATALINA_BASE:                     C:\Users\userg\eclipse-workspace\JavaEE\apache-tomcat-10.1.15-windows-x64\apache-tomcat-10.1.15
30-Oct-2023 16:42:18.506 INFO [main] org.apache.catalina.startup.VersionLoggerListener.log CATALINA_HOME:                     C:\Users\userg\eclipse-workspace\JavaEE\apache-tomcat-10.1.15-windows-x64\apache-tomcat-10.1.15
30-Oct-2023 16:42:18.530 INFO [main] org.apache.catalina.startup.VersionLoggerListener.log Command line argument:             -Djava.util.logging.config.file=C:\Users\userg\eclipse-workspace\JavaEE\apache-tomcat-10.1.15-windows-x64\apache-tomcat-10.1.15\conf\logging.properties
30-Oct-2023 16:42:18.530 INFO [main] org.apache.catalina.startup.VersionLoggerListener.log Command line argument:             -Djava.util.logging.manager=org.apache.juli.ClassLoaderLogManager
30-Oct-2023 16:42:18.531 INFO [main] org.apache.catalina.startup.VersionLoggerListener.log Command line argument:             -Djdk.tls.ephemeralDHKeySize=2048
30-Oct-2023 16:42:18.531 INFO [main] org.apache.catalina.startup.VersionLoggerListener.log Command line argument:             -Djava.protocol.handler.pkgs=org.apache.catalina.webresources
30-Oct-2023 16:42:18.531 INFO [main] org.apache.catalina.startup.VersionLoggerListener.log Command line argument:             --add-opens=java.base/java.lang=ALL-UNNAMED
30-Oct-2023 16:42:18.532 INFO [main] org.apache.catalina.startup.VersionLoggerListener.log Command line argument:             --add-opens=java.base/java.io=ALL-UNNAMED
30-Oct-2023 16:42:18.532 INFO [main] org.apache.catalina.startup.VersionLoggerListener.log Command line argument:             --add-opens=java.base/java.util=ALL-UNNAMED
30-Oct-2023 16:42:18.533 INFO [main] org.apache.catalina.startup.VersionLoggerListener.log Command line argument:             --add-opens=java.base/java.util.concurrent=ALL-UNNAMED
30-Oct-2023 16:42:18.533 INFO [main] org.apache.catalina.startup.VersionLoggerListener.log Command line argument:             --add-opens=java.rmi/sun.rmi.transport=ALL-UNNAMED
30-Oct-2023 16:42:18.534 INFO [main] org.apache.catalina.startup.VersionLoggerListener.log Command line argument:             -Dcatalina.base=C:\Users\userg\eclipse-workspace\JavaEE\apache-tomcat-10.1.15-windows-x64\apache-tomcat-10.1.15
30-Oct-2023 16:42:18.534 INFO [main] org.apache.catalina.startup.VersionLoggerListener.log Command line argument:             -Dcatalina.home=C:\Users\userg\eclipse-workspace\JavaEE\apache-tomcat-10.1.15-windows-x64\apache-tomcat-10.1.15
30-Oct-2023 16:42:18.535 INFO [main] org.apache.catalina.startup.VersionLoggerListener.log Command line argument:             -Djava.io.tmpdir=C:\Users\userg\eclipse-workspace\JavaEE\apache-tomcat-10.1.15-windows-x64\apache-tomcat-10.1.15\temp
30-Oct-2023 16:42:18.540 INFO [main] org.apache.catalina.core.AprLifecycleListener.lifecycleEvent Cargada la biblioteca nativa APR de Apache Tomcat [2.0.6] con la versión APR [1.7.4].
30-Oct-2023 16:42:18.550 INFO [main] org.apache.catalina.core.AprLifecycleListener.initializeSSL OpenSSL inicializado correctamente [OpenSSL 3.0.11 19 Sep 2023]
30-Oct-2023 16:42:18.866 INFO [main] org.apache.coyote.AbstractProtocol.init Inicializando el manejador de protocolo ["http-nio-8080"]

30-Oct-2023 16:42:18.892 INFO [main] org.apache.catalina.startup.Catalina.load Server initialization in [706] milliseconds
30-Oct-2023 16:42:18.956 INFO [main] org.apache.catalina.core.StandardService.startInternal Arrancando servicio [Catalina]
30-Oct-2023 16:42:18.956 INFO [main] org.apache.catalina.core.StandardEngine.startInternal Starting Servlet engine: [Apache Tomcat/10.1.15]
30-Oct-2023 16:42:18.987 INFO [main] org.apache.catalina.startup.HostConfig.deployWAR Despliegue del archivo [C:\Users\userg\eclipse-workspace\JavaEE\apache-tomcat-10.1.15-windows-x64\apache-tomcat-10.1.15\webapps\webapp-1.0-SNAPSHOT.war] de la aplicación web
30-Oct-2023 16:42:19.405 INFO [main] org.apache.catalina.startup.HostConfig.deployWAR Deployment of web application archive [C:\Users\userg\eclipse-workspace\JavaEE\apache-tomcat-10.1.15-windows-x64\apache-tomcat-10.1.15\webapps\webapp-1.0-SNAPSHOT.war] has finished in [416] ms
30-Oct-2023 16:42:19.409 INFO [main] org.apache.catalina.startup.HostConfig.deployWAR Despliegue del archivo [C:\Users\userg\eclipse-workspace\JavaEE\apache-tomcat-10.1.15-windows-x64\apache-tomcat-10.1.15\webapps\webapp-cookie.war] de la aplicación web
30-Oct-2023 16:42:19.791 INFO [main] org.apache.jasper.servlet.TldScanner.scanJars Al menos un JAR, que se ha explorado buscando TLDs, aún no contenía TLDs. Activar historial de depuración para este historiador para una completa lista de los JARs que fueron explorados y de los que nos se halló TLDs. Saltarse JARs no necesarios durante la exploración puede dar lugar a una mejora de tiempo significativa en el arranque y compilación de JSP .
30-Oct-2023 16:42:19.797 INFO [main] org.apache.catalina.startup.HostConfig.deployWAR Deployment of web application archive [C:\Users\userg\eclipse-workspace\JavaEE\apache-tomcat-10.1.15-windows-x64\apache-tomcat-10.1.15\webapps\webapp-cookie.war] has finished in [389] ms
30-Oct-2023 16:42:19.802 INFO [main] org.apache.catalina.startup.HostConfig.deployWAR Despliegue del archivo [C:\Users\userg\eclipse-workspace\JavaEE\apache-tomcat-10.1.15-windows-x64\apache-tomcat-10.1.15\webapps\webapp-form.war] de la aplicación web
30-Oct-2023 16:42:19.851 INFO [main] org.apache.catalina.startup.HostConfig.deployWAR Deployment of web application archive [C:\Users\userg\eclipse-workspace\JavaEE\apache-tomcat-10.1.15-windows-x64\apache-tomcat-10.1.15\webapps\webapp-form.war] has finished in [49] ms
30-Oct-2023 16:42:19.854 INFO [main] org.apache.catalina.startup.HostConfig.deployWAR Despliegue del archivo [C:\Users\userg\eclipse-workspace\JavaEE\apache-tomcat-10.1.15-windows-x64\apache-tomcat-10.1.15\webapps\webapp-headers.war] de la aplicación web
30-Oct-2023 16:42:20.192 INFO [main] org.apache.jasper.servlet.TldScanner.scanJars Al menos un JAR, que se ha explorado buscando TLDs, aún no contenía TLDs. Activar historial de depuración para este historiador para una completa lista de los JARs que fueron explorados y de los que nos se halló TLDs. Saltarse JARs no necesarios durante la exploración puede dar lugar a una mejora de tiempo significativa en el arranque y compilación de JSP .
30-Oct-2023 16:42:20.196 INFO [main] org.apache.catalina.startup.HostConfig.deployWAR Deployment of web application archive [C:\Users\userg\eclipse-workspace\JavaEE\apache-tomcat-10.1.15-windows-x64\apache-tomcat-10.1.15\webapps\webapp-headers.war] has finished in [342] ms
30-Oct-2023 16:42:20.198 INFO [main] org.apache.catalina.startup.HostConfig.deployWAR Despliegue del archivo [C:\Users\userg\eclipse-workspace\JavaEE\apache-tomcat-10.1.15-windows-x64\apache-tomcat-10.1.15\webapps\webapp-session.war] de la aplicación web
30-Oct-2023 16:42:20.514 INFO [main] org.apache.jasper.servlet.TldScanner.scanJars Al menos un JAR, que se ha explorado buscando TLDs, aún no contenía TLDs. Activar historial de depuración para este historiador para una completa lista de los JARs que fueron explorados y de los que nos se halló TLDs. Saltarse JARs no necesarios durante la exploración puede dar lugar a una mejora de tiempo significativa en el arranque y compilación de JSP .
30-Oct-2023 16:42:20.519 INFO [main] org.apache.catalina.startup.HostConfig.deployWAR Deployment of web application archive [C:\Users\userg\eclipse-workspace\JavaEE\apache-tomcat-10.1.15-windows-x64\apache-tomcat-10.1.15\webapps\webapp-session.war] has finished in [320] ms
30-Oct-2023 16:42:20.524 INFO [main] org.apache.catalina.startup.HostConfig.deployWAR Despliegue del archivo [C:\Users\userg\eclipse-workspace\JavaEE\apache-tomcat-10.1.15-windows-x64\apache-tomcat-10.1.15\webapps\webapp.war] de la aplicación web
30-Oct-2023 16:42:20.585 INFO [main] org.apache.catalina.startup.HostConfig.deployWAR Deployment of web application archive [C:\Users\userg\eclipse-workspace\JavaEE\apache-tomcat-10.1.15-windows-x64\apache-tomcat-10.1.15\webapps\webapp.war] has finished in [60] ms
30-Oct-2023 16:42:20.586 INFO [main] org.apache.catalina.startup.HostConfig.deployDirectory Desplegando el directorio [C:\Users\userg\eclipse-workspace\JavaEE\apache-tomcat-10.1.15-windows-x64\apache-tomcat-10.1.15\webapps\docs] de la aplicación web
30-Oct-2023 16:42:20.624 INFO [main] org.apache.catalina.startup.HostConfig.deployDirectory Deployment of web application directory [C:\Users\userg\eclipse-workspace\JavaEE\apache-tomcat-10.1.15-windows-x64\apache-tomcat-10.1.15\webapps\docs] has finished in [38] ms
30-Oct-2023 16:42:20.624 INFO [main] org.apache.catalina.startup.HostConfig.deployDirectory Desplegando el directorio [C:\Users\userg\eclipse-workspace\JavaEE\apache-tomcat-10.1.15-windows-x64\apache-tomcat-10.1.15\webapps\examples] de la aplicación web
30-Oct-2023 16:42:21.169 INFO [main] org.apache.catalina.startup.HostConfig.deployDirectory Deployment of web application directory [C:\Users\userg\eclipse-workspace\JavaEE\apache-tomcat-10.1.15-windows-x64\apache-tomcat-10.1.15\webapps\examples] has finished in [544] ms
30-Oct-2023 16:42:21.169 INFO [main] org.apache.catalina.startup.HostConfig.deployDirectory Desplegando el directorio [C:\Users\userg\eclipse-workspace\JavaEE\apache-tomcat-10.1.15-windows-x64\apache-tomcat-10.1.15\webapps\host-manager] de la aplicación web
30-Oct-2023 16:42:21.232 INFO [main] org.apache.catalina.startup.HostConfig.deployDirectory Deployment of web application directory [C:\Users\userg\eclipse-workspace\JavaEE\apache-tomcat-10.1.15-windows-x64\apache-tomcat-10.1.15\webapps\host-manager] has finished in [62] ms
30-Oct-2023 16:42:21.233 INFO [main] org.apache.catalina.startup.HostConfig.deployDirectory Desplegando el directorio [C:\Users\userg\eclipse-workspace\JavaEE\apache-tomcat-10.1.15-windows-x64\apache-tomcat-10.1.15\webapps\manager] de la aplicación web
30-Oct-2023 16:42:21.303 INFO [main] org.apache.catalina.startup.HostConfig.deployDirectory Deployment of web application directory [C:\Users\userg\eclipse-workspace\JavaEE\apache-tomcat-10.1.15-windows-x64\apache-tomcat-10.1.15\webapps\manager] has finished in [70] ms
30-Oct-2023 16:42:21.304 INFO [main] org.apache.catalina.startup.HostConfig.deployDirectory Desplegando el directorio [C:\Users\userg\eclipse-workspace\JavaEE\apache-tomcat-10.1.15-windows-x64\apache-tomcat-10.1.15\webapps\ROOT] de la aplicación web
30-Oct-2023 16:42:21.333 INFO [main] org.apache.catalina.startup.HostConfig.deployDirectory Deployment of web application directory [C:\Users\userg\eclipse-workspace\JavaEE\apache-tomcat-10.1.15-windows-x64\apache-tomcat-10.1.15\webapps\ROOT] has finished in [29] ms
30-Oct-2023 16:42:21.338 INFO [main] org.apache.coyote.AbstractProtocol.start Starting ProtocolHandler ["http-nio-8080"]
30-Oct-2023 16:42:21.391 INFO [main] org.apache.catalina.startup.Catalina.start Server startup in [2498] milliseconds
30-Oct-2023 16:44:13.816 INFO [http-nio-8080-exec-1] org.apache.catalina.startup.HostConfig.undeploy Repliegue (undeploy) de la aplicación web que tiene como trayectoria de contexto [/webapp-session]
30-Oct-2023 16:44:13.851 INFO [http-nio-8080-exec-1] org.apache.catalina.startup.HostConfig.deployWAR Despliegue del archivo [C:\Users\userg\eclipse-workspace\JavaEE\apache-tomcat-10.1.15-windows-x64\apache-tomcat-10.1.15\webapps\webapp-session.war] de la aplicación web
30-Oct-2023 16:44:14.240 INFO [http-nio-8080-exec-1] org.apache.jasper.servlet.TldScanner.scanJars Al menos un JAR, que se ha explorado buscando TLDs, aún no contenía TLDs. Activar historial de depuración para este historiador para una completa lista de los JARs que fueron explorados y de los que nos se halló TLDs. Saltarse JARs no necesarios durante la exploración puede dar lugar a una mejora de tiempo significativa en el arranque y compilación de JSP .
30-Oct-2023 16:44:14.244 INFO [http-nio-8080-exec-1] org.apache.catalina.startup.HostConfig.deployWAR Deployment of web application archive [C:\Users\userg\eclipse-workspace\JavaEE\apache-tomcat-10.1.15-windows-x64\apache-tomcat-10.1.15\webapps\webapp-session.war] has finished in [393] ms
30-Oct-2023 16:46:04.477 INFO [Thread-1] org.apache.coyote.AbstractProtocol.pause Pausing ProtocolHandler ["http-nio-8080"]
30-Oct-2023 16:46:04.505 INFO [Thread-1] org.apache.catalina.core.StandardService.stopInternal Parando servicio [Catalina]
30-Oct-2023 16:46:04.531 INFO [Thread-1] org.apache.coyote.AbstractProtocol.stop Stopping ProtocolHandler ["http-nio-8080"]
30-Oct-2023 16:46:04.552 INFO [Thread-1] org.apache.coyote.AbstractProtocol.destroy Destroying ProtocolHandler ["http-nio-8080"]
30-Oct-2023 17:03:43.407 INFO [main] org.apache.catalina.startup.VersionLoggerListener.log Nombre de la versión del servidor: Apache Tomcat/10.1.15
30-Oct-2023 17:03:43.418 INFO [main] org.apache.catalina.startup.VersionLoggerListener.log Server built:                      Oct 11 2023 23:38:40 UTC
30-Oct-2023 17:03:43.444 INFO [main] org.apache.catalina.startup.VersionLoggerListener.log Número de versión de servidor:     10.1.15.0
30-Oct-2023 17:03:43.453 INFO [main] org.apache.catalina.startup.VersionLoggerListener.log OS Name:                           Windows 11
30-Oct-2023 17:03:43.457 INFO [main] org.apache.catalina.startup.VersionLoggerListener.log Versión de Systema Operativo:      10.0
30-Oct-2023 17:03:43.457 INFO [main] org.apache.catalina.startup.VersionLoggerListener.log Arquitectura:                      amd64
30-Oct-2023 17:03:43.459 INFO [main] org.apache.catalina.startup.VersionLoggerListener.log Java Home:                         C:\Program Files\Java\jdk-17.0.2
30-Oct-2023 17:03:43.459 INFO [main] org.apache.catalina.startup.VersionLoggerListener.log JVM Version:                       17.0.2+8-86
30-Oct-2023 17:03:43.459 INFO [main] org.apache.catalina.startup.VersionLoggerListener.log Vededor JVM:                       Oracle Corporation
30-Oct-2023 17:03:43.459 INFO [main] org.apache.catalina.startup.VersionLoggerListener.log CATALINA_BASE:                     C:\Users\userg\eclipse-workspace\JavaEE\apache-tomcat-10.1.15-windows-x64\apache-tomcat-10.1.15
30-Oct-2023 17:03:43.459 INFO [main] org.apache.catalina.startup.VersionLoggerListener.log CATALINA_HOME:                     C:\Users\userg\eclipse-workspace\JavaEE\apache-tomcat-10.1.15-windows-x64\apache-tomcat-10.1.15
30-Oct-2023 17:03:43.460 INFO [main] org.apache.catalina.startup.VersionLoggerListener.log Command line argument:             -Djava.util.logging.config.file=C:\Users\userg\eclipse-workspace\JavaEE\apache-tomcat-10.1.15-windows-x64\apache-tomcat-10.1.15\conf\logging.properties
30-Oct-2023 17:03:43.460 INFO [main] org.apache.catalina.startup.VersionLoggerListener.log Command line argument:             -Djava.util.logging.manager=org.apache.juli.ClassLoaderLogManager
30-Oct-2023 17:03:43.460 INFO [main] org.apache.catalina.startup.VersionLoggerListener.log Command line argument:             -Djdk.tls.ephemeralDHKeySize=2048
30-Oct-2023 17:03:43.461 INFO [main] org.apache.catalina.startup.VersionLoggerListener.log Command line argument:             -Djava.protocol.handler.pkgs=org.apache.catalina.webresources
30-Oct-2023 17:03:43.461 INFO [main] org.apache.catalina.startup.VersionLoggerListener.log Command line argument:             --add-opens=java.base/java.lang=ALL-UNNAMED
30-Oct-2023 17:03:43.462 INFO [main] org.apache.catalina.startup.VersionLoggerListener.log Command line argument:             --add-opens=java.base/java.io=ALL-UNNAMED
30-Oct-2023 17:03:43.462 INFO [main] org.apache.catalina.startup.VersionLoggerListener.log Command line argument:             --add-opens=java.base/java.util=ALL-UNNAMED
30-Oct-2023 17:03:43.463 INFO [main] org.apache.catalina.startup.VersionLoggerListener.log Command line argument:             --add-opens=java.base/java.util.concurrent=ALL-UNNAMED
30-Oct-2023 17:03:43.463 INFO [main] org.apache.catalina.startup.VersionLoggerListener.log Command line argument:             --add-opens=java.rmi/sun.rmi.transport=ALL-UNNAMED
30-Oct-2023 17:03:43.464 INFO [main] org.apache.catalina.startup.VersionLoggerListener.log Command line argument:             -Dcatalina.base=C:\Users\userg\eclipse-workspace\JavaEE\apache-tomcat-10.1.15-windows-x64\apache-tomcat-10.1.15
30-Oct-2023 17:03:43.464 INFO [main] org.apache.catalina.startup.VersionLoggerListener.log Command line argument:             -Dcatalina.home=C:\Users\userg\eclipse-workspace\JavaEE\apache-tomcat-10.1.15-windows-x64\apache-tomcat-10.1.15
30-Oct-2023 17:03:43.466 INFO [main] org.apache.catalina.startup.VersionLoggerListener.log Command line argument:             -Djava.io.tmpdir=C:\Users\userg\eclipse-workspace\JavaEE\apache-tomcat-10.1.15-windows-x64\apache-tomcat-10.1.15\temp
30-Oct-2023 17:03:43.470 INFO [main] org.apache.catalina.core.AprLifecycleListener.lifecycleEvent Cargada la biblioteca nativa APR de Apache Tomcat [2.0.6] con la versión APR [1.7.4].
30-Oct-2023 17:03:43.486 INFO [main] org.apache.catalina.core.AprLifecycleListener.initializeSSL OpenSSL inicializado correctamente [OpenSSL 3.0.11 19 Sep 2023]
30-Oct-2023 17:03:43.917 INFO [main] org.apache.coyote.AbstractProtocol.init Inicializando el manejador de protocolo ["http-nio-8080"]

30-Oct-2023 17:03:43.953 INFO [main] org.apache.catalina.startup.Catalina.load Server initialization in [846] milliseconds
30-Oct-2023 17:03:44.039 INFO [main] org.apache.catalina.core.StandardService.startInternal Arrancando servicio [Catalina]
30-Oct-2023 17:03:44.039 INFO [main] org.apache.catalina.core.StandardEngine.startInternal Starting Servlet engine: [Apache Tomcat/10.1.15]
30-Oct-2023 17:03:44.086 INFO [main] org.apache.catalina.startup.HostConfig.deployWAR Despliegue del archivo [C:\Users\userg\eclipse-workspace\JavaEE\apache-tomcat-10.1.15-windows-x64\apache-tomcat-10.1.15\webapps\webapp-1.0-SNAPSHOT.war] de la aplicación web
30-Oct-2023 17:03:44.519 INFO [main] org.apache.catalina.startup.HostConfig.deployWAR Deployment of web application archive [C:\Users\userg\eclipse-workspace\JavaEE\apache-tomcat-10.1.15-windows-x64\apache-tomcat-10.1.15\webapps\webapp-1.0-SNAPSHOT.war] has finished in [432] ms
30-Oct-2023 17:03:44.521 INFO [main] org.apache.catalina.startup.HostConfig.deployWAR Despliegue del archivo [C:\Users\userg\eclipse-workspace\JavaEE\apache-tomcat-10.1.15-windows-x64\apache-tomcat-10.1.15\webapps\webapp-cookie.war] de la aplicación web
30-Oct-2023 17:03:44.984 INFO [main] org.apache.jasper.servlet.TldScanner.scanJars Al menos un JAR, que se ha explorado buscando TLDs, aún no contenía TLDs. Activar historial de depuración para este historiador para una completa lista de los JARs que fueron explorados y de los que nos se halló TLDs. Saltarse JARs no necesarios durante la exploración puede dar lugar a una mejora de tiempo significativa en el arranque y compilación de JSP .
30-Oct-2023 17:03:44.990 INFO [main] org.apache.catalina.startup.HostConfig.deployWAR Deployment of web application archive [C:\Users\userg\eclipse-workspace\JavaEE\apache-tomcat-10.1.15-windows-x64\apache-tomcat-10.1.15\webapps\webapp-cookie.war] has finished in [468] ms
30-Oct-2023 17:03:44.992 INFO [main] org.apache.catalina.startup.HostConfig.deployWAR Despliegue del archivo [C:\Users\userg\eclipse-workspace\JavaEE\apache-tomcat-10.1.15-windows-x64\apache-tomcat-10.1.15\webapps\webapp-form.war] de la aplicación web
30-Oct-2023 17:03:45.070 INFO [main] org.apache.catalina.startup.HostConfig.deployWAR Deployment of web application archive [C:\Users\userg\eclipse-workspace\JavaEE\apache-tomcat-10.1.15-windows-x64\apache-tomcat-10.1.15\webapps\webapp-form.war] has finished in [75] ms
30-Oct-2023 17:03:45.071 INFO [main] org.apache.catalina.startup.HostConfig.deployWAR Despliegue del archivo [C:\Users\userg\eclipse-workspace\JavaEE\apache-tomcat-10.1.15-windows-x64\apache-tomcat-10.1.15\webapps\webapp-headers.war] de la aplicación web
30-Oct-2023 17:03:45.446 INFO [main] org.apache.jasper.servlet.TldScanner.scanJars Al menos un JAR, que se ha explorado buscando TLDs, aún no contenía TLDs. Activar historial de depuración para este historiador para una completa lista de los JARs que fueron explorados y de los que nos se halló TLDs. Saltarse JARs no necesarios durante la exploración puede dar lugar a una mejora de tiempo significativa en el arranque y compilación de JSP .
30-Oct-2023 17:03:45.451 INFO [main] org.apache.catalina.startup.HostConfig.deployWAR Deployment of web application archive [C:\Users\userg\eclipse-workspace\JavaEE\apache-tomcat-10.1.15-windows-x64\apache-tomcat-10.1.15\webapps\webapp-headers.war] has finished in [379] ms
30-Oct-2023 17:03:45.452 INFO [main] org.apache.catalina.startup.HostConfig.deployWAR Despliegue del archivo [C:\Users\userg\eclipse-workspace\JavaEE\apache-tomcat-10.1.15-windows-x64\apache-tomcat-10.1.15\webapps\webapp-session.war] de la aplicación web
30-Oct-2023 17:03:45.849 INFO [main] org.apache.jasper.servlet.TldScanner.scanJars Al menos un JAR, que se ha explorado buscando TLDs, aún no contenía TLDs. Activar historial de depuración para este historiador para una completa lista de los JARs que fueron explorados y de los que nos se halló TLDs. Saltarse JARs no necesarios durante la exploración puede dar lugar a una mejora de tiempo significativa en el arranque y compilación de JSP .
30-Oct-2023 17:03:45.853 INFO [main] org.apache.catalina.startup.HostConfig.deployWAR Deployment of web application archive [C:\Users\userg\eclipse-workspace\JavaEE\apache-tomcat-10.1.15-windows-x64\apache-tomcat-10.1.15\webapps\webapp-session.war] has finished in [400] ms
30-Oct-2023 17:03:45.854 INFO [main] org.apache.catalina.startup.HostConfig.deployWAR Despliegue del archivo [C:\Users\userg\eclipse-workspace\JavaEE\apache-tomcat-10.1.15-windows-x64\apache-tomcat-10.1.15\webapps\webapp.war] de la aplicación web
30-Oct-2023 17:03:45.904 INFO [main] org.apache.catalina.startup.HostConfig.deployWAR Deployment of web application archive [C:\Users\userg\eclipse-workspace\JavaEE\apache-tomcat-10.1.15-windows-x64\apache-tomcat-10.1.15\webapps\webapp.war] has finished in [50] ms
30-Oct-2023 17:03:45.905 INFO [main] org.apache.catalina.startup.HostConfig.deployDirectory Desplegando el directorio [C:\Users\userg\eclipse-workspace\JavaEE\apache-tomcat-10.1.15-windows-x64\apache-tomcat-10.1.15\webapps\docs] de la aplicación web
30-Oct-2023 17:03:45.954 INFO [main] org.apache.catalina.startup.HostConfig.deployDirectory Deployment of web application directory [C:\Users\userg\eclipse-workspace\JavaEE\apache-tomcat-10.1.15-windows-x64\apache-tomcat-10.1.15\webapps\docs] has finished in [48] ms
30-Oct-2023 17:03:45.954 INFO [main] org.apache.catalina.startup.HostConfig.deployDirectory Desplegando el directorio [C:\Users\userg\eclipse-workspace\JavaEE\apache-tomcat-10.1.15-windows-x64\apache-tomcat-10.1.15\webapps\examples] de la aplicación web
30-Oct-2023 17:03:46.554 INFO [main] org.apache.catalina.startup.HostConfig.deployDirectory Deployment of web application directory [C:\Users\userg\eclipse-workspace\JavaEE\apache-tomcat-10.1.15-windows-x64\apache-tomcat-10.1.15\webapps\examples] has finished in [600] ms
30-Oct-2023 17:03:46.555 INFO [main] org.apache.catalina.startup.HostConfig.deployDirectory Desplegando el directorio [C:\Users\userg\eclipse-workspace\JavaEE\apache-tomcat-10.1.15-windows-x64\apache-tomcat-10.1.15\webapps\host-manager] de la aplicación web
30-Oct-2023 17:03:46.615 INFO [main] org.apache.catalina.startup.HostConfig.deployDirectory Deployment of web application directory [C:\Users\userg\eclipse-workspace\JavaEE\apache-tomcat-10.1.15-windows-x64\apache-tomcat-10.1.15\webapps\host-manager] has finished in [60] ms
30-Oct-2023 17:03:46.616 INFO [main] org.apache.catalina.startup.HostConfig.deployDirectory Desplegando el directorio [C:\Users\userg\eclipse-workspace\JavaEE\apache-tomcat-10.1.15-windows-x64\apache-tomcat-10.1.15\webapps\manager] de la aplicación web
30-Oct-2023 17:03:46.677 INFO [main] org.apache.catalina.startup.HostConfig.deployDirectory Deployment of web application directory [C:\Users\userg\eclipse-workspace\JavaEE\apache-tomcat-10.1.15-windows-x64\apache-tomcat-10.1.15\webapps\manager] has finished in [60] ms
30-Oct-2023 17:03:46.677 INFO [main] org.apache.catalina.startup.HostConfig.deployDirectory Desplegando el directorio [C:\Users\userg\eclipse-workspace\JavaEE\apache-tomcat-10.1.15-windows-x64\apache-tomcat-10.1.15\webapps\ROOT] de la aplicación web
30-Oct-2023 17:03:46.708 INFO [main] org.apache.catalina.startup.HostConfig.deployDirectory Deployment of web application directory [C:\Users\userg\eclipse-workspace\JavaEE\apache-tomcat-10.1.15-windows-x64\apache-tomcat-10.1.15\webapps\ROOT] has finished in [30] ms
30-Oct-2023 17:03:46.715 INFO [main] org.apache.coyote.AbstractProtocol.start Starting ProtocolHandler ["http-nio-8080"]
30-Oct-2023 17:03:46.782 INFO [main] org.apache.catalina.startup.Catalina.start Server startup in [2829] milliseconds
30-Oct-2023 17:03:54.655 INFO [http-nio-8080-exec-1] org.apache.catalina.startup.HostConfig.undeploy Repliegue (undeploy) de la aplicación web que tiene como trayectoria de contexto [/webapp-session]
30-Oct-2023 17:03:54.699 INFO [http-nio-8080-exec-1] org.apache.catalina.startup.HostConfig.deployWAR Despliegue del archivo [C:\Users\userg\eclipse-workspace\JavaEE\apache-tomcat-10.1.15-windows-x64\apache-tomcat-10.1.15\webapps\webapp-session.war] de la aplicación web
30-Oct-2023 17:03:55.137 INFO [http-nio-8080-exec-1] org.apache.jasper.servlet.TldScanner.scanJars Al menos un JAR, que se ha explorado buscando TLDs, aún no contenía TLDs. Activar historial de depuración para este historiador para una completa lista de los JARs que fueron explorados y de los que nos se halló TLDs. Saltarse JARs no necesarios durante la exploración puede dar lugar a una mejora de tiempo significativa en el arranque y compilación de JSP .
30-Oct-2023 17:03:55.143 INFO [http-nio-8080-exec-1] org.apache.catalina.startup.HostConfig.deployWAR Deployment of web application archive [C:\Users\userg\eclipse-workspace\JavaEE\apache-tomcat-10.1.15-windows-x64\apache-tomcat-10.1.15\webapps\webapp-session.war] has finished in [444] ms
30-Oct-2023 17:07:48.812 INFO [http-nio-8080-exec-13] org.apache.catalina.startup.HostConfig.undeploy Repliegue (undeploy) de la aplicación web que tiene como trayectoria de contexto [/webapp-session]
30-Oct-2023 17:07:48.842 INFO [http-nio-8080-exec-13] org.apache.catalina.startup.HostConfig.deployWAR Despliegue del archivo [C:\Users\userg\eclipse-workspace\JavaEE\apache-tomcat-10.1.15-windows-x64\apache-tomcat-10.1.15\webapps\webapp-session.war] de la aplicación web
30-Oct-2023 17:07:49.234 INFO [http-nio-8080-exec-13] org.apache.jasper.servlet.TldScanner.scanJars Al menos un JAR, que se ha explorado buscando TLDs, aún no contenía TLDs. Activar historial de depuración para este historiador para una completa lista de los JARs que fueron explorados y de los que nos se halló TLDs. Saltarse JARs no necesarios durante la exploración puede dar lugar a una mejora de tiempo significativa en el arranque y compilación de JSP .
30-Oct-2023 17:07:49.240 INFO [http-nio-8080-exec-13] org.apache.catalina.startup.HostConfig.deployWAR Deployment of web application archive [C:\Users\userg\eclipse-workspace\JavaEE\apache-tomcat-10.1.15-windows-x64\apache-tomcat-10.1.15\webapps\webapp-session.war] has finished in [398] ms
30-Oct-2023 17:09:59.629 INFO [Thread-1] org.apache.coyote.AbstractProtocol.pause Pausing ProtocolHandler ["http-nio-8080"]
30-Oct-2023 17:09:59.639 INFO [Thread-1] org.apache.catalina.core.StandardService.stopInternal Parando servicio [Catalina]
30-Oct-2023 17:09:59.661 INFO [Thread-1] org.apache.coyote.AbstractProtocol.stop Stopping ProtocolHandler ["http-nio-8080"]
30-Oct-2023 17:09:59.676 INFO [Thread-1] org.apache.coyote.AbstractProtocol.destroy Destroying ProtocolHandler ["http-nio-8080"]
