31-Oct-2023 09:39:12.145 INFO [main] org.apache.catalina.startup.VersionLoggerListener.log Nombre de la versión del servidor: Apache Tomcat/10.1.15
31-Oct-2023 09:39:12.153 INFO [main] org.apache.catalina.startup.VersionLoggerListener.log Server built:                      Oct 11 2023 23:38:40 UTC
31-Oct-2023 09:39:12.153 INFO [main] org.apache.catalina.startup.VersionLoggerListener.log Número de versión de servidor:     10.1.15.0
31-Oct-2023 09:39:12.154 INFO [main] org.apache.catalina.startup.VersionLoggerListener.log OS Name:                           Windows 11
31-Oct-2023 09:39:12.154 INFO [main] org.apache.catalina.startup.VersionLoggerListener.log Versión de Systema Operativo:      10.0
31-Oct-2023 09:39:12.154 INFO [main] org.apache.catalina.startup.VersionLoggerListener.log Arquitectura:                      amd64
31-Oct-2023 09:39:12.154 INFO [main] org.apache.catalina.startup.VersionLoggerListener.log Java Home:                         C:\Program Files\Java\jdk-17.0.2
31-Oct-2023 09:39:12.155 INFO [main] org.apache.catalina.startup.VersionLoggerListener.log JVM Version:                       17.0.2+8-86
31-Oct-2023 09:39:12.155 INFO [main] org.apache.catalina.startup.VersionLoggerListener.log Vededor JVM:                       Oracle Corporation
31-Oct-2023 09:39:12.155 INFO [main] org.apache.catalina.startup.VersionLoggerListener.log CATALINA_BASE:                     C:\Users\userg\eclipse-workspace\JavaEE\apache-tomcat-10.1.15-windows-x64\apache-tomcat-10.1.15
31-Oct-2023 09:39:12.156 INFO [main] org.apache.catalina.startup.VersionLoggerListener.log CATALINA_HOME:                     C:\Users\userg\eclipse-workspace\JavaEE\apache-tomcat-10.1.15-windows-x64\apache-tomcat-10.1.15
31-Oct-2023 09:39:12.178 INFO [main] org.apache.catalina.startup.VersionLoggerListener.log Command line argument:             -Djava.util.logging.config.file=C:\Users\userg\eclipse-workspace\JavaEE\apache-tomcat-10.1.15-windows-x64\apache-tomcat-10.1.15\conf\logging.properties
31-Oct-2023 09:39:12.179 INFO [main] org.apache.catalina.startup.VersionLoggerListener.log Command line argument:             -Djava.util.logging.manager=org.apache.juli.ClassLoaderLogManager
31-Oct-2023 09:39:12.179 INFO [main] org.apache.catalina.startup.VersionLoggerListener.log Command line argument:             -Djdk.tls.ephemeralDHKeySize=2048
31-Oct-2023 09:39:12.179 INFO [main] org.apache.catalina.startup.VersionLoggerListener.log Command line argument:             -Djava.protocol.handler.pkgs=org.apache.catalina.webresources
31-Oct-2023 09:39:12.180 INFO [main] org.apache.catalina.startup.VersionLoggerListener.log Command line argument:             --add-opens=java.base/java.lang=ALL-UNNAMED
31-Oct-2023 09:39:12.181 INFO [main] org.apache.catalina.startup.VersionLoggerListener.log Command line argument:             --add-opens=java.base/java.io=ALL-UNNAMED
31-Oct-2023 09:39:12.182 INFO [main] org.apache.catalina.startup.VersionLoggerListener.log Command line argument:             --add-opens=java.base/java.util=ALL-UNNAMED
31-Oct-2023 09:39:12.183 INFO [main] org.apache.catalina.startup.VersionLoggerListener.log Command line argument:             --add-opens=java.base/java.util.concurrent=ALL-UNNAMED
31-Oct-2023 09:39:12.185 INFO [main] org.apache.catalina.startup.VersionLoggerListener.log Command line argument:             --add-opens=java.rmi/sun.rmi.transport=ALL-UNNAMED
31-Oct-2023 09:39:12.185 INFO [main] org.apache.catalina.startup.VersionLoggerListener.log Command line argument:             -Dcatalina.base=C:\Users\userg\eclipse-workspace\JavaEE\apache-tomcat-10.1.15-windows-x64\apache-tomcat-10.1.15
31-Oct-2023 09:39:12.186 INFO [main] org.apache.catalina.startup.VersionLoggerListener.log Command line argument:             -Dcatalina.home=C:\Users\userg\eclipse-workspace\JavaEE\apache-tomcat-10.1.15-windows-x64\apache-tomcat-10.1.15
31-Oct-2023 09:39:12.187 INFO [main] org.apache.catalina.startup.VersionLoggerListener.log Command line argument:             -Djava.io.tmpdir=C:\Users\userg\eclipse-workspace\JavaEE\apache-tomcat-10.1.15-windows-x64\apache-tomcat-10.1.15\temp
31-Oct-2023 09:39:12.200 INFO [main] org.apache.catalina.core.AprLifecycleListener.lifecycleEvent Cargada la biblioteca nativa APR de Apache Tomcat [2.0.6] con la versión APR [1.7.4].
31-Oct-2023 09:39:12.263 INFO [main] org.apache.catalina.core.AprLifecycleListener.initializeSSL OpenSSL inicializado correctamente [OpenSSL 3.0.11 19 Sep 2023]
31-Oct-2023 09:39:12.733 INFO [main] org.apache.coyote.AbstractProtocol.init Inicializando el manejador de protocolo ["http-nio-8080"]

31-Oct-2023 09:39:12.786 INFO [main] org.apache.catalina.startup.Catalina.load Server initialization in [1009] milliseconds
31-Oct-2023 09:39:12.888 INFO [main] org.apache.catalina.core.StandardService.startInternal Arrancando servicio [Catalina]
31-Oct-2023 09:39:12.888 INFO [main] org.apache.catalina.core.StandardEngine.startInternal Starting Servlet engine: [Apache Tomcat/10.1.15]
31-Oct-2023 09:39:12.950 INFO [main] org.apache.catalina.startup.HostConfig.deployWAR Despliegue del archivo [C:\Users\userg\eclipse-workspace\JavaEE\apache-tomcat-10.1.15-windows-x64\apache-tomcat-10.1.15\webapps\webapp-1.0-SNAPSHOT.war] de la aplicación web
31-Oct-2023 09:39:13.573 INFO [main] org.apache.catalina.startup.HostConfig.deployWAR Deployment of web application archive [C:\Users\userg\eclipse-workspace\JavaEE\apache-tomcat-10.1.15-windows-x64\apache-tomcat-10.1.15\webapps\webapp-1.0-SNAPSHOT.war] has finished in [618] ms
31-Oct-2023 09:39:13.578 INFO [main] org.apache.catalina.startup.HostConfig.deployWAR Despliegue del archivo [C:\Users\userg\eclipse-workspace\JavaEE\apache-tomcat-10.1.15-windows-x64\apache-tomcat-10.1.15\webapps\webapp-cookie.war] de la aplicación web
31-Oct-2023 09:39:14.139 INFO [main] org.apache.jasper.servlet.TldScanner.scanJars Al menos un JAR, que se ha explorado buscando TLDs, aún no contenía TLDs. Activar historial de depuración para este historiador para una completa lista de los JARs que fueron explorados y de los que nos se halló TLDs. Saltarse JARs no necesarios durante la exploración puede dar lugar a una mejora de tiempo significativa en el arranque y compilación de JSP .
31-Oct-2023 09:39:14.144 INFO [main] org.apache.catalina.startup.HostConfig.deployWAR Deployment of web application archive [C:\Users\userg\eclipse-workspace\JavaEE\apache-tomcat-10.1.15-windows-x64\apache-tomcat-10.1.15\webapps\webapp-cookie.war] has finished in [566] ms
31-Oct-2023 09:39:14.149 INFO [main] org.apache.catalina.startup.HostConfig.deployWAR Despliegue del archivo [C:\Users\userg\eclipse-workspace\JavaEE\apache-tomcat-10.1.15-windows-x64\apache-tomcat-10.1.15\webapps\webapp-form.war] de la aplicación web
31-Oct-2023 09:39:14.253 INFO [main] org.apache.catalina.startup.HostConfig.deployWAR Deployment of web application archive [C:\Users\userg\eclipse-workspace\JavaEE\apache-tomcat-10.1.15-windows-x64\apache-tomcat-10.1.15\webapps\webapp-form.war] has finished in [103] ms
31-Oct-2023 09:39:14.261 INFO [main] org.apache.catalina.startup.HostConfig.deployWAR Despliegue del archivo [C:\Users\userg\eclipse-workspace\JavaEE\apache-tomcat-10.1.15-windows-x64\apache-tomcat-10.1.15\webapps\webapp-headers.war] de la aplicación web
31-Oct-2023 09:39:14.982 INFO [main] org.apache.jasper.servlet.TldScanner.scanJars Al menos un JAR, que se ha explorado buscando TLDs, aún no contenía TLDs. Activar historial de depuración para este historiador para una completa lista de los JARs que fueron explorados y de los que nos se halló TLDs. Saltarse JARs no necesarios durante la exploración puede dar lugar a una mejora de tiempo significativa en el arranque y compilación de JSP .
31-Oct-2023 09:39:14.990 INFO [main] org.apache.catalina.startup.HostConfig.deployWAR Deployment of web application archive [C:\Users\userg\eclipse-workspace\JavaEE\apache-tomcat-10.1.15-windows-x64\apache-tomcat-10.1.15\webapps\webapp-headers.war] has finished in [728] ms
31-Oct-2023 09:39:14.996 INFO [main] org.apache.catalina.startup.HostConfig.deployWAR Despliegue del archivo [C:\Users\userg\eclipse-workspace\JavaEE\apache-tomcat-10.1.15-windows-x64\apache-tomcat-10.1.15\webapps\webapp-session.war] de la aplicación web
31-Oct-2023 09:39:15.532 INFO [main] org.apache.jasper.servlet.TldScanner.scanJars Al menos un JAR, que se ha explorado buscando TLDs, aún no contenía TLDs. Activar historial de depuración para este historiador para una completa lista de los JARs que fueron explorados y de los que nos se halló TLDs. Saltarse JARs no necesarios durante la exploración puede dar lugar a una mejora de tiempo significativa en el arranque y compilación de JSP .
31-Oct-2023 09:39:15.544 INFO [main] org.apache.catalina.startup.HostConfig.deployWAR Deployment of web application archive [C:\Users\userg\eclipse-workspace\JavaEE\apache-tomcat-10.1.15-windows-x64\apache-tomcat-10.1.15\webapps\webapp-session.war] has finished in [548] ms
31-Oct-2023 09:39:15.552 INFO [main] org.apache.catalina.startup.HostConfig.deployWAR Despliegue del archivo [C:\Users\userg\eclipse-workspace\JavaEE\apache-tomcat-10.1.15-windows-x64\apache-tomcat-10.1.15\webapps\webapp.war] de la aplicación web
31-Oct-2023 09:39:15.659 INFO [main] org.apache.catalina.startup.HostConfig.deployWAR Deployment of web application archive [C:\Users\userg\eclipse-workspace\JavaEE\apache-tomcat-10.1.15-windows-x64\apache-tomcat-10.1.15\webapps\webapp.war] has finished in [106] ms
31-Oct-2023 09:39:15.661 INFO [main] org.apache.catalina.startup.HostConfig.deployDirectory Desplegando el directorio [C:\Users\userg\eclipse-workspace\JavaEE\apache-tomcat-10.1.15-windows-x64\apache-tomcat-10.1.15\webapps\docs] de la aplicación web
31-Oct-2023 09:39:15.776 INFO [main] org.apache.catalina.startup.HostConfig.deployDirectory Deployment of web application directory [C:\Users\userg\eclipse-workspace\JavaEE\apache-tomcat-10.1.15-windows-x64\apache-tomcat-10.1.15\webapps\docs] has finished in [114] ms
31-Oct-2023 09:39:15.778 INFO [main] org.apache.catalina.startup.HostConfig.deployDirectory Desplegando el directorio [C:\Users\userg\eclipse-workspace\JavaEE\apache-tomcat-10.1.15-windows-x64\apache-tomcat-10.1.15\webapps\examples] de la aplicación web
31-Oct-2023 09:39:16.649 INFO [main] org.apache.catalina.startup.HostConfig.deployDirectory Deployment of web application directory [C:\Users\userg\eclipse-workspace\JavaEE\apache-tomcat-10.1.15-windows-x64\apache-tomcat-10.1.15\webapps\examples] has finished in [870] ms
31-Oct-2023 09:39:16.650 INFO [main] org.apache.catalina.startup.HostConfig.deployDirectory Desplegando el directorio [C:\Users\userg\eclipse-workspace\JavaEE\apache-tomcat-10.1.15-windows-x64\apache-tomcat-10.1.15\webapps\host-manager] de la aplicación web
31-Oct-2023 09:39:16.724 INFO [main] org.apache.catalina.startup.HostConfig.deployDirectory Deployment of web application directory [C:\Users\userg\eclipse-workspace\JavaEE\apache-tomcat-10.1.15-windows-x64\apache-tomcat-10.1.15\webapps\host-manager] has finished in [73] ms
31-Oct-2023 09:39:16.725 INFO [main] org.apache.catalina.startup.HostConfig.deployDirectory Desplegando el directorio [C:\Users\userg\eclipse-workspace\JavaEE\apache-tomcat-10.1.15-windows-x64\apache-tomcat-10.1.15\webapps\manager] de la aplicación web
31-Oct-2023 09:39:16.791 INFO [main] org.apache.catalina.startup.HostConfig.deployDirectory Deployment of web application directory [C:\Users\userg\eclipse-workspace\JavaEE\apache-tomcat-10.1.15-windows-x64\apache-tomcat-10.1.15\webapps\manager] has finished in [65] ms
31-Oct-2023 09:39:16.791 INFO [main] org.apache.catalina.startup.HostConfig.deployDirectory Desplegando el directorio [C:\Users\userg\eclipse-workspace\JavaEE\apache-tomcat-10.1.15-windows-x64\apache-tomcat-10.1.15\webapps\ROOT] de la aplicación web
31-Oct-2023 09:39:16.828 INFO [main] org.apache.catalina.startup.HostConfig.deployDirectory Deployment of web application directory [C:\Users\userg\eclipse-workspace\JavaEE\apache-tomcat-10.1.15-windows-x64\apache-tomcat-10.1.15\webapps\ROOT] has finished in [37] ms
31-Oct-2023 09:39:16.833 INFO [main] org.apache.coyote.AbstractProtocol.start Starting ProtocolHandler ["http-nio-8080"]
31-Oct-2023 09:39:16.921 INFO [main] org.apache.catalina.startup.Catalina.start Server startup in [4134] milliseconds
31-Oct-2023 09:39:38.540 INFO [http-nio-8080-exec-1] org.apache.catalina.startup.HostConfig.undeploy Repliegue (undeploy) de la aplicación web que tiene como trayectoria de contexto [/webapp-session]
31-Oct-2023 09:39:38.585 INFO [http-nio-8080-exec-1] org.apache.catalina.startup.HostConfig.deployWAR Despliegue del archivo [C:\Users\userg\eclipse-workspace\JavaEE\apache-tomcat-10.1.15-windows-x64\apache-tomcat-10.1.15\webapps\webapp-session.war] de la aplicación web
31-Oct-2023 09:39:39.131 INFO [http-nio-8080-exec-1] org.apache.jasper.servlet.TldScanner.scanJars Al menos un JAR, que se ha explorado buscando TLDs, aún no contenía TLDs. Activar historial de depuración para este historiador para una completa lista de los JARs que fueron explorados y de los que nos se halló TLDs. Saltarse JARs no necesarios durante la exploración puede dar lugar a una mejora de tiempo significativa en el arranque y compilación de JSP .
31-Oct-2023 09:39:39.139 INFO [http-nio-8080-exec-1] org.apache.catalina.startup.HostConfig.deployWAR Deployment of web application archive [C:\Users\userg\eclipse-workspace\JavaEE\apache-tomcat-10.1.15-windows-x64\apache-tomcat-10.1.15\webapps\webapp-session.war] has finished in [554] ms
31-Oct-2023 10:24:50.424 INFO [http-nio-8080-exec-18] org.apache.catalina.startup.HostConfig.undeploy Repliegue (undeploy) de la aplicación web que tiene como trayectoria de contexto [/webapp-session]
31-Oct-2023 10:24:50.523 INFO [http-nio-8080-exec-18] org.apache.catalina.startup.HostConfig.deployWAR Despliegue del archivo [C:\Users\userg\eclipse-workspace\JavaEE\apache-tomcat-10.1.15-windows-x64\apache-tomcat-10.1.15\webapps\webapp-session.war] de la aplicación web
31-Oct-2023 10:24:51.241 INFO [http-nio-8080-exec-18] org.apache.jasper.servlet.TldScanner.scanJars Al menos un JAR, que se ha explorado buscando TLDs, aún no contenía TLDs. Activar historial de depuración para este historiador para una completa lista de los JARs que fueron explorados y de los que nos se halló TLDs. Saltarse JARs no necesarios durante la exploración puede dar lugar a una mejora de tiempo significativa en el arranque y compilación de JSP .
31-Oct-2023 10:24:51.250 INFO [http-nio-8080-exec-18] org.apache.catalina.startup.HostConfig.deployWAR Deployment of web application archive [C:\Users\userg\eclipse-workspace\JavaEE\apache-tomcat-10.1.15-windows-x64\apache-tomcat-10.1.15\webapps\webapp-session.war] has finished in [726] ms
31-Oct-2023 10:25:34.888 INFO [http-nio-8080-exec-13] org.apache.catalina.startup.HostConfig.undeploy Repliegue (undeploy) de la aplicación web que tiene como trayectoria de contexto [/webapp-session]
31-Oct-2023 10:25:34.921 INFO [http-nio-8080-exec-13] org.apache.catalina.startup.HostConfig.deployWAR Despliegue del archivo [C:\Users\userg\eclipse-workspace\JavaEE\apache-tomcat-10.1.15-windows-x64\apache-tomcat-10.1.15\webapps\webapp-session.war] de la aplicación web
31-Oct-2023 10:25:35.454 INFO [http-nio-8080-exec-13] org.apache.jasper.servlet.TldScanner.scanJars Al menos un JAR, que se ha explorado buscando TLDs, aún no contenía TLDs. Activar historial de depuración para este historiador para una completa lista de los JARs que fueron explorados y de los que nos se halló TLDs. Saltarse JARs no necesarios durante la exploración puede dar lugar a una mejora de tiempo significativa en el arranque y compilación de JSP .
31-Oct-2023 10:25:35.461 INFO [http-nio-8080-exec-13] org.apache.catalina.startup.HostConfig.deployWAR Deployment of web application archive [C:\Users\userg\eclipse-workspace\JavaEE\apache-tomcat-10.1.15-windows-x64\apache-tomcat-10.1.15\webapps\webapp-session.war] has finished in [539] ms
31-Oct-2023 10:36:12.279 INFO [http-nio-8080-exec-24] org.apache.catalina.startup.HostConfig.undeploy Repliegue (undeploy) de la aplicación web que tiene como trayectoria de contexto [/webapp-session]
31-Oct-2023 10:36:12.324 INFO [http-nio-8080-exec-24] org.apache.catalina.startup.HostConfig.deployWAR Despliegue del archivo [C:\Users\userg\eclipse-workspace\JavaEE\apache-tomcat-10.1.15-windows-x64\apache-tomcat-10.1.15\webapps\webapp-session.war] de la aplicación web
31-Oct-2023 10:36:13.495 INFO [http-nio-8080-exec-24] org.apache.jasper.servlet.TldScanner.scanJars Al menos un JAR, que se ha explorado buscando TLDs, aún no contenía TLDs. Activar historial de depuración para este historiador para una completa lista de los JARs que fueron explorados y de los que nos se halló TLDs. Saltarse JARs no necesarios durante la exploración puede dar lugar a una mejora de tiempo significativa en el arranque y compilación de JSP .
31-Oct-2023 10:36:13.507 INFO [http-nio-8080-exec-24] org.apache.catalina.startup.HostConfig.deployWAR Deployment of web application archive [C:\Users\userg\eclipse-workspace\JavaEE\apache-tomcat-10.1.15-windows-x64\apache-tomcat-10.1.15\webapps\webapp-session.war] has finished in [1.182] ms
31-Oct-2023 11:23:59.036 INFO [http-nio-8080-exec-35] org.apache.catalina.startup.HostConfig.undeploy Repliegue (undeploy) de la aplicación web que tiene como trayectoria de contexto [/webapp-session]
31-Oct-2023 11:23:59.120 INFO [http-nio-8080-exec-35] org.apache.catalina.startup.HostConfig.deployWAR Despliegue del archivo [C:\Users\userg\eclipse-workspace\JavaEE\apache-tomcat-10.1.15-windows-x64\apache-tomcat-10.1.15\webapps\webapp-session.war] de la aplicación web
31-Oct-2023 11:23:59.962 INFO [http-nio-8080-exec-35] org.apache.jasper.servlet.TldScanner.scanJars Al menos un JAR, que se ha explorado buscando TLDs, aún no contenía TLDs. Activar historial de depuración para este historiador para una completa lista de los JARs que fueron explorados y de los que nos se halló TLDs. Saltarse JARs no necesarios durante la exploración puede dar lugar a una mejora de tiempo significativa en el arranque y compilación de JSP .
31-Oct-2023 11:23:59.969 INFO [http-nio-8080-exec-35] org.apache.catalina.startup.HostConfig.deployWAR Deployment of web application archive [C:\Users\userg\eclipse-workspace\JavaEE\apache-tomcat-10.1.15-windows-x64\apache-tomcat-10.1.15\webapps\webapp-session.war] has finished in [849] ms
31-Oct-2023 11:32:32.338 INFO [http-nio-8080-exec-51] org.apache.catalina.startup.HostConfig.undeploy Repliegue (undeploy) de la aplicación web que tiene como trayectoria de contexto [/webapp-session]
31-Oct-2023 11:32:32.418 INFO [http-nio-8080-exec-51] org.apache.catalina.startup.HostConfig.deployWAR Despliegue del archivo [C:\Users\userg\eclipse-workspace\JavaEE\apache-tomcat-10.1.15-windows-x64\apache-tomcat-10.1.15\webapps\webapp-session.war] de la aplicación web
31-Oct-2023 11:32:33.166 INFO [http-nio-8080-exec-51] org.apache.jasper.servlet.TldScanner.scanJars Al menos un JAR, que se ha explorado buscando TLDs, aún no contenía TLDs. Activar historial de depuración para este historiador para una completa lista de los JARs que fueron explorados y de los que nos se halló TLDs. Saltarse JARs no necesarios durante la exploración puede dar lugar a una mejora de tiempo significativa en el arranque y compilación de JSP .
31-Oct-2023 11:32:33.172 INFO [http-nio-8080-exec-51] org.apache.catalina.startup.HostConfig.deployWAR Deployment of web application archive [C:\Users\userg\eclipse-workspace\JavaEE\apache-tomcat-10.1.15-windows-x64\apache-tomcat-10.1.15\webapps\webapp-session.war] has finished in [754] ms
31-Oct-2023 11:35:20.316 INFO [http-nio-8080-exec-54] org.apache.catalina.startup.HostConfig.undeploy Repliegue (undeploy) de la aplicación web que tiene como trayectoria de contexto [/webapp-session]
31-Oct-2023 11:35:20.360 INFO [http-nio-8080-exec-54] org.apache.catalina.startup.HostConfig.deployWAR Despliegue del archivo [C:\Users\userg\eclipse-workspace\JavaEE\apache-tomcat-10.1.15-windows-x64\apache-tomcat-10.1.15\webapps\webapp-session.war] de la aplicación web
31-Oct-2023 11:35:21.046 INFO [http-nio-8080-exec-54] org.apache.jasper.servlet.TldScanner.scanJars Al menos un JAR, que se ha explorado buscando TLDs, aún no contenía TLDs. Activar historial de depuración para este historiador para una completa lista de los JARs que fueron explorados y de los que nos se halló TLDs. Saltarse JARs no necesarios durante la exploración puede dar lugar a una mejora de tiempo significativa en el arranque y compilación de JSP .
31-Oct-2023 11:35:21.050 INFO [http-nio-8080-exec-54] org.apache.catalina.startup.HostConfig.deployWAR Deployment of web application archive [C:\Users\userg\eclipse-workspace\JavaEE\apache-tomcat-10.1.15-windows-x64\apache-tomcat-10.1.15\webapps\webapp-session.war] has finished in [689] ms
31-Oct-2023 11:36:26.040 INFO [http-nio-8080-exec-59] org.apache.catalina.startup.HostConfig.undeploy Repliegue (undeploy) de la aplicación web que tiene como trayectoria de contexto [/webapp-session]
31-Oct-2023 11:36:26.095 INFO [http-nio-8080-exec-59] org.apache.catalina.startup.HostConfig.deployWAR Despliegue del archivo [C:\Users\userg\eclipse-workspace\JavaEE\apache-tomcat-10.1.15-windows-x64\apache-tomcat-10.1.15\webapps\webapp-session.war] de la aplicación web
31-Oct-2023 11:36:26.755 INFO [http-nio-8080-exec-59] org.apache.jasper.servlet.TldScanner.scanJars Al menos un JAR, que se ha explorado buscando TLDs, aún no contenía TLDs. Activar historial de depuración para este historiador para una completa lista de los JARs que fueron explorados y de los que nos se halló TLDs. Saltarse JARs no necesarios durante la exploración puede dar lugar a una mejora de tiempo significativa en el arranque y compilación de JSP .
31-Oct-2023 11:36:26.761 INFO [http-nio-8080-exec-59] org.apache.catalina.startup.HostConfig.deployWAR Deployment of web application archive [C:\Users\userg\eclipse-workspace\JavaEE\apache-tomcat-10.1.15-windows-x64\apache-tomcat-10.1.15\webapps\webapp-session.war] has finished in [666] ms
31-Oct-2023 15:43:53.291 INFO [http-nio-8080-exec-71] org.apache.catalina.startup.HostConfig.undeploy Repliegue (undeploy) de la aplicación web que tiene como trayectoria de contexto [/webapp-session]
31-Oct-2023 15:43:53.343 INFO [http-nio-8080-exec-71] org.apache.catalina.startup.HostConfig.deployWAR Despliegue del archivo [C:\Users\userg\eclipse-workspace\JavaEE\apache-tomcat-10.1.15-windows-x64\apache-tomcat-10.1.15\webapps\webapp-session.war] de la aplicación web
31-Oct-2023 15:43:53.887 INFO [http-nio-8080-exec-71] org.apache.jasper.servlet.TldScanner.scanJars Al menos un JAR, que se ha explorado buscando TLDs, aún no contenía TLDs. Activar historial de depuración para este historiador para una completa lista de los JARs que fueron explorados y de los que nos se halló TLDs. Saltarse JARs no necesarios durante la exploración puede dar lugar a una mejora de tiempo significativa en el arranque y compilación de JSP .
31-Oct-2023 15:43:53.896 INFO [http-nio-8080-exec-71] org.apache.catalina.startup.HostConfig.deployWAR Deployment of web application archive [C:\Users\userg\eclipse-workspace\JavaEE\apache-tomcat-10.1.15-windows-x64\apache-tomcat-10.1.15\webapps\webapp-session.war] has finished in [552] ms
31-Oct-2023 15:44:51.339 INFO [Thread-1] org.apache.coyote.AbstractProtocol.pause Pausing ProtocolHandler ["http-nio-8080"]
31-Oct-2023 15:44:51.367 INFO [Thread-1] org.apache.catalina.core.StandardService.stopInternal Parando servicio [Catalina]
31-Oct-2023 15:44:51.399 INFO [Thread-1] org.apache.coyote.AbstractProtocol.stop Stopping ProtocolHandler ["http-nio-8080"]
31-Oct-2023 15:44:51.419 INFO [Thread-1] org.apache.coyote.AbstractProtocol.destroy Destroying ProtocolHandler ["http-nio-8080"]
31-Oct-2023 15:45:22.441 INFO [main] org.apache.catalina.startup.VersionLoggerListener.log Nombre de la versión del servidor: Apache Tomcat/10.1.15
31-Oct-2023 15:45:22.453 INFO [main] org.apache.catalina.startup.VersionLoggerListener.log Server built:                      Oct 11 2023 23:38:40 UTC
31-Oct-2023 15:45:22.454 INFO [main] org.apache.catalina.startup.VersionLoggerListener.log Número de versión de servidor:     10.1.15.0
31-Oct-2023 15:45:22.454 INFO [main] org.apache.catalina.startup.VersionLoggerListener.log OS Name:                           Windows 11
31-Oct-2023 15:45:22.454 INFO [main] org.apache.catalina.startup.VersionLoggerListener.log Versión de Systema Operativo:      10.0
31-Oct-2023 15:45:22.454 INFO [main] org.apache.catalina.startup.VersionLoggerListener.log Arquitectura:                      amd64
31-Oct-2023 15:45:22.455 INFO [main] org.apache.catalina.startup.VersionLoggerListener.log Java Home:                         C:\Program Files\Java\jdk-17.0.2
31-Oct-2023 15:45:22.455 INFO [main] org.apache.catalina.startup.VersionLoggerListener.log JVM Version:                       17.0.2+8-86
31-Oct-2023 15:45:22.455 INFO [main] org.apache.catalina.startup.VersionLoggerListener.log Vededor JVM:                       Oracle Corporation
31-Oct-2023 15:45:22.455 INFO [main] org.apache.catalina.startup.VersionLoggerListener.log CATALINA_BASE:                     C:\Users\userg\eclipse-workspace\JavaEE\apache-tomcat-10.1.15-windows-x64\apache-tomcat-10.1.15
31-Oct-2023 15:45:22.456 INFO [main] org.apache.catalina.startup.VersionLoggerListener.log CATALINA_HOME:                     C:\Users\userg\eclipse-workspace\JavaEE\apache-tomcat-10.1.15-windows-x64\apache-tomcat-10.1.15
31-Oct-2023 15:45:22.487 INFO [main] org.apache.catalina.startup.VersionLoggerListener.log Command line argument:             -Djava.util.logging.config.file=C:\Users\userg\eclipse-workspace\JavaEE\apache-tomcat-10.1.15-windows-x64\apache-tomcat-10.1.15\conf\logging.properties
31-Oct-2023 15:45:22.488 INFO [main] org.apache.catalina.startup.VersionLoggerListener.log Command line argument:             -Djava.util.logging.manager=org.apache.juli.ClassLoaderLogManager
31-Oct-2023 15:45:22.488 INFO [main] org.apache.catalina.startup.VersionLoggerListener.log Command line argument:             -Djdk.tls.ephemeralDHKeySize=2048
31-Oct-2023 15:45:22.489 INFO [main] org.apache.catalina.startup.VersionLoggerListener.log Command line argument:             -Djava.protocol.handler.pkgs=org.apache.catalina.webresources
31-Oct-2023 15:45:22.489 INFO [main] org.apache.catalina.startup.VersionLoggerListener.log Command line argument:             --add-opens=java.base/java.lang=ALL-UNNAMED
31-Oct-2023 15:45:22.489 INFO [main] org.apache.catalina.startup.VersionLoggerListener.log Command line argument:             --add-opens=java.base/java.io=ALL-UNNAMED
31-Oct-2023 15:45:22.492 INFO [main] org.apache.catalina.startup.VersionLoggerListener.log Command line argument:             --add-opens=java.base/java.util=ALL-UNNAMED
31-Oct-2023 15:45:22.493 INFO [main] org.apache.catalina.startup.VersionLoggerListener.log Command line argument:             --add-opens=java.base/java.util.concurrent=ALL-UNNAMED
31-Oct-2023 15:45:22.494 INFO [main] org.apache.catalina.startup.VersionLoggerListener.log Command line argument:             --add-opens=java.rmi/sun.rmi.transport=ALL-UNNAMED
31-Oct-2023 15:45:22.495 INFO [main] org.apache.catalina.startup.VersionLoggerListener.log Command line argument:             -Dcatalina.base=C:\Users\userg\eclipse-workspace\JavaEE\apache-tomcat-10.1.15-windows-x64\apache-tomcat-10.1.15
31-Oct-2023 15:45:22.498 INFO [main] org.apache.catalina.startup.VersionLoggerListener.log Command line argument:             -Dcatalina.home=C:\Users\userg\eclipse-workspace\JavaEE\apache-tomcat-10.1.15-windows-x64\apache-tomcat-10.1.15
31-Oct-2023 15:45:22.498 INFO [main] org.apache.catalina.startup.VersionLoggerListener.log Command line argument:             -Djava.io.tmpdir=C:\Users\userg\eclipse-workspace\JavaEE\apache-tomcat-10.1.15-windows-x64\apache-tomcat-10.1.15\temp
31-Oct-2023 15:45:22.505 INFO [main] org.apache.catalina.core.AprLifecycleListener.lifecycleEvent Cargada la biblioteca nativa APR de Apache Tomcat [2.0.6] con la versión APR [1.7.4].
31-Oct-2023 15:45:22.515 INFO [main] org.apache.catalina.core.AprLifecycleListener.initializeSSL OpenSSL inicializado correctamente [OpenSSL 3.0.11 19 Sep 2023]
31-Oct-2023 15:45:22.810 INFO [main] org.apache.coyote.AbstractProtocol.init Inicializando el manejador de protocolo ["http-nio-8080"]

31-Oct-2023 15:45:22.838 INFO [main] org.apache.catalina.startup.Catalina.load Server initialization in [694] milliseconds
31-Oct-2023 15:45:22.920 INFO [main] org.apache.catalina.core.StandardService.startInternal Arrancando servicio [Catalina]
31-Oct-2023 15:45:22.922 INFO [main] org.apache.catalina.core.StandardEngine.startInternal Starting Servlet engine: [Apache Tomcat/10.1.15]
31-Oct-2023 15:45:22.964 INFO [main] org.apache.catalina.startup.HostConfig.deployWAR Despliegue del archivo [C:\Users\userg\eclipse-workspace\JavaEE\apache-tomcat-10.1.15-windows-x64\apache-tomcat-10.1.15\webapps\webapp-1.0-SNAPSHOT.war] de la aplicación web
31-Oct-2023 15:45:23.801 INFO [main] org.apache.jasper.servlet.TldScanner.scanJars Al menos un JAR, que se ha explorado buscando TLDs, aún no contenía TLDs. Activar historial de depuración para este historiador para una completa lista de los JARs que fueron explorados y de los que nos se halló TLDs. Saltarse JARs no necesarios durante la exploración puede dar lugar a una mejora de tiempo significativa en el arranque y compilación de JSP .
31-Oct-2023 15:45:23.885 INFO [main] org.apache.catalina.startup.HostConfig.deployWAR Deployment of web application archive [C:\Users\userg\eclipse-workspace\JavaEE\apache-tomcat-10.1.15-windows-x64\apache-tomcat-10.1.15\webapps\webapp-1.0-SNAPSHOT.war] has finished in [920] ms
31-Oct-2023 15:45:23.889 INFO [main] org.apache.catalina.startup.HostConfig.deployWAR Despliegue del archivo [C:\Users\userg\eclipse-workspace\JavaEE\apache-tomcat-10.1.15-windows-x64\apache-tomcat-10.1.15\webapps\webapp-cookie.war] de la aplicación web
31-Oct-2023 15:45:24.563 INFO [main] org.apache.jasper.servlet.TldScanner.scanJars Al menos un JAR, que se ha explorado buscando TLDs, aún no contenía TLDs. Activar historial de depuración para este historiador para una completa lista de los JARs que fueron explorados y de los que nos se halló TLDs. Saltarse JARs no necesarios durante la exploración puede dar lugar a una mejora de tiempo significativa en el arranque y compilación de JSP .
31-Oct-2023 15:45:24.567 INFO [main] org.apache.catalina.startup.HostConfig.deployWAR Deployment of web application archive [C:\Users\userg\eclipse-workspace\JavaEE\apache-tomcat-10.1.15-windows-x64\apache-tomcat-10.1.15\webapps\webapp-cookie.war] has finished in [678] ms
31-Oct-2023 15:45:24.572 INFO [main] org.apache.catalina.startup.HostConfig.deployWAR Despliegue del archivo [C:\Users\userg\eclipse-workspace\JavaEE\apache-tomcat-10.1.15-windows-x64\apache-tomcat-10.1.15\webapps\webapp-form.war] de la aplicación web
31-Oct-2023 15:45:25.019 INFO [main] org.apache.jasper.servlet.TldScanner.scanJars Al menos un JAR, que se ha explorado buscando TLDs, aún no contenía TLDs. Activar historial de depuración para este historiador para una completa lista de los JARs que fueron explorados y de los que nos se halló TLDs. Saltarse JARs no necesarios durante la exploración puede dar lugar a una mejora de tiempo significativa en el arranque y compilación de JSP .
31-Oct-2023 15:45:25.025 INFO [main] org.apache.catalina.startup.HostConfig.deployWAR Deployment of web application archive [C:\Users\userg\eclipse-workspace\JavaEE\apache-tomcat-10.1.15-windows-x64\apache-tomcat-10.1.15\webapps\webapp-form.war] has finished in [454] ms
31-Oct-2023 15:45:25.034 INFO [main] org.apache.catalina.startup.HostConfig.deployWAR Despliegue del archivo [C:\Users\userg\eclipse-workspace\JavaEE\apache-tomcat-10.1.15-windows-x64\apache-tomcat-10.1.15\webapps\webapp-headers.war] de la aplicación web
31-Oct-2023 15:45:25.706 INFO [main] org.apache.jasper.servlet.TldScanner.scanJars Al menos un JAR, que se ha explorado buscando TLDs, aún no contenía TLDs. Activar historial de depuración para este historiador para una completa lista de los JARs que fueron explorados y de los que nos se halló TLDs. Saltarse JARs no necesarios durante la exploración puede dar lugar a una mejora de tiempo significativa en el arranque y compilación de JSP .
31-Oct-2023 15:45:25.710 INFO [main] org.apache.catalina.startup.HostConfig.deployWAR Deployment of web application archive [C:\Users\userg\eclipse-workspace\JavaEE\apache-tomcat-10.1.15-windows-x64\apache-tomcat-10.1.15\webapps\webapp-headers.war] has finished in [677] ms
31-Oct-2023 15:45:25.712 INFO [main] org.apache.catalina.startup.HostConfig.deployWAR Despliegue del archivo [C:\Users\userg\eclipse-workspace\JavaEE\apache-tomcat-10.1.15-windows-x64\apache-tomcat-10.1.15\webapps\webapp-session.war] de la aplicación web
31-Oct-2023 15:45:26.413 INFO [main] org.apache.jasper.servlet.TldScanner.scanJars Al menos un JAR, que se ha explorado buscando TLDs, aún no contenía TLDs. Activar historial de depuración para este historiador para una completa lista de los JARs que fueron explorados y de los que nos se halló TLDs. Saltarse JARs no necesarios durante la exploración puede dar lugar a una mejora de tiempo significativa en el arranque y compilación de JSP .
31-Oct-2023 15:45:26.419 INFO [main] org.apache.catalina.startup.HostConfig.deployWAR Deployment of web application archive [C:\Users\userg\eclipse-workspace\JavaEE\apache-tomcat-10.1.15-windows-x64\apache-tomcat-10.1.15\webapps\webapp-session.war] has finished in [707] ms
31-Oct-2023 15:45:26.426 INFO [main] org.apache.catalina.startup.HostConfig.deployWAR Despliegue del archivo [C:\Users\userg\eclipse-workspace\JavaEE\apache-tomcat-10.1.15-windows-x64\apache-tomcat-10.1.15\webapps\webapp.war] de la aplicación web
31-Oct-2023 15:45:26.775 INFO [main] org.apache.jasper.servlet.TldScanner.scanJars Al menos un JAR, que se ha explorado buscando TLDs, aún no contenía TLDs. Activar historial de depuración para este historiador para una completa lista de los JARs que fueron explorados y de los que nos se halló TLDs. Saltarse JARs no necesarios durante la exploración puede dar lugar a una mejora de tiempo significativa en el arranque y compilación de JSP .
31-Oct-2023 15:45:26.778 INFO [main] org.apache.catalina.startup.HostConfig.deployWAR Deployment of web application archive [C:\Users\userg\eclipse-workspace\JavaEE\apache-tomcat-10.1.15-windows-x64\apache-tomcat-10.1.15\webapps\webapp.war] has finished in [352] ms
31-Oct-2023 15:45:26.779 INFO [main] org.apache.catalina.startup.HostConfig.deployDirectory Desplegando el directorio [C:\Users\userg\eclipse-workspace\JavaEE\apache-tomcat-10.1.15-windows-x64\apache-tomcat-10.1.15\webapps\docs] de la aplicación web
31-Oct-2023 15:45:27.075 INFO [main] org.apache.jasper.servlet.TldScanner.scanJars Al menos un JAR, que se ha explorado buscando TLDs, aún no contenía TLDs. Activar historial de depuración para este historiador para una completa lista de los JARs que fueron explorados y de los que nos se halló TLDs. Saltarse JARs no necesarios durante la exploración puede dar lugar a una mejora de tiempo significativa en el arranque y compilación de JSP .
31-Oct-2023 15:45:27.077 INFO [main] org.apache.catalina.startup.HostConfig.deployDirectory Deployment of web application directory [C:\Users\userg\eclipse-workspace\JavaEE\apache-tomcat-10.1.15-windows-x64\apache-tomcat-10.1.15\webapps\docs] has finished in [298] ms
31-Oct-2023 15:45:27.078 INFO [main] org.apache.catalina.startup.HostConfig.deployDirectory Desplegando el directorio [C:\Users\userg\eclipse-workspace\JavaEE\apache-tomcat-10.1.15-windows-x64\apache-tomcat-10.1.15\webapps\examples] de la aplicación web
31-Oct-2023 15:45:27.758 INFO [main] org.apache.jasper.servlet.TldScanner.scanJars Al menos un JAR, que se ha explorado buscando TLDs, aún no contenía TLDs. Activar historial de depuración para este historiador para una completa lista de los JARs que fueron explorados y de los que nos se halló TLDs. Saltarse JARs no necesarios durante la exploración puede dar lugar a una mejora de tiempo significativa en el arranque y compilación de JSP .
31-Oct-2023 15:45:27.845 INFO [main] org.apache.catalina.startup.HostConfig.deployDirectory Deployment of web application directory [C:\Users\userg\eclipse-workspace\JavaEE\apache-tomcat-10.1.15-windows-x64\apache-tomcat-10.1.15\webapps\examples] has finished in [767] ms
31-Oct-2023 15:45:27.845 INFO [main] org.apache.catalina.startup.HostConfig.deployDirectory Desplegando el directorio [C:\Users\userg\eclipse-workspace\JavaEE\apache-tomcat-10.1.15-windows-x64\apache-tomcat-10.1.15\webapps\host-manager] de la aplicación web
31-Oct-2023 15:45:28.192 INFO [main] org.apache.jasper.servlet.TldScanner.scanJars Al menos un JAR, que se ha explorado buscando TLDs, aún no contenía TLDs. Activar historial de depuración para este historiador para una completa lista de los JARs que fueron explorados y de los que nos se halló TLDs. Saltarse JARs no necesarios durante la exploración puede dar lugar a una mejora de tiempo significativa en el arranque y compilación de JSP .
31-Oct-2023 15:45:28.200 INFO [main] org.apache.catalina.startup.HostConfig.deployDirectory Deployment of web application directory [C:\Users\userg\eclipse-workspace\JavaEE\apache-tomcat-10.1.15-windows-x64\apache-tomcat-10.1.15\webapps\host-manager] has finished in [354] ms
31-Oct-2023 15:45:28.200 INFO [main] org.apache.catalina.startup.HostConfig.deployDirectory Desplegando el directorio [C:\Users\userg\eclipse-workspace\JavaEE\apache-tomcat-10.1.15-windows-x64\apache-tomcat-10.1.15\webapps\manager] de la aplicación web
31-Oct-2023 15:45:28.501 INFO [main] org.apache.jasper.servlet.TldScanner.scanJars Al menos un JAR, que se ha explorado buscando TLDs, aún no contenía TLDs. Activar historial de depuración para este historiador para una completa lista de los JARs que fueron explorados y de los que nos se halló TLDs. Saltarse JARs no necesarios durante la exploración puede dar lugar a una mejora de tiempo significativa en el arranque y compilación de JSP .
31-Oct-2023 15:45:28.504 INFO [main] org.apache.catalina.startup.HostConfig.deployDirectory Deployment of web application directory [C:\Users\userg\eclipse-workspace\JavaEE\apache-tomcat-10.1.15-windows-x64\apache-tomcat-10.1.15\webapps\manager] has finished in [304] ms
31-Oct-2023 15:45:28.505 INFO [main] org.apache.catalina.startup.HostConfig.deployDirectory Desplegando el directorio [C:\Users\userg\eclipse-workspace\JavaEE\apache-tomcat-10.1.15-windows-x64\apache-tomcat-10.1.15\webapps\ROOT] de la aplicación web
31-Oct-2023 15:45:28.789 INFO [main] org.apache.jasper.servlet.TldScanner.scanJars Al menos un JAR, que se ha explorado buscando TLDs, aún no contenía TLDs. Activar historial de depuración para este historiador para una completa lista de los JARs que fueron explorados y de los que nos se halló TLDs. Saltarse JARs no necesarios durante la exploración puede dar lugar a una mejora de tiempo significativa en el arranque y compilación de JSP .
31-Oct-2023 15:45:28.792 INFO [main] org.apache.catalina.startup.HostConfig.deployDirectory Deployment of web application directory [C:\Users\userg\eclipse-workspace\JavaEE\apache-tomcat-10.1.15-windows-x64\apache-tomcat-10.1.15\webapps\ROOT] has finished in [287] ms
31-Oct-2023 15:45:28.796 INFO [main] org.apache.coyote.AbstractProtocol.start Starting ProtocolHandler ["http-nio-8080"]
31-Oct-2023 15:45:28.838 INFO [main] org.apache.catalina.startup.Catalina.start Server startup in [5999] milliseconds
31-Oct-2023 15:45:41.207 INFO [http-nio-8080-exec-1] org.apache.catalina.startup.HostConfig.undeploy Repliegue (undeploy) de la aplicación web que tiene como trayectoria de contexto [/webapp-session]
31-Oct-2023 15:45:41.241 INFO [http-nio-8080-exec-1] org.apache.catalina.startup.HostConfig.deployWAR Despliegue del archivo [C:\Users\userg\eclipse-workspace\JavaEE\apache-tomcat-10.1.15-windows-x64\apache-tomcat-10.1.15\webapps\webapp-session.war] de la aplicación web
31-Oct-2023 15:45:42.116 INFO [http-nio-8080-exec-1] org.apache.jasper.servlet.TldScanner.scanJars Al menos un JAR, que se ha explorado buscando TLDs, aún no contenía TLDs. Activar historial de depuración para este historiador para una completa lista de los JARs que fueron explorados y de los que nos se halló TLDs. Saltarse JARs no necesarios durante la exploración puede dar lugar a una mejora de tiempo significativa en el arranque y compilación de JSP .
31-Oct-2023 15:45:42.126 INFO [http-nio-8080-exec-1] org.apache.catalina.startup.HostConfig.deployWAR Deployment of web application archive [C:\Users\userg\eclipse-workspace\JavaEE\apache-tomcat-10.1.15-windows-x64\apache-tomcat-10.1.15\webapps\webapp-session.war] has finished in [886] ms
31-Oct-2023 16:24:00.147 INFO [http-nio-8080-exec-12] org.apache.catalina.startup.HostConfig.undeploy Repliegue (undeploy) de la aplicación web que tiene como trayectoria de contexto [/webapp-session]
31-Oct-2023 16:24:00.179 INFO [http-nio-8080-exec-12] org.apache.catalina.startup.HostConfig.deployWAR Despliegue del archivo [C:\Users\userg\eclipse-workspace\JavaEE\apache-tomcat-10.1.15-windows-x64\apache-tomcat-10.1.15\webapps\webapp-session.war] de la aplicación web
31-Oct-2023 16:24:00.953 INFO [http-nio-8080-exec-12] org.apache.jasper.servlet.TldScanner.scanJars Al menos un JAR, que se ha explorado buscando TLDs, aún no contenía TLDs. Activar historial de depuración para este historiador para una completa lista de los JARs que fueron explorados y de los que nos se halló TLDs. Saltarse JARs no necesarios durante la exploración puede dar lugar a una mejora de tiempo significativa en el arranque y compilación de JSP .
31-Oct-2023 16:24:00.958 INFO [http-nio-8080-exec-12] org.apache.catalina.startup.HostConfig.deployWAR Deployment of web application archive [C:\Users\userg\eclipse-workspace\JavaEE\apache-tomcat-10.1.15-windows-x64\apache-tomcat-10.1.15\webapps\webapp-session.war] has finished in [779] ms
31-Oct-2023 16:25:12.492 INFO [Thread-1] org.apache.coyote.AbstractProtocol.pause Pausing ProtocolHandler ["http-nio-8080"]
31-Oct-2023 16:25:12.505 INFO [Thread-1] org.apache.catalina.core.StandardService.stopInternal Parando servicio [Catalina]
31-Oct-2023 16:25:12.549 INFO [Thread-1] org.apache.coyote.AbstractProtocol.stop Stopping ProtocolHandler ["http-nio-8080"]
31-Oct-2023 16:25:12.557 INFO [Thread-1] org.apache.coyote.AbstractProtocol.destroy Destroying ProtocolHandler ["http-nio-8080"]
31-Oct-2023 16:25:22.928 INFO [main] org.apache.catalina.startup.VersionLoggerListener.log Nombre de la versión del servidor: Apache Tomcat/10.1.15
31-Oct-2023 16:25:22.933 INFO [main] org.apache.catalina.startup.VersionLoggerListener.log Server built:                      Oct 11 2023 23:38:40 UTC
31-Oct-2023 16:25:22.933 INFO [main] org.apache.catalina.startup.VersionLoggerListener.log Número de versión de servidor:     10.1.15.0
31-Oct-2023 16:25:22.935 INFO [main] org.apache.catalina.startup.VersionLoggerListener.log OS Name:                           Windows 11
31-Oct-2023 16:25:22.935 INFO [main] org.apache.catalina.startup.VersionLoggerListener.log Versión de Systema Operativo:      10.0
31-Oct-2023 16:25:22.936 INFO [main] org.apache.catalina.startup.VersionLoggerListener.log Arquitectura:                      amd64
31-Oct-2023 16:25:22.936 INFO [main] org.apache.catalina.startup.VersionLoggerListener.log Java Home:                         C:\Program Files\Java\jdk-17.0.2
31-Oct-2023 16:25:22.940 INFO [main] org.apache.catalina.startup.VersionLoggerListener.log JVM Version:                       17.0.2+8-86
31-Oct-2023 16:25:22.940 INFO [main] org.apache.catalina.startup.VersionLoggerListener.log Vededor JVM:                       Oracle Corporation
31-Oct-2023 16:25:22.943 INFO [main] org.apache.catalina.startup.VersionLoggerListener.log CATALINA_BASE:                     C:\Users\userg\eclipse-workspace\JavaEE\apache-tomcat-10.1.15-windows-x64\apache-tomcat-10.1.15
31-Oct-2023 16:25:22.946 INFO [main] org.apache.catalina.startup.VersionLoggerListener.log CATALINA_HOME:                     C:\Users\userg\eclipse-workspace\JavaEE\apache-tomcat-10.1.15-windows-x64\apache-tomcat-10.1.15
31-Oct-2023 16:25:22.952 INFO [main] org.apache.catalina.startup.VersionLoggerListener.log Command line argument:             -Djava.util.logging.config.file=C:\Users\userg\eclipse-workspace\JavaEE\apache-tomcat-10.1.15-windows-x64\apache-tomcat-10.1.15\conf\logging.properties
31-Oct-2023 16:25:22.952 INFO [main] org.apache.catalina.startup.VersionLoggerListener.log Command line argument:             -Djava.util.logging.manager=org.apache.juli.ClassLoaderLogManager
31-Oct-2023 16:25:22.953 INFO [main] org.apache.catalina.startup.VersionLoggerListener.log Command line argument:             -Djdk.tls.ephemeralDHKeySize=2048
31-Oct-2023 16:25:22.953 INFO [main] org.apache.catalina.startup.VersionLoggerListener.log Command line argument:             -Djava.protocol.handler.pkgs=org.apache.catalina.webresources
31-Oct-2023 16:25:22.953 INFO [main] org.apache.catalina.startup.VersionLoggerListener.log Command line argument:             --add-opens=java.base/java.lang=ALL-UNNAMED
31-Oct-2023 16:25:22.968 INFO [main] org.apache.catalina.startup.VersionLoggerListener.log Command line argument:             --add-opens=java.base/java.io=ALL-UNNAMED
31-Oct-2023 16:25:22.968 INFO [main] org.apache.catalina.startup.VersionLoggerListener.log Command line argument:             --add-opens=java.base/java.util=ALL-UNNAMED
31-Oct-2023 16:25:22.969 INFO [main] org.apache.catalina.startup.VersionLoggerListener.log Command line argument:             --add-opens=java.base/java.util.concurrent=ALL-UNNAMED
31-Oct-2023 16:25:22.970 INFO [main] org.apache.catalina.startup.VersionLoggerListener.log Command line argument:             --add-opens=java.rmi/sun.rmi.transport=ALL-UNNAMED
31-Oct-2023 16:25:22.970 INFO [main] org.apache.catalina.startup.VersionLoggerListener.log Command line argument:             -Dcatalina.base=C:\Users\userg\eclipse-workspace\JavaEE\apache-tomcat-10.1.15-windows-x64\apache-tomcat-10.1.15
31-Oct-2023 16:25:22.971 INFO [main] org.apache.catalina.startup.VersionLoggerListener.log Command line argument:             -Dcatalina.home=C:\Users\userg\eclipse-workspace\JavaEE\apache-tomcat-10.1.15-windows-x64\apache-tomcat-10.1.15
31-Oct-2023 16:25:22.975 INFO [main] org.apache.catalina.startup.VersionLoggerListener.log Command line argument:             -Djava.io.tmpdir=C:\Users\userg\eclipse-workspace\JavaEE\apache-tomcat-10.1.15-windows-x64\apache-tomcat-10.1.15\temp
31-Oct-2023 16:25:22.982 INFO [main] org.apache.catalina.core.AprLifecycleListener.lifecycleEvent Cargada la biblioteca nativa APR de Apache Tomcat [2.0.6] con la versión APR [1.7.4].
31-Oct-2023 16:25:22.993 INFO [main] org.apache.catalina.core.AprLifecycleListener.initializeSSL OpenSSL inicializado correctamente [OpenSSL 3.0.11 19 Sep 2023]
31-Oct-2023 16:25:23.303 INFO [main] org.apache.coyote.AbstractProtocol.init Inicializando el manejador de protocolo ["http-nio-8080"]

31-Oct-2023 16:25:23.335 INFO [main] org.apache.catalina.startup.Catalina.load Server initialization in [651] milliseconds
31-Oct-2023 16:25:23.406 INFO [main] org.apache.catalina.core.StandardService.startInternal Arrancando servicio [Catalina]
31-Oct-2023 16:25:23.406 INFO [main] org.apache.catalina.core.StandardEngine.startInternal Starting Servlet engine: [Apache Tomcat/10.1.15]
31-Oct-2023 16:25:23.442 INFO [main] org.apache.catalina.startup.HostConfig.deployWAR Despliegue del archivo [C:\Users\userg\eclipse-workspace\JavaEE\apache-tomcat-10.1.15-windows-x64\apache-tomcat-10.1.15\webapps\webapp-1.0-SNAPSHOT.war] de la aplicación web
31-Oct-2023 16:25:24.288 INFO [main] org.apache.jasper.servlet.TldScanner.scanJars Al menos un JAR, que se ha explorado buscando TLDs, aún no contenía TLDs. Activar historial de depuración para este historiador para una completa lista de los JARs que fueron explorados y de los que nos se halló TLDs. Saltarse JARs no necesarios durante la exploración puede dar lugar a una mejora de tiempo significativa en el arranque y compilación de JSP .
31-Oct-2023 16:25:24.401 INFO [main] org.apache.catalina.startup.HostConfig.deployWAR Deployment of web application archive [C:\Users\userg\eclipse-workspace\JavaEE\apache-tomcat-10.1.15-windows-x64\apache-tomcat-10.1.15\webapps\webapp-1.0-SNAPSHOT.war] has finished in [957] ms
31-Oct-2023 16:25:24.404 INFO [main] org.apache.catalina.startup.HostConfig.deployWAR Despliegue del archivo [C:\Users\userg\eclipse-workspace\JavaEE\apache-tomcat-10.1.15-windows-x64\apache-tomcat-10.1.15\webapps\webapp-cookie.war] de la aplicación web
31-Oct-2023 16:25:25.147 INFO [main] org.apache.jasper.servlet.TldScanner.scanJars Al menos un JAR, que se ha explorado buscando TLDs, aún no contenía TLDs. Activar historial de depuración para este historiador para una completa lista de los JARs que fueron explorados y de los que nos se halló TLDs. Saltarse JARs no necesarios durante la exploración puede dar lugar a una mejora de tiempo significativa en el arranque y compilación de JSP .
31-Oct-2023 16:25:25.151 INFO [main] org.apache.catalina.startup.HostConfig.deployWAR Deployment of web application archive [C:\Users\userg\eclipse-workspace\JavaEE\apache-tomcat-10.1.15-windows-x64\apache-tomcat-10.1.15\webapps\webapp-cookie.war] has finished in [747] ms
31-Oct-2023 16:25:25.153 INFO [main] org.apache.catalina.startup.HostConfig.deployWAR Despliegue del archivo [C:\Users\userg\eclipse-workspace\JavaEE\apache-tomcat-10.1.15-windows-x64\apache-tomcat-10.1.15\webapps\webapp-form.war] de la aplicación web
31-Oct-2023 16:25:25.669 INFO [main] org.apache.jasper.servlet.TldScanner.scanJars Al menos un JAR, que se ha explorado buscando TLDs, aún no contenía TLDs. Activar historial de depuración para este historiador para una completa lista de los JARs que fueron explorados y de los que nos se halló TLDs. Saltarse JARs no necesarios durante la exploración puede dar lugar a una mejora de tiempo significativa en el arranque y compilación de JSP .
31-Oct-2023 16:25:25.694 INFO [main] org.apache.catalina.startup.HostConfig.deployWAR Deployment of web application archive [C:\Users\userg\eclipse-workspace\JavaEE\apache-tomcat-10.1.15-windows-x64\apache-tomcat-10.1.15\webapps\webapp-form.war] has finished in [542] ms
31-Oct-2023 16:25:25.699 INFO [main] org.apache.catalina.startup.HostConfig.deployWAR Despliegue del archivo [C:\Users\userg\eclipse-workspace\JavaEE\apache-tomcat-10.1.15-windows-x64\apache-tomcat-10.1.15\webapps\webapp-headers.war] de la aplicación web
31-Oct-2023 16:25:26.576 INFO [main] org.apache.jasper.servlet.TldScanner.scanJars Al menos un JAR, que se ha explorado buscando TLDs, aún no contenía TLDs. Activar historial de depuración para este historiador para una completa lista de los JARs que fueron explorados y de los que nos se halló TLDs. Saltarse JARs no necesarios durante la exploración puede dar lugar a una mejora de tiempo significativa en el arranque y compilación de JSP .
31-Oct-2023 16:25:26.581 INFO [main] org.apache.catalina.startup.HostConfig.deployWAR Deployment of web application archive [C:\Users\userg\eclipse-workspace\JavaEE\apache-tomcat-10.1.15-windows-x64\apache-tomcat-10.1.15\webapps\webapp-headers.war] has finished in [883] ms
31-Oct-2023 16:25:26.583 INFO [main] org.apache.catalina.startup.HostConfig.deployWAR Despliegue del archivo [C:\Users\userg\eclipse-workspace\JavaEE\apache-tomcat-10.1.15-windows-x64\apache-tomcat-10.1.15\webapps\webapp-session.war] de la aplicación web
31-Oct-2023 16:25:27.342 INFO [main] org.apache.jasper.servlet.TldScanner.scanJars Al menos un JAR, que se ha explorado buscando TLDs, aún no contenía TLDs. Activar historial de depuración para este historiador para una completa lista de los JARs que fueron explorados y de los que nos se halló TLDs. Saltarse JARs no necesarios durante la exploración puede dar lugar a una mejora de tiempo significativa en el arranque y compilación de JSP .
31-Oct-2023 16:25:27.346 INFO [main] org.apache.catalina.startup.HostConfig.deployWAR Deployment of web application archive [C:\Users\userg\eclipse-workspace\JavaEE\apache-tomcat-10.1.15-windows-x64\apache-tomcat-10.1.15\webapps\webapp-session.war] has finished in [763] ms
31-Oct-2023 16:25:27.347 INFO [main] org.apache.catalina.startup.HostConfig.deployWAR Despliegue del archivo [C:\Users\userg\eclipse-workspace\JavaEE\apache-tomcat-10.1.15-windows-x64\apache-tomcat-10.1.15\webapps\webapp.war] de la aplicación web
31-Oct-2023 16:25:27.727 INFO [main] org.apache.jasper.servlet.TldScanner.scanJars Al menos un JAR, que se ha explorado buscando TLDs, aún no contenía TLDs. Activar historial de depuración para este historiador para una completa lista de los JARs que fueron explorados y de los que nos se halló TLDs. Saltarse JARs no necesarios durante la exploración puede dar lugar a una mejora de tiempo significativa en el arranque y compilación de JSP .
31-Oct-2023 16:25:27.730 INFO [main] org.apache.catalina.startup.HostConfig.deployWAR Deployment of web application archive [C:\Users\userg\eclipse-workspace\JavaEE\apache-tomcat-10.1.15-windows-x64\apache-tomcat-10.1.15\webapps\webapp.war] has finished in [383] ms
31-Oct-2023 16:25:27.731 INFO [main] org.apache.catalina.startup.HostConfig.deployDirectory Desplegando el directorio [C:\Users\userg\eclipse-workspace\JavaEE\apache-tomcat-10.1.15-windows-x64\apache-tomcat-10.1.15\webapps\docs] de la aplicación web
31-Oct-2023 16:25:28.108 INFO [main] org.apache.jasper.servlet.TldScanner.scanJars Al menos un JAR, que se ha explorado buscando TLDs, aún no contenía TLDs. Activar historial de depuración para este historiador para una completa lista de los JARs que fueron explorados y de los que nos se halló TLDs. Saltarse JARs no necesarios durante la exploración puede dar lugar a una mejora de tiempo significativa en el arranque y compilación de JSP .
31-Oct-2023 16:25:28.111 INFO [main] org.apache.catalina.startup.HostConfig.deployDirectory Deployment of web application directory [C:\Users\userg\eclipse-workspace\JavaEE\apache-tomcat-10.1.15-windows-x64\apache-tomcat-10.1.15\webapps\docs] has finished in [380] ms
31-Oct-2023 16:25:28.112 INFO [main] org.apache.catalina.startup.HostConfig.deployDirectory Desplegando el directorio [C:\Users\userg\eclipse-workspace\JavaEE\apache-tomcat-10.1.15-windows-x64\apache-tomcat-10.1.15\webapps\examples] de la aplicación web
31-Oct-2023 16:25:29.020 INFO [main] org.apache.jasper.servlet.TldScanner.scanJars Al menos un JAR, que se ha explorado buscando TLDs, aún no contenía TLDs. Activar historial de depuración para este historiador para una completa lista de los JARs que fueron explorados y de los que nos se halló TLDs. Saltarse JARs no necesarios durante la exploración puede dar lugar a una mejora de tiempo significativa en el arranque y compilación de JSP .
31-Oct-2023 16:25:29.092 INFO [main] org.apache.catalina.startup.HostConfig.deployDirectory Deployment of web application directory [C:\Users\userg\eclipse-workspace\JavaEE\apache-tomcat-10.1.15-windows-x64\apache-tomcat-10.1.15\webapps\examples] has finished in [979] ms
31-Oct-2023 16:25:29.092 INFO [main] org.apache.catalina.startup.HostConfig.deployDirectory Desplegando el directorio [C:\Users\userg\eclipse-workspace\JavaEE\apache-tomcat-10.1.15-windows-x64\apache-tomcat-10.1.15\webapps\host-manager] de la aplicación web
31-Oct-2023 16:25:29.675 INFO [main] org.apache.jasper.servlet.TldScanner.scanJars Al menos un JAR, que se ha explorado buscando TLDs, aún no contenía TLDs. Activar historial de depuración para este historiador para una completa lista de los JARs que fueron explorados y de los que nos se halló TLDs. Saltarse JARs no necesarios durante la exploración puede dar lugar a una mejora de tiempo significativa en el arranque y compilación de JSP .
31-Oct-2023 16:25:29.685 INFO [main] org.apache.catalina.startup.HostConfig.deployDirectory Deployment of web application directory [C:\Users\userg\eclipse-workspace\JavaEE\apache-tomcat-10.1.15-windows-x64\apache-tomcat-10.1.15\webapps\host-manager] has finished in [593] ms
31-Oct-2023 16:25:29.685 INFO [main] org.apache.catalina.startup.HostConfig.deployDirectory Desplegando el directorio [C:\Users\userg\eclipse-workspace\JavaEE\apache-tomcat-10.1.15-windows-x64\apache-tomcat-10.1.15\webapps\manager] de la aplicación web
31-Oct-2023 16:25:30.230 INFO [main] org.apache.jasper.servlet.TldScanner.scanJars Al menos un JAR, que se ha explorado buscando TLDs, aún no contenía TLDs. Activar historial de depuración para este historiador para una completa lista de los JARs que fueron explorados y de los que nos se halló TLDs. Saltarse JARs no necesarios durante la exploración puede dar lugar a una mejora de tiempo significativa en el arranque y compilación de JSP .
31-Oct-2023 16:25:30.235 INFO [main] org.apache.catalina.startup.HostConfig.deployDirectory Deployment of web application directory [C:\Users\userg\eclipse-workspace\JavaEE\apache-tomcat-10.1.15-windows-x64\apache-tomcat-10.1.15\webapps\manager] has finished in [550] ms
31-Oct-2023 16:25:30.235 INFO [main] org.apache.catalina.startup.HostConfig.deployDirectory Desplegando el directorio [C:\Users\userg\eclipse-workspace\JavaEE\apache-tomcat-10.1.15-windows-x64\apache-tomcat-10.1.15\webapps\ROOT] de la aplicación web
31-Oct-2023 16:25:30.749 INFO [main] org.apache.jasper.servlet.TldScanner.scanJars Al menos un JAR, que se ha explorado buscando TLDs, aún no contenía TLDs. Activar historial de depuración para este historiador para una completa lista de los JARs que fueron explorados y de los que nos se halló TLDs. Saltarse JARs no necesarios durante la exploración puede dar lugar a una mejora de tiempo significativa en el arranque y compilación de JSP .
31-Oct-2023 16:25:30.753 INFO [main] org.apache.catalina.startup.HostConfig.deployDirectory Deployment of web application directory [C:\Users\userg\eclipse-workspace\JavaEE\apache-tomcat-10.1.15-windows-x64\apache-tomcat-10.1.15\webapps\ROOT] has finished in [518] ms
31-Oct-2023 16:25:30.759 INFO [main] org.apache.coyote.AbstractProtocol.start Starting ProtocolHandler ["http-nio-8080"]
31-Oct-2023 16:25:30.813 INFO [main] org.apache.catalina.startup.Catalina.start Server startup in [7477] milliseconds
31-Oct-2023 16:25:34.922 INFO [http-nio-8080-exec-1] org.apache.catalina.startup.HostConfig.undeploy Repliegue (undeploy) de la aplicación web que tiene como trayectoria de contexto [/webapp-session]
31-Oct-2023 16:25:34.964 INFO [http-nio-8080-exec-1] org.apache.catalina.startup.HostConfig.deployWAR Despliegue del archivo [C:\Users\userg\eclipse-workspace\JavaEE\apache-tomcat-10.1.15-windows-x64\apache-tomcat-10.1.15\webapps\webapp-session.war] de la aplicación web
31-Oct-2023 16:25:35.825 INFO [http-nio-8080-exec-1] org.apache.jasper.servlet.TldScanner.scanJars Al menos un JAR, que se ha explorado buscando TLDs, aún no contenía TLDs. Activar historial de depuración para este historiador para una completa lista de los JARs que fueron explorados y de los que nos se halló TLDs. Saltarse JARs no necesarios durante la exploración puede dar lugar a una mejora de tiempo significativa en el arranque y compilación de JSP .
31-Oct-2023 16:25:35.831 INFO [http-nio-8080-exec-1] org.apache.catalina.startup.HostConfig.deployWAR Deployment of web application archive [C:\Users\userg\eclipse-workspace\JavaEE\apache-tomcat-10.1.15-windows-x64\apache-tomcat-10.1.15\webapps\webapp-session.war] has finished in [867] ms
31-Oct-2023 17:43:42.002 INFO [http-nio-8080-exec-13] org.apache.catalina.startup.HostConfig.undeploy Repliegue (undeploy) de la aplicación web que tiene como trayectoria de contexto [/webapp-session]
31-Oct-2023 17:43:42.062 INFO [http-nio-8080-exec-13] org.apache.catalina.startup.HostConfig.deployWAR Despliegue del archivo [C:\Users\userg\eclipse-workspace\JavaEE\apache-tomcat-10.1.15-windows-x64\apache-tomcat-10.1.15\webapps\webapp-session.war] de la aplicación web
31-Oct-2023 17:43:42.835 INFO [http-nio-8080-exec-13] org.apache.jasper.servlet.TldScanner.scanJars Al menos un JAR, que se ha explorado buscando TLDs, aún no contenía TLDs. Activar historial de depuración para este historiador para una completa lista de los JARs que fueron explorados y de los que nos se halló TLDs. Saltarse JARs no necesarios durante la exploración puede dar lugar a una mejora de tiempo significativa en el arranque y compilación de JSP .
31-Oct-2023 17:43:42.841 INFO [http-nio-8080-exec-13] org.apache.catalina.startup.HostConfig.deployWAR Deployment of web application archive [C:\Users\userg\eclipse-workspace\JavaEE\apache-tomcat-10.1.15-windows-x64\apache-tomcat-10.1.15\webapps\webapp-session.war] has finished in [778] ms
31-Oct-2023 18:12:44.995 INFO [http-nio-8080-exec-21] org.apache.catalina.startup.HostConfig.undeploy Repliegue (undeploy) de la aplicación web que tiene como trayectoria de contexto [/webapp-session]
31-Oct-2023 18:12:45.030 INFO [http-nio-8080-exec-21] org.apache.catalina.startup.HostConfig.deployWAR Despliegue del archivo [C:\Users\userg\eclipse-workspace\JavaEE\apache-tomcat-10.1.15-windows-x64\apache-tomcat-10.1.15\webapps\webapp-session.war] de la aplicación web
31-Oct-2023 18:12:45.712 INFO [http-nio-8080-exec-21] org.apache.jasper.servlet.TldScanner.scanJars Al menos un JAR, que se ha explorado buscando TLDs, aún no contenía TLDs. Activar historial de depuración para este historiador para una completa lista de los JARs que fueron explorados y de los que nos se halló TLDs. Saltarse JARs no necesarios durante la exploración puede dar lugar a una mejora de tiempo significativa en el arranque y compilación de JSP .
31-Oct-2023 18:12:45.716 INFO [http-nio-8080-exec-21] org.apache.catalina.startup.HostConfig.deployWAR Deployment of web application archive [C:\Users\userg\eclipse-workspace\JavaEE\apache-tomcat-10.1.15-windows-x64\apache-tomcat-10.1.15\webapps\webapp-session.war] has finished in [686] ms
31-Oct-2023 18:13:35.635 INFO [http-nio-8080-exec-23] org.apache.catalina.startup.HostConfig.undeploy Repliegue (undeploy) de la aplicación web que tiene como trayectoria de contexto [/webapp-session]
31-Oct-2023 18:13:35.673 INFO [http-nio-8080-exec-23] org.apache.catalina.startup.HostConfig.deployWAR Despliegue del archivo [C:\Users\userg\eclipse-workspace\JavaEE\apache-tomcat-10.1.15-windows-x64\apache-tomcat-10.1.15\webapps\webapp-session.war] de la aplicación web
31-Oct-2023 18:13:36.419 INFO [http-nio-8080-exec-23] org.apache.jasper.servlet.TldScanner.scanJars Al menos un JAR, que se ha explorado buscando TLDs, aún no contenía TLDs. Activar historial de depuración para este historiador para una completa lista de los JARs que fueron explorados y de los que nos se halló TLDs. Saltarse JARs no necesarios durante la exploración puede dar lugar a una mejora de tiempo significativa en el arranque y compilación de JSP .
31-Oct-2023 18:13:36.422 INFO [http-nio-8080-exec-23] org.apache.catalina.startup.HostConfig.deployWAR Deployment of web application archive [C:\Users\userg\eclipse-workspace\JavaEE\apache-tomcat-10.1.15-windows-x64\apache-tomcat-10.1.15\webapps\webapp-session.war] has finished in [749] ms
31-Oct-2023 18:15:09.411 INFO [Thread-1] org.apache.coyote.AbstractProtocol.pause Pausing ProtocolHandler ["http-nio-8080"]
31-Oct-2023 18:15:09.430 INFO [Thread-1] org.apache.catalina.core.StandardService.stopInternal Parando servicio [Catalina]
31-Oct-2023 18:15:09.464 INFO [Thread-1] org.apache.coyote.AbstractProtocol.stop Stopping ProtocolHandler ["http-nio-8080"]
31-Oct-2023 18:15:09.473 INFO [Thread-1] org.apache.coyote.AbstractProtocol.destroy Destroying ProtocolHandler ["http-nio-8080"]
