08-Nov-2023 10:32:52.571 INFO [main] org.apache.catalina.core.ApplicationContext.log Inicializando la aplicación!
08-Nov-2023 10:32:54.144 INFO [main] org.apache.catalina.core.ApplicationContext.log ContextListener: contextInitialized()
08-Nov-2023 10:32:54.145 INFO [main] org.apache.catalina.core.ApplicationContext.log SessionListener: contextInitialized()
08-Nov-2023 10:32:54.148 INFO [main] org.apache.catalina.core.ApplicationContext.log ContextListener: attributeAdded('StockTicker', 'async.Stockticker@7b74883')
08-Nov-2023 10:33:05.139 INFO [http-nio-8080-exec-1] org.apache.catalina.core.ApplicationContext.log Destruyendo la aplicación!
08-Nov-2023 10:33:06.941 INFO [http-nio-8080-exec-1] org.apache.catalina.core.ApplicationContext.log Inicializando la aplicación!
08-Nov-2023 10:33:14.794 INFO [http-nio-8080-exec-7] org.apache.catalina.core.ApplicationContext.log Inicializando el request!
08-Nov-2023 10:33:15.141 INFO [http-nio-8080-exec-7] org.apache.catalina.core.ApplicationContext.log Destruyendo el request!
08-Nov-2023 10:33:17.198 INFO [http-nio-8080-exec-9] org.apache.catalina.core.ApplicationContext.log Inicializando el request!
08-Nov-2023 10:33:17.238 INFO [http-nio-8080-exec-9] org.apache.catalina.core.ApplicationContext.log Inicializando la sesión http
08-Nov-2023 10:33:18.738 INFO [http-nio-8080-exec-9] org.apache.catalina.core.ApplicationContext.log Destruyendo el request!
08-Nov-2023 10:33:22.348 INFO [http-nio-8080-exec-2] org.apache.catalina.core.ApplicationContext.log Inicializando el request!
08-Nov-2023 10:33:22.467 INFO [http-nio-8080-exec-2] org.apache.catalina.core.ApplicationContext.log Destruyendo el request!
08-Nov-2023 10:33:30.362 INFO [http-nio-8080-exec-10] org.apache.catalina.core.ApplicationContext.log Inicializando el request!
08-Nov-2023 10:33:30.366 INFO [http-nio-8080-exec-10] org.apache.catalina.core.ApplicationContext.log Destruyendo el request!
08-Nov-2023 10:33:30.369 INFO [http-nio-8080-exec-6] org.apache.catalina.core.ApplicationContext.log Inicializando el request!
08-Nov-2023 10:33:30.374 INFO [http-nio-8080-exec-6] org.apache.catalina.core.ApplicationContext.log Destruyendo el request!
08-Nov-2023 10:33:31.800 INFO [http-nio-8080-exec-8] org.apache.catalina.core.ApplicationContext.log Inicializando el request!
08-Nov-2023 10:33:31.807 INFO [http-nio-8080-exec-8] org.apache.catalina.core.ApplicationContext.log Destruyendo el request!
08-Nov-2023 10:33:33.260 INFO [http-nio-8080-exec-5] org.apache.catalina.core.ApplicationContext.log Inicializando el request!
08-Nov-2023 10:33:33.311 INFO [http-nio-8080-exec-5] org.apache.catalina.core.ApplicationContext.log Destruyendo el request!
08-Nov-2023 10:33:43.738 INFO [http-nio-8080-exec-11] org.apache.catalina.core.ApplicationContext.log Inicializando el request!
08-Nov-2023 10:33:43.759 INFO [http-nio-8080-exec-11] org.apache.catalina.core.ApplicationContext.log Destruyendo el request!
08-Nov-2023 10:33:43.776 INFO [http-nio-8080-exec-4] org.apache.catalina.core.ApplicationContext.log Inicializando el request!
08-Nov-2023 10:33:44.086 INFO [http-nio-8080-exec-4] org.apache.catalina.core.ApplicationContext.log Destruyendo el request!
08-Nov-2023 10:33:56.939 INFO [http-nio-8080-exec-12] org.apache.catalina.core.ApplicationContext.log Inicializando el request!
08-Nov-2023 10:33:56.948 INFO [http-nio-8080-exec-12] org.apache.catalina.core.ApplicationContext.log Destruyendo el request!
08-Nov-2023 10:34:04.551 INFO [http-nio-8080-exec-7] org.apache.catalina.core.ApplicationContext.log Inicializando el request!
08-Nov-2023 10:34:04.561 INFO [http-nio-8080-exec-7] org.apache.catalina.core.ApplicationContext.log Destruyendo el request!
08-Nov-2023 10:34:05.644 INFO [http-nio-8080-exec-13] org.apache.catalina.core.ApplicationContext.log Inicializando el request!
08-Nov-2023 10:34:05.893 INFO [http-nio-8080-exec-13] org.apache.catalina.core.ApplicationContext.log Destruyendo el request!
08-Nov-2023 10:34:09.357 INFO [http-nio-8080-exec-14] org.apache.catalina.core.ApplicationContext.log Inicializando el request!
08-Nov-2023 10:34:09.362 INFO [http-nio-8080-exec-14] org.apache.catalina.core.ApplicationContext.log Destruyendo el request!
08-Nov-2023 10:43:18.873 INFO [http-nio-8080-exec-16] org.apache.catalina.core.ApplicationContext.log Destruyendo la sesión http
08-Nov-2023 10:43:18.874 INFO [http-nio-8080-exec-16] org.apache.catalina.core.ApplicationContext.log Destruyendo la aplicación!
08-Nov-2023 10:43:20.567 INFO [http-nio-8080-exec-16] org.apache.catalina.core.ApplicationContext.log Inicializando la aplicación!
08-Nov-2023 10:43:23.624 INFO [http-nio-8080-exec-12] org.apache.catalina.core.ApplicationContext.log Inicializando el request!
08-Nov-2023 10:43:23.640 INFO [http-nio-8080-exec-12] org.apache.catalina.core.ApplicationContext.log Inicializando la sesión http
08-Nov-2023 10:43:23.640 INFO [http-nio-8080-exec-12] org.apache.catalina.core.ApplicationContext.log Destruyendo el request!
08-Nov-2023 10:43:26.151 INFO [http-nio-8080-exec-13] org.apache.catalina.core.ApplicationContext.log Inicializando el request!
08-Nov-2023 10:43:26.252 INFO [http-nio-8080-exec-13] org.apache.catalina.core.ApplicationContext.log Destruyendo el request!
08-Nov-2023 10:43:37.060 INFO [http-nio-8080-exec-15] org.apache.catalina.core.ApplicationContext.log Inicializando el request!
08-Nov-2023 10:43:37.063 INFO [http-nio-8080-exec-15] org.apache.catalina.core.ApplicationContext.log Destruyendo el request!
08-Nov-2023 10:43:41.714 INFO [http-nio-8080-exec-19] org.apache.catalina.core.ApplicationContext.log Inicializando el request!
08-Nov-2023 10:43:41.719 INFO [http-nio-8080-exec-19] org.apache.catalina.core.ApplicationContext.log Destruyendo el request!
08-Nov-2023 10:43:47.881 INFO [http-nio-8080-exec-18] org.apache.catalina.core.ApplicationContext.log Inicializando el request!
08-Nov-2023 10:43:47.883 INFO [http-nio-8080-exec-18] org.apache.catalina.core.ApplicationContext.log Destruyendo el request!
08-Nov-2023 10:43:47.887 INFO [http-nio-8080-exec-14] org.apache.catalina.core.ApplicationContext.log Inicializando el request!
08-Nov-2023 10:43:47.892 INFO [http-nio-8080-exec-14] org.apache.catalina.core.ApplicationContext.log Destruyendo el request!
08-Nov-2023 10:43:50.352 INFO [http-nio-8080-exec-11] org.apache.catalina.core.ApplicationContext.log Inicializando el request!
08-Nov-2023 10:43:50.591 INFO [http-nio-8080-exec-11] org.apache.catalina.core.ApplicationContext.log Destruyendo el request!
08-Nov-2023 10:43:54.038 INFO [http-nio-8080-exec-20] org.apache.catalina.core.ApplicationContext.log Inicializando el request!
08-Nov-2023 10:43:54.230 INFO [http-nio-8080-exec-20] org.apache.catalina.core.ApplicationContext.log Destruyendo el request!
08-Nov-2023 10:43:57.932 INFO [http-nio-8080-exec-21] org.apache.catalina.core.ApplicationContext.log Inicializando el request!
08-Nov-2023 10:43:57.942 INFO [http-nio-8080-exec-21] org.apache.catalina.core.ApplicationContext.log Destruyendo el request!
08-Nov-2023 10:43:57.948 INFO [http-nio-8080-exec-17] org.apache.catalina.core.ApplicationContext.log Inicializando el request!
08-Nov-2023 10:43:58.143 INFO [http-nio-8080-exec-17] org.apache.catalina.core.ApplicationContext.log Destruyendo el request!
08-Nov-2023 10:44:02.265 INFO [http-nio-8080-exec-22] org.apache.catalina.core.ApplicationContext.log Inicializando el request!
08-Nov-2023 10:44:02.280 INFO [http-nio-8080-exec-22] org.apache.catalina.core.ApplicationContext.log Destruyendo el request!
08-Nov-2023 10:44:03.615 INFO [http-nio-8080-exec-23] org.apache.catalina.core.ApplicationContext.log Inicializando el request!
08-Nov-2023 10:44:03.629 INFO [http-nio-8080-exec-23] org.apache.catalina.core.ApplicationContext.log Destruyendo el request!
08-Nov-2023 10:54:31.966 INFO [http-nio-8080-exec-25] org.apache.catalina.core.ApplicationContext.log Destruyendo la sesión http
08-Nov-2023 10:54:31.966 INFO [http-nio-8080-exec-25] org.apache.catalina.core.ApplicationContext.log Destruyendo la aplicación!
08-Nov-2023 10:54:33.551 INFO [http-nio-8080-exec-25] org.apache.catalina.core.ApplicationContext.log Inicializando la aplicación!
08-Nov-2023 10:54:41.376 INFO [http-nio-8080-exec-27] org.apache.catalina.core.ApplicationContext.log Inicializando el request!
08-Nov-2023 10:54:41.391 INFO [http-nio-8080-exec-27] org.apache.catalina.core.ApplicationContext.log Destruyendo el request!
08-Nov-2023 10:54:41.999 INFO [http-nio-8080-exec-28] org.apache.catalina.core.ApplicationContext.log Inicializando el request!
08-Nov-2023 10:54:42.004 INFO [http-nio-8080-exec-28] org.apache.catalina.core.ApplicationContext.log Inicializando la sesión http
08-Nov-2023 10:54:42.092 INFO [http-nio-8080-exec-28] org.apache.catalina.core.ApplicationContext.log Destruyendo el request!
08-Nov-2023 10:54:47.856 INFO [http-nio-8080-exec-29] org.apache.catalina.core.ApplicationContext.log Inicializando el request!
08-Nov-2023 10:54:47.859 INFO [http-nio-8080-exec-29] org.apache.catalina.core.ApplicationContext.log Destruyendo el request!
08-Nov-2023 10:54:47.864 INFO [http-nio-8080-exec-30] org.apache.catalina.core.ApplicationContext.log Inicializando el request!
08-Nov-2023 10:54:47.867 INFO [http-nio-8080-exec-30] org.apache.catalina.core.ApplicationContext.log Destruyendo el request!
08-Nov-2023 10:54:49.782 INFO [http-nio-8080-exec-22] org.apache.catalina.core.ApplicationContext.log Inicializando el request!
08-Nov-2023 10:54:49.986 INFO [http-nio-8080-exec-22] org.apache.catalina.core.ApplicationContext.log Destruyendo el request!
08-Nov-2023 10:54:52.152 INFO [http-nio-8080-exec-24] org.apache.catalina.core.ApplicationContext.log Inicializando el request!
08-Nov-2023 10:54:52.318 INFO [http-nio-8080-exec-24] org.apache.catalina.core.ApplicationContext.log Destruyendo el request!
08-Nov-2023 10:58:34.437 INFO [http-nio-8080-exec-31] org.apache.catalina.core.ApplicationContext.log Destruyendo la sesión http
08-Nov-2023 10:58:34.437 INFO [http-nio-8080-exec-31] org.apache.catalina.core.ApplicationContext.log Destruyendo la aplicación!
08-Nov-2023 10:58:36.104 INFO [http-nio-8080-exec-31] org.apache.catalina.core.ApplicationContext.log Inicializando la aplicación!
08-Nov-2023 10:58:38.707 INFO [http-nio-8080-exec-36] org.apache.catalina.core.ApplicationContext.log Inicializando el request!
08-Nov-2023 10:58:38.719 INFO [http-nio-8080-exec-36] org.apache.catalina.core.ApplicationContext.log Destruyendo el request!
08-Nov-2023 10:58:39.905 INFO [http-nio-8080-exec-35] org.apache.catalina.core.ApplicationContext.log Inicializando el request!
08-Nov-2023 10:58:39.911 INFO [http-nio-8080-exec-35] org.apache.catalina.core.ApplicationContext.log Inicializando la sesión http
08-Nov-2023 10:58:40.012 INFO [http-nio-8080-exec-35] org.apache.catalina.core.ApplicationContext.log Destruyendo el request!
08-Nov-2023 10:58:44.567 INFO [http-nio-8080-exec-34] org.apache.catalina.core.ApplicationContext.log Inicializando el request!
08-Nov-2023 10:58:44.570 INFO [http-nio-8080-exec-34] org.apache.catalina.core.ApplicationContext.log Destruyendo el request!
08-Nov-2023 10:58:44.577 INFO [http-nio-8080-exec-32] org.apache.catalina.core.ApplicationContext.log Inicializando el request!
08-Nov-2023 10:58:44.582 INFO [http-nio-8080-exec-32] org.apache.catalina.core.ApplicationContext.log Destruyendo el request!
08-Nov-2023 10:58:47.483 INFO [http-nio-8080-exec-33] org.apache.catalina.core.ApplicationContext.log Inicializando el request!
08-Nov-2023 10:58:47.699 INFO [http-nio-8080-exec-33] org.apache.catalina.core.ApplicationContext.log Destruyendo el request!
08-Nov-2023 10:58:52.939 INFO [http-nio-8080-exec-39] org.apache.catalina.core.ApplicationContext.log Inicializando el request!
08-Nov-2023 10:58:53.098 INFO [http-nio-8080-exec-39] org.apache.catalina.core.ApplicationContext.log Destruyendo el request!
08-Nov-2023 10:59:00.507 INFO [http-nio-8080-exec-38] org.apache.catalina.core.ApplicationContext.log Inicializando el request!
08-Nov-2023 10:59:00.517 INFO [http-nio-8080-exec-38] org.apache.catalina.core.ApplicationContext.log Destruyendo el request!
08-Nov-2023 10:59:04.571 INFO [http-nio-8080-exec-37] org.apache.catalina.core.ApplicationContext.log Inicializando el request!
08-Nov-2023 10:59:04.577 INFO [http-nio-8080-exec-37] org.apache.catalina.core.ApplicationContext.log Destruyendo el request!
08-Nov-2023 10:59:08.888 INFO [http-nio-8080-exec-41] org.apache.catalina.core.ApplicationContext.log Inicializando el request!
08-Nov-2023 10:59:08.894 INFO [http-nio-8080-exec-41] org.apache.catalina.core.ApplicationContext.log Destruyendo el request!
08-Nov-2023 11:00:01.686 INFO [http-nio-8080-exec-42] org.apache.catalina.core.ApplicationContext.log Destruyendo la sesión http
08-Nov-2023 11:00:01.687 INFO [http-nio-8080-exec-42] org.apache.catalina.core.ApplicationContext.log Destruyendo la aplicación!
08-Nov-2023 11:00:03.347 INFO [http-nio-8080-exec-42] org.apache.catalina.core.ApplicationContext.log Inicializando la aplicación!
08-Nov-2023 11:00:03.588 INFO [http-nio-8080-exec-43] org.apache.catalina.core.ApplicationContext.log Inicializando el request!
08-Nov-2023 11:00:03.605 INFO [http-nio-8080-exec-43] org.apache.catalina.core.ApplicationContext.log Destruyendo el request!
08-Nov-2023 11:00:04.362 INFO [http-nio-8080-exec-47] org.apache.catalina.core.ApplicationContext.log Inicializando el request!
08-Nov-2023 11:00:04.367 INFO [http-nio-8080-exec-47] org.apache.catalina.core.ApplicationContext.log Inicializando la sesión http
08-Nov-2023 11:00:04.459 INFO [http-nio-8080-exec-47] org.apache.catalina.core.ApplicationContext.log Destruyendo el request!
08-Nov-2023 11:00:08.672 INFO [http-nio-8080-exec-41] org.apache.catalina.core.ApplicationContext.log Inicializando el request!
08-Nov-2023 11:00:08.675 INFO [http-nio-8080-exec-41] org.apache.catalina.core.ApplicationContext.log Destruyendo el request!
08-Nov-2023 11:00:08.678 INFO [http-nio-8080-exec-48] org.apache.catalina.core.ApplicationContext.log Inicializando el request!
08-Nov-2023 11:00:08.684 INFO [http-nio-8080-exec-48] org.apache.catalina.core.ApplicationContext.log Destruyendo el request!
08-Nov-2023 11:00:11.178 INFO [http-nio-8080-exec-49] org.apache.catalina.core.ApplicationContext.log Inicializando el request!
08-Nov-2023 11:00:11.420 INFO [http-nio-8080-exec-49] org.apache.catalina.core.ApplicationContext.log Destruyendo el request!
08-Nov-2023 11:31:00.334 INFO [Catalina-utility-1] org.apache.catalina.core.ApplicationContext.log Destruyendo la sesión http
08-Nov-2023 12:54:37.765 INFO [http-nio-8080-exec-51] org.apache.catalina.core.ApplicationContext.log Destruyendo la aplicación!
08-Nov-2023 12:54:40.154 INFO [http-nio-8080-exec-51] org.apache.catalina.core.ApplicationContext.log Inicializando la aplicación!
08-Nov-2023 12:54:40.744 INFO [http-nio-8080-exec-56] org.apache.catalina.core.ApplicationContext.log Inicializando el request!
08-Nov-2023 12:54:40.788 INFO [http-nio-8080-exec-56] org.apache.catalina.core.ApplicationContext.log Inicializando la sesión http
08-Nov-2023 12:54:41.278 INFO [http-nio-8080-exec-56] org.apache.catalina.core.ApplicationContext.log Destruyendo el request!
08-Nov-2023 12:54:43.308 INFO [http-nio-8080-exec-57] org.apache.catalina.core.ApplicationContext.log Inicializando el request!
08-Nov-2023 12:54:43.458 INFO [http-nio-8080-exec-57] org.apache.catalina.core.ApplicationContext.log Destruyendo el request!
08-Nov-2023 12:55:00.054 INFO [http-nio-8080-exec-53] org.apache.catalina.core.ApplicationContext.log Inicializando el request!
08-Nov-2023 12:55:00.057 INFO [http-nio-8080-exec-53] org.apache.catalina.core.ApplicationContext.log Destruyendo el request!
08-Nov-2023 12:55:00.060 INFO [http-nio-8080-exec-52] org.apache.catalina.core.ApplicationContext.log Inicializando el request!
08-Nov-2023 12:55:00.064 INFO [http-nio-8080-exec-52] org.apache.catalina.core.ApplicationContext.log Destruyendo el request!
08-Nov-2023 12:55:01.350 INFO [http-nio-8080-exec-58] org.apache.catalina.core.ApplicationContext.log Inicializando el request!
08-Nov-2023 12:55:01.451 INFO [http-nio-8080-exec-58] org.apache.catalina.core.ApplicationContext.log Destruyendo el request!
08-Nov-2023 12:55:08.737 INFO [http-nio-8080-exec-59] org.apache.catalina.core.ApplicationContext.log Inicializando el request!
08-Nov-2023 12:55:08.753 INFO [http-nio-8080-exec-59] org.apache.catalina.core.ApplicationContext.log Destruyendo el request!
08-Nov-2023 12:55:10.948 INFO [http-nio-8080-exec-54] org.apache.catalina.core.ApplicationContext.log Inicializando el request!
08-Nov-2023 12:55:11.085 INFO [http-nio-8080-exec-54] org.apache.catalina.core.ApplicationContext.log Destruyendo el request!
08-Nov-2023 12:55:14.147 INFO [http-nio-8080-exec-60] org.apache.catalina.core.ApplicationContext.log Inicializando el request!
08-Nov-2023 12:55:14.158 INFO [http-nio-8080-exec-60] org.apache.catalina.core.ApplicationContext.log Destruyendo el request!
08-Nov-2023 12:55:17.398 INFO [http-nio-8080-exec-61] org.apache.catalina.core.ApplicationContext.log Inicializando el request!
08-Nov-2023 12:55:17.405 INFO [http-nio-8080-exec-61] org.apache.catalina.core.ApplicationContext.log Destruyendo el request!
08-Nov-2023 12:55:21.086 INFO [http-nio-8080-exec-55] org.apache.catalina.core.ApplicationContext.log Inicializando el request!
08-Nov-2023 12:55:21.089 INFO [http-nio-8080-exec-55] org.apache.catalina.core.ApplicationContext.log Destruyendo la sesión http
08-Nov-2023 12:55:21.089 INFO [http-nio-8080-exec-55] org.apache.catalina.core.ApplicationContext.log Destruyendo el request!
08-Nov-2023 12:55:21.097 INFO [http-nio-8080-exec-62] org.apache.catalina.core.ApplicationContext.log Inicializando el request!
08-Nov-2023 12:55:21.099 INFO [http-nio-8080-exec-62] org.apache.catalina.core.ApplicationContext.log Inicializando la sesión http
08-Nov-2023 12:55:21.103 INFO [http-nio-8080-exec-62] org.apache.catalina.core.ApplicationContext.log Destruyendo el request!
08-Nov-2023 12:56:28.474 INFO [http-nio-8080-exec-64] org.apache.catalina.core.ApplicationContext.log Destruyendo la sesión http
08-Nov-2023 12:56:28.474 INFO [http-nio-8080-exec-64] org.apache.catalina.core.ApplicationContext.log Destruyendo la aplicación!
08-Nov-2023 12:56:29.941 INFO [http-nio-8080-exec-64] org.apache.catalina.core.ApplicationContext.log Inicializando la aplicación!
08-Nov-2023 13:12:01.092 INFO [http-nio-8080-exec-71] org.apache.catalina.core.ApplicationContext.log Destruyendo la aplicación!
08-Nov-2023 13:12:02.114 INFO [http-nio-8080-exec-71] org.apache.catalina.core.ApplicationContext.log Inicializando la aplicación!
08-Nov-2023 13:12:12.240 INFO [http-nio-8080-exec-74] org.apache.catalina.core.ApplicationContext.log Inicializando el request!
08-Nov-2023 13:12:12.333 INFO [http-nio-8080-exec-74] org.apache.catalina.core.ApplicationContext.log Inicializando la sesión http
08-Nov-2023 13:12:12.437 INFO [http-nio-8080-exec-74] org.apache.catalina.core.ApplicationContext.log Destruyendo el request!
08-Nov-2023 13:12:25.342 INFO [http-nio-8080-exec-73] org.apache.catalina.core.ApplicationContext.log Inicializando el request!
08-Nov-2023 13:12:25.349 INFO [http-nio-8080-exec-73] org.apache.catalina.core.ApplicationContext.log Destruyendo el request!
08-Nov-2023 13:13:00.299 INFO [http-nio-8080-exec-79] org.apache.catalina.core.ApplicationContext.log Inicializando el request!
08-Nov-2023 13:13:00.306 INFO [http-nio-8080-exec-79] org.apache.catalina.core.ApplicationContext.log Destruyendo el request!
08-Nov-2023 13:13:04.931 INFO [http-nio-8080-exec-81] org.apache.catalina.core.ApplicationContext.log Inicializando el request!
08-Nov-2023 13:13:04.935 INFO [http-nio-8080-exec-81] org.apache.catalina.core.ApplicationContext.log Destruyendo el request!
08-Nov-2023 13:13:10.150 INFO [http-nio-8080-exec-82] org.apache.catalina.core.ApplicationContext.log Inicializando el request!
08-Nov-2023 13:13:10.156 INFO [http-nio-8080-exec-82] org.apache.catalina.core.ApplicationContext.log Destruyendo el request!
08-Nov-2023 13:14:01.187 INFO [http-nio-8080-exec-72] org.apache.catalina.core.ApplicationContext.log Destruyendo la sesión http
08-Nov-2023 13:14:01.187 INFO [http-nio-8080-exec-72] org.apache.catalina.core.ApplicationContext.log Destruyendo la aplicación!
08-Nov-2023 13:14:02.415 INFO [http-nio-8080-exec-72] org.apache.catalina.core.ApplicationContext.log Inicializando la aplicación!
08-Nov-2023 13:14:06.715 INFO [http-nio-8080-exec-82] org.apache.catalina.core.ApplicationContext.log Inicializando el request!
08-Nov-2023 13:14:06.882 INFO [http-nio-8080-exec-82] org.apache.catalina.core.ApplicationContext.log Inicializando la sesión http
08-Nov-2023 13:14:07.033 INFO [http-nio-8080-exec-82] org.apache.catalina.core.ApplicationContext.log Destruyendo el request!
08-Nov-2023 13:14:09.063 INFO [http-nio-8080-exec-86] org.apache.catalina.core.ApplicationContext.log Inicializando el request!
08-Nov-2023 13:14:09.068 INFO [http-nio-8080-exec-86] org.apache.catalina.core.ApplicationContext.log Inicializando la sesión http
08-Nov-2023 13:14:09.214 INFO [http-nio-8080-exec-86] org.apache.catalina.core.ApplicationContext.log Destruyendo el request!
08-Nov-2023 13:14:13.598 INFO [http-nio-8080-exec-87] org.apache.catalina.core.ApplicationContext.log Inicializando el request!
08-Nov-2023 13:14:13.601 INFO [http-nio-8080-exec-87] org.apache.catalina.core.ApplicationContext.log Destruyendo el request!
08-Nov-2023 13:15:00.149 INFO [http-nio-8080-exec-88] org.apache.catalina.core.ApplicationContext.log Destruyendo la sesión http
08-Nov-2023 13:15:00.149 INFO [http-nio-8080-exec-88] org.apache.catalina.core.ApplicationContext.log Destruyendo la sesión http
08-Nov-2023 13:15:00.150 INFO [http-nio-8080-exec-88] org.apache.catalina.core.ApplicationContext.log Destruyendo la aplicación!
08-Nov-2023 13:15:01.476 INFO [http-nio-8080-exec-88] org.apache.catalina.core.ApplicationContext.log Inicializando la aplicación!
08-Nov-2023 13:15:39.493 INFO [http-nio-8080-exec-91] org.apache.catalina.core.ApplicationContext.log Destruyendo la aplicación!
08-Nov-2023 13:15:40.568 INFO [http-nio-8080-exec-91] org.apache.catalina.core.ApplicationContext.log Inicializando la aplicación!
08-Nov-2023 13:15:46.070 INFO [http-nio-8080-exec-83] org.apache.catalina.core.ApplicationContext.log Inicializando el request!
08-Nov-2023 13:15:46.152 INFO [http-nio-8080-exec-83] org.apache.catalina.core.ApplicationContext.log Inicializando la sesión http
08-Nov-2023 13:15:46.331 INFO [http-nio-8080-exec-83] org.apache.catalina.core.ApplicationContext.log Destruyendo el request!
08-Nov-2023 13:15:49.401 INFO [http-nio-8080-exec-89] org.apache.catalina.core.ApplicationContext.log Inicializando el request!
08-Nov-2023 13:15:49.404 INFO [http-nio-8080-exec-89] org.apache.catalina.core.ApplicationContext.log Destruyendo el request!
08-Nov-2023 13:15:52.396 INFO [http-nio-8080-exec-93] org.apache.catalina.core.ApplicationContext.log Inicializando el request!
08-Nov-2023 13:15:52.554 INFO [http-nio-8080-exec-93] org.apache.catalina.core.ApplicationContext.log Destruyendo el request!
08-Nov-2023 13:15:55.990 INFO [http-nio-8080-exec-81] org.apache.catalina.core.ApplicationContext.log Inicializando el request!
08-Nov-2023 13:15:55.994 INFO [http-nio-8080-exec-81] org.apache.catalina.core.ApplicationContext.log Destruyendo el request!
08-Nov-2023 13:15:58.450 INFO [http-nio-8080-exec-92] org.apache.catalina.core.ApplicationContext.log Inicializando el request!
08-Nov-2023 13:15:58.454 INFO [http-nio-8080-exec-92] org.apache.catalina.core.ApplicationContext.log Destruyendo el request!
08-Nov-2023 13:16:03.002 INFO [http-nio-8080-exec-94] org.apache.catalina.core.ApplicationContext.log Inicializando el request!
08-Nov-2023 13:16:03.008 INFO [http-nio-8080-exec-94] org.apache.catalina.core.ApplicationContext.log Inicializando la sesión http
08-Nov-2023 13:16:03.010 INFO [http-nio-8080-exec-94] org.apache.catalina.core.ApplicationContext.log Destruyendo el request!
08-Nov-2023 13:16:32.408 INFO [http-nio-8080-exec-82] org.apache.catalina.core.ApplicationContext.log Destruyendo la sesión http
08-Nov-2023 13:16:32.408 INFO [http-nio-8080-exec-82] org.apache.catalina.core.ApplicationContext.log Destruyendo la sesión http
08-Nov-2023 13:16:32.408 INFO [http-nio-8080-exec-82] org.apache.catalina.core.ApplicationContext.log Destruyendo la aplicación!
08-Nov-2023 13:16:33.654 INFO [http-nio-8080-exec-82] org.apache.catalina.core.ApplicationContext.log Inicializando la aplicación!
08-Nov-2023 13:16:38.043 INFO [http-nio-8080-exec-97] org.apache.catalina.core.ApplicationContext.log Inicializando el request!
08-Nov-2023 13:16:38.204 INFO [http-nio-8080-exec-97] org.apache.catalina.core.ApplicationContext.log Inicializando la sesión http
08-Nov-2023 13:16:38.485 INFO [http-nio-8080-exec-97] org.apache.catalina.core.ApplicationContext.log Destruyendo el request!
08-Nov-2023 13:16:44.449 INFO [http-nio-8080-exec-98] org.apache.catalina.core.ApplicationContext.log Inicializando el request!
08-Nov-2023 13:16:44.555 INFO [http-nio-8080-exec-98] org.apache.catalina.core.ApplicationContext.log Destruyendo el request!
08-Nov-2023 13:16:52.132 INFO [http-nio-8080-exec-101] org.apache.catalina.core.ApplicationContext.log Inicializando el request!
08-Nov-2023 13:16:52.137 INFO [http-nio-8080-exec-101] org.apache.catalina.core.ApplicationContext.log Destruyendo el request!
08-Nov-2023 13:16:52.144 INFO [http-nio-8080-exec-96] org.apache.catalina.core.ApplicationContext.log Inicializando el request!
08-Nov-2023 13:16:52.148 INFO [http-nio-8080-exec-96] org.apache.catalina.core.ApplicationContext.log Destruyendo el request!
08-Nov-2023 13:16:53.624 INFO [http-nio-8080-exec-99] org.apache.catalina.core.ApplicationContext.log Inicializando el request!
08-Nov-2023 13:16:53.631 INFO [http-nio-8080-exec-99] org.apache.catalina.core.ApplicationContext.log Destruyendo el request!
08-Nov-2023 13:16:57.302 INFO [http-nio-8080-exec-94] org.apache.catalina.core.ApplicationContext.log Inicializando el request!
08-Nov-2023 13:16:57.475 INFO [http-nio-8080-exec-94] org.apache.catalina.core.ApplicationContext.log Destruyendo el request!
08-Nov-2023 13:17:07.771 INFO [http-nio-8080-exec-103] org.apache.catalina.core.ApplicationContext.log Inicializando el request!
08-Nov-2023 13:17:07.905 INFO [http-nio-8080-exec-103] org.apache.catalina.core.ApplicationContext.log Destruyendo el request!
08-Nov-2023 13:17:11.699 INFO [http-nio-8080-exec-104] org.apache.catalina.core.ApplicationContext.log Inicializando el request!
08-Nov-2023 13:17:11.704 INFO [http-nio-8080-exec-104] org.apache.catalina.core.ApplicationContext.log Destruyendo el request!
08-Nov-2023 13:17:11.709 INFO [http-nio-8080-exec-102] org.apache.catalina.core.ApplicationContext.log Inicializando el request!
08-Nov-2023 13:17:11.910 INFO [http-nio-8080-exec-102] org.apache.catalina.core.ApplicationContext.log Destruyendo el request!
08-Nov-2023 13:17:15.886 INFO [http-nio-8080-exec-105] org.apache.catalina.core.ApplicationContext.log Inicializando el request!
08-Nov-2023 13:17:15.891 INFO [http-nio-8080-exec-105] org.apache.catalina.core.ApplicationContext.log Destruyendo el request!
08-Nov-2023 13:17:15.899 INFO [http-nio-8080-exec-97] org.apache.catalina.core.ApplicationContext.log Inicializando el request!
08-Nov-2023 13:17:15.904 INFO [http-nio-8080-exec-97] org.apache.catalina.core.ApplicationContext.log Destruyendo el request!
08-Nov-2023 13:17:18.316 INFO [http-nio-8080-exec-106] org.apache.catalina.core.ApplicationContext.log Inicializando el request!
08-Nov-2023 13:17:18.320 INFO [http-nio-8080-exec-106] org.apache.catalina.core.ApplicationContext.log Destruyendo el request!
08-Nov-2023 13:17:27.920 INFO [http-nio-8080-exec-107] org.apache.catalina.core.ApplicationContext.log Inicializando el request!
08-Nov-2023 13:17:27.931 INFO [http-nio-8080-exec-107] org.apache.catalina.core.ApplicationContext.log Destruyendo el request!
08-Nov-2023 13:17:29.449 INFO [http-nio-8080-exec-96] org.apache.catalina.core.ApplicationContext.log Inicializando el request!
08-Nov-2023 13:17:29.454 INFO [http-nio-8080-exec-96] org.apache.catalina.core.ApplicationContext.log Destruyendo el request!
08-Nov-2023 13:17:31.336 INFO [http-nio-8080-exec-108] org.apache.catalina.core.ApplicationContext.log Inicializando el request!
08-Nov-2023 13:17:31.340 INFO [http-nio-8080-exec-108] org.apache.catalina.core.ApplicationContext.log Destruyendo el request!
08-Nov-2023 13:17:32.619 INFO [http-nio-8080-exec-109] org.apache.catalina.core.ApplicationContext.log Inicializando el request!
08-Nov-2023 13:17:32.623 INFO [http-nio-8080-exec-109] org.apache.catalina.core.ApplicationContext.log Destruyendo el request!
08-Nov-2023 13:17:47.834 INFO [http-nio-8080-exec-110] org.apache.catalina.core.ApplicationContext.log Inicializando el request!
08-Nov-2023 13:17:47.843 INFO [http-nio-8080-exec-110] org.apache.catalina.core.ApplicationContext.log Destruyendo el request!
08-Nov-2023 13:17:53.079 INFO [http-nio-8080-exec-104] org.apache.catalina.core.ApplicationContext.log Inicializando el request!
08-Nov-2023 13:17:53.082 INFO [http-nio-8080-exec-104] org.apache.catalina.core.ApplicationContext.log Destruyendo el request!
08-Nov-2023 13:17:53.084 INFO [http-nio-8080-exec-111] org.apache.catalina.core.ApplicationContext.log Inicializando el request!
08-Nov-2023 13:17:53.096 INFO [http-nio-8080-exec-111] org.apache.catalina.core.ApplicationContext.log Destruyendo el request!
08-Nov-2023 13:17:57.394 INFO [http-nio-8080-exec-105] org.apache.catalina.core.ApplicationContext.log Inicializando el request!
08-Nov-2023 13:17:57.397 INFO [http-nio-8080-exec-105] org.apache.catalina.core.ApplicationContext.log Destruyendo el request!
08-Nov-2023 13:17:57.399 INFO [http-nio-8080-exec-112] org.apache.catalina.core.ApplicationContext.log Inicializando el request!
08-Nov-2023 13:17:57.407 INFO [http-nio-8080-exec-112] org.apache.catalina.core.ApplicationContext.log Destruyendo el request!
08-Nov-2023 13:17:59.614 INFO [http-nio-8080-exec-106] org.apache.catalina.core.ApplicationContext.log Inicializando el request!
08-Nov-2023 13:17:59.618 INFO [http-nio-8080-exec-106] org.apache.catalina.core.ApplicationContext.log Destruyendo el request!
08-Nov-2023 13:18:05.760 INFO [http-nio-8080-exec-107] org.apache.catalina.core.ApplicationContext.log Inicializando el request!
08-Nov-2023 13:18:05.768 INFO [http-nio-8080-exec-107] org.apache.catalina.core.ApplicationContext.log Destruyendo el request!
08-Nov-2023 13:18:09.265 INFO [http-nio-8080-exec-113] org.apache.catalina.core.ApplicationContext.log Inicializando el request!
08-Nov-2023 13:18:09.272 INFO [http-nio-8080-exec-113] org.apache.catalina.core.ApplicationContext.log Destruyendo el request!
08-Nov-2023 13:18:11.287 INFO [http-nio-8080-exec-108] org.apache.catalina.core.ApplicationContext.log Inicializando el request!
08-Nov-2023 13:18:11.290 INFO [http-nio-8080-exec-108] org.apache.catalina.core.ApplicationContext.log Destruyendo la sesión http
08-Nov-2023 13:18:11.292 INFO [http-nio-8080-exec-108] org.apache.catalina.core.ApplicationContext.log Destruyendo el request!
08-Nov-2023 13:18:11.300 INFO [http-nio-8080-exec-109] org.apache.catalina.core.ApplicationContext.log Inicializando el request!
08-Nov-2023 13:18:11.303 INFO [http-nio-8080-exec-109] org.apache.catalina.core.ApplicationContext.log Inicializando la sesión http
08-Nov-2023 13:18:11.308 INFO [http-nio-8080-exec-109] org.apache.catalina.core.ApplicationContext.log Destruyendo el request!
08-Nov-2023 14:49:32.707 INFO [Catalina-utility-1] org.apache.catalina.core.ApplicationContext.log Destruyendo la sesión http
08-Nov-2023 15:14:55.029 INFO [http-nio-8080-exec-104] org.apache.catalina.core.ApplicationContext.log Inicializando el request!
08-Nov-2023 15:14:55.043 INFO [http-nio-8080-exec-104] org.apache.catalina.core.ApplicationContext.log Inicializando la sesión http
08-Nov-2023 15:14:55.049 INFO [http-nio-8080-exec-104] org.apache.catalina.core.ApplicationContext.log Destruyendo el request!
08-Nov-2023 15:15:20.528 INFO [http-nio-8080-exec-105] org.apache.catalina.core.ApplicationContext.log Inicializando el request!
08-Nov-2023 15:15:20.535 INFO [http-nio-8080-exec-105] org.apache.catalina.core.ApplicationContext.log Destruyendo el request!
08-Nov-2023 15:15:25.128 INFO [http-nio-8080-exec-112] org.apache.catalina.core.ApplicationContext.log Inicializando el request!
08-Nov-2023 15:15:25.130 INFO [http-nio-8080-exec-112] org.apache.catalina.core.ApplicationContext.log Destruyendo el request!
08-Nov-2023 15:15:25.133 INFO [http-nio-8080-exec-106] org.apache.catalina.core.ApplicationContext.log Inicializando el request!
08-Nov-2023 15:15:25.139 INFO [http-nio-8080-exec-106] org.apache.catalina.core.ApplicationContext.log Destruyendo el request!
08-Nov-2023 15:15:27.053 INFO [http-nio-8080-exec-107] org.apache.catalina.core.ApplicationContext.log Inicializando el request!
08-Nov-2023 15:15:27.060 INFO [http-nio-8080-exec-107] org.apache.catalina.core.ApplicationContext.log Destruyendo el request!
08-Nov-2023 15:15:28.535 INFO [http-nio-8080-exec-113] org.apache.catalina.core.ApplicationContext.log Inicializando el request!
08-Nov-2023 15:15:28.546 INFO [http-nio-8080-exec-113] org.apache.catalina.core.ApplicationContext.log Destruyendo el request!
08-Nov-2023 15:15:53.326 INFO [http-nio-8080-exec-109] org.apache.catalina.core.ApplicationContext.log Inicializando el request!
08-Nov-2023 15:15:53.342 INFO [http-nio-8080-exec-109] org.apache.catalina.core.ApplicationContext.log Destruyendo el request!
08-Nov-2023 15:16:08.041 INFO [http-nio-8080-exec-110] org.apache.catalina.core.ApplicationContext.log Inicializando el request!
08-Nov-2023 15:16:08.045 INFO [http-nio-8080-exec-110] org.apache.catalina.core.ApplicationContext.log Destruyendo el request!
08-Nov-2023 15:16:08.048 INFO [http-nio-8080-exec-104] org.apache.catalina.core.ApplicationContext.log Inicializando el request!
08-Nov-2023 15:16:08.060 INFO [http-nio-8080-exec-104] org.apache.catalina.core.ApplicationContext.log Destruyendo el request!
08-Nov-2023 15:16:23.883 INFO [http-nio-8080-exec-111] org.apache.catalina.core.ApplicationContext.log Inicializando el request!
08-Nov-2023 15:16:23.892 INFO [http-nio-8080-exec-111] org.apache.catalina.core.ApplicationContext.log Destruyendo el request!
08-Nov-2023 15:16:27.601 INFO [http-nio-8080-exec-105] org.apache.catalina.core.ApplicationContext.log Inicializando el request!
08-Nov-2023 15:16:27.609 INFO [http-nio-8080-exec-105] org.apache.catalina.core.ApplicationContext.log Destruyendo el request!
08-Nov-2023 15:16:30.149 INFO [http-nio-8080-exec-112] org.apache.catalina.core.ApplicationContext.log Inicializando el request!
08-Nov-2023 15:16:30.164 INFO [http-nio-8080-exec-112] org.apache.catalina.core.ApplicationContext.log Destruyendo el request!
08-Nov-2023 15:44:12.390 INFO [http-nio-8080-exec-107] org.apache.catalina.core.ApplicationContext.log Destruyendo la sesión http
08-Nov-2023 15:44:12.391 INFO [http-nio-8080-exec-107] org.apache.catalina.core.ApplicationContext.log Destruyendo la aplicación!
08-Nov-2023 15:44:13.622 INFO [http-nio-8080-exec-107] org.apache.catalina.core.ApplicationContext.log Inicializando la aplicación!
08-Nov-2023 15:44:28.435 INFO [http-nio-8080-exec-110] org.apache.catalina.core.ApplicationContext.log Inicializando el request!
08-Nov-2023 15:44:28.563 INFO [http-nio-8080-exec-110] org.apache.catalina.core.ApplicationContext.log Inicializando la sesión http
08-Nov-2023 15:44:28.754 INFO [http-nio-8080-exec-110] org.apache.catalina.core.ApplicationContext.log Destruyendo el request!
08-Nov-2023 15:44:29.409 INFO [http-nio-8080-exec-106] org.apache.catalina.core.ApplicationContext.log Inicializando el request!
08-Nov-2023 15:44:29.507 INFO [http-nio-8080-exec-106] org.apache.catalina.core.ApplicationContext.log Destruyendo el request!
08-Nov-2023 15:44:35.965 INFO [http-nio-8080-exec-112] org.apache.catalina.core.ApplicationContext.log Inicializando el request!
08-Nov-2023 15:44:35.982 INFO [http-nio-8080-exec-112] org.apache.catalina.core.ApplicationContext.log Destruyendo el request!
08-Nov-2023 15:44:42.420 INFO [http-nio-8080-exec-109] org.apache.catalina.core.ApplicationContext.log Inicializando el request!
08-Nov-2023 15:44:42.423 INFO [http-nio-8080-exec-109] org.apache.catalina.core.ApplicationContext.log Destruyendo el request!
08-Nov-2023 15:44:42.427 INFO [http-nio-8080-exec-111] org.apache.catalina.core.ApplicationContext.log Inicializando el request!
08-Nov-2023 15:44:42.430 INFO [http-nio-8080-exec-111] org.apache.catalina.core.ApplicationContext.log Destruyendo el request!
08-Nov-2023 15:44:46.972 INFO [http-nio-8080-exec-104] org.apache.catalina.core.ApplicationContext.log Inicializando el request!
08-Nov-2023 15:44:46.978 INFO [http-nio-8080-exec-104] org.apache.catalina.core.ApplicationContext.log Destruyendo el request!
08-Nov-2023 15:44:48.453 INFO [http-nio-8080-exec-113] org.apache.catalina.core.ApplicationContext.log Inicializando el request!
08-Nov-2023 15:44:48.455 INFO [http-nio-8080-exec-113] org.apache.catalina.core.ApplicationContext.log Destruyendo la sesión http
08-Nov-2023 15:44:48.456 INFO [http-nio-8080-exec-113] org.apache.catalina.core.ApplicationContext.log Destruyendo el request!
08-Nov-2023 15:44:48.461 INFO [http-nio-8080-exec-105] org.apache.catalina.core.ApplicationContext.log Inicializando el request!
08-Nov-2023 15:44:48.464 INFO [http-nio-8080-exec-105] org.apache.catalina.core.ApplicationContext.log Inicializando la sesión http
08-Nov-2023 15:44:48.467 INFO [http-nio-8080-exec-105] org.apache.catalina.core.ApplicationContext.log Destruyendo el request!
08-Nov-2023 15:44:55.213 INFO [http-nio-8080-exec-114] org.apache.catalina.core.ApplicationContext.log Inicializando el request!
08-Nov-2023 15:44:55.215 INFO [http-nio-8080-exec-114] org.apache.catalina.core.ApplicationContext.log Destruyendo el request!
08-Nov-2023 15:45:04.654 INFO [http-nio-8080-exec-108] org.apache.catalina.core.ApplicationContext.log Inicializando el request!
08-Nov-2023 15:45:04.658 INFO [http-nio-8080-exec-108] org.apache.catalina.core.ApplicationContext.log Destruyendo el request!
08-Nov-2023 15:45:04.659 INFO [http-nio-8080-exec-115] org.apache.catalina.core.ApplicationContext.log Inicializando el request!
08-Nov-2023 15:45:04.663 INFO [http-nio-8080-exec-115] org.apache.catalina.core.ApplicationContext.log Destruyendo el request!
08-Nov-2023 15:45:08.427 INFO [http-nio-8080-exec-106] org.apache.catalina.core.ApplicationContext.log Inicializando el request!
08-Nov-2023 15:45:08.434 INFO [http-nio-8080-exec-106] org.apache.catalina.core.ApplicationContext.log Destruyendo el request!
08-Nov-2023 15:45:10.454 INFO [http-nio-8080-exec-116] org.apache.catalina.core.ApplicationContext.log Inicializando el request!
08-Nov-2023 15:45:10.456 INFO [http-nio-8080-exec-116] org.apache.catalina.core.ApplicationContext.log Destruyendo la sesión http
08-Nov-2023 15:45:10.456 INFO [http-nio-8080-exec-116] org.apache.catalina.core.ApplicationContext.log Destruyendo el request!
08-Nov-2023 15:45:10.458 INFO [http-nio-8080-exec-117] org.apache.catalina.core.ApplicationContext.log Inicializando el request!
08-Nov-2023 15:45:10.461 INFO [http-nio-8080-exec-117] org.apache.catalina.core.ApplicationContext.log Inicializando la sesión http
08-Nov-2023 15:45:10.463 INFO [http-nio-8080-exec-117] org.apache.catalina.core.ApplicationContext.log Destruyendo el request!
08-Nov-2023 15:45:16.884 INFO [http-nio-8080-exec-111] org.apache.catalina.core.ApplicationContext.log Inicializando el request!
08-Nov-2023 15:45:16.888 INFO [http-nio-8080-exec-111] org.apache.catalina.core.ApplicationContext.log Destruyendo el request!
08-Nov-2023 15:45:16.891 INFO [http-nio-8080-exec-118] org.apache.catalina.core.ApplicationContext.log Inicializando el request!
08-Nov-2023 15:45:16.894 INFO [http-nio-8080-exec-118] org.apache.catalina.core.ApplicationContext.log Destruyendo el request!
08-Nov-2023 16:16:10.877 INFO [Catalina-utility-2] org.apache.catalina.core.ApplicationContext.log Destruyendo la sesión http
08-Nov-2023 16:27:20.481 INFO [http-nio-8080-exec-114] org.apache.catalina.core.ApplicationContext.log Destruyendo la aplicación!
08-Nov-2023 16:27:21.803 INFO [http-nio-8080-exec-114] org.apache.catalina.core.ApplicationContext.log Inicializando la aplicación!
08-Nov-2023 16:27:32.304 INFO [http-nio-8080-exec-119] org.apache.catalina.core.ApplicationContext.log Inicializando el request!
08-Nov-2023 16:27:32.487 INFO [http-nio-8080-exec-119] org.apache.catalina.core.ApplicationContext.log Inicializando la sesión http
08-Nov-2023 16:27:32.698 INFO [http-nio-8080-exec-119] org.apache.catalina.core.ApplicationContext.log Destruyendo el request!
08-Nov-2023 16:58:14.718 INFO [Catalina-utility-2] org.apache.catalina.core.ApplicationContext.log Destruyendo la sesión http
08-Nov-2023 17:32:42.504 INFO [http-nio-8080-exec-124] org.apache.catalina.core.ApplicationContext.log Destruyendo la aplicación!
08-Nov-2023 17:32:44.829 INFO [http-nio-8080-exec-124] org.apache.catalina.core.ApplicationContext.log Inicializando la aplicación!
08-Nov-2023 17:32:47.467 INFO [http-nio-8080-exec-127] org.apache.catalina.core.ApplicationContext.log Inicializando el request!
08-Nov-2023 17:32:47.615 INFO [http-nio-8080-exec-127] org.apache.catalina.core.ApplicationContext.log Inicializando la sesión http
08-Nov-2023 17:32:47.843 INFO [http-nio-8080-exec-127] org.apache.catalina.core.ApplicationContext.log Destruyendo el request!
08-Nov-2023 17:32:54.800 INFO [http-nio-8080-exec-125] org.apache.catalina.core.ApplicationContext.log Inicializando el request!
08-Nov-2023 17:32:54.804 INFO [http-nio-8080-exec-125] org.apache.catalina.core.ApplicationContext.log Destruyendo el request!
08-Nov-2023 17:33:15.573 INFO [http-nio-8080-exec-132] org.apache.catalina.core.ApplicationContext.log Destruyendo la sesión http
08-Nov-2023 17:33:15.573 INFO [http-nio-8080-exec-132] org.apache.catalina.core.ApplicationContext.log Destruyendo la aplicación!
08-Nov-2023 17:33:17.353 INFO [http-nio-8080-exec-132] org.apache.catalina.core.ApplicationContext.log Inicializando la aplicación!
08-Nov-2023 17:33:22.222 INFO [http-nio-8080-exec-126] org.apache.catalina.core.ApplicationContext.log Inicializando el request!
08-Nov-2023 17:33:22.316 INFO [http-nio-8080-exec-126] org.apache.catalina.core.ApplicationContext.log Inicializando la sesión http
08-Nov-2023 17:33:22.496 INFO [http-nio-8080-exec-126] org.apache.catalina.core.ApplicationContext.log Destruyendo el request!
08-Nov-2023 17:33:26.058 INFO [http-nio-8080-exec-137] org.apache.catalina.core.ApplicationContext.log Inicializando el request!
08-Nov-2023 17:33:26.315 INFO [http-nio-8080-exec-137] org.apache.catalina.core.ApplicationContext.log Destruyendo el request!
08-Nov-2023 17:33:29.132 INFO [http-nio-8080-exec-134] org.apache.catalina.core.ApplicationContext.log Inicializando el request!
08-Nov-2023 17:33:29.220 INFO [http-nio-8080-exec-134] org.apache.catalina.core.ApplicationContext.log Destruyendo el request!
08-Nov-2023 17:33:35.248 INFO [http-nio-8080-exec-135] org.apache.catalina.core.ApplicationContext.log Inicializando el request!
08-Nov-2023 17:33:35.260 INFO [http-nio-8080-exec-135] org.apache.catalina.core.ApplicationContext.log Destruyendo el request!
08-Nov-2023 17:33:35.263 INFO [http-nio-8080-exec-136] org.apache.catalina.core.ApplicationContext.log Inicializando el request!
08-Nov-2023 17:33:35.264 INFO [http-nio-8080-exec-136] org.apache.catalina.core.ApplicationContext.log Destruyendo el request!
08-Nov-2023 17:33:37.430 INFO [http-nio-8080-exec-128] org.apache.catalina.core.ApplicationContext.log Inicializando el request!
08-Nov-2023 17:33:37.435 INFO [http-nio-8080-exec-128] org.apache.catalina.core.ApplicationContext.log Destruyendo el request!
08-Nov-2023 17:33:38.446 INFO [http-nio-8080-exec-129] org.apache.catalina.core.ApplicationContext.log Inicializando el request!
08-Nov-2023 17:33:38.604 INFO [http-nio-8080-exec-129] org.apache.catalina.core.ApplicationContext.log Destruyendo el request!
08-Nov-2023 17:34:12.086 INFO [http-nio-8080-exec-138] org.apache.catalina.core.ApplicationContext.log Inicializando el request!
08-Nov-2023 17:34:12.100 INFO [http-nio-8080-exec-138] org.apache.catalina.core.ApplicationContext.log Destruyendo el request!
08-Nov-2023 17:34:13.974 INFO [http-nio-8080-exec-133] org.apache.catalina.core.ApplicationContext.log Inicializando el request!
08-Nov-2023 17:34:13.981 SEVERE [http-nio-8080-exec-133] org.apache.catalina.core.StandardWrapperValve.invoke Servlet.service() para servlet [org.aartaraz.apiservlet.webapp.headers.controllers.AgregarCarroServlet] lanzó excepción
	java.lang.NullPointerException: Cannot invoke "org.aartaraz.apiservlet.webapp.headers.models.Carro.addItemCarro(org.aartaraz.apiservlet.webapp.headers.models.ItemCarro)" because "this.carro" is null
		at org.aartaraz.apiservlet.webapp.headers.controllers.AgregarCarroServlet.doGet(AgregarCarroServlet.java:38)
		at jakarta.servlet.http.HttpServlet.service(HttpServlet.java:564)
		at jakarta.servlet.http.HttpServlet.service(HttpServlet.java:658)
		at org.apache.catalina.core.ApplicationFilterChain.internalDoFilter(ApplicationFilterChain.java:205)
		at org.apache.catalina.core.ApplicationFilterChain.doFilter(ApplicationFilterChain.java:149)
		at org.apache.tomcat.websocket.server.WsFilter.doFilter(WsFilter.java:51)
		at org.apache.catalina.core.ApplicationFilterChain.internalDoFilter(ApplicationFilterChain.java:174)
		at org.apache.catalina.core.ApplicationFilterChain.doFilter(ApplicationFilterChain.java:149)
		at org.aartaraz.apiservlet.webapp.headers.filters.LoginFiltro.doFilter(LoginFiltro.java:22)
		at org.apache.catalina.core.ApplicationFilterChain.internalDoFilter(ApplicationFilterChain.java:174)
		at org.apache.catalina.core.ApplicationFilterChain.doFilter(ApplicationFilterChain.java:149)
		at org.aartaraz.apiservlet.webapp.headers.filters.ConexionFilter.doFilter(ConexionFilter.java:26)
		at org.apache.catalina.core.ApplicationFilterChain.internalDoFilter(ApplicationFilterChain.java:174)
		at org.apache.catalina.core.ApplicationFilterChain.doFilter(ApplicationFilterChain.java:149)
		at org.apache.catalina.core.StandardWrapperValve.invoke(StandardWrapperValve.java:167)
		at org.apache.catalina.core.StandardContextValve.invoke(StandardContextValve.java:90)
		at org.apache.catalina.authenticator.AuthenticatorBase.invoke(AuthenticatorBase.java:482)
		at org.apache.catalina.core.StandardHostValve.invoke(StandardHostValve.java:115)
		at org.apache.catalina.valves.ErrorReportValve.invoke(ErrorReportValve.java:93)
		at org.apache.catalina.valves.AbstractAccessLogValve.invoke(AbstractAccessLogValve.java:673)
		at org.apache.catalina.core.StandardEngineValve.invoke(StandardEngineValve.java:74)
		at org.apache.catalina.connector.CoyoteAdapter.service(CoyoteAdapter.java:340)
		at org.apache.coyote.http11.Http11Processor.service(Http11Processor.java:391)
		at org.apache.coyote.AbstractProcessorLight.process(AbstractProcessorLight.java:63)
		at org.apache.coyote.AbstractProtocol$ConnectionHandler.process(AbstractProtocol.java:896)
		at org.apache.tomcat.util.net.NioEndpoint$SocketProcessor.doRun(NioEndpoint.java:1744)
		at org.apache.tomcat.util.net.SocketProcessorBase.run(SocketProcessorBase.java:52)
		at org.apache.tomcat.util.threads.ThreadPoolExecutor.runWorker(ThreadPoolExecutor.java:1191)
		at org.apache.tomcat.util.threads.ThreadPoolExecutor$Worker.run(ThreadPoolExecutor.java:659)
		at org.apache.tomcat.util.threads.TaskThread$WrappingRunnable.run(TaskThread.java:61)
		at java.base/java.lang.Thread.run(Thread.java:833)
08-Nov-2023 17:34:13.981 INFO [http-nio-8080-exec-133] org.apache.catalina.core.ApplicationContext.log Destruyendo el request!
08-Nov-2023 17:35:31.555 INFO [http-nio-8080-exec-139] org.apache.catalina.core.ApplicationContext.log Destruyendo la sesión http
08-Nov-2023 17:35:31.555 INFO [http-nio-8080-exec-139] org.apache.catalina.core.ApplicationContext.log Destruyendo la aplicación!
08-Nov-2023 17:38:41.676 INFO [http-nio-8080-exec-148] org.apache.catalina.core.ApplicationContext.log Inicializando la aplicación!
08-Nov-2023 17:38:45.466 INFO [http-nio-8080-exec-138] org.apache.catalina.core.ApplicationContext.log Inicializando el request!
08-Nov-2023 17:38:45.612 INFO [http-nio-8080-exec-138] org.apache.catalina.core.ApplicationContext.log Inicializando la sesión http
08-Nov-2023 17:38:45.806 INFO [http-nio-8080-exec-138] org.apache.catalina.core.ApplicationContext.log Destruyendo el request!
08-Nov-2023 17:39:09.949 INFO [http-nio-8080-exec-149] org.apache.catalina.core.ApplicationContext.log Inicializando el request!
08-Nov-2023 17:39:10.068 INFO [http-nio-8080-exec-149] org.apache.catalina.core.ApplicationContext.log Destruyendo el request!
08-Nov-2023 17:39:18.967 INFO [http-nio-8080-exec-154] org.apache.catalina.core.ApplicationContext.log Inicializando el request!
08-Nov-2023 17:39:18.970 INFO [http-nio-8080-exec-154] org.apache.catalina.core.ApplicationContext.log Destruyendo el request!
08-Nov-2023 17:39:18.973 INFO [http-nio-8080-exec-150] org.apache.catalina.core.ApplicationContext.log Inicializando el request!
08-Nov-2023 17:39:18.976 INFO [http-nio-8080-exec-150] org.apache.catalina.core.ApplicationContext.log Destruyendo el request!
08-Nov-2023 17:39:20.202 INFO [http-nio-8080-exec-153] org.apache.catalina.core.ApplicationContext.log Inicializando el request!
08-Nov-2023 17:39:20.207 INFO [http-nio-8080-exec-153] org.apache.catalina.core.ApplicationContext.log Destruyendo el request!
08-Nov-2023 17:39:21.783 INFO [http-nio-8080-exec-142] org.apache.catalina.core.ApplicationContext.log Inicializando el request!
08-Nov-2023 17:39:21.956 INFO [http-nio-8080-exec-142] org.apache.catalina.core.ApplicationContext.log Destruyendo el request!
08-Nov-2023 17:39:23.473 INFO [http-nio-8080-exec-156] org.apache.catalina.core.ApplicationContext.log Inicializando el request!
08-Nov-2023 17:39:23.500 INFO [http-nio-8080-exec-156] org.apache.catalina.core.ApplicationContext.log Destruyendo el request!
08-Nov-2023 17:39:23.503 INFO [http-nio-8080-exec-152] org.apache.catalina.core.ApplicationContext.log Inicializando el request!
08-Nov-2023 17:39:23.663 INFO [http-nio-8080-exec-152] org.apache.catalina.core.ApplicationContext.log Destruyendo el request!
08-Nov-2023 17:39:30.890 INFO [http-nio-8080-exec-157] org.apache.catalina.core.ApplicationContext.log Inicializando el request!
08-Nov-2023 17:39:30.905 INFO [http-nio-8080-exec-157] org.apache.catalina.core.ApplicationContext.log Destruyendo el request!
08-Nov-2023 17:39:38.476 INFO [http-nio-8080-exec-138] org.apache.catalina.core.ApplicationContext.log Inicializando el request!
08-Nov-2023 17:39:38.484 INFO [http-nio-8080-exec-138] org.apache.catalina.core.ApplicationContext.log Destruyendo el request!
08-Nov-2023 17:39:43.524 INFO [http-nio-8080-exec-158] org.apache.catalina.core.ApplicationContext.log Inicializando el request!
08-Nov-2023 17:39:43.528 INFO [http-nio-8080-exec-158] org.apache.catalina.core.ApplicationContext.log Destruyendo el request!
08-Nov-2023 17:39:43.530 INFO [http-nio-8080-exec-159] org.apache.catalina.core.ApplicationContext.log Inicializando el request!
08-Nov-2023 17:39:43.540 INFO [http-nio-8080-exec-159] org.apache.catalina.core.ApplicationContext.log Destruyendo el request!
08-Nov-2023 17:39:44.395 INFO [http-nio-8080-exec-160] org.apache.catalina.core.ApplicationContext.log Inicializando el request!
08-Nov-2023 17:39:44.399 INFO [http-nio-8080-exec-160] org.apache.catalina.core.ApplicationContext.log Destruyendo el request!
08-Nov-2023 18:07:44.155 INFO [http-nio-8080-exec-161] org.apache.catalina.core.ApplicationContext.log Destruyendo la sesión http
08-Nov-2023 18:07:44.159 INFO [http-nio-8080-exec-161] org.apache.catalina.core.ApplicationContext.log Destruyendo la aplicación!
08-Nov-2023 18:07:46.646 INFO [http-nio-8080-exec-161] org.apache.catalina.core.ApplicationContext.log Inicializando la aplicación!
08-Nov-2023 18:07:58.797 INFO [http-nio-8080-exec-160] org.apache.catalina.core.ApplicationContext.log Inicializando el request!
08-Nov-2023 18:07:59.000 INFO [http-nio-8080-exec-160] org.apache.catalina.core.ApplicationContext.log Inicializando la sesión http
08-Nov-2023 18:07:59.222 INFO [http-nio-8080-exec-160] org.apache.catalina.core.ApplicationContext.log Destruyendo el request!
08-Nov-2023 18:08:02.343 INFO [http-nio-8080-exec-162] org.apache.catalina.core.ApplicationContext.log Inicializando el request!
08-Nov-2023 18:08:02.495 INFO [http-nio-8080-exec-162] org.apache.catalina.core.ApplicationContext.log Destruyendo el request!
08-Nov-2023 18:08:57.456 INFO [http-nio-8080-exec-166] org.apache.catalina.core.ApplicationContext.log Inicializando el request!
08-Nov-2023 18:08:57.464 INFO [http-nio-8080-exec-166] org.apache.catalina.core.ApplicationContext.log Destruyendo el request!
08-Nov-2023 18:09:05.773 INFO [http-nio-8080-exec-167] org.apache.catalina.core.ApplicationContext.log Inicializando el request!
08-Nov-2023 18:09:05.780 INFO [http-nio-8080-exec-167] org.apache.catalina.core.ApplicationContext.log Destruyendo el request!
08-Nov-2023 18:09:09.052 INFO [http-nio-8080-exec-168] org.apache.catalina.core.ApplicationContext.log Inicializando el request!
08-Nov-2023 18:09:09.134 INFO [http-nio-8080-exec-168] org.apache.catalina.core.ApplicationContext.log Destruyendo el request!
08-Nov-2023 18:09:15.504 INFO [http-nio-8080-exec-169] org.apache.catalina.core.ApplicationContext.log Inicializando el request!
08-Nov-2023 18:09:15.508 INFO [http-nio-8080-exec-169] org.apache.catalina.core.ApplicationContext.log Destruyendo el request!
08-Nov-2023 18:09:15.510 INFO [http-nio-8080-exec-157] org.apache.catalina.core.ApplicationContext.log Inicializando el request!
08-Nov-2023 18:09:15.512 INFO [http-nio-8080-exec-157] org.apache.catalina.core.ApplicationContext.log Destruyendo el request!
08-Nov-2023 18:09:17.147 INFO [http-nio-8080-exec-164] org.apache.catalina.core.ApplicationContext.log Inicializando el request!
08-Nov-2023 18:09:17.153 INFO [http-nio-8080-exec-164] org.apache.catalina.core.ApplicationContext.log Destruyendo el request!
08-Nov-2023 18:09:18.482 INFO [http-nio-8080-exec-159] org.apache.catalina.core.ApplicationContext.log Inicializando el request!
08-Nov-2023 18:09:18.496 INFO [http-nio-8080-exec-159] org.apache.catalina.core.ApplicationContext.log Destruyendo el request!
08-Nov-2023 18:17:09.864 INFO [http-nio-8080-exec-171] org.apache.catalina.core.ApplicationContext.log Destruyendo la sesión http
08-Nov-2023 18:17:09.867 INFO [http-nio-8080-exec-171] org.apache.catalina.core.ApplicationContext.log Destruyendo la aplicación!
08-Nov-2023 18:17:12.476 INFO [http-nio-8080-exec-171] org.apache.catalina.core.ApplicationContext.log Inicializando la aplicación!
08-Nov-2023 18:17:27.081 INFO [http-nio-8080-exec-167] org.apache.catalina.core.ApplicationContext.log Inicializando el request!
08-Nov-2023 18:17:27.220 INFO [http-nio-8080-exec-167] org.apache.catalina.core.ApplicationContext.log Inicializando la sesión http
08-Nov-2023 18:17:27.430 INFO [http-nio-8080-exec-167] org.apache.catalina.core.ApplicationContext.log Destruyendo el request!
08-Nov-2023 18:17:29.526 INFO [http-nio-8080-exec-175] org.apache.catalina.core.ApplicationContext.log Inicializando el request!
08-Nov-2023 18:17:29.680 INFO [http-nio-8080-exec-175] org.apache.catalina.core.ApplicationContext.log Destruyendo el request!
08-Nov-2023 18:18:01.693 INFO [http-nio-8080-exec-170] org.apache.catalina.core.ApplicationContext.log Inicializando el request!
08-Nov-2023 18:18:01.697 INFO [http-nio-8080-exec-170] org.apache.catalina.core.ApplicationContext.log Destruyendo el request!
08-Nov-2023 18:18:05.483 INFO [http-nio-8080-exec-173] org.apache.catalina.core.ApplicationContext.log Inicializando el request!
08-Nov-2023 18:18:05.490 INFO [http-nio-8080-exec-173] org.apache.catalina.core.ApplicationContext.log Destruyendo el request!
08-Nov-2023 18:23:11.587 INFO [http-nio-8080-exec-177] org.apache.catalina.core.ApplicationContext.log Inicializando el request!
08-Nov-2023 18:23:11.598 INFO [http-nio-8080-exec-177] org.apache.catalina.core.ApplicationContext.log Destruyendo el request!
08-Nov-2023 18:33:27.908 INFO [http-nio-8080-exec-179] org.apache.catalina.core.ApplicationContext.log Inicializando el request!
08-Nov-2023 18:33:27.918 INFO [http-nio-8080-exec-179] org.apache.catalina.core.ApplicationContext.log Destruyendo el request!
08-Nov-2023 18:33:31.804 INFO [http-nio-8080-exec-180] org.apache.catalina.core.ApplicationContext.log Inicializando el request!
08-Nov-2023 18:33:31.809 INFO [http-nio-8080-exec-180] org.apache.catalina.core.ApplicationContext.log Destruyendo el request!
08-Nov-2023 18:33:42.685 INFO [http-nio-8080-exec-181] org.apache.catalina.core.ApplicationContext.log Inicializando el request!
08-Nov-2023 18:33:42.766 INFO [http-nio-8080-exec-181] org.apache.catalina.core.ApplicationContext.log Destruyendo el request!
08-Nov-2023 18:33:54.360 INFO [http-nio-8080-exec-182] org.apache.catalina.core.ApplicationContext.log Inicializando el request!
08-Nov-2023 18:33:54.364 INFO [http-nio-8080-exec-182] org.apache.catalina.core.ApplicationContext.log Destruyendo el request!
08-Nov-2023 18:33:54.365 INFO [http-nio-8080-exec-183] org.apache.catalina.core.ApplicationContext.log Inicializando el request!
08-Nov-2023 18:33:54.367 INFO [http-nio-8080-exec-183] org.apache.catalina.core.ApplicationContext.log Destruyendo el request!
08-Nov-2023 18:33:55.925 INFO [http-nio-8080-exec-176] org.apache.catalina.core.ApplicationContext.log Inicializando el request!
08-Nov-2023 18:33:55.929 INFO [http-nio-8080-exec-176] org.apache.catalina.core.ApplicationContext.log Destruyendo el request!
08-Nov-2023 18:34:00.832 INFO [http-nio-8080-exec-184] org.apache.catalina.core.ApplicationContext.log Inicializando el request!
08-Nov-2023 18:34:00.845 INFO [http-nio-8080-exec-184] org.apache.catalina.core.ApplicationContext.log Destruyendo el request!
08-Nov-2023 18:35:46.918 INFO [http-nio-8080-exec-177] org.apache.catalina.core.ApplicationContext.log Destruyendo la sesión http
08-Nov-2023 18:35:46.922 INFO [http-nio-8080-exec-177] org.apache.catalina.core.ApplicationContext.log Destruyendo la aplicación!
08-Nov-2023 18:35:49.483 INFO [http-nio-8080-exec-177] org.apache.catalina.core.ApplicationContext.log Inicializando la aplicación!
08-Nov-2023 18:35:50.056 INFO [http-nio-8080-exec-184] org.apache.catalina.core.ApplicationContext.log Inicializando el request!
08-Nov-2023 18:35:50.108 INFO [http-nio-8080-exec-184] org.apache.catalina.core.ApplicationContext.log Inicializando la sesión http
08-Nov-2023 18:35:50.490 INFO [http-nio-8080-exec-184] org.apache.catalina.core.ApplicationContext.log Destruyendo el request!
08-Nov-2023 18:35:54.871 INFO [http-nio-8080-exec-182] org.apache.catalina.core.ApplicationContext.log Inicializando el request!
08-Nov-2023 18:35:54.974 INFO [http-nio-8080-exec-182] org.apache.catalina.core.ApplicationContext.log Destruyendo el request!
08-Nov-2023 18:35:55.844 INFO [http-nio-8080-exec-180] org.apache.catalina.core.ApplicationContext.log Inicializando el request!
08-Nov-2023 18:35:55.936 INFO [http-nio-8080-exec-180] org.apache.catalina.core.ApplicationContext.log Destruyendo el request!
08-Nov-2023 18:36:02.744 INFO [http-nio-8080-exec-185] org.apache.catalina.core.ApplicationContext.log Inicializando el request!
08-Nov-2023 18:36:02.747 INFO [http-nio-8080-exec-185] org.apache.catalina.core.ApplicationContext.log Destruyendo el request!
08-Nov-2023 18:36:02.751 INFO [http-nio-8080-exec-176] org.apache.catalina.core.ApplicationContext.log Inicializando el request!
08-Nov-2023 18:36:02.754 INFO [http-nio-8080-exec-176] org.apache.catalina.core.ApplicationContext.log Destruyendo el request!
08-Nov-2023 18:36:04.262 INFO [http-nio-8080-exec-179] org.apache.catalina.core.ApplicationContext.log Inicializando el request!
08-Nov-2023 18:36:04.269 INFO [http-nio-8080-exec-179] org.apache.catalina.core.ApplicationContext.log Destruyendo el request!
08-Nov-2023 18:43:33.910 INFO [http-nio-8080-exec-186] org.apache.catalina.core.ApplicationContext.log Inicializando el request!
08-Nov-2023 18:43:33.929 INFO [http-nio-8080-exec-186] org.apache.catalina.core.ApplicationContext.log Destruyendo el request!
08-Nov-2023 18:43:39.120 INFO [http-nio-8080-exec-187] org.apache.catalina.core.ApplicationContext.log Inicializando el request!
08-Nov-2023 18:43:39.142 INFO [http-nio-8080-exec-187] org.apache.catalina.core.ApplicationContext.log Destruyendo la sesión http
08-Nov-2023 18:43:39.143 INFO [http-nio-8080-exec-187] org.apache.catalina.core.ApplicationContext.log Destruyendo el request!
08-Nov-2023 18:43:39.146 INFO [http-nio-8080-exec-188] org.apache.catalina.core.ApplicationContext.log Inicializando el request!
08-Nov-2023 18:43:39.147 INFO [http-nio-8080-exec-188] org.apache.catalina.core.ApplicationContext.log Inicializando la sesión http
08-Nov-2023 18:43:39.152 INFO [http-nio-8080-exec-188] org.apache.catalina.core.ApplicationContext.log Destruyendo el request!
08-Nov-2023 18:43:42.178 INFO [http-nio-8080-exec-189] org.apache.catalina.core.ApplicationContext.log Inicializando el request!
08-Nov-2023 18:43:42.181 INFO [http-nio-8080-exec-189] org.apache.catalina.core.ApplicationContext.log Destruyendo el request!
08-Nov-2023 18:43:44.280 INFO [http-nio-8080-exec-190] org.apache.catalina.core.ApplicationContext.log Inicializando el request!
08-Nov-2023 18:43:44.287 INFO [http-nio-8080-exec-190] org.apache.catalina.core.ApplicationContext.log Destruyendo el request!
08-Nov-2023 18:47:26.848 INFO [http-nio-8080-exec-192] org.apache.catalina.core.ApplicationContext.log Destruyendo la sesión http
08-Nov-2023 18:47:26.854 INFO [http-nio-8080-exec-192] org.apache.catalina.core.ApplicationContext.log Destruyendo la aplicación!
08-Nov-2023 18:47:29.381 INFO [http-nio-8080-exec-192] org.apache.catalina.core.ApplicationContext.log Inicializando la aplicación!
08-Nov-2023 18:47:33.305 INFO [http-nio-8080-exec-193] org.apache.catalina.core.ApplicationContext.log Inicializando el request!
08-Nov-2023 18:47:33.471 INFO [http-nio-8080-exec-193] org.apache.catalina.core.ApplicationContext.log Inicializando la sesión http
08-Nov-2023 18:47:33.675 INFO [http-nio-8080-exec-193] org.apache.catalina.core.ApplicationContext.log Destruyendo el request!
08-Nov-2023 18:47:35.490 INFO [http-nio-8080-exec-190] org.apache.catalina.core.ApplicationContext.log Inicializando el request!
08-Nov-2023 18:47:35.665 INFO [http-nio-8080-exec-190] org.apache.catalina.core.ApplicationContext.log Destruyendo el request!
08-Nov-2023 18:48:06.683 INFO [http-nio-8080-exec-186] org.apache.catalina.core.ApplicationContext.log Destruyendo la sesión http
08-Nov-2023 18:48:06.687 INFO [http-nio-8080-exec-186] org.apache.catalina.core.ApplicationContext.log Destruyendo la aplicación!
08-Nov-2023 18:48:09.275 INFO [http-nio-8080-exec-186] org.apache.catalina.core.ApplicationContext.log Inicializando la aplicación!
08-Nov-2023 18:52:01.528 INFO [http-nio-8080-exec-200] org.apache.catalina.core.ApplicationContext.log Inicializando el request!
08-Nov-2023 18:52:01.569 INFO [http-nio-8080-exec-200] org.apache.catalina.core.ApplicationContext.log Inicializando la sesión http
08-Nov-2023 18:52:01.571 INFO [http-nio-8080-exec-200] org.apache.catalina.core.ApplicationContext.log Destruyendo el request!
08-Nov-2023 18:52:03.729 INFO [http-nio-8080-exec-201] org.apache.catalina.core.ApplicationContext.log Inicializando el request!
08-Nov-2023 18:52:04.016 INFO [http-nio-8080-exec-201] org.apache.catalina.core.ApplicationContext.log Destruyendo el request!
08-Nov-2023 18:52:11.862 INFO [http-nio-8080-exec-202] org.apache.catalina.core.ApplicationContext.log Inicializando el request!
08-Nov-2023 18:52:11.866 INFO [http-nio-8080-exec-202] org.apache.catalina.core.ApplicationContext.log Destruyendo el request!
08-Nov-2023 18:52:11.868 INFO [http-nio-8080-exec-203] org.apache.catalina.core.ApplicationContext.log Inicializando el request!
08-Nov-2023 18:52:11.870 INFO [http-nio-8080-exec-203] org.apache.catalina.core.ApplicationContext.log Destruyendo el request!
08-Nov-2023 18:52:13.375 INFO [http-nio-8080-exec-204] org.apache.catalina.core.ApplicationContext.log Inicializando el request!
08-Nov-2023 18:52:13.473 INFO [http-nio-8080-exec-204] org.apache.catalina.core.ApplicationContext.log Destruyendo el request!
08-Nov-2023 18:52:14.391 INFO [http-nio-8080-exec-200] org.apache.catalina.core.ApplicationContext.log Inicializando el request!
08-Nov-2023 18:52:14.534 INFO [http-nio-8080-exec-200] org.apache.catalina.core.ApplicationContext.log Destruyendo el request!
08-Nov-2023 18:52:16.533 INFO [http-nio-8080-exec-201] org.apache.catalina.core.ApplicationContext.log Inicializando el request!
08-Nov-2023 18:52:16.668 INFO [http-nio-8080-exec-201] org.apache.catalina.core.ApplicationContext.log Destruyendo el request!
08-Nov-2023 18:52:18.300 INFO [http-nio-8080-exec-196] org.apache.catalina.core.ApplicationContext.log Inicializando el request!
08-Nov-2023 18:52:18.309 INFO [http-nio-8080-exec-196] org.apache.catalina.core.ApplicationContext.log Destruyendo el request!
08-Nov-2023 18:52:18.316 INFO [http-nio-8080-exec-195] org.apache.catalina.core.ApplicationContext.log Inicializando el request!
08-Nov-2023 18:52:18.322 INFO [http-nio-8080-exec-195] org.apache.catalina.core.ApplicationContext.log Destruyendo el request!
08-Nov-2023 18:52:19.686 INFO [http-nio-8080-exec-189] org.apache.catalina.core.ApplicationContext.log Inicializando el request!
08-Nov-2023 18:52:19.691 INFO [http-nio-8080-exec-189] org.apache.catalina.core.ApplicationContext.log Destruyendo el request!
08-Nov-2023 18:52:19.699 INFO [http-nio-8080-exec-199] org.apache.catalina.core.ApplicationContext.log Inicializando el request!
08-Nov-2023 18:52:19.703 INFO [http-nio-8080-exec-199] org.apache.catalina.core.ApplicationContext.log Destruyendo el request!
08-Nov-2023 18:52:20.800 INFO [http-nio-8080-exec-205] org.apache.catalina.core.ApplicationContext.log Inicializando el request!
08-Nov-2023 18:52:20.804 INFO [http-nio-8080-exec-205] org.apache.catalina.core.ApplicationContext.log Destruyendo el request!
08-Nov-2023 18:52:21.701 INFO [http-nio-8080-exec-202] org.apache.catalina.core.ApplicationContext.log Inicializando el request!
08-Nov-2023 18:52:21.703 INFO [http-nio-8080-exec-202] org.apache.catalina.core.ApplicationContext.log Destruyendo el request!
08-Nov-2023 18:52:27.052 INFO [http-nio-8080-exec-203] org.apache.catalina.core.ApplicationContext.log Inicializando el request!
08-Nov-2023 18:52:27.056 INFO [http-nio-8080-exec-203] org.apache.catalina.core.ApplicationContext.log Destruyendo el request!
08-Nov-2023 18:52:34.904 INFO [http-nio-8080-exec-204] org.apache.catalina.core.ApplicationContext.log Inicializando el request!
08-Nov-2023 18:52:34.913 INFO [http-nio-8080-exec-204] org.apache.catalina.core.ApplicationContext.log Destruyendo el request!
08-Nov-2023 19:01:54.760 INFO [http-nio-8080-exec-201] org.apache.catalina.core.ApplicationContext.log Destruyendo la sesión http
08-Nov-2023 19:01:54.763 INFO [http-nio-8080-exec-201] org.apache.catalina.core.ApplicationContext.log Destruyendo la aplicación!
08-Nov-2023 19:01:57.407 INFO [http-nio-8080-exec-201] org.apache.catalina.core.ApplicationContext.log Inicializando la aplicación!
08-Nov-2023 19:01:57.933 INFO [http-nio-8080-exec-205] org.apache.catalina.core.ApplicationContext.log Inicializando el request!
08-Nov-2023 19:01:58.104 INFO [http-nio-8080-exec-205] org.apache.catalina.core.ApplicationContext.log Inicializando la sesión http
08-Nov-2023 19:01:58.296 INFO [http-nio-8080-exec-205] org.apache.catalina.core.ApplicationContext.log Destruyendo el request!
08-Nov-2023 19:01:59.840 INFO [http-nio-8080-exec-204] org.apache.catalina.core.ApplicationContext.log Inicializando el request!
08-Nov-2023 19:02:00.024 INFO [http-nio-8080-exec-204] org.apache.catalina.core.ApplicationContext.log Destruyendo el request!
08-Nov-2023 19:02:05.625 INFO [http-nio-8080-exec-202] org.apache.catalina.core.ApplicationContext.log Inicializando el request!
08-Nov-2023 19:02:05.628 INFO [http-nio-8080-exec-202] org.apache.catalina.core.ApplicationContext.log Destruyendo el request!
08-Nov-2023 19:02:07.088 INFO [http-nio-8080-exec-207] org.apache.catalina.core.ApplicationContext.log Inicializando el request!
08-Nov-2023 19:02:07.179 INFO [http-nio-8080-exec-207] org.apache.catalina.core.ApplicationContext.log Destruyendo el request!
08-Nov-2023 19:02:09.934 INFO [http-nio-8080-exec-206] org.apache.catalina.core.ApplicationContext.log Inicializando el request!
08-Nov-2023 19:02:09.941 INFO [http-nio-8080-exec-206] org.apache.catalina.core.ApplicationContext.log Destruyendo el request!
08-Nov-2023 19:07:07.492 INFO [http-nio-8080-exec-210] org.apache.catalina.core.ApplicationContext.log Inicializando el request!
08-Nov-2023 19:07:07.503 INFO [http-nio-8080-exec-210] org.apache.catalina.core.ApplicationContext.log Destruyendo el request!
08-Nov-2023 19:07:14.631 INFO [http-nio-8080-exec-211] org.apache.catalina.core.ApplicationContext.log Inicializando el request!
08-Nov-2023 19:07:14.634 INFO [http-nio-8080-exec-211] org.apache.catalina.core.ApplicationContext.log Destruyendo el request!
08-Nov-2023 19:07:14.637 INFO [http-nio-8080-exec-212] org.apache.catalina.core.ApplicationContext.log Inicializando el request!
08-Nov-2023 19:07:14.643 INFO [http-nio-8080-exec-212] org.apache.catalina.core.ApplicationContext.log Destruyendo el request!
08-Nov-2023 19:07:19.173 INFO [http-nio-8080-exec-213] org.apache.catalina.core.ApplicationContext.log Inicializando el request!
08-Nov-2023 19:07:19.175 INFO [http-nio-8080-exec-213] org.apache.catalina.core.ApplicationContext.log Destruyendo el request!
08-Nov-2023 19:07:19.177 INFO [http-nio-8080-exec-214] org.apache.catalina.core.ApplicationContext.log Inicializando el request!
08-Nov-2023 19:07:19.179 INFO [http-nio-8080-exec-214] org.apache.catalina.core.ApplicationContext.log Destruyendo el request!
08-Nov-2023 19:07:21.872 INFO [http-nio-8080-exec-215] org.apache.catalina.core.ApplicationContext.log Inicializando el request!
08-Nov-2023 19:07:21.877 INFO [http-nio-8080-exec-215] org.apache.catalina.core.ApplicationContext.log Destruyendo el request!
08-Nov-2023 19:07:24.107 INFO [http-nio-8080-exec-216] org.apache.catalina.core.ApplicationContext.log Inicializando el request!
08-Nov-2023 19:07:24.120 INFO [http-nio-8080-exec-216] org.apache.catalina.core.ApplicationContext.log Destruyendo el request!
08-Nov-2023 19:07:31.966 INFO [http-nio-8080-exec-217] org.apache.catalina.core.ApplicationContext.log Inicializando el request!
08-Nov-2023 19:07:31.981 INFO [http-nio-8080-exec-217] org.apache.catalina.core.ApplicationContext.log Destruyendo el request!
08-Nov-2023 19:07:35.727 INFO [http-nio-8080-exec-218] org.apache.catalina.core.ApplicationContext.log Inicializando el request!
08-Nov-2023 19:07:35.734 INFO [http-nio-8080-exec-218] org.apache.catalina.core.ApplicationContext.log Destruyendo el request!
08-Nov-2023 19:07:39.896 INFO [http-nio-8080-exec-219] org.apache.catalina.core.ApplicationContext.log Inicializando el request!
08-Nov-2023 19:07:39.902 INFO [http-nio-8080-exec-219] org.apache.catalina.core.ApplicationContext.log Destruyendo el request!
08-Nov-2023 19:07:40.628 INFO [http-nio-8080-exec-210] org.apache.catalina.core.ApplicationContext.log Inicializando el request!
08-Nov-2023 19:07:40.634 INFO [http-nio-8080-exec-210] org.apache.catalina.core.ApplicationContext.log Destruyendo el request!
08-Nov-2023 19:07:42.447 INFO [http-nio-8080-exec-211] org.apache.catalina.core.ApplicationContext.log Inicializando el request!
08-Nov-2023 19:07:42.455 INFO [http-nio-8080-exec-211] org.apache.catalina.core.ApplicationContext.log Destruyendo el request!
08-Nov-2023 19:07:43.680 INFO [http-nio-8080-exec-212] org.apache.catalina.core.ApplicationContext.log Inicializando el request!
08-Nov-2023 19:07:43.687 INFO [http-nio-8080-exec-212] org.apache.catalina.core.ApplicationContext.log Destruyendo el request!
08-Nov-2023 19:07:45.933 INFO [http-nio-8080-exec-213] org.apache.catalina.core.ApplicationContext.log Inicializando el request!
08-Nov-2023 19:07:45.939 INFO [http-nio-8080-exec-213] org.apache.catalina.core.ApplicationContext.log Destruyendo el request!
08-Nov-2023 19:08:09.155 INFO [http-nio-8080-exec-214] org.apache.catalina.core.ApplicationContext.log Destruyendo la sesión http
08-Nov-2023 19:08:09.159 INFO [http-nio-8080-exec-214] org.apache.catalina.core.ApplicationContext.log Destruyendo la aplicación!
08-Nov-2023 19:08:11.856 INFO [http-nio-8080-exec-214] org.apache.catalina.core.ApplicationContext.log Inicializando la aplicación!
08-Nov-2023 19:08:12.331 INFO [http-nio-8080-exec-212] org.apache.catalina.core.ApplicationContext.log Inicializando el request!
08-Nov-2023 19:08:12.456 INFO [http-nio-8080-exec-212] org.apache.catalina.core.ApplicationContext.log Inicializando la sesión http
08-Nov-2023 19:08:12.654 INFO [http-nio-8080-exec-212] org.apache.catalina.core.ApplicationContext.log Destruyendo el request!
08-Nov-2023 19:08:14.695 INFO [http-nio-8080-exec-216] org.apache.catalina.core.ApplicationContext.log Inicializando el request!
08-Nov-2023 19:08:14.699 INFO [http-nio-8080-exec-216] org.apache.catalina.core.ApplicationContext.log Destruyendo el request!
08-Nov-2023 19:08:18.370 INFO [http-nio-8080-exec-218] org.apache.catalina.core.ApplicationContext.log Inicializando el request!
08-Nov-2023 19:08:18.481 INFO [http-nio-8080-exec-218] org.apache.catalina.core.ApplicationContext.log Destruyendo el request!
08-Nov-2023 19:08:22.483 INFO [http-nio-8080-exec-219] org.apache.catalina.core.ApplicationContext.log Inicializando el request!
08-Nov-2023 19:08:22.484 INFO [http-nio-8080-exec-219] org.apache.catalina.core.ApplicationContext.log Destruyendo el request!
08-Nov-2023 19:08:24.144 INFO [http-nio-8080-exec-210] org.apache.catalina.core.ApplicationContext.log Inicializando el request!
08-Nov-2023 19:08:24.292 INFO [http-nio-8080-exec-210] org.apache.catalina.core.ApplicationContext.log Destruyendo el request!
08-Nov-2023 19:08:40.710 INFO [http-nio-8080-exec-217] org.apache.catalina.core.ApplicationContext.log Inicializando el request!
08-Nov-2023 19:08:40.718 INFO [http-nio-8080-exec-217] org.apache.catalina.core.ApplicationContext.log Destruyendo el request!
08-Nov-2023 19:08:42.718 INFO [http-nio-8080-exec-215] org.apache.catalina.core.ApplicationContext.log Inicializando el request!
08-Nov-2023 19:08:42.720 INFO [http-nio-8080-exec-215] org.apache.catalina.core.ApplicationContext.log Destruyendo el request!
08-Nov-2023 19:08:49.804 INFO [http-nio-8080-exec-220] org.apache.catalina.core.ApplicationContext.log Inicializando el request!
08-Nov-2023 19:08:49.806 INFO [http-nio-8080-exec-220] org.apache.catalina.core.ApplicationContext.log Destruyendo el request!
08-Nov-2023 19:08:49.811 INFO [http-nio-8080-exec-221] org.apache.catalina.core.ApplicationContext.log Inicializando el request!
08-Nov-2023 19:08:49.812 INFO [http-nio-8080-exec-221] org.apache.catalina.core.ApplicationContext.log Destruyendo el request!
08-Nov-2023 19:08:51.698 INFO [http-nio-8080-exec-211] org.apache.catalina.core.ApplicationContext.log Inicializando el request!
08-Nov-2023 19:08:51.705 INFO [http-nio-8080-exec-211] org.apache.catalina.core.ApplicationContext.log Destruyendo el request!
08-Nov-2023 19:08:53.866 INFO [http-nio-8080-exec-212] org.apache.catalina.core.ApplicationContext.log Inicializando el request!
08-Nov-2023 19:08:53.878 INFO [http-nio-8080-exec-212] org.apache.catalina.core.ApplicationContext.log Destruyendo el request!
08-Nov-2023 19:08:55.507 INFO [http-nio-8080-exec-222] org.apache.catalina.core.ApplicationContext.log Inicializando el request!
08-Nov-2023 19:08:55.651 INFO [http-nio-8080-exec-222] org.apache.catalina.core.ApplicationContext.log Destruyendo el request!
08-Nov-2023 19:09:01.326 INFO [http-nio-8080-exec-223] org.apache.catalina.core.ApplicationContext.log Inicializando el request!
08-Nov-2023 19:09:01.334 INFO [http-nio-8080-exec-223] org.apache.catalina.core.ApplicationContext.log Destruyendo el request!
08-Nov-2023 19:11:37.380 INFO [http-nio-8080-exec-225] org.apache.catalina.core.ApplicationContext.log Destruyendo la sesión http
08-Nov-2023 19:11:37.385 INFO [http-nio-8080-exec-225] org.apache.catalina.core.ApplicationContext.log Destruyendo la aplicación!
08-Nov-2023 19:11:39.948 INFO [http-nio-8080-exec-225] org.apache.catalina.core.ApplicationContext.log Inicializando la aplicación!
08-Nov-2023 19:11:43.233 INFO [http-nio-8080-exec-221] org.apache.catalina.core.ApplicationContext.log Inicializando el request!
08-Nov-2023 19:11:43.379 INFO [http-nio-8080-exec-221] org.apache.catalina.core.ApplicationContext.log Inicializando la sesión http
08-Nov-2023 19:11:43.592 INFO [http-nio-8080-exec-221] org.apache.catalina.core.ApplicationContext.log Destruyendo el request!
08-Nov-2023 19:11:45.579 INFO [http-nio-8080-exec-222] org.apache.catalina.core.ApplicationContext.log Inicializando el request!
08-Nov-2023 19:11:45.776 INFO [http-nio-8080-exec-222] org.apache.catalina.core.ApplicationContext.log Destruyendo el request!
08-Nov-2023 19:13:40.349 INFO [http-nio-8080-exec-232] org.apache.catalina.core.ApplicationContext.log Inicializando el request!
08-Nov-2023 19:13:40.361 INFO [http-nio-8080-exec-232] org.apache.catalina.core.ApplicationContext.log Destruyendo el request!
08-Nov-2023 19:15:58.950 INFO [http-nio-8080-exec-234] org.apache.catalina.core.ApplicationContext.log Inicializando el request!
08-Nov-2023 19:15:58.959 INFO [http-nio-8080-exec-234] org.apache.catalina.core.ApplicationContext.log Destruyendo el request!
08-Nov-2023 19:16:49.018 INFO [http-nio-8080-exec-236] org.apache.catalina.core.ApplicationContext.log Destruyendo la sesión http
08-Nov-2023 19:16:49.024 INFO [http-nio-8080-exec-236] org.apache.catalina.core.ApplicationContext.log Destruyendo la aplicación!
08-Nov-2023 19:16:51.585 INFO [http-nio-8080-exec-236] org.apache.catalina.core.ApplicationContext.log Inicializando la aplicación!
08-Nov-2023 19:16:53.000 INFO [http-nio-8080-exec-230] org.apache.catalina.core.ApplicationContext.log Inicializando el request!
08-Nov-2023 19:16:53.045 INFO [http-nio-8080-exec-230] org.apache.catalina.core.ApplicationContext.log Inicializando la sesión http
08-Nov-2023 19:16:53.398 INFO [http-nio-8080-exec-230] org.apache.catalina.core.ApplicationContext.log Destruyendo el request!
08-Nov-2023 19:16:55.402 INFO [http-nio-8080-exec-237] org.apache.catalina.core.ApplicationContext.log Inicializando el request!
08-Nov-2023 19:16:55.405 INFO [http-nio-8080-exec-237] org.apache.catalina.core.ApplicationContext.log Destruyendo el request!
08-Nov-2023 19:18:04.028 INFO [http-nio-8080-exec-240] org.apache.catalina.core.ApplicationContext.log Destruyendo la sesión http
08-Nov-2023 19:18:04.031 INFO [http-nio-8080-exec-240] org.apache.catalina.core.ApplicationContext.log Destruyendo la aplicación!
08-Nov-2023 19:18:06.759 INFO [http-nio-8080-exec-240] org.apache.catalina.core.ApplicationContext.log Inicializando la aplicación!
08-Nov-2023 19:18:11.123 INFO [http-nio-8080-exec-235] org.apache.catalina.core.ApplicationContext.log Inicializando el request!
08-Nov-2023 19:18:11.275 INFO [http-nio-8080-exec-235] org.apache.catalina.core.ApplicationContext.log Inicializando la sesión http
08-Nov-2023 19:18:11.453 INFO [http-nio-8080-exec-235] org.apache.catalina.core.ApplicationContext.log Destruyendo el request!
08-Nov-2023 19:18:16.499 INFO [http-nio-8080-exec-241] org.apache.catalina.core.ApplicationContext.log Inicializando el request!
08-Nov-2023 19:18:16.641 INFO [http-nio-8080-exec-241] org.apache.catalina.core.ApplicationContext.log Destruyendo el request!
08-Nov-2023 19:18:58.169 INFO [http-nio-8080-exec-242] org.apache.catalina.core.ApplicationContext.log Destruyendo la sesión http
08-Nov-2023 19:18:58.175 INFO [http-nio-8080-exec-242] org.apache.catalina.core.ApplicationContext.log Destruyendo la aplicación!
08-Nov-2023 19:19:00.463 INFO [http-nio-8080-exec-242] org.apache.catalina.core.ApplicationContext.log Inicializando la aplicación!
08-Nov-2023 19:19:03.613 INFO [http-nio-8080-exec-246] org.apache.catalina.core.ApplicationContext.log Inicializando el request!
08-Nov-2023 19:19:03.654 INFO [http-nio-8080-exec-246] org.apache.catalina.core.ApplicationContext.log Inicializando la sesión http
08-Nov-2023 19:19:03.982 INFO [http-nio-8080-exec-246] org.apache.catalina.core.ApplicationContext.log Destruyendo el request!
08-Nov-2023 19:29:41.444 INFO [http-nio-8080-exec-250] org.apache.catalina.core.ApplicationContext.log Inicializando el request!
08-Nov-2023 19:29:41.455 INFO [http-nio-8080-exec-250] org.apache.catalina.core.ApplicationContext.log Destruyendo el request!
08-Nov-2023 19:29:43.994 INFO [http-nio-8080-exec-251] org.apache.catalina.core.ApplicationContext.log Inicializando el request!
08-Nov-2023 19:29:44.098 INFO [http-nio-8080-exec-251] org.apache.catalina.core.ApplicationContext.log Destruyendo el request!
08-Nov-2023 19:29:51.533 INFO [http-nio-8080-exec-252] org.apache.catalina.core.ApplicationContext.log Inicializando el request!
08-Nov-2023 19:29:51.537 INFO [http-nio-8080-exec-252] org.apache.catalina.core.ApplicationContext.log Destruyendo el request!
08-Nov-2023 19:29:51.539 INFO [http-nio-8080-exec-253] org.apache.catalina.core.ApplicationContext.log Inicializando el request!
08-Nov-2023 19:29:51.542 INFO [http-nio-8080-exec-253] org.apache.catalina.core.ApplicationContext.log Destruyendo el request!
08-Nov-2023 19:29:52.745 INFO [http-nio-8080-exec-254] org.apache.catalina.core.ApplicationContext.log Inicializando el request!
08-Nov-2023 19:29:52.831 INFO [http-nio-8080-exec-254] org.apache.catalina.core.ApplicationContext.log Destruyendo el request!
08-Nov-2023 19:29:54.314 INFO [http-nio-8080-exec-255] org.apache.catalina.core.ApplicationContext.log Inicializando el request!
08-Nov-2023 19:29:54.321 INFO [http-nio-8080-exec-255] org.apache.catalina.core.ApplicationContext.log Destruyendo el request!
08-Nov-2023 20:00:02.202 INFO [Catalina-utility-1] org.apache.catalina.core.ApplicationContext.log Destruyendo la sesión http
08-Nov-2023 20:12:56.441 INFO [http-nio-8080-exec-251] org.apache.catalina.core.ApplicationContext.log Inicializando el request!
08-Nov-2023 20:12:56.447 INFO [http-nio-8080-exec-251] org.apache.catalina.core.ApplicationContext.log Inicializando la sesión http
08-Nov-2023 20:12:56.449 INFO [http-nio-8080-exec-251] org.apache.catalina.core.ApplicationContext.log Destruyendo el request!
08-Nov-2023 20:13:04.105 INFO [http-nio-8080-exec-252] org.apache.catalina.core.ApplicationContext.log Inicializando el request!
08-Nov-2023 20:13:04.105 INFO [http-nio-8080-exec-252] org.apache.catalina.core.ApplicationContext.log Destruyendo el request!
08-Nov-2023 20:13:11.204 INFO [http-nio-8080-exec-253] org.apache.catalina.core.ApplicationContext.log Inicializando el request!
08-Nov-2023 20:13:11.215 INFO [http-nio-8080-exec-253] org.apache.catalina.core.ApplicationContext.log Destruyendo el request!
08-Nov-2023 20:13:11.904 INFO [http-nio-8080-exec-254] org.apache.catalina.core.ApplicationContext.log Inicializando el request!
08-Nov-2023 20:13:11.909 INFO [http-nio-8080-exec-254] org.apache.catalina.core.ApplicationContext.log Destruyendo el request!
08-Nov-2023 20:13:15.338 INFO [http-nio-8080-exec-255] org.apache.catalina.core.ApplicationContext.log Inicializando el request!
08-Nov-2023 20:13:15.340 INFO [http-nio-8080-exec-255] org.apache.catalina.core.ApplicationContext.log Destruyendo el request!
08-Nov-2023 20:13:25.931 INFO [http-nio-8080-exec-256] org.apache.catalina.core.ApplicationContext.log Inicializando el request!
08-Nov-2023 20:13:25.938 INFO [http-nio-8080-exec-256] org.apache.catalina.core.ApplicationContext.log Destruyendo el request!
08-Nov-2023 20:13:25.940 INFO [http-nio-8080-exec-257] org.apache.catalina.core.ApplicationContext.log Inicializando el request!
08-Nov-2023 20:13:25.941 INFO [http-nio-8080-exec-257] org.apache.catalina.core.ApplicationContext.log Destruyendo el request!
08-Nov-2023 20:13:27.416 INFO [http-nio-8080-exec-258] org.apache.catalina.core.ApplicationContext.log Inicializando el request!
08-Nov-2023 20:13:27.424 INFO [http-nio-8080-exec-258] org.apache.catalina.core.ApplicationContext.log Destruyendo el request!
08-Nov-2023 20:13:28.891 INFO [http-nio-8080-exec-259] org.apache.catalina.core.ApplicationContext.log Inicializando el request!
08-Nov-2023 20:13:28.901 INFO [http-nio-8080-exec-259] org.apache.catalina.core.ApplicationContext.log Destruyendo el request!
08-Nov-2023 20:13:29.811 INFO [http-nio-8080-exec-250] org.apache.catalina.core.ApplicationContext.log Inicializando el request!
08-Nov-2023 20:13:29.988 INFO [http-nio-8080-exec-250] org.apache.catalina.core.ApplicationContext.log Destruyendo el request!
08-Nov-2023 20:13:35.462 INFO [http-nio-8080-exec-251] org.apache.catalina.core.ApplicationContext.log Inicializando el request!
08-Nov-2023 20:13:35.492 INFO [http-nio-8080-exec-251] org.apache.catalina.core.ApplicationContext.log Destruyendo el request!
08-Nov-2023 20:13:35.494 INFO [http-nio-8080-exec-252] org.apache.catalina.core.ApplicationContext.log Inicializando el request!
08-Nov-2023 20:13:35.653 INFO [http-nio-8080-exec-252] org.apache.catalina.core.ApplicationContext.log Destruyendo el request!
08-Nov-2023 20:13:53.455 INFO [http-nio-8080-exec-253] org.apache.catalina.core.ApplicationContext.log Inicializando el request!
08-Nov-2023 20:13:53.473 INFO [http-nio-8080-exec-253] org.apache.catalina.core.ApplicationContext.log Destruyendo la sesión http
08-Nov-2023 20:13:53.474 INFO [http-nio-8080-exec-253] org.apache.catalina.core.ApplicationContext.log Destruyendo el request!
08-Nov-2023 20:13:53.478 INFO [http-nio-8080-exec-254] org.apache.catalina.core.ApplicationContext.log Inicializando el request!
08-Nov-2023 20:13:53.480 INFO [http-nio-8080-exec-254] org.apache.catalina.core.ApplicationContext.log Inicializando la sesión http
08-Nov-2023 20:13:53.484 INFO [http-nio-8080-exec-254] org.apache.catalina.core.ApplicationContext.log Destruyendo el request!
08-Nov-2023 20:14:00.078 INFO [http-nio-8080-exec-255] org.apache.catalina.core.ApplicationContext.log Inicializando el request!
08-Nov-2023 20:14:00.081 INFO [http-nio-8080-exec-255] org.apache.catalina.core.ApplicationContext.log Destruyendo el request!
08-Nov-2023 20:14:00.082 INFO [http-nio-8080-exec-256] org.apache.catalina.core.ApplicationContext.log Inicializando el request!
08-Nov-2023 20:14:00.083 INFO [http-nio-8080-exec-256] org.apache.catalina.core.ApplicationContext.log Destruyendo el request!
08-Nov-2023 20:14:01.606 INFO [http-nio-8080-exec-257] org.apache.catalina.core.ApplicationContext.log Inicializando el request!
08-Nov-2023 20:14:01.612 INFO [http-nio-8080-exec-257] org.apache.catalina.core.ApplicationContext.log Destruyendo el request!
08-Nov-2023 20:14:02.889 INFO [http-nio-8080-exec-258] org.apache.catalina.core.ApplicationContext.log Inicializando el request!
08-Nov-2023 20:14:02.896 INFO [http-nio-8080-exec-258] org.apache.catalina.core.ApplicationContext.log Destruyendo el request!
08-Nov-2023 20:14:05.020 INFO [http-nio-8080-exec-259] org.apache.catalina.core.ApplicationContext.log Inicializando el request!
08-Nov-2023 20:14:05.027 INFO [http-nio-8080-exec-259] org.apache.catalina.core.ApplicationContext.log Destruyendo el request!
08-Nov-2023 20:41:36.672 INFO [http-nio-8080-exec-251] org.apache.catalina.core.ApplicationContext.log Destruyendo la sesión http
08-Nov-2023 20:41:36.685 INFO [http-nio-8080-exec-251] org.apache.catalina.core.ApplicationContext.log Destruyendo la aplicación!
08-Nov-2023 20:48:11.537 INFO [http-nio-8080-exec-260] org.apache.catalina.core.ApplicationContext.log Inicializando la aplicación!
08-Nov-2023 20:48:18.451 INFO [http-nio-8080-exec-264] org.apache.catalina.core.ApplicationContext.log Inicializando el request!
08-Nov-2023 20:48:18.521 INFO [http-nio-8080-exec-264] org.apache.catalina.core.ApplicationContext.log Inicializando la sesión http
08-Nov-2023 20:48:18.880 INFO [http-nio-8080-exec-264] org.apache.catalina.core.ApplicationContext.log Destruyendo el request!
08-Nov-2023 20:48:20.967 INFO [http-nio-8080-exec-265] org.apache.catalina.core.ApplicationContext.log Inicializando el request!
08-Nov-2023 20:48:21.046 INFO [http-nio-8080-exec-265] org.apache.catalina.core.ApplicationContext.log Destruyendo el request!
08-Nov-2023 20:48:22.669 INFO [http-nio-8080-exec-266] org.apache.catalina.core.ApplicationContext.log Inicializando el request!
08-Nov-2023 20:48:22.675 INFO [http-nio-8080-exec-266] org.apache.catalina.core.ApplicationContext.log Destruyendo el request!
08-Nov-2023 20:48:25.551 INFO [http-nio-8080-exec-263] org.apache.catalina.core.ApplicationContext.log Inicializando el request!
08-Nov-2023 20:48:25.669 INFO [http-nio-8080-exec-263] org.apache.catalina.core.ApplicationContext.log Destruyendo el request!
08-Nov-2023 20:48:30.568 INFO [http-nio-8080-exec-267] org.apache.catalina.core.ApplicationContext.log Inicializando el request!
08-Nov-2023 20:48:30.587 INFO [http-nio-8080-exec-267] org.apache.catalina.core.ApplicationContext.log Destruyendo el request!
08-Nov-2023 20:48:30.589 INFO [http-nio-8080-exec-257] org.apache.catalina.core.ApplicationContext.log Inicializando el request!
08-Nov-2023 20:48:30.592 INFO [http-nio-8080-exec-257] org.apache.catalina.core.ApplicationContext.log Destruyendo el request!
08-Nov-2023 20:48:32.178 INFO [http-nio-8080-exec-262] org.apache.catalina.core.ApplicationContext.log Inicializando el request!
08-Nov-2023 20:48:32.183 INFO [http-nio-8080-exec-262] org.apache.catalina.core.ApplicationContext.log Destruyendo el request!
08-Nov-2023 20:48:33.506 INFO [http-nio-8080-exec-261] org.apache.catalina.core.ApplicationContext.log Inicializando el request!
08-Nov-2023 20:48:33.511 INFO [http-nio-8080-exec-261] org.apache.catalina.core.ApplicationContext.log Destruyendo el request!
08-Nov-2023 20:48:35.744 INFO [http-nio-8080-exec-268] org.apache.catalina.core.ApplicationContext.log Inicializando el request!
08-Nov-2023 20:48:35.755 INFO [http-nio-8080-exec-268] org.apache.catalina.core.ApplicationContext.log Destruyendo el request!
08-Nov-2023 20:48:35.757 INFO [http-nio-8080-exec-252] org.apache.catalina.core.ApplicationContext.log Inicializando el request!
08-Nov-2023 20:48:35.897 INFO [http-nio-8080-exec-252] org.apache.catalina.core.ApplicationContext.log Destruyendo el request!
08-Nov-2023 20:48:37.316 INFO [http-nio-8080-exec-269] org.apache.catalina.core.ApplicationContext.log Inicializando el request!
08-Nov-2023 20:48:37.321 INFO [http-nio-8080-exec-269] org.apache.catalina.core.ApplicationContext.log Destruyendo el request!
08-Nov-2023 20:48:38.704 INFO [http-nio-8080-exec-270] org.apache.catalina.core.ApplicationContext.log Inicializando el request!
08-Nov-2023 20:48:38.707 INFO [http-nio-8080-exec-270] org.apache.catalina.core.ApplicationContext.log Destruyendo el request!
08-Nov-2023 20:48:38.709 INFO [http-nio-8080-exec-271] org.apache.catalina.core.ApplicationContext.log Inicializando el request!
08-Nov-2023 20:48:38.711 INFO [http-nio-8080-exec-271] org.apache.catalina.core.ApplicationContext.log Destruyendo el request!
08-Nov-2023 20:48:44.258 INFO [http-nio-8080-exec-272] org.apache.catalina.core.ApplicationContext.log Inicializando el request!
08-Nov-2023 20:48:44.262 INFO [http-nio-8080-exec-272] org.apache.catalina.core.ApplicationContext.log Destruyendo el request!
08-Nov-2023 20:48:44.264 INFO [http-nio-8080-exec-273] org.apache.catalina.core.ApplicationContext.log Inicializando el request!
08-Nov-2023 20:48:44.274 INFO [http-nio-8080-exec-273] org.apache.catalina.core.ApplicationContext.log Destruyendo el request!
08-Nov-2023 20:48:46.415 INFO [http-nio-8080-exec-257] org.apache.catalina.core.ApplicationContext.log Inicializando el request!
08-Nov-2023 20:48:46.418 INFO [http-nio-8080-exec-257] org.apache.catalina.core.ApplicationContext.log Destruyendo el request!
08-Nov-2023 20:48:47.605 INFO [http-nio-8080-exec-274] org.apache.catalina.core.ApplicationContext.log Inicializando el request!
08-Nov-2023 20:48:47.607 INFO [http-nio-8080-exec-274] org.apache.catalina.core.ApplicationContext.log Destruyendo el request!
08-Nov-2023 20:48:51.277 INFO [http-nio-8080-exec-275] org.apache.catalina.core.ApplicationContext.log Inicializando el request!
08-Nov-2023 20:48:51.282 INFO [http-nio-8080-exec-275] org.apache.catalina.core.ApplicationContext.log Destruyendo el request!
08-Nov-2023 20:48:53.536 INFO [http-nio-8080-exec-268] org.apache.catalina.core.ApplicationContext.log Inicializando el request!
08-Nov-2023 20:48:53.542 INFO [http-nio-8080-exec-268] org.apache.catalina.core.ApplicationContext.log Destruyendo el request!
08-Nov-2023 20:51:10.898 INFO [http-nio-8080-exec-269] org.apache.catalina.core.ApplicationContext.log Destruyendo la sesión http
08-Nov-2023 20:51:10.901 INFO [http-nio-8080-exec-269] org.apache.catalina.core.ApplicationContext.log Destruyendo la aplicación!
08-Nov-2023 20:51:13.656 INFO [http-nio-8080-exec-269] org.apache.catalina.core.ApplicationContext.log Inicializando la aplicación!
08-Nov-2023 20:51:14.873 INFO [http-nio-8080-exec-268] org.apache.catalina.core.ApplicationContext.log Inicializando el request!
08-Nov-2023 20:51:14.920 INFO [http-nio-8080-exec-268] org.apache.catalina.core.ApplicationContext.log Inicializando la sesión http
08-Nov-2023 20:51:14.921 INFO [http-nio-8080-exec-268] org.apache.catalina.core.ApplicationContext.log Destruyendo el request!
08-Nov-2023 20:51:19.130 INFO [http-nio-8080-exec-275] org.apache.catalina.core.ApplicationContext.log Inicializando el request!
08-Nov-2023 20:51:19.451 INFO [http-nio-8080-exec-275] org.apache.catalina.core.ApplicationContext.log Destruyendo el request!
08-Nov-2023 20:51:20.123 INFO [http-nio-8080-exec-276] org.apache.catalina.core.ApplicationContext.log Inicializando el request!
08-Nov-2023 20:51:20.320 INFO [http-nio-8080-exec-276] org.apache.catalina.core.ApplicationContext.log Destruyendo el request!
08-Nov-2023 20:51:23.973 INFO [http-nio-8080-exec-274] org.apache.catalina.core.ApplicationContext.log Inicializando el request!
08-Nov-2023 20:51:24.077 INFO [http-nio-8080-exec-274] org.apache.catalina.core.ApplicationContext.log Destruyendo el request!
08-Nov-2023 20:51:29.787 INFO [http-nio-8080-exec-272] org.apache.catalina.core.ApplicationContext.log Inicializando el request!
08-Nov-2023 20:51:29.808 INFO [http-nio-8080-exec-272] org.apache.catalina.core.ApplicationContext.log Destruyendo el request!
08-Nov-2023 20:51:29.812 INFO [http-nio-8080-exec-271] org.apache.catalina.core.ApplicationContext.log Inicializando el request!
08-Nov-2023 20:51:29.815 INFO [http-nio-8080-exec-271] org.apache.catalina.core.ApplicationContext.log Destruyendo el request!
08-Nov-2023 20:51:31.125 INFO [http-nio-8080-exec-277] org.apache.catalina.core.ApplicationContext.log Inicializando el request!
08-Nov-2023 20:51:31.131 INFO [http-nio-8080-exec-277] org.apache.catalina.core.ApplicationContext.log Destruyendo el request!
08-Nov-2023 20:51:32.853 INFO [http-nio-8080-exec-278] org.apache.catalina.core.ApplicationContext.log Inicializando el request!
08-Nov-2023 20:51:32.860 INFO [http-nio-8080-exec-278] org.apache.catalina.core.ApplicationContext.log Destruyendo el request!
08-Nov-2023 20:51:45.479 INFO [http-nio-8080-exec-270] org.apache.catalina.core.ApplicationContext.log Inicializando el request!
08-Nov-2023 20:51:45.671 INFO [http-nio-8080-exec-270] org.apache.catalina.core.ApplicationContext.log Destruyendo el request!
08-Nov-2023 20:51:47.922 INFO [http-nio-8080-exec-279] org.apache.catalina.core.ApplicationContext.log Inicializando el request!
08-Nov-2023 20:51:47.942 INFO [http-nio-8080-exec-279] org.apache.catalina.core.ApplicationContext.log Destruyendo el request!
08-Nov-2023 20:51:47.944 INFO [http-nio-8080-exec-280] org.apache.catalina.core.ApplicationContext.log Inicializando el request!
08-Nov-2023 20:51:48.103 INFO [http-nio-8080-exec-280] org.apache.catalina.core.ApplicationContext.log Destruyendo el request!
08-Nov-2023 22:01:38.893 INFO [Catalina-utility-2] org.apache.catalina.core.ApplicationContext.log Destruyendo la sesión http
