30-Oct-2023 16:42:20.515 INFO [main] org.apache.catalina.core.ApplicationContext.log Inicializando la aplicación!
30-Oct-2023 16:42:21.148 INFO [main] org.apache.catalina.core.ApplicationContext.log ContextListener: contextInitialized()
30-Oct-2023 16:42:21.148 INFO [main] org.apache.catalina.core.ApplicationContext.log SessionListener: contextInitialized()
30-Oct-2023 16:42:21.153 INFO [main] org.apache.catalina.core.ApplicationContext.log ContextListener: attributeAdded('StockTicker', 'async.Stockticker@3127cb44')
30-Oct-2023 16:44:13.819 INFO [http-nio-8080-exec-1] org.apache.catalina.core.ApplicationContext.log Destruyendo la aplicación!
30-Oct-2023 16:44:14.241 INFO [http-nio-8080-exec-1] org.apache.catalina.core.ApplicationContext.log Inicializando la aplicación!
30-Oct-2023 16:44:19.577 INFO [http-nio-8080-exec-2] org.apache.catalina.core.ApplicationContext.log Inicializando el request!
30-Oct-2023 16:44:19.589 INFO [http-nio-8080-exec-2] org.apache.catalina.core.ApplicationContext.log Destruyendo el request!
30-Oct-2023 16:44:40.456 INFO [http-nio-8080-exec-4] org.apache.catalina.core.ApplicationContext.log Inicializando el request!
30-Oct-2023 16:44:40.461 INFO [http-nio-8080-exec-4] org.apache.catalina.core.ApplicationContext.log Inicializando la sesión http
30-Oct-2023 16:44:41.574 INFO [http-nio-8080-exec-4] org.apache.catalina.core.ApplicationContext.log Destruyendo el request!
30-Oct-2023 16:44:51.358 INFO [http-nio-8080-exec-9] org.apache.catalina.core.ApplicationContext.log Inicializando el request!
30-Oct-2023 16:44:51.359 INFO [http-nio-8080-exec-9] org.apache.catalina.core.ApplicationContext.log Destruyendo el request!
30-Oct-2023 16:44:51.365 INFO [http-nio-8080-exec-8] org.apache.catalina.core.ApplicationContext.log Inicializando el request!
30-Oct-2023 16:44:51.366 INFO [http-nio-8080-exec-8] org.apache.catalina.core.ApplicationContext.log Destruyendo el request!
30-Oct-2023 16:44:53.766 INFO [http-nio-8080-exec-5] org.apache.catalina.core.ApplicationContext.log Inicializando el request!
30-Oct-2023 16:44:53.769 INFO [http-nio-8080-exec-5] org.apache.catalina.core.ApplicationContext.log Destruyendo el request!
30-Oct-2023 16:45:45.908 INFO [http-nio-8080-exec-12] org.apache.catalina.core.ApplicationContext.log Inicializando el request!
30-Oct-2023 16:45:45.908 INFO [http-nio-8080-exec-12] org.apache.catalina.core.ApplicationContext.log Destruyendo la sesión http
30-Oct-2023 16:45:45.910 INFO [http-nio-8080-exec-12] org.apache.catalina.core.ApplicationContext.log Destruyendo el request!
30-Oct-2023 16:45:45.916 INFO [http-nio-8080-exec-13] org.apache.catalina.core.ApplicationContext.log Inicializando el request!
30-Oct-2023 16:45:45.916 INFO [http-nio-8080-exec-13] org.apache.catalina.core.ApplicationContext.log Inicializando la sesión http
30-Oct-2023 16:45:45.918 INFO [http-nio-8080-exec-13] org.apache.catalina.core.ApplicationContext.log Destruyendo el request!
30-Oct-2023 16:46:04.509 INFO [Thread-1] org.apache.catalina.core.ApplicationContext.log SessionListener: contextDestroyed()
30-Oct-2023 16:46:04.510 INFO [Thread-1] org.apache.catalina.core.ApplicationContext.log ContextListener: contextDestroyed()
30-Oct-2023 16:46:04.517 INFO [Thread-1] org.apache.catalina.core.ApplicationContext.log Destruyendo la sesión http
30-Oct-2023 16:46:04.517 INFO [Thread-1] org.apache.catalina.core.ApplicationContext.log Destruyendo la aplicación!
30-Oct-2023 17:03:45.850 INFO [main] org.apache.catalina.core.ApplicationContext.log Inicializando la aplicación!
30-Oct-2023 17:03:46.537 INFO [main] org.apache.catalina.core.ApplicationContext.log ContextListener: contextInitialized()
30-Oct-2023 17:03:46.537 INFO [main] org.apache.catalina.core.ApplicationContext.log SessionListener: contextInitialized()
30-Oct-2023 17:03:46.541 INFO [main] org.apache.catalina.core.ApplicationContext.log ContextListener: attributeAdded('StockTicker', 'async.Stockticker@682af059')
30-Oct-2023 17:03:54.662 INFO [http-nio-8080-exec-1] org.apache.catalina.core.ApplicationContext.log Destruyendo la aplicación!
30-Oct-2023 17:03:55.138 INFO [http-nio-8080-exec-1] org.apache.catalina.core.ApplicationContext.log Inicializando la aplicación!
30-Oct-2023 17:04:00.780 INFO [http-nio-8080-exec-6] org.apache.catalina.core.ApplicationContext.log Inicializando el request!
30-Oct-2023 17:04:00.785 INFO [http-nio-8080-exec-6] org.apache.catalina.core.ApplicationContext.log Destruyendo el request!
30-Oct-2023 17:04:02.138 INFO [http-nio-8080-exec-3] org.apache.catalina.core.ApplicationContext.log Inicializando el request!
30-Oct-2023 17:04:02.148 INFO [http-nio-8080-exec-3] org.apache.catalina.core.ApplicationContext.log Inicializando la sesión http
30-Oct-2023 17:04:02.151 INFO [http-nio-8080-exec-3] org.apache.catalina.core.ApplicationContext.log Destruyendo el request!
30-Oct-2023 17:04:10.892 INFO [http-nio-8080-exec-4] org.apache.catalina.core.ApplicationContext.log Inicializando el request!
30-Oct-2023 17:04:12.074 INFO [http-nio-8080-exec-4] org.apache.catalina.core.ApplicationContext.log Destruyendo el request!
30-Oct-2023 17:04:14.171 INFO [http-nio-8080-exec-10] org.apache.catalina.core.ApplicationContext.log Inicializando el request!
30-Oct-2023 17:04:14.172 INFO [http-nio-8080-exec-10] org.apache.catalina.core.ApplicationContext.log Destruyendo el request!
30-Oct-2023 17:04:20.265 INFO [http-nio-8080-exec-5] org.apache.catalina.core.ApplicationContext.log Inicializando el request!
30-Oct-2023 17:04:20.384 INFO [http-nio-8080-exec-5] org.apache.catalina.core.ApplicationContext.log Destruyendo el request!
30-Oct-2023 17:04:27.159 INFO [http-nio-8080-exec-2] org.apache.catalina.core.ApplicationContext.log Inicializando el request!
30-Oct-2023 17:04:27.160 INFO [http-nio-8080-exec-2] org.apache.catalina.core.ApplicationContext.log Destruyendo el request!
30-Oct-2023 17:04:27.164 INFO [http-nio-8080-exec-9] org.apache.catalina.core.ApplicationContext.log Inicializando el request!
30-Oct-2023 17:04:27.165 INFO [http-nio-8080-exec-9] org.apache.catalina.core.ApplicationContext.log Destruyendo el request!
30-Oct-2023 17:04:29.827 INFO [http-nio-8080-exec-11] org.apache.catalina.core.ApplicationContext.log Inicializando el request!
30-Oct-2023 17:04:29.829 INFO [http-nio-8080-exec-11] org.apache.catalina.core.ApplicationContext.log Destruyendo el request!
30-Oct-2023 17:04:31.014 INFO [http-nio-8080-exec-8] org.apache.catalina.core.ApplicationContext.log Inicializando el request!
30-Oct-2023 17:04:31.021 SEVERE [http-nio-8080-exec-8] org.apache.catalina.core.StandardWrapperValve.invoke Servlet.service() para servlet [org.aartaraz.apiservlet.webapp.headers.controllers.AgregarCarroServlet] lanzó excepción
	java.lang.NullPointerException: Cannot invoke "org.aartaraz.apiservlet.webapp.headers.models.Carro.addItemCarro(org.aartaraz.apiservlet.webapp.headers.models.ItemCarro)" because "carro" is null
		at org.aartaraz.apiservlet.webapp.headers.controllers.AgregarCarroServlet.doGet(AgregarCarroServlet.java:30)
		at jakarta.servlet.http.HttpServlet.service(HttpServlet.java:564)
		at jakarta.servlet.http.HttpServlet.service(HttpServlet.java:658)
		at org.apache.catalina.core.ApplicationFilterChain.internalDoFilter(ApplicationFilterChain.java:205)
		at org.apache.catalina.core.ApplicationFilterChain.doFilter(ApplicationFilterChain.java:149)
		at org.apache.tomcat.websocket.server.WsFilter.doFilter(WsFilter.java:51)
		at org.apache.catalina.core.ApplicationFilterChain.internalDoFilter(ApplicationFilterChain.java:174)
		at org.apache.catalina.core.ApplicationFilterChain.doFilter(ApplicationFilterChain.java:149)
		at org.apache.catalina.core.StandardWrapperValve.invoke(StandardWrapperValve.java:167)
		at org.apache.catalina.core.StandardContextValve.invoke(StandardContextValve.java:90)
		at org.apache.catalina.authenticator.AuthenticatorBase.invoke(AuthenticatorBase.java:482)
		at org.apache.catalina.core.StandardHostValve.invoke(StandardHostValve.java:115)
		at org.apache.catalina.valves.ErrorReportValve.invoke(ErrorReportValve.java:93)
		at org.apache.catalina.valves.AbstractAccessLogValve.invoke(AbstractAccessLogValve.java:673)
		at org.apache.catalina.core.StandardEngineValve.invoke(StandardEngineValve.java:74)
		at org.apache.catalina.connector.CoyoteAdapter.service(CoyoteAdapter.java:340)
		at org.apache.coyote.http11.Http11Processor.service(Http11Processor.java:391)
		at org.apache.coyote.AbstractProcessorLight.process(AbstractProcessorLight.java:63)
		at org.apache.coyote.AbstractProtocol$ConnectionHandler.process(AbstractProtocol.java:896)
		at org.apache.tomcat.util.net.NioEndpoint$SocketProcessor.doRun(NioEndpoint.java:1744)
		at org.apache.tomcat.util.net.SocketProcessorBase.run(SocketProcessorBase.java:52)
		at org.apache.tomcat.util.threads.ThreadPoolExecutor.runWorker(ThreadPoolExecutor.java:1191)
		at org.apache.tomcat.util.threads.ThreadPoolExecutor$Worker.run(ThreadPoolExecutor.java:659)
		at org.apache.tomcat.util.threads.TaskThread$WrappingRunnable.run(TaskThread.java:61)
		at java.base/java.lang.Thread.run(Thread.java:833)
30-Oct-2023 17:04:31.021 INFO [http-nio-8080-exec-8] org.apache.catalina.core.ApplicationContext.log Destruyendo el request!
30-Oct-2023 17:05:49.685 INFO [http-nio-8080-exec-12] org.apache.catalina.core.ApplicationContext.log Inicializando el request!
30-Oct-2023 17:05:49.685 SEVERE [http-nio-8080-exec-12] org.apache.catalina.core.StandardWrapperValve.invoke Servlet.service() para servlet [org.aartaraz.apiservlet.webapp.headers.controllers.AgregarCarroServlet] lanzó excepción
	java.lang.NullPointerException: Cannot invoke "org.aartaraz.apiservlet.webapp.headers.models.Carro.addItemCarro(org.aartaraz.apiservlet.webapp.headers.models.ItemCarro)" because "carro" is null
		at org.aartaraz.apiservlet.webapp.headers.controllers.AgregarCarroServlet.doGet(AgregarCarroServlet.java:30)
		at jakarta.servlet.http.HttpServlet.service(HttpServlet.java:564)
		at jakarta.servlet.http.HttpServlet.service(HttpServlet.java:658)
		at org.apache.catalina.core.ApplicationFilterChain.internalDoFilter(ApplicationFilterChain.java:205)
		at org.apache.catalina.core.ApplicationFilterChain.doFilter(ApplicationFilterChain.java:149)
		at org.apache.tomcat.websocket.server.WsFilter.doFilter(WsFilter.java:51)
		at org.apache.catalina.core.ApplicationFilterChain.internalDoFilter(ApplicationFilterChain.java:174)
		at org.apache.catalina.core.ApplicationFilterChain.doFilter(ApplicationFilterChain.java:149)
		at org.apache.catalina.core.StandardWrapperValve.invoke(StandardWrapperValve.java:167)
		at org.apache.catalina.core.StandardContextValve.invoke(StandardContextValve.java:90)
		at org.apache.catalina.authenticator.AuthenticatorBase.invoke(AuthenticatorBase.java:482)
		at org.apache.catalina.core.StandardHostValve.invoke(StandardHostValve.java:115)
		at org.apache.catalina.valves.ErrorReportValve.invoke(ErrorReportValve.java:93)
		at org.apache.catalina.valves.AbstractAccessLogValve.invoke(AbstractAccessLogValve.java:673)
		at org.apache.catalina.core.StandardEngineValve.invoke(StandardEngineValve.java:74)
		at org.apache.catalina.connector.CoyoteAdapter.service(CoyoteAdapter.java:340)
		at org.apache.coyote.http11.Http11Processor.service(Http11Processor.java:391)
		at org.apache.coyote.AbstractProcessorLight.process(AbstractProcessorLight.java:63)
		at org.apache.coyote.AbstractProtocol$ConnectionHandler.process(AbstractProtocol.java:896)
		at org.apache.tomcat.util.net.NioEndpoint$SocketProcessor.doRun(NioEndpoint.java:1744)
		at org.apache.tomcat.util.net.SocketProcessorBase.run(SocketProcessorBase.java:52)
		at org.apache.tomcat.util.threads.ThreadPoolExecutor.runWorker(ThreadPoolExecutor.java:1191)
		at org.apache.tomcat.util.threads.ThreadPoolExecutor$Worker.run(ThreadPoolExecutor.java:659)
		at org.apache.tomcat.util.threads.TaskThread$WrappingRunnable.run(TaskThread.java:61)
		at java.base/java.lang.Thread.run(Thread.java:833)
30-Oct-2023 17:05:49.686 INFO [http-nio-8080-exec-12] org.apache.catalina.core.ApplicationContext.log Destruyendo el request!
30-Oct-2023 17:07:48.814 INFO [http-nio-8080-exec-13] org.apache.catalina.core.ApplicationContext.log Destruyendo la sesión http
30-Oct-2023 17:07:48.814 INFO [http-nio-8080-exec-13] org.apache.catalina.core.ApplicationContext.log Destruyendo la aplicación!
30-Oct-2023 17:07:49.235 INFO [http-nio-8080-exec-13] org.apache.catalina.core.ApplicationContext.log Inicializando la aplicación!
30-Oct-2023 17:07:51.072 INFO [http-nio-8080-exec-17] org.apache.catalina.core.ApplicationContext.log Inicializando el request!
30-Oct-2023 17:07:51.079 INFO [http-nio-8080-exec-17] org.apache.catalina.core.ApplicationContext.log Inicializando la sesión http
30-Oct-2023 17:07:51.081 INFO [http-nio-8080-exec-17] org.apache.catalina.core.ApplicationContext.log Destruyendo el request!
30-Oct-2023 17:07:51.084 INFO [http-nio-8080-exec-19] org.apache.catalina.core.ApplicationContext.log Inicializando el request!
30-Oct-2023 17:07:51.274 INFO [http-nio-8080-exec-19] org.apache.catalina.core.ApplicationContext.log Destruyendo el request!
30-Oct-2023 17:07:53.716 INFO [http-nio-8080-exec-20] org.apache.catalina.core.ApplicationContext.log Inicializando el request!
30-Oct-2023 17:07:53.721 INFO [http-nio-8080-exec-20] org.apache.catalina.core.ApplicationContext.log Destruyendo el request!
30-Oct-2023 17:07:57.680 INFO [http-nio-8080-exec-16] org.apache.catalina.core.ApplicationContext.log Inicializando el request!
30-Oct-2023 17:07:57.680 INFO [http-nio-8080-exec-16] org.apache.catalina.core.ApplicationContext.log Destruyendo el request!
30-Oct-2023 17:08:03.617 INFO [http-nio-8080-exec-15] org.apache.catalina.core.ApplicationContext.log Inicializando el request!
30-Oct-2023 17:08:03.618 INFO [http-nio-8080-exec-15] org.apache.catalina.core.ApplicationContext.log Destruyendo el request!
30-Oct-2023 17:08:05.286 INFO [http-nio-8080-exec-14] org.apache.catalina.core.ApplicationContext.log Inicializando el request!
30-Oct-2023 17:08:05.287 INFO [http-nio-8080-exec-14] org.apache.catalina.core.ApplicationContext.log Destruyendo el request!
30-Oct-2023 17:08:08.317 INFO [http-nio-8080-exec-18] org.apache.catalina.core.ApplicationContext.log Inicializando el request!
30-Oct-2023 17:08:08.421 INFO [http-nio-8080-exec-18] org.apache.catalina.core.ApplicationContext.log Destruyendo el request!
30-Oct-2023 17:08:15.995 INFO [http-nio-8080-exec-12] org.apache.catalina.core.ApplicationContext.log Inicializando el request!
30-Oct-2023 17:08:15.996 INFO [http-nio-8080-exec-12] org.apache.catalina.core.ApplicationContext.log Destruyendo el request!
30-Oct-2023 17:08:16.004 INFO [http-nio-8080-exec-21] org.apache.catalina.core.ApplicationContext.log Inicializando el request!
30-Oct-2023 17:08:16.005 INFO [http-nio-8080-exec-21] org.apache.catalina.core.ApplicationContext.log Destruyendo el request!
30-Oct-2023 17:08:17.903 INFO [http-nio-8080-exec-11] org.apache.catalina.core.ApplicationContext.log Inicializando el request!
30-Oct-2023 17:08:17.904 INFO [http-nio-8080-exec-11] org.apache.catalina.core.ApplicationContext.log Destruyendo el request!
30-Oct-2023 17:08:18.883 INFO [http-nio-8080-exec-22] org.apache.catalina.core.ApplicationContext.log Inicializando el request!
30-Oct-2023 17:08:18.883 INFO [http-nio-8080-exec-22] org.apache.catalina.core.ApplicationContext.log Destruyendo el request!
30-Oct-2023 17:08:18.885 INFO [http-nio-8080-exec-19] org.apache.catalina.core.ApplicationContext.log Inicializando el request!
30-Oct-2023 17:08:18.888 INFO [http-nio-8080-exec-19] org.apache.catalina.core.ApplicationContext.log Destruyendo el request!
30-Oct-2023 17:08:25.211 INFO [http-nio-8080-exec-23] org.apache.catalina.core.ApplicationContext.log Inicializando el request!
30-Oct-2023 17:08:25.212 INFO [http-nio-8080-exec-23] org.apache.catalina.core.ApplicationContext.log Destruyendo el request!
30-Oct-2023 17:08:26.332 INFO [http-nio-8080-exec-24] org.apache.catalina.core.ApplicationContext.log Inicializando el request!
30-Oct-2023 17:08:26.333 INFO [http-nio-8080-exec-24] org.apache.catalina.core.ApplicationContext.log Destruyendo el request!
30-Oct-2023 17:08:26.339 INFO [http-nio-8080-exec-25] org.apache.catalina.core.ApplicationContext.log Inicializando el request!
30-Oct-2023 17:08:26.341 INFO [http-nio-8080-exec-25] org.apache.catalina.core.ApplicationContext.log Destruyendo el request!
30-Oct-2023 17:08:27.546 INFO [http-nio-8080-exec-26] org.apache.catalina.core.ApplicationContext.log Inicializando el request!
30-Oct-2023 17:08:27.547 INFO [http-nio-8080-exec-26] org.apache.catalina.core.ApplicationContext.log Destruyendo el request!
30-Oct-2023 17:08:41.728 INFO [http-nio-8080-exec-27] org.apache.catalina.core.ApplicationContext.log Inicializando el request!
30-Oct-2023 17:08:41.729 INFO [http-nio-8080-exec-27] org.apache.catalina.core.ApplicationContext.log Destruyendo el request!
30-Oct-2023 17:08:54.377 INFO [http-nio-8080-exec-28] org.apache.catalina.core.ApplicationContext.log Inicializando el request!
30-Oct-2023 17:08:54.378 INFO [http-nio-8080-exec-28] org.apache.catalina.core.ApplicationContext.log Destruyendo el request!
30-Oct-2023 17:09:18.143 INFO [http-nio-8080-exec-29] org.apache.catalina.core.ApplicationContext.log Inicializando el request!
30-Oct-2023 17:09:18.143 INFO [http-nio-8080-exec-29] org.apache.catalina.core.ApplicationContext.log Destruyendo el request!
30-Oct-2023 17:09:59.643 INFO [Thread-1] org.apache.catalina.core.ApplicationContext.log SessionListener: contextDestroyed()
30-Oct-2023 17:09:59.643 INFO [Thread-1] org.apache.catalina.core.ApplicationContext.log ContextListener: contextDestroyed()
30-Oct-2023 17:09:59.648 INFO [Thread-1] org.apache.catalina.core.ApplicationContext.log Destruyendo la sesión http
30-Oct-2023 17:09:59.648 INFO [Thread-1] org.apache.catalina.core.ApplicationContext.log Destruyendo la aplicación!
