30-Nov-2023 17:42:11.323 INFO [main] org.apache.catalina.core.ApplicationContext.log Inicializando la aplicación!
30-Nov-2023 17:42:13.866 INFO [main] org.apache.catalina.core.ApplicationContext.log Inicializando la aplicación!
30-Nov-2023 17:42:15.289 INFO [main] org.apache.catalina.core.ApplicationContext.log ContextListener: contextInitialized()
30-Nov-2023 17:42:15.289 INFO [main] org.apache.catalina.core.ApplicationContext.log SessionListener: contextInitialized()
30-Nov-2023 17:42:15.291 INFO [main] org.apache.catalina.core.ApplicationContext.log ContextListener: attributeAdded('StockTicker', 'async.Stockticker@64099331')
30-Nov-2023 17:42:31.120 INFO [http-nio-8080-exec-1] org.apache.catalina.core.ApplicationContext.log Destruyendo la aplicación!
30-Nov-2023 17:42:35.018 INFO [http-nio-8080-exec-1] org.apache.catalina.core.ApplicationContext.log Inicializando la aplicación!
30-Nov-2023 17:42:44.958 INFO [http-nio-8080-exec-10] org.apache.catalina.core.ApplicationContext.log Inicializando el request!
30-Nov-2023 17:42:46.060 INFO [http-nio-8080-exec-10] org.apache.catalina.core.ApplicationContext.log Inicializando la sesión http
30-Nov-2023 17:42:46.441 INFO [http-nio-8080-exec-10] org.apache.catalina.core.ApplicationContext.log Destruyendo el request!
30-Nov-2023 17:42:47.674 INFO [http-nio-8080-exec-2] org.apache.catalina.core.ApplicationContext.log Inicializando el request!
30-Nov-2023 17:42:51.098 INFO [http-nio-8080-exec-2] org.apache.catalina.core.ApplicationContext.log Destruyendo el request!
30-Nov-2023 17:42:54.493 INFO [http-nio-8080-exec-4] org.apache.catalina.core.ApplicationContext.log Inicializando el request!
30-Nov-2023 17:42:54.495 INFO [http-nio-8080-exec-4] org.apache.catalina.core.ApplicationContext.log Destruyendo el request!
30-Nov-2023 17:42:59.638 INFO [http-nio-8080-exec-5] org.apache.catalina.core.ApplicationContext.log Inicializando el request!
30-Nov-2023 17:42:59.639 INFO [http-nio-8080-exec-5] org.apache.catalina.core.ApplicationContext.log Destruyendo el request!
30-Nov-2023 17:43:04.326 INFO [http-nio-8080-exec-8] org.apache.catalina.core.ApplicationContext.log Inicializando el request!
30-Nov-2023 17:43:04.481 INFO [http-nio-8080-exec-8] org.apache.catalina.core.ApplicationContext.log Destruyendo el request!
30-Nov-2023 17:43:09.401 INFO [http-nio-8080-exec-3] org.apache.catalina.core.ApplicationContext.log Inicializando el request!
30-Nov-2023 17:43:09.453 INFO [http-nio-8080-exec-3] org.apache.catalina.core.ApplicationContext.log Destruyendo el request!
30-Nov-2023 17:43:09.458 INFO [http-nio-8080-exec-9] org.apache.catalina.core.ApplicationContext.log Inicializando el request!
30-Nov-2023 17:43:09.459 INFO [http-nio-8080-exec-9] org.apache.catalina.core.ApplicationContext.log Destruyendo el request!
30-Nov-2023 17:43:10.887 INFO [http-nio-8080-exec-11] org.apache.catalina.core.ApplicationContext.log Inicializando el request!
30-Nov-2023 17:43:10.892 INFO [http-nio-8080-exec-11] org.apache.catalina.core.ApplicationContext.log Destruyendo el request!
30-Nov-2023 17:43:13.204 INFO [http-nio-8080-exec-7] org.apache.catalina.core.ApplicationContext.log Inicializando el request!
30-Nov-2023 17:43:13.227 INFO [http-nio-8080-exec-7] org.apache.catalina.core.ApplicationContext.log Destruyendo el request!
30-Nov-2023 17:43:17.403 INFO [http-nio-8080-exec-12] org.apache.catalina.core.ApplicationContext.log Inicializando el request!
30-Nov-2023 17:43:17.432 INFO [http-nio-8080-exec-12] org.apache.catalina.core.ApplicationContext.log Destruyendo la sesión http
30-Nov-2023 17:43:17.433 INFO [http-nio-8080-exec-12] org.apache.catalina.core.ApplicationContext.log Destruyendo el request!
30-Nov-2023 17:43:17.436 INFO [http-nio-8080-exec-13] org.apache.catalina.core.ApplicationContext.log Inicializando el request!
30-Nov-2023 17:43:17.436 INFO [http-nio-8080-exec-13] org.apache.catalina.core.ApplicationContext.log Inicializando la sesión http
30-Nov-2023 17:43:17.442 INFO [http-nio-8080-exec-13] org.apache.catalina.core.ApplicationContext.log Destruyendo el request!
30-Nov-2023 18:54:29.455 INFO [main] org.apache.catalina.core.ApplicationContext.log Inicializando la aplicación!
30-Nov-2023 18:54:31.973 INFO [main] org.apache.catalina.core.ApplicationContext.log Inicializando la aplicación!
30-Nov-2023 18:54:33.475 INFO [main] org.apache.catalina.core.ApplicationContext.log ContextListener: contextInitialized()
30-Nov-2023 18:54:33.475 INFO [main] org.apache.catalina.core.ApplicationContext.log SessionListener: contextInitialized()
30-Nov-2023 18:54:33.476 INFO [main] org.apache.catalina.core.ApplicationContext.log ContextListener: attributeAdded('StockTicker', 'async.Stockticker@1ffb6ee8')
30-Nov-2023 18:54:40.146 INFO [http-nio-8080-exec-1] org.apache.catalina.core.ApplicationContext.log Destruyendo la aplicación!
30-Nov-2023 18:54:44.276 INFO [http-nio-8080-exec-1] org.apache.catalina.core.ApplicationContext.log Inicializando la aplicación!
30-Nov-2023 18:54:45.555 INFO [http-nio-8080-exec-2] org.apache.catalina.core.ApplicationContext.log Inicializando el request!
30-Nov-2023 18:54:46.636 INFO [http-nio-8080-exec-2] org.apache.catalina.core.ApplicationContext.log Inicializando la sesión http
30-Nov-2023 18:54:47.038 INFO [http-nio-8080-exec-2] org.apache.catalina.core.ApplicationContext.log Destruyendo el request!
30-Nov-2023 18:54:50.847 INFO [http-nio-8080-exec-7] org.apache.catalina.core.ApplicationContext.log Inicializando el request!
30-Nov-2023 18:54:54.016 INFO [http-nio-8080-exec-7] org.apache.catalina.core.ApplicationContext.log Destruyendo el request!
30-Nov-2023 18:54:57.658 INFO [http-nio-8080-exec-6] org.apache.catalina.core.ApplicationContext.log Inicializando el request!
30-Nov-2023 18:54:57.804 INFO [http-nio-8080-exec-6] org.apache.catalina.core.ApplicationContext.log Destruyendo el request!
30-Nov-2023 18:55:02.950 INFO [http-nio-8080-exec-8] org.apache.catalina.core.ApplicationContext.log Inicializando el request!
30-Nov-2023 18:55:02.985 INFO [http-nio-8080-exec-8] org.apache.catalina.core.ApplicationContext.log Destruyendo el request!
30-Nov-2023 18:55:02.988 INFO [http-nio-8080-exec-11] org.apache.catalina.core.ApplicationContext.log Inicializando el request!
30-Nov-2023 18:55:02.989 INFO [http-nio-8080-exec-11] org.apache.catalina.core.ApplicationContext.log Destruyendo el request!
30-Nov-2023 18:55:04.905 INFO [http-nio-8080-exec-5] org.apache.catalina.core.ApplicationContext.log Inicializando el request!
30-Nov-2023 18:55:04.910 INFO [http-nio-8080-exec-5] org.apache.catalina.core.ApplicationContext.log Destruyendo el request!
30-Nov-2023 18:55:07.645 INFO [http-nio-8080-exec-1] org.apache.catalina.core.ApplicationContext.log Inicializando el request!
30-Nov-2023 18:55:07.820 INFO [http-nio-8080-exec-1] org.apache.catalina.core.ApplicationContext.log Destruyendo el request!
30-Nov-2023 18:55:09.583 INFO [http-nio-8080-exec-12] org.apache.catalina.core.ApplicationContext.log Inicializando el request!
30-Nov-2023 18:55:09.585 INFO [http-nio-8080-exec-12] org.apache.catalina.core.ApplicationContext.log Destruyendo el request!
30-Nov-2023 18:55:10.615 INFO [http-nio-8080-exec-10] org.apache.catalina.core.ApplicationContext.log Inicializando el request!
30-Nov-2023 18:55:10.640 INFO [http-nio-8080-exec-10] org.apache.catalina.core.ApplicationContext.log Destruyendo el request!
30-Nov-2023 18:55:12.063 INFO [http-nio-8080-exec-13] org.apache.catalina.core.ApplicationContext.log Inicializando el request!
30-Nov-2023 18:55:12.313 INFO [http-nio-8080-exec-13] org.apache.catalina.core.ApplicationContext.log Destruyendo el request!
30-Nov-2023 18:55:54.906 INFO [Thread-1] org.apache.catalina.core.ApplicationContext.log Destruyendo la sesión http
30-Nov-2023 18:55:54.910 INFO [Thread-1] org.apache.catalina.core.ApplicationContext.log Destruyendo la aplicación!
30-Nov-2023 18:55:54.915 INFO [Thread-1] org.apache.catalina.core.ApplicationContext.log SessionListener: contextDestroyed()
30-Nov-2023 18:55:54.915 INFO [Thread-1] org.apache.catalina.core.ApplicationContext.log ContextListener: contextDestroyed()
30-Nov-2023 18:55:54.942 INFO [Thread-1] org.apache.catalina.core.ApplicationContext.log Destruyendo la aplicación!
