06-Nov-2023 16:08:21.387 INFO [main] org.apache.catalina.core.ApplicationContext.log Inicializando la aplicación!
06-Nov-2023 16:08:22.750 INFO [main] org.apache.catalina.core.ApplicationContext.log ContextListener: contextInitialized()
06-Nov-2023 16:08:22.750 INFO [main] org.apache.catalina.core.ApplicationContext.log SessionListener: contextInitialized()
06-Nov-2023 16:08:22.752 INFO [main] org.apache.catalina.core.ApplicationContext.log ContextListener: attributeAdded('StockTicker', 'async.Stockticker@1bfc6e50')
06-Nov-2023 16:08:37.052 INFO [http-nio-8080-exec-1] org.apache.catalina.core.ApplicationContext.log Destruyendo la aplicación!
06-Nov-2023 16:08:38.007 INFO [http-nio-8080-exec-1] org.apache.catalina.core.ApplicationContext.log Inicializando la aplicación!
06-Nov-2023 16:08:44.228 INFO [http-nio-8080-exec-4] org.apache.catalina.core.ApplicationContext.log Inicializando el request!
06-Nov-2023 16:08:44.461 INFO [http-nio-8080-exec-4] org.apache.catalina.core.ApplicationContext.log Destruyendo el request!
06-Nov-2023 16:08:53.472 INFO [http-nio-8080-exec-8] org.apache.catalina.core.ApplicationContext.log Inicializando el request!
06-Nov-2023 16:08:53.591 INFO [http-nio-8080-exec-8] org.apache.catalina.core.ApplicationContext.log Inicializando la sesión http
06-Nov-2023 16:08:54.807 INFO [http-nio-8080-exec-8] org.apache.catalina.core.ApplicationContext.log Destruyendo el request!
06-Nov-2023 16:10:28.389 INFO [http-nio-8080-exec-11] org.apache.catalina.core.ApplicationContext.log Inicializando el request!
06-Nov-2023 16:10:28.397 INFO [http-nio-8080-exec-11] org.apache.catalina.core.ApplicationContext.log Destruyendo el request!
06-Nov-2023 16:20:17.470 INFO [http-nio-8080-exec-13] org.apache.catalina.core.ApplicationContext.log Destruyendo la sesión http
06-Nov-2023 16:20:17.470 INFO [http-nio-8080-exec-13] org.apache.catalina.core.ApplicationContext.log Destruyendo la aplicación!
06-Nov-2023 16:20:18.234 INFO [http-nio-8080-exec-13] org.apache.catalina.core.ApplicationContext.log Inicializando la aplicación!
06-Nov-2023 16:20:24.072 INFO [http-nio-8080-exec-20] org.apache.catalina.core.ApplicationContext.log Inicializando el request!
06-Nov-2023 16:20:24.098 INFO [http-nio-8080-exec-20] org.apache.catalina.core.ApplicationContext.log Inicializando la sesión http
06-Nov-2023 16:20:24.266 INFO [http-nio-8080-exec-20] org.apache.catalina.core.ApplicationContext.log Destruyendo el request!
06-Nov-2023 16:20:27.361 INFO [http-nio-8080-exec-18] org.apache.catalina.core.ApplicationContext.log Inicializando el request!
06-Nov-2023 16:20:27.365 INFO [http-nio-8080-exec-18] org.apache.catalina.core.ApplicationContext.log Destruyendo el request!
06-Nov-2023 16:20:28.926 INFO [http-nio-8080-exec-15] org.apache.catalina.core.ApplicationContext.log Inicializando el request!
06-Nov-2023 16:20:28.932 INFO [http-nio-8080-exec-15] org.apache.catalina.core.ApplicationContext.log Destruyendo el request!
06-Nov-2023 16:21:06.047 INFO [http-nio-8080-exec-14] org.apache.catalina.core.ApplicationContext.log Destruyendo la sesión http
06-Nov-2023 16:21:06.047 INFO [http-nio-8080-exec-14] org.apache.catalina.core.ApplicationContext.log Destruyendo la aplicación!
06-Nov-2023 16:21:06.825 INFO [http-nio-8080-exec-14] org.apache.catalina.core.ApplicationContext.log Inicializando la aplicación!
06-Nov-2023 16:21:21.869 INFO [http-nio-8080-exec-24] org.apache.catalina.core.ApplicationContext.log Inicializando el request!
06-Nov-2023 16:21:21.883 INFO [http-nio-8080-exec-24] org.apache.catalina.core.ApplicationContext.log Destruyendo el request!
06-Nov-2023 16:21:25.752 INFO [http-nio-8080-exec-16] org.apache.catalina.core.ApplicationContext.log Inicializando el request!
06-Nov-2023 16:21:25.773 INFO [http-nio-8080-exec-16] org.apache.catalina.core.ApplicationContext.log Inicializando la sesión http
06-Nov-2023 16:21:25.926 INFO [http-nio-8080-exec-16] org.apache.catalina.core.ApplicationContext.log Destruyendo el request!
06-Nov-2023 16:21:28.523 INFO [http-nio-8080-exec-12] org.apache.catalina.core.ApplicationContext.log Inicializando el request!
06-Nov-2023 16:21:28.529 INFO [http-nio-8080-exec-12] org.apache.catalina.core.ApplicationContext.log Destruyendo el request!
06-Nov-2023 16:21:54.765 INFO [http-nio-8080-exec-22] org.apache.catalina.core.ApplicationContext.log Inicializando el request!
06-Nov-2023 16:21:54.774 INFO [http-nio-8080-exec-22] org.apache.catalina.core.ApplicationContext.log Destruyendo el request!
06-Nov-2023 16:21:56.498 INFO [http-nio-8080-exec-26] org.apache.catalina.core.ApplicationContext.log Inicializando el request!
06-Nov-2023 16:21:56.503 INFO [http-nio-8080-exec-26] org.apache.catalina.core.ApplicationContext.log Inicializando la sesión http
06-Nov-2023 16:21:56.506 INFO [http-nio-8080-exec-26] org.apache.catalina.core.ApplicationContext.log Destruyendo el request!
06-Nov-2023 16:24:59.805 INFO [http-nio-8080-exec-28] org.apache.catalina.core.ApplicationContext.log Destruyendo la sesión http
06-Nov-2023 16:24:59.805 INFO [http-nio-8080-exec-28] org.apache.catalina.core.ApplicationContext.log Destruyendo la sesión http
06-Nov-2023 16:24:59.805 INFO [http-nio-8080-exec-28] org.apache.catalina.core.ApplicationContext.log Destruyendo la aplicación!
06-Nov-2023 16:25:00.583 INFO [http-nio-8080-exec-28] org.apache.catalina.core.ApplicationContext.log Inicializando la aplicación!
06-Nov-2023 16:25:04.333 INFO [http-nio-8080-exec-34] org.apache.catalina.core.ApplicationContext.log Inicializando el request!
06-Nov-2023 16:25:04.353 INFO [http-nio-8080-exec-34] org.apache.catalina.core.ApplicationContext.log Inicializando la sesión http
06-Nov-2023 16:25:04.557 INFO [http-nio-8080-exec-34] org.apache.catalina.core.ApplicationContext.log Destruyendo el request!
06-Nov-2023 16:30:09.620 INFO [http-nio-8080-exec-36] org.apache.catalina.core.ApplicationContext.log Destruyendo la sesión http
06-Nov-2023 16:30:09.620 INFO [http-nio-8080-exec-36] org.apache.catalina.core.ApplicationContext.log Destruyendo la aplicación!
06-Nov-2023 16:30:10.456 INFO [http-nio-8080-exec-36] org.apache.catalina.core.ApplicationContext.log Inicializando la aplicación!
06-Nov-2023 16:30:12.786 INFO [http-nio-8080-exec-41] org.apache.catalina.core.ApplicationContext.log Inicializando el request!
06-Nov-2023 16:30:12.810 INFO [http-nio-8080-exec-41] org.apache.catalina.core.ApplicationContext.log Inicializando la sesión http
06-Nov-2023 16:30:12.953 INFO [http-nio-8080-exec-41] org.apache.catalina.core.ApplicationContext.log Destruyendo el request!
06-Nov-2023 16:30:14.381 INFO [http-nio-8080-exec-39] org.apache.catalina.core.ApplicationContext.log Inicializando el request!
06-Nov-2023 16:30:14.385 INFO [http-nio-8080-exec-39] org.apache.catalina.core.ApplicationContext.log Destruyendo el request!
06-Nov-2023 16:30:15.331 INFO [http-nio-8080-exec-44] org.apache.catalina.core.ApplicationContext.log Inicializando el request!
06-Nov-2023 16:30:15.337 INFO [http-nio-8080-exec-44] org.apache.catalina.core.ApplicationContext.log Destruyendo el request!
06-Nov-2023 16:30:18.180 INFO [http-nio-8080-exec-37] org.apache.catalina.core.ApplicationContext.log Inicializando el request!
06-Nov-2023 16:30:18.185 INFO [http-nio-8080-exec-37] org.apache.catalina.core.ApplicationContext.log Destruyendo el request!
06-Nov-2023 16:30:20.896 INFO [http-nio-8080-exec-38] org.apache.catalina.core.ApplicationContext.log Inicializando el request!
06-Nov-2023 16:30:21.019 INFO [http-nio-8080-exec-38] org.apache.catalina.core.ApplicationContext.log Destruyendo el request!
06-Nov-2023 16:30:27.822 INFO [http-nio-8080-exec-31] org.apache.catalina.core.ApplicationContext.log Inicializando el request!
06-Nov-2023 16:30:27.828 INFO [http-nio-8080-exec-31] org.apache.catalina.core.ApplicationContext.log Destruyendo el request!
06-Nov-2023 16:30:27.832 INFO [http-nio-8080-exec-42] org.apache.catalina.core.ApplicationContext.log Inicializando el request!
06-Nov-2023 16:30:27.837 INFO [http-nio-8080-exec-42] org.apache.catalina.core.ApplicationContext.log Destruyendo el request!
06-Nov-2023 16:30:29.205 INFO [http-nio-8080-exec-43] org.apache.catalina.core.ApplicationContext.log Inicializando el request!
06-Nov-2023 16:30:29.209 INFO [http-nio-8080-exec-43] org.apache.catalina.core.ApplicationContext.log Destruyendo el request!
06-Nov-2023 16:30:30.083 INFO [http-nio-8080-exec-45] org.apache.catalina.core.ApplicationContext.log Inicializando el request!
06-Nov-2023 16:30:30.090 INFO [http-nio-8080-exec-45] org.apache.catalina.core.ApplicationContext.log Destruyendo el request!
06-Nov-2023 16:30:33.949 INFO [http-nio-8080-exec-40] org.apache.catalina.core.ApplicationContext.log Inicializando el request!
06-Nov-2023 16:30:33.966 INFO [http-nio-8080-exec-40] org.apache.catalina.core.ApplicationContext.log Destruyendo el request!
06-Nov-2023 16:30:33.969 INFO [http-nio-8080-exec-46] org.apache.catalina.core.ApplicationContext.log Inicializando el request!
06-Nov-2023 16:30:34.093 INFO [http-nio-8080-exec-46] org.apache.catalina.core.ApplicationContext.log Destruyendo el request!
06-Nov-2023 16:30:39.342 INFO [http-nio-8080-exec-47] org.apache.catalina.core.ApplicationContext.log Inicializando el request!
06-Nov-2023 16:30:39.348 INFO [http-nio-8080-exec-47] org.apache.catalina.core.ApplicationContext.log Destruyendo el request!
06-Nov-2023 16:30:39.355 INFO [http-nio-8080-exec-44] org.apache.catalina.core.ApplicationContext.log Inicializando el request!
06-Nov-2023 16:30:39.360 INFO [http-nio-8080-exec-44] org.apache.catalina.core.ApplicationContext.log Destruyendo el request!
06-Nov-2023 16:47:55.938 INFO [http-nio-8080-exec-49] org.apache.catalina.core.ApplicationContext.log Inicializando el request!
06-Nov-2023 16:47:55.946 INFO [http-nio-8080-exec-49] org.apache.catalina.core.ApplicationContext.log Destruyendo el request!
06-Nov-2023 16:48:15.905 INFO [http-nio-8080-exec-50] org.apache.catalina.core.ApplicationContext.log Inicializando el request!
06-Nov-2023 16:48:15.910 INFO [http-nio-8080-exec-50] org.apache.catalina.core.ApplicationContext.log Destruyendo el request!
06-Nov-2023 16:48:24.923 INFO [http-nio-8080-exec-51] org.apache.catalina.core.ApplicationContext.log Inicializando el request!
06-Nov-2023 16:48:24.930 INFO [http-nio-8080-exec-51] org.apache.catalina.core.ApplicationContext.log Destruyendo el request!
06-Nov-2023 16:48:26.562 INFO [http-nio-8080-exec-45] org.apache.catalina.core.ApplicationContext.log Inicializando el request!
06-Nov-2023 16:48:26.696 INFO [http-nio-8080-exec-45] org.apache.catalina.core.ApplicationContext.log Destruyendo el request!
06-Nov-2023 16:51:24.162 INFO [http-nio-8080-exec-46] org.apache.catalina.core.ApplicationContext.log Destruyendo la sesión http
06-Nov-2023 16:51:24.162 INFO [http-nio-8080-exec-46] org.apache.catalina.core.ApplicationContext.log Destruyendo la aplicación!
06-Nov-2023 16:51:25.016 INFO [http-nio-8080-exec-46] org.apache.catalina.core.ApplicationContext.log Inicializando la aplicación!
06-Nov-2023 16:51:33.544 INFO [http-nio-8080-exec-53] org.apache.catalina.core.ApplicationContext.log Inicializando el request!
06-Nov-2023 16:51:33.554 INFO [http-nio-8080-exec-53] org.apache.catalina.core.ApplicationContext.log Destruyendo el request!
06-Nov-2023 16:51:35.840 INFO [http-nio-8080-exec-45] org.apache.catalina.core.ApplicationContext.log Inicializando el request!
06-Nov-2023 16:51:35.859 INFO [http-nio-8080-exec-45] org.apache.catalina.core.ApplicationContext.log Inicializando la sesión http
06-Nov-2023 16:51:36.021 INFO [http-nio-8080-exec-45] org.apache.catalina.core.ApplicationContext.log Destruyendo el request!
06-Nov-2023 16:51:39.331 INFO [http-nio-8080-exec-51] org.apache.catalina.core.ApplicationContext.log Inicializando el request!
06-Nov-2023 16:51:39.337 INFO [http-nio-8080-exec-51] org.apache.catalina.core.ApplicationContext.log Destruyendo el request!
06-Nov-2023 16:51:42.618 INFO [http-nio-8080-exec-50] org.apache.catalina.core.ApplicationContext.log Inicializando el request!
06-Nov-2023 16:51:42.622 INFO [http-nio-8080-exec-50] org.apache.catalina.core.ApplicationContext.log Destruyendo el request!
06-Nov-2023 16:51:45.667 INFO [http-nio-8080-exec-52] org.apache.catalina.core.ApplicationContext.log Inicializando el request!
06-Nov-2023 16:51:45.672 INFO [http-nio-8080-exec-52] org.apache.catalina.core.ApplicationContext.log Destruyendo el request!
06-Nov-2023 16:51:47.674 INFO [http-nio-8080-exec-48] org.apache.catalina.core.ApplicationContext.log Inicializando el request!
06-Nov-2023 16:51:47.773 INFO [http-nio-8080-exec-48] org.apache.catalina.core.ApplicationContext.log Destruyendo el request!
06-Nov-2023 16:51:57.830 INFO [http-nio-8080-exec-54] org.apache.catalina.core.ApplicationContext.log Inicializando el request!
06-Nov-2023 16:51:57.834 INFO [http-nio-8080-exec-54] org.apache.catalina.core.ApplicationContext.log Destruyendo el request!
06-Nov-2023 16:51:57.840 INFO [http-nio-8080-exec-49] org.apache.catalina.core.ApplicationContext.log Inicializando el request!
06-Nov-2023 16:51:57.844 INFO [http-nio-8080-exec-49] org.apache.catalina.core.ApplicationContext.log Destruyendo el request!
06-Nov-2023 16:51:59.981 INFO [http-nio-8080-exec-55] org.apache.catalina.core.ApplicationContext.log Inicializando el request!
06-Nov-2023 16:51:59.989 INFO [http-nio-8080-exec-55] org.apache.catalina.core.ApplicationContext.log Destruyendo el request!
06-Nov-2023 16:52:00.918 INFO [http-nio-8080-exec-47] org.apache.catalina.core.ApplicationContext.log Inicializando el request!
06-Nov-2023 16:52:01.116 SEVERE [http-nio-8080-exec-47] org.apache.catalina.core.ApplicationDispatcher.invoke El Servlet.service() para servlet [jsp] lanzó una excepción
	org.apache.jasper.JasperException: No se puede compilar la clase para JSP: 

Ha tenido lugar un error en la línea: [191] en el fichero java generado: [C:\Users\userg\eclipse-workspace\JavaEE\apache-tomcat-10.1.15-windows-x64\apache-tomcat-10.1.15\work\Catalina\localhost\webapp-session\org\apache\jsp\form_jsp.java]
Syntax error, insert "}" to complete Block

Ha tenido lugar un error en la línea: [208] en el fichero java generado: [C:\Users\userg\eclipse-workspace\JavaEE\apache-tomcat-10.1.15-windows-x64\apache-tomcat-10.1.15\work\Catalina\localhost\webapp-session\org\apache\jsp\form_jsp.java]
Syntax error on token "}", delete this token

Ha tenido lugar un error en la línea: [209] en el fichero java generado: [C:\Users\userg\eclipse-workspace\JavaEE\apache-tomcat-10.1.15-windows-x64\apache-tomcat-10.1.15\work\Catalina\localhost\webapp-session\org\apache\jsp\form_jsp.java]
Syntax error, insert "}" to complete ClassBody

Stacktrace:
		at org.apache.jasper.compiler.DefaultErrorHandler.javacError(DefaultErrorHandler.java:102)
		at org.apache.jasper.compiler.ErrorDispatcher.javacError(ErrorDispatcher.java:214)
		at org.apache.jasper.compiler.JDTCompiler.generateClass(JDTCompiler.java:513)
		at org.apache.jasper.compiler.Compiler.compile(Compiler.java:402)
		at org.apache.jasper.compiler.Compiler.compile(Compiler.java:372)
		at org.apache.jasper.compiler.Compiler.compile(Compiler.java:356)
		at org.apache.jasper.JspCompilationContext.compile(JspCompilationContext.java:603)
		at org.apache.jasper.servlet.JspServletWrapper.service(JspServletWrapper.java:396)
		at org.apache.jasper.servlet.JspServlet.serviceJspFile(JspServlet.java:380)
		at org.apache.jasper.servlet.JspServlet.service(JspServlet.java:328)
		at jakarta.servlet.http.HttpServlet.service(HttpServlet.java:658)
		at org.apache.catalina.core.ApplicationFilterChain.internalDoFilter(ApplicationFilterChain.java:205)
		at org.apache.catalina.core.ApplicationFilterChain.doFilter(ApplicationFilterChain.java:149)
		at org.apache.tomcat.websocket.server.WsFilter.doFilter(WsFilter.java:51)
		at org.apache.catalina.core.ApplicationFilterChain.internalDoFilter(ApplicationFilterChain.java:174)
		at org.apache.catalina.core.ApplicationFilterChain.doFilter(ApplicationFilterChain.java:149)
		at org.apache.catalina.core.ApplicationDispatcher.invoke(ApplicationDispatcher.java:642)
		at org.apache.catalina.core.ApplicationDispatcher.processRequest(ApplicationDispatcher.java:408)
		at org.apache.catalina.core.ApplicationDispatcher.doForward(ApplicationDispatcher.java:340)
		at org.apache.catalina.core.ApplicationDispatcher.forward(ApplicationDispatcher.java:277)
		at org.aartaraz.apiservlet.webapp.headers.controllers.ProductoFormServlet.doGet(ProductoFormServlet.java:21)
		at jakarta.servlet.http.HttpServlet.service(HttpServlet.java:564)
		at jakarta.servlet.http.HttpServlet.service(HttpServlet.java:658)
		at org.apache.catalina.core.ApplicationFilterChain.internalDoFilter(ApplicationFilterChain.java:205)
		at org.apache.catalina.core.ApplicationFilterChain.doFilter(ApplicationFilterChain.java:149)
		at org.apache.tomcat.websocket.server.WsFilter.doFilter(WsFilter.java:51)
		at org.apache.catalina.core.ApplicationFilterChain.internalDoFilter(ApplicationFilterChain.java:174)
		at org.apache.catalina.core.ApplicationFilterChain.doFilter(ApplicationFilterChain.java:149)
		at org.aartaraz.apiservlet.webapp.headers.filters.ConexionFilter.doFilter(ConexionFilter.java:24)
		at org.apache.catalina.core.ApplicationFilterChain.internalDoFilter(ApplicationFilterChain.java:174)
		at org.apache.catalina.core.ApplicationFilterChain.doFilter(ApplicationFilterChain.java:149)
		at org.apache.catalina.core.StandardWrapperValve.invoke(StandardWrapperValve.java:167)
		at org.apache.catalina.core.StandardContextValve.invoke(StandardContextValve.java:90)
		at org.apache.catalina.authenticator.AuthenticatorBase.invoke(AuthenticatorBase.java:482)
		at org.apache.catalina.core.StandardHostValve.invoke(StandardHostValve.java:115)
		at org.apache.catalina.valves.ErrorReportValve.invoke(ErrorReportValve.java:93)
		at org.apache.catalina.valves.AbstractAccessLogValve.invoke(AbstractAccessLogValve.java:673)
		at org.apache.catalina.core.StandardEngineValve.invoke(StandardEngineValve.java:74)
		at org.apache.catalina.connector.CoyoteAdapter.service(CoyoteAdapter.java:340)
		at org.apache.coyote.http11.Http11Processor.service(Http11Processor.java:391)
		at org.apache.coyote.AbstractProcessorLight.process(AbstractProcessorLight.java:63)
		at org.apache.coyote.AbstractProtocol$ConnectionHandler.process(AbstractProtocol.java:896)
		at org.apache.tomcat.util.net.NioEndpoint$SocketProcessor.doRun(NioEndpoint.java:1744)
		at org.apache.tomcat.util.net.SocketProcessorBase.run(SocketProcessorBase.java:52)
		at org.apache.tomcat.util.threads.ThreadPoolExecutor.runWorker(ThreadPoolExecutor.java:1191)
		at org.apache.tomcat.util.threads.ThreadPoolExecutor$Worker.run(ThreadPoolExecutor.java:659)
		at org.apache.tomcat.util.threads.TaskThread$WrappingRunnable.run(TaskThread.java:61)
		at java.base/java.lang.Thread.run(Thread.java:833)
06-Nov-2023 16:52:01.116 SEVERE [http-nio-8080-exec-47] org.apache.catalina.core.StandardWrapperValve.invoke El Servlet.service() para el servlet [org.aartaraz.apiservlet.webapp.headers.controllers.ProductoFormServlet] en el contexto con ruta [/webapp-session] lanzó la excepción [No se puede compilar la clase para JSP: 

Ha tenido lugar un error en la línea: [191] en el fichero java generado: [C:\Users\userg\eclipse-workspace\JavaEE\apache-tomcat-10.1.15-windows-x64\apache-tomcat-10.1.15\work\Catalina\localhost\webapp-session\org\apache\jsp\form_jsp.java]
Syntax error, insert "}" to complete Block

Ha tenido lugar un error en la línea: [208] en el fichero java generado: [C:\Users\userg\eclipse-workspace\JavaEE\apache-tomcat-10.1.15-windows-x64\apache-tomcat-10.1.15\work\Catalina\localhost\webapp-session\org\apache\jsp\form_jsp.java]
Syntax error on token "}", delete this token

Ha tenido lugar un error en la línea: [209] en el fichero java generado: [C:\Users\userg\eclipse-workspace\JavaEE\apache-tomcat-10.1.15-windows-x64\apache-tomcat-10.1.15\work\Catalina\localhost\webapp-session\org\apache\jsp\form_jsp.java]
Syntax error, insert "}" to complete ClassBody

Stacktrace:] con causa raíz
	org.apache.jasper.JasperException: No se puede compilar la clase para JSP: 

Ha tenido lugar un error en la línea: [191] en el fichero java generado: [C:\Users\userg\eclipse-workspace\JavaEE\apache-tomcat-10.1.15-windows-x64\apache-tomcat-10.1.15\work\Catalina\localhost\webapp-session\org\apache\jsp\form_jsp.java]
Syntax error, insert "}" to complete Block

Ha tenido lugar un error en la línea: [208] en el fichero java generado: [C:\Users\userg\eclipse-workspace\JavaEE\apache-tomcat-10.1.15-windows-x64\apache-tomcat-10.1.15\work\Catalina\localhost\webapp-session\org\apache\jsp\form_jsp.java]
Syntax error on token "}", delete this token

Ha tenido lugar un error en la línea: [209] en el fichero java generado: [C:\Users\userg\eclipse-workspace\JavaEE\apache-tomcat-10.1.15-windows-x64\apache-tomcat-10.1.15\work\Catalina\localhost\webapp-session\org\apache\jsp\form_jsp.java]
Syntax error, insert "}" to complete ClassBody

Stacktrace:
		at org.apache.jasper.compiler.DefaultErrorHandler.javacError(DefaultErrorHandler.java:102)
		at org.apache.jasper.compiler.ErrorDispatcher.javacError(ErrorDispatcher.java:214)
		at org.apache.jasper.compiler.JDTCompiler.generateClass(JDTCompiler.java:513)
		at org.apache.jasper.compiler.Compiler.compile(Compiler.java:402)
		at org.apache.jasper.compiler.Compiler.compile(Compiler.java:372)
		at org.apache.jasper.compiler.Compiler.compile(Compiler.java:356)
		at org.apache.jasper.JspCompilationContext.compile(JspCompilationContext.java:603)
		at org.apache.jasper.servlet.JspServletWrapper.service(JspServletWrapper.java:396)
		at org.apache.jasper.servlet.JspServlet.serviceJspFile(JspServlet.java:380)
		at org.apache.jasper.servlet.JspServlet.service(JspServlet.java:328)
		at jakarta.servlet.http.HttpServlet.service(HttpServlet.java:658)
		at org.apache.catalina.core.ApplicationFilterChain.internalDoFilter(ApplicationFilterChain.java:205)
		at org.apache.catalina.core.ApplicationFilterChain.doFilter(ApplicationFilterChain.java:149)
		at org.apache.tomcat.websocket.server.WsFilter.doFilter(WsFilter.java:51)
		at org.apache.catalina.core.ApplicationFilterChain.internalDoFilter(ApplicationFilterChain.java:174)
		at org.apache.catalina.core.ApplicationFilterChain.doFilter(ApplicationFilterChain.java:149)
		at org.apache.catalina.core.ApplicationDispatcher.invoke(ApplicationDispatcher.java:642)
		at org.apache.catalina.core.ApplicationDispatcher.processRequest(ApplicationDispatcher.java:408)
		at org.apache.catalina.core.ApplicationDispatcher.doForward(ApplicationDispatcher.java:340)
		at org.apache.catalina.core.ApplicationDispatcher.forward(ApplicationDispatcher.java:277)
		at org.aartaraz.apiservlet.webapp.headers.controllers.ProductoFormServlet.doGet(ProductoFormServlet.java:21)
		at jakarta.servlet.http.HttpServlet.service(HttpServlet.java:564)
		at jakarta.servlet.http.HttpServlet.service(HttpServlet.java:658)
		at org.apache.catalina.core.ApplicationFilterChain.internalDoFilter(ApplicationFilterChain.java:205)
		at org.apache.catalina.core.ApplicationFilterChain.doFilter(ApplicationFilterChain.java:149)
		at org.apache.tomcat.websocket.server.WsFilter.doFilter(WsFilter.java:51)
		at org.apache.catalina.core.ApplicationFilterChain.internalDoFilter(ApplicationFilterChain.java:174)
		at org.apache.catalina.core.ApplicationFilterChain.doFilter(ApplicationFilterChain.java:149)
		at org.aartaraz.apiservlet.webapp.headers.filters.ConexionFilter.doFilter(ConexionFilter.java:24)
		at org.apache.catalina.core.ApplicationFilterChain.internalDoFilter(ApplicationFilterChain.java:174)
		at org.apache.catalina.core.ApplicationFilterChain.doFilter(ApplicationFilterChain.java:149)
		at org.apache.catalina.core.StandardWrapperValve.invoke(StandardWrapperValve.java:167)
		at org.apache.catalina.core.StandardContextValve.invoke(StandardContextValve.java:90)
		at org.apache.catalina.authenticator.AuthenticatorBase.invoke(AuthenticatorBase.java:482)
		at org.apache.catalina.core.StandardHostValve.invoke(StandardHostValve.java:115)
		at org.apache.catalina.valves.ErrorReportValve.invoke(ErrorReportValve.java:93)
		at org.apache.catalina.valves.AbstractAccessLogValve.invoke(AbstractAccessLogValve.java:673)
		at org.apache.catalina.core.StandardEngineValve.invoke(StandardEngineValve.java:74)
		at org.apache.catalina.connector.CoyoteAdapter.service(CoyoteAdapter.java:340)
		at org.apache.coyote.http11.Http11Processor.service(Http11Processor.java:391)
		at org.apache.coyote.AbstractProcessorLight.process(AbstractProcessorLight.java:63)
		at org.apache.coyote.AbstractProtocol$ConnectionHandler.process(AbstractProtocol.java:896)
		at org.apache.tomcat.util.net.NioEndpoint$SocketProcessor.doRun(NioEndpoint.java:1744)
		at org.apache.tomcat.util.net.SocketProcessorBase.run(SocketProcessorBase.java:52)
		at org.apache.tomcat.util.threads.ThreadPoolExecutor.runWorker(ThreadPoolExecutor.java:1191)
		at org.apache.tomcat.util.threads.ThreadPoolExecutor$Worker.run(ThreadPoolExecutor.java:659)
		at org.apache.tomcat.util.threads.TaskThread$WrappingRunnable.run(TaskThread.java:61)
		at java.base/java.lang.Thread.run(Thread.java:833)
06-Nov-2023 16:52:01.117 INFO [http-nio-8080-exec-47] org.apache.catalina.core.ApplicationContext.log Destruyendo el request!
06-Nov-2023 16:53:20.516 INFO [http-nio-8080-exec-56] org.apache.catalina.core.ApplicationContext.log Destruyendo la sesión http
06-Nov-2023 16:53:20.516 INFO [http-nio-8080-exec-56] org.apache.catalina.core.ApplicationContext.log Destruyendo la aplicación!
06-Nov-2023 16:53:21.235 INFO [http-nio-8080-exec-56] org.apache.catalina.core.ApplicationContext.log Inicializando la aplicación!
06-Nov-2023 16:53:28.936 INFO [http-nio-8080-exec-59] org.apache.catalina.core.ApplicationContext.log Inicializando el request!
06-Nov-2023 16:53:29.075 SEVERE [http-nio-8080-exec-59] org.apache.catalina.core.ApplicationDispatcher.invoke El Servlet.service() para servlet [jsp] lanzó una excepción
	org.apache.jasper.JasperException: No se puede compilar la clase para JSP: 

Ha tenido lugar un error en la línea: [191] en el fichero java generado: [C:\Users\userg\eclipse-workspace\JavaEE\apache-tomcat-10.1.15-windows-x64\apache-tomcat-10.1.15\work\Catalina\localhost\webapp-session\org\apache\jsp\form_jsp.java]
Syntax error, insert "}" to complete Block

Ha tenido lugar un error en la línea: [208] en el fichero java generado: [C:\Users\userg\eclipse-workspace\JavaEE\apache-tomcat-10.1.15-windows-x64\apache-tomcat-10.1.15\work\Catalina\localhost\webapp-session\org\apache\jsp\form_jsp.java]
Syntax error on token "}", delete this token

Ha tenido lugar un error en la línea: [209] en el fichero java generado: [C:\Users\userg\eclipse-workspace\JavaEE\apache-tomcat-10.1.15-windows-x64\apache-tomcat-10.1.15\work\Catalina\localhost\webapp-session\org\apache\jsp\form_jsp.java]
Syntax error, insert "}" to complete ClassBody

Stacktrace:
		at org.apache.jasper.compiler.DefaultErrorHandler.javacError(DefaultErrorHandler.java:102)
		at org.apache.jasper.compiler.ErrorDispatcher.javacError(ErrorDispatcher.java:214)
		at org.apache.jasper.compiler.JDTCompiler.generateClass(JDTCompiler.java:513)
		at org.apache.jasper.compiler.Compiler.compile(Compiler.java:402)
		at org.apache.jasper.compiler.Compiler.compile(Compiler.java:372)
		at org.apache.jasper.compiler.Compiler.compile(Compiler.java:356)
		at org.apache.jasper.JspCompilationContext.compile(JspCompilationContext.java:603)
		at org.apache.jasper.servlet.JspServletWrapper.service(JspServletWrapper.java:396)
		at org.apache.jasper.servlet.JspServlet.serviceJspFile(JspServlet.java:380)
		at org.apache.jasper.servlet.JspServlet.service(JspServlet.java:328)
		at jakarta.servlet.http.HttpServlet.service(HttpServlet.java:658)
		at org.apache.catalina.core.ApplicationFilterChain.internalDoFilter(ApplicationFilterChain.java:205)
		at org.apache.catalina.core.ApplicationFilterChain.doFilter(ApplicationFilterChain.java:149)
		at org.apache.tomcat.websocket.server.WsFilter.doFilter(WsFilter.java:51)
		at org.apache.catalina.core.ApplicationFilterChain.internalDoFilter(ApplicationFilterChain.java:174)
		at org.apache.catalina.core.ApplicationFilterChain.doFilter(ApplicationFilterChain.java:149)
		at org.apache.catalina.core.ApplicationDispatcher.invoke(ApplicationDispatcher.java:642)
		at org.apache.catalina.core.ApplicationDispatcher.processRequest(ApplicationDispatcher.java:408)
		at org.apache.catalina.core.ApplicationDispatcher.doForward(ApplicationDispatcher.java:340)
		at org.apache.catalina.core.ApplicationDispatcher.forward(ApplicationDispatcher.java:277)
		at org.aartaraz.apiservlet.webapp.headers.controllers.ProductoFormServlet.doGet(ProductoFormServlet.java:21)
		at jakarta.servlet.http.HttpServlet.service(HttpServlet.java:564)
		at jakarta.servlet.http.HttpServlet.service(HttpServlet.java:658)
		at org.apache.catalina.core.ApplicationFilterChain.internalDoFilter(ApplicationFilterChain.java:205)
		at org.apache.catalina.core.ApplicationFilterChain.doFilter(ApplicationFilterChain.java:149)
		at org.apache.tomcat.websocket.server.WsFilter.doFilter(WsFilter.java:51)
		at org.apache.catalina.core.ApplicationFilterChain.internalDoFilter(ApplicationFilterChain.java:174)
		at org.apache.catalina.core.ApplicationFilterChain.doFilter(ApplicationFilterChain.java:149)
		at org.aartaraz.apiservlet.webapp.headers.filters.ConexionFilter.doFilter(ConexionFilter.java:24)
		at org.apache.catalina.core.ApplicationFilterChain.internalDoFilter(ApplicationFilterChain.java:174)
		at org.apache.catalina.core.ApplicationFilterChain.doFilter(ApplicationFilterChain.java:149)
		at org.apache.catalina.core.StandardWrapperValve.invoke(StandardWrapperValve.java:167)
		at org.apache.catalina.core.StandardContextValve.invoke(StandardContextValve.java:90)
		at org.apache.catalina.authenticator.AuthenticatorBase.invoke(AuthenticatorBase.java:482)
		at org.apache.catalina.core.StandardHostValve.invoke(StandardHostValve.java:115)
		at org.apache.catalina.valves.ErrorReportValve.invoke(ErrorReportValve.java:93)
		at org.apache.catalina.valves.AbstractAccessLogValve.invoke(AbstractAccessLogValve.java:673)
		at org.apache.catalina.core.StandardEngineValve.invoke(StandardEngineValve.java:74)
		at org.apache.catalina.connector.CoyoteAdapter.service(CoyoteAdapter.java:340)
		at org.apache.coyote.http11.Http11Processor.service(Http11Processor.java:391)
		at org.apache.coyote.AbstractProcessorLight.process(AbstractProcessorLight.java:63)
		at org.apache.coyote.AbstractProtocol$ConnectionHandler.process(AbstractProtocol.java:896)
		at org.apache.tomcat.util.net.NioEndpoint$SocketProcessor.doRun(NioEndpoint.java:1744)
		at org.apache.tomcat.util.net.SocketProcessorBase.run(SocketProcessorBase.java:52)
		at org.apache.tomcat.util.threads.ThreadPoolExecutor.runWorker(ThreadPoolExecutor.java:1191)
		at org.apache.tomcat.util.threads.ThreadPoolExecutor$Worker.run(ThreadPoolExecutor.java:659)
		at org.apache.tomcat.util.threads.TaskThread$WrappingRunnable.run(TaskThread.java:61)
		at java.base/java.lang.Thread.run(Thread.java:833)
06-Nov-2023 16:53:29.076 SEVERE [http-nio-8080-exec-59] org.apache.catalina.core.StandardWrapperValve.invoke El Servlet.service() para el servlet [org.aartaraz.apiservlet.webapp.headers.controllers.ProductoFormServlet] en el contexto con ruta [/webapp-session] lanzó la excepción [No se puede compilar la clase para JSP: 

Ha tenido lugar un error en la línea: [191] en el fichero java generado: [C:\Users\userg\eclipse-workspace\JavaEE\apache-tomcat-10.1.15-windows-x64\apache-tomcat-10.1.15\work\Catalina\localhost\webapp-session\org\apache\jsp\form_jsp.java]
Syntax error, insert "}" to complete Block

Ha tenido lugar un error en la línea: [208] en el fichero java generado: [C:\Users\userg\eclipse-workspace\JavaEE\apache-tomcat-10.1.15-windows-x64\apache-tomcat-10.1.15\work\Catalina\localhost\webapp-session\org\apache\jsp\form_jsp.java]
Syntax error on token "}", delete this token

Ha tenido lugar un error en la línea: [209] en el fichero java generado: [C:\Users\userg\eclipse-workspace\JavaEE\apache-tomcat-10.1.15-windows-x64\apache-tomcat-10.1.15\work\Catalina\localhost\webapp-session\org\apache\jsp\form_jsp.java]
Syntax error, insert "}" to complete ClassBody

Stacktrace:] con causa raíz
	org.apache.jasper.JasperException: No se puede compilar la clase para JSP: 

Ha tenido lugar un error en la línea: [191] en el fichero java generado: [C:\Users\userg\eclipse-workspace\JavaEE\apache-tomcat-10.1.15-windows-x64\apache-tomcat-10.1.15\work\Catalina\localhost\webapp-session\org\apache\jsp\form_jsp.java]
Syntax error, insert "}" to complete Block

Ha tenido lugar un error en la línea: [208] en el fichero java generado: [C:\Users\userg\eclipse-workspace\JavaEE\apache-tomcat-10.1.15-windows-x64\apache-tomcat-10.1.15\work\Catalina\localhost\webapp-session\org\apache\jsp\form_jsp.java]
Syntax error on token "}", delete this token

Ha tenido lugar un error en la línea: [209] en el fichero java generado: [C:\Users\userg\eclipse-workspace\JavaEE\apache-tomcat-10.1.15-windows-x64\apache-tomcat-10.1.15\work\Catalina\localhost\webapp-session\org\apache\jsp\form_jsp.java]
Syntax error, insert "}" to complete ClassBody

Stacktrace:
		at org.apache.jasper.compiler.DefaultErrorHandler.javacError(DefaultErrorHandler.java:102)
		at org.apache.jasper.compiler.ErrorDispatcher.javacError(ErrorDispatcher.java:214)
		at org.apache.jasper.compiler.JDTCompiler.generateClass(JDTCompiler.java:513)
		at org.apache.jasper.compiler.Compiler.compile(Compiler.java:402)
		at org.apache.jasper.compiler.Compiler.compile(Compiler.java:372)
		at org.apache.jasper.compiler.Compiler.compile(Compiler.java:356)
		at org.apache.jasper.JspCompilationContext.compile(JspCompilationContext.java:603)
		at org.apache.jasper.servlet.JspServletWrapper.service(JspServletWrapper.java:396)
		at org.apache.jasper.servlet.JspServlet.serviceJspFile(JspServlet.java:380)
		at org.apache.jasper.servlet.JspServlet.service(JspServlet.java:328)
		at jakarta.servlet.http.HttpServlet.service(HttpServlet.java:658)
		at org.apache.catalina.core.ApplicationFilterChain.internalDoFilter(ApplicationFilterChain.java:205)
		at org.apache.catalina.core.ApplicationFilterChain.doFilter(ApplicationFilterChain.java:149)
		at org.apache.tomcat.websocket.server.WsFilter.doFilter(WsFilter.java:51)
		at org.apache.catalina.core.ApplicationFilterChain.internalDoFilter(ApplicationFilterChain.java:174)
		at org.apache.catalina.core.ApplicationFilterChain.doFilter(ApplicationFilterChain.java:149)
		at org.apache.catalina.core.ApplicationDispatcher.invoke(ApplicationDispatcher.java:642)
		at org.apache.catalina.core.ApplicationDispatcher.processRequest(ApplicationDispatcher.java:408)
		at org.apache.catalina.core.ApplicationDispatcher.doForward(ApplicationDispatcher.java:340)
		at org.apache.catalina.core.ApplicationDispatcher.forward(ApplicationDispatcher.java:277)
		at org.aartaraz.apiservlet.webapp.headers.controllers.ProductoFormServlet.doGet(ProductoFormServlet.java:21)
		at jakarta.servlet.http.HttpServlet.service(HttpServlet.java:564)
		at jakarta.servlet.http.HttpServlet.service(HttpServlet.java:658)
		at org.apache.catalina.core.ApplicationFilterChain.internalDoFilter(ApplicationFilterChain.java:205)
		at org.apache.catalina.core.ApplicationFilterChain.doFilter(ApplicationFilterChain.java:149)
		at org.apache.tomcat.websocket.server.WsFilter.doFilter(WsFilter.java:51)
		at org.apache.catalina.core.ApplicationFilterChain.internalDoFilter(ApplicationFilterChain.java:174)
		at org.apache.catalina.core.ApplicationFilterChain.doFilter(ApplicationFilterChain.java:149)
		at org.aartaraz.apiservlet.webapp.headers.filters.ConexionFilter.doFilter(ConexionFilter.java:24)
		at org.apache.catalina.core.ApplicationFilterChain.internalDoFilter(ApplicationFilterChain.java:174)
		at org.apache.catalina.core.ApplicationFilterChain.doFilter(ApplicationFilterChain.java:149)
		at org.apache.catalina.core.StandardWrapperValve.invoke(StandardWrapperValve.java:167)
		at org.apache.catalina.core.StandardContextValve.invoke(StandardContextValve.java:90)
		at org.apache.catalina.authenticator.AuthenticatorBase.invoke(AuthenticatorBase.java:482)
		at org.apache.catalina.core.StandardHostValve.invoke(StandardHostValve.java:115)
		at org.apache.catalina.valves.ErrorReportValve.invoke(ErrorReportValve.java:93)
		at org.apache.catalina.valves.AbstractAccessLogValve.invoke(AbstractAccessLogValve.java:673)
		at org.apache.catalina.core.StandardEngineValve.invoke(StandardEngineValve.java:74)
		at org.apache.catalina.connector.CoyoteAdapter.service(CoyoteAdapter.java:340)
		at org.apache.coyote.http11.Http11Processor.service(Http11Processor.java:391)
		at org.apache.coyote.AbstractProcessorLight.process(AbstractProcessorLight.java:63)
		at org.apache.coyote.AbstractProtocol$ConnectionHandler.process(AbstractProtocol.java:896)
		at org.apache.tomcat.util.net.NioEndpoint$SocketProcessor.doRun(NioEndpoint.java:1744)
		at org.apache.tomcat.util.net.SocketProcessorBase.run(SocketProcessorBase.java:52)
		at org.apache.tomcat.util.threads.ThreadPoolExecutor.runWorker(ThreadPoolExecutor.java:1191)
		at org.apache.tomcat.util.threads.ThreadPoolExecutor$Worker.run(ThreadPoolExecutor.java:659)
		at org.apache.tomcat.util.threads.TaskThread$WrappingRunnable.run(TaskThread.java:61)
		at java.base/java.lang.Thread.run(Thread.java:833)
06-Nov-2023 16:53:29.076 INFO [http-nio-8080-exec-59] org.apache.catalina.core.ApplicationContext.log Destruyendo el request!
06-Nov-2023 16:53:32.019 INFO [http-nio-8080-exec-60] org.apache.catalina.core.ApplicationContext.log Inicializando el request!
06-Nov-2023 16:53:32.031 INFO [http-nio-8080-exec-60] org.apache.catalina.core.ApplicationContext.log Inicializando la sesión http
06-Nov-2023 16:53:32.165 INFO [http-nio-8080-exec-60] org.apache.catalina.core.ApplicationContext.log Destruyendo el request!
06-Nov-2023 16:53:34.882 INFO [http-nio-8080-exec-62] org.apache.catalina.core.ApplicationContext.log Inicializando el request!
06-Nov-2023 16:53:34.886 INFO [http-nio-8080-exec-62] org.apache.catalina.core.ApplicationContext.log Destruyendo el request!
06-Nov-2023 16:53:35.882 INFO [http-nio-8080-exec-61] org.apache.catalina.core.ApplicationContext.log Inicializando el request!
06-Nov-2023 16:53:35.890 INFO [http-nio-8080-exec-61] org.apache.catalina.core.ApplicationContext.log Destruyendo el request!
06-Nov-2023 16:53:37.725 INFO [http-nio-8080-exec-57] org.apache.catalina.core.ApplicationContext.log Inicializando el request!
06-Nov-2023 16:53:37.815 INFO [http-nio-8080-exec-57] org.apache.catalina.core.ApplicationContext.log Destruyendo el request!
06-Nov-2023 16:53:45.726 INFO [http-nio-8080-exec-64] org.apache.catalina.core.ApplicationContext.log Inicializando el request!
06-Nov-2023 16:53:45.730 INFO [http-nio-8080-exec-64] org.apache.catalina.core.ApplicationContext.log Destruyendo el request!
06-Nov-2023 16:53:45.736 INFO [http-nio-8080-exec-55] org.apache.catalina.core.ApplicationContext.log Inicializando el request!
06-Nov-2023 16:53:45.739 INFO [http-nio-8080-exec-55] org.apache.catalina.core.ApplicationContext.log Destruyendo el request!
06-Nov-2023 16:53:49.435 INFO [http-nio-8080-exec-58] org.apache.catalina.core.ApplicationContext.log Inicializando el request!
06-Nov-2023 16:53:49.441 INFO [http-nio-8080-exec-58] org.apache.catalina.core.ApplicationContext.log Destruyendo el request!
06-Nov-2023 16:53:51.340 INFO [http-nio-8080-exec-65] org.apache.catalina.core.ApplicationContext.log Inicializando el request!
06-Nov-2023 16:53:51.441 SEVERE [http-nio-8080-exec-65] org.apache.catalina.core.ApplicationDispatcher.invoke El Servlet.service() para servlet [jsp] lanzó una excepción
	org.apache.jasper.JasperException: No se puede compilar la clase para JSP: 

Ha tenido lugar un error en la línea: [191] en el fichero java generado: [C:\Users\userg\eclipse-workspace\JavaEE\apache-tomcat-10.1.15-windows-x64\apache-tomcat-10.1.15\work\Catalina\localhost\webapp-session\org\apache\jsp\form_jsp.java]
Syntax error, insert "}" to complete Block

Ha tenido lugar un error en la línea: [208] en el fichero java generado: [C:\Users\userg\eclipse-workspace\JavaEE\apache-tomcat-10.1.15-windows-x64\apache-tomcat-10.1.15\work\Catalina\localhost\webapp-session\org\apache\jsp\form_jsp.java]
Syntax error on token "}", delete this token

Ha tenido lugar un error en la línea: [209] en el fichero java generado: [C:\Users\userg\eclipse-workspace\JavaEE\apache-tomcat-10.1.15-windows-x64\apache-tomcat-10.1.15\work\Catalina\localhost\webapp-session\org\apache\jsp\form_jsp.java]
Syntax error, insert "}" to complete ClassBody

Stacktrace:
		at org.apache.jasper.compiler.DefaultErrorHandler.javacError(DefaultErrorHandler.java:102)
		at org.apache.jasper.compiler.ErrorDispatcher.javacError(ErrorDispatcher.java:214)
		at org.apache.jasper.compiler.JDTCompiler.generateClass(JDTCompiler.java:513)
		at org.apache.jasper.compiler.Compiler.compile(Compiler.java:402)
		at org.apache.jasper.compiler.Compiler.compile(Compiler.java:372)
		at org.apache.jasper.compiler.Compiler.compile(Compiler.java:356)
		at org.apache.jasper.JspCompilationContext.compile(JspCompilationContext.java:603)
		at org.apache.jasper.servlet.JspServletWrapper.service(JspServletWrapper.java:396)
		at org.apache.jasper.servlet.JspServlet.serviceJspFile(JspServlet.java:380)
		at org.apache.jasper.servlet.JspServlet.service(JspServlet.java:328)
		at jakarta.servlet.http.HttpServlet.service(HttpServlet.java:658)
		at org.apache.catalina.core.ApplicationFilterChain.internalDoFilter(ApplicationFilterChain.java:205)
		at org.apache.catalina.core.ApplicationFilterChain.doFilter(ApplicationFilterChain.java:149)
		at org.apache.tomcat.websocket.server.WsFilter.doFilter(WsFilter.java:51)
		at org.apache.catalina.core.ApplicationFilterChain.internalDoFilter(ApplicationFilterChain.java:174)
		at org.apache.catalina.core.ApplicationFilterChain.doFilter(ApplicationFilterChain.java:149)
		at org.apache.catalina.core.ApplicationDispatcher.invoke(ApplicationDispatcher.java:642)
		at org.apache.catalina.core.ApplicationDispatcher.processRequest(ApplicationDispatcher.java:408)
		at org.apache.catalina.core.ApplicationDispatcher.doForward(ApplicationDispatcher.java:340)
		at org.apache.catalina.core.ApplicationDispatcher.forward(ApplicationDispatcher.java:277)
		at org.aartaraz.apiservlet.webapp.headers.controllers.ProductoFormServlet.doGet(ProductoFormServlet.java:21)
		at jakarta.servlet.http.HttpServlet.service(HttpServlet.java:564)
		at jakarta.servlet.http.HttpServlet.service(HttpServlet.java:658)
		at org.apache.catalina.core.ApplicationFilterChain.internalDoFilter(ApplicationFilterChain.java:205)
		at org.apache.catalina.core.ApplicationFilterChain.doFilter(ApplicationFilterChain.java:149)
		at org.apache.tomcat.websocket.server.WsFilter.doFilter(WsFilter.java:51)
		at org.apache.catalina.core.ApplicationFilterChain.internalDoFilter(ApplicationFilterChain.java:174)
		at org.apache.catalina.core.ApplicationFilterChain.doFilter(ApplicationFilterChain.java:149)
		at org.aartaraz.apiservlet.webapp.headers.filters.ConexionFilter.doFilter(ConexionFilter.java:24)
		at org.apache.catalina.core.ApplicationFilterChain.internalDoFilter(ApplicationFilterChain.java:174)
		at org.apache.catalina.core.ApplicationFilterChain.doFilter(ApplicationFilterChain.java:149)
		at org.apache.catalina.core.StandardWrapperValve.invoke(StandardWrapperValve.java:167)
		at org.apache.catalina.core.StandardContextValve.invoke(StandardContextValve.java:90)
		at org.apache.catalina.authenticator.AuthenticatorBase.invoke(AuthenticatorBase.java:482)
		at org.apache.catalina.core.StandardHostValve.invoke(StandardHostValve.java:115)
		at org.apache.catalina.valves.ErrorReportValve.invoke(ErrorReportValve.java:93)
		at org.apache.catalina.valves.AbstractAccessLogValve.invoke(AbstractAccessLogValve.java:673)
		at org.apache.catalina.core.StandardEngineValve.invoke(StandardEngineValve.java:74)
		at org.apache.catalina.connector.CoyoteAdapter.service(CoyoteAdapter.java:340)
		at org.apache.coyote.http11.Http11Processor.service(Http11Processor.java:391)
		at org.apache.coyote.AbstractProcessorLight.process(AbstractProcessorLight.java:63)
		at org.apache.coyote.AbstractProtocol$ConnectionHandler.process(AbstractProtocol.java:896)
		at org.apache.tomcat.util.net.NioEndpoint$SocketProcessor.doRun(NioEndpoint.java:1744)
		at org.apache.tomcat.util.net.SocketProcessorBase.run(SocketProcessorBase.java:52)
		at org.apache.tomcat.util.threads.ThreadPoolExecutor.runWorker(ThreadPoolExecutor.java:1191)
		at org.apache.tomcat.util.threads.ThreadPoolExecutor$Worker.run(ThreadPoolExecutor.java:659)
		at org.apache.tomcat.util.threads.TaskThread$WrappingRunnable.run(TaskThread.java:61)
		at java.base/java.lang.Thread.run(Thread.java:833)
06-Nov-2023 16:53:51.441 SEVERE [http-nio-8080-exec-65] org.apache.catalina.core.StandardWrapperValve.invoke El Servlet.service() para el servlet [org.aartaraz.apiservlet.webapp.headers.controllers.ProductoFormServlet] en el contexto con ruta [/webapp-session] lanzó la excepción [No se puede compilar la clase para JSP: 

Ha tenido lugar un error en la línea: [191] en el fichero java generado: [C:\Users\userg\eclipse-workspace\JavaEE\apache-tomcat-10.1.15-windows-x64\apache-tomcat-10.1.15\work\Catalina\localhost\webapp-session\org\apache\jsp\form_jsp.java]
Syntax error, insert "}" to complete Block

Ha tenido lugar un error en la línea: [208] en el fichero java generado: [C:\Users\userg\eclipse-workspace\JavaEE\apache-tomcat-10.1.15-windows-x64\apache-tomcat-10.1.15\work\Catalina\localhost\webapp-session\org\apache\jsp\form_jsp.java]
Syntax error on token "}", delete this token

Ha tenido lugar un error en la línea: [209] en el fichero java generado: [C:\Users\userg\eclipse-workspace\JavaEE\apache-tomcat-10.1.15-windows-x64\apache-tomcat-10.1.15\work\Catalina\localhost\webapp-session\org\apache\jsp\form_jsp.java]
Syntax error, insert "}" to complete ClassBody

Stacktrace:] con causa raíz
	org.apache.jasper.JasperException: No se puede compilar la clase para JSP: 

Ha tenido lugar un error en la línea: [191] en el fichero java generado: [C:\Users\userg\eclipse-workspace\JavaEE\apache-tomcat-10.1.15-windows-x64\apache-tomcat-10.1.15\work\Catalina\localhost\webapp-session\org\apache\jsp\form_jsp.java]
Syntax error, insert "}" to complete Block

Ha tenido lugar un error en la línea: [208] en el fichero java generado: [C:\Users\userg\eclipse-workspace\JavaEE\apache-tomcat-10.1.15-windows-x64\apache-tomcat-10.1.15\work\Catalina\localhost\webapp-session\org\apache\jsp\form_jsp.java]
Syntax error on token "}", delete this token

Ha tenido lugar un error en la línea: [209] en el fichero java generado: [C:\Users\userg\eclipse-workspace\JavaEE\apache-tomcat-10.1.15-windows-x64\apache-tomcat-10.1.15\work\Catalina\localhost\webapp-session\org\apache\jsp\form_jsp.java]
Syntax error, insert "}" to complete ClassBody

Stacktrace:
		at org.apache.jasper.compiler.DefaultErrorHandler.javacError(DefaultErrorHandler.java:102)
		at org.apache.jasper.compiler.ErrorDispatcher.javacError(ErrorDispatcher.java:214)
		at org.apache.jasper.compiler.JDTCompiler.generateClass(JDTCompiler.java:513)
		at org.apache.jasper.compiler.Compiler.compile(Compiler.java:402)
		at org.apache.jasper.compiler.Compiler.compile(Compiler.java:372)
		at org.apache.jasper.compiler.Compiler.compile(Compiler.java:356)
		at org.apache.jasper.JspCompilationContext.compile(JspCompilationContext.java:603)
		at org.apache.jasper.servlet.JspServletWrapper.service(JspServletWrapper.java:396)
		at org.apache.jasper.servlet.JspServlet.serviceJspFile(JspServlet.java:380)
		at org.apache.jasper.servlet.JspServlet.service(JspServlet.java:328)
		at jakarta.servlet.http.HttpServlet.service(HttpServlet.java:658)
		at org.apache.catalina.core.ApplicationFilterChain.internalDoFilter(ApplicationFilterChain.java:205)
		at org.apache.catalina.core.ApplicationFilterChain.doFilter(ApplicationFilterChain.java:149)
		at org.apache.tomcat.websocket.server.WsFilter.doFilter(WsFilter.java:51)
		at org.apache.catalina.core.ApplicationFilterChain.internalDoFilter(ApplicationFilterChain.java:174)
		at org.apache.catalina.core.ApplicationFilterChain.doFilter(ApplicationFilterChain.java:149)
		at org.apache.catalina.core.ApplicationDispatcher.invoke(ApplicationDispatcher.java:642)
		at org.apache.catalina.core.ApplicationDispatcher.processRequest(ApplicationDispatcher.java:408)
		at org.apache.catalina.core.ApplicationDispatcher.doForward(ApplicationDispatcher.java:340)
		at org.apache.catalina.core.ApplicationDispatcher.forward(ApplicationDispatcher.java:277)
		at org.aartaraz.apiservlet.webapp.headers.controllers.ProductoFormServlet.doGet(ProductoFormServlet.java:21)
		at jakarta.servlet.http.HttpServlet.service(HttpServlet.java:564)
		at jakarta.servlet.http.HttpServlet.service(HttpServlet.java:658)
		at org.apache.catalina.core.ApplicationFilterChain.internalDoFilter(ApplicationFilterChain.java:205)
		at org.apache.catalina.core.ApplicationFilterChain.doFilter(ApplicationFilterChain.java:149)
		at org.apache.tomcat.websocket.server.WsFilter.doFilter(WsFilter.java:51)
		at org.apache.catalina.core.ApplicationFilterChain.internalDoFilter(ApplicationFilterChain.java:174)
		at org.apache.catalina.core.ApplicationFilterChain.doFilter(ApplicationFilterChain.java:149)
		at org.aartaraz.apiservlet.webapp.headers.filters.ConexionFilter.doFilter(ConexionFilter.java:24)
		at org.apache.catalina.core.ApplicationFilterChain.internalDoFilter(ApplicationFilterChain.java:174)
		at org.apache.catalina.core.ApplicationFilterChain.doFilter(ApplicationFilterChain.java:149)
		at org.apache.catalina.core.StandardWrapperValve.invoke(StandardWrapperValve.java:167)
		at org.apache.catalina.core.StandardContextValve.invoke(StandardContextValve.java:90)
		at org.apache.catalina.authenticator.AuthenticatorBase.invoke(AuthenticatorBase.java:482)
		at org.apache.catalina.core.StandardHostValve.invoke(StandardHostValve.java:115)
		at org.apache.catalina.valves.ErrorReportValve.invoke(ErrorReportValve.java:93)
		at org.apache.catalina.valves.AbstractAccessLogValve.invoke(AbstractAccessLogValve.java:673)
		at org.apache.catalina.core.StandardEngineValve.invoke(StandardEngineValve.java:74)
		at org.apache.catalina.connector.CoyoteAdapter.service(CoyoteAdapter.java:340)
		at org.apache.coyote.http11.Http11Processor.service(Http11Processor.java:391)
		at org.apache.coyote.AbstractProcessorLight.process(AbstractProcessorLight.java:63)
		at org.apache.coyote.AbstractProtocol$ConnectionHandler.process(AbstractProtocol.java:896)
		at org.apache.tomcat.util.net.NioEndpoint$SocketProcessor.doRun(NioEndpoint.java:1744)
		at org.apache.tomcat.util.net.SocketProcessorBase.run(SocketProcessorBase.java:52)
		at org.apache.tomcat.util.threads.ThreadPoolExecutor.runWorker(ThreadPoolExecutor.java:1191)
		at org.apache.tomcat.util.threads.ThreadPoolExecutor$Worker.run(ThreadPoolExecutor.java:659)
		at org.apache.tomcat.util.threads.TaskThread$WrappingRunnable.run(TaskThread.java:61)
		at java.base/java.lang.Thread.run(Thread.java:833)
06-Nov-2023 16:53:51.441 INFO [http-nio-8080-exec-65] org.apache.catalina.core.ApplicationContext.log Destruyendo el request!
06-Nov-2023 16:54:50.653 INFO [http-nio-8080-exec-66] org.apache.catalina.core.ApplicationContext.log Destruyendo la sesión http
06-Nov-2023 16:54:50.653 INFO [http-nio-8080-exec-66] org.apache.catalina.core.ApplicationContext.log Destruyendo la aplicación!
06-Nov-2023 16:54:51.389 INFO [http-nio-8080-exec-66] org.apache.catalina.core.ApplicationContext.log Inicializando la aplicación!
06-Nov-2023 16:54:53.949 INFO [http-nio-8080-exec-67] org.apache.catalina.core.ApplicationContext.log Inicializando el request!
06-Nov-2023 16:54:54.075 INFO [http-nio-8080-exec-67] org.apache.catalina.core.ApplicationContext.log Inicializando la sesión http
06-Nov-2023 16:54:54.076 INFO [http-nio-8080-exec-67] org.apache.catalina.core.ApplicationContext.log Destruyendo el request!
06-Nov-2023 17:10:43.922 INFO [Thread-1] org.apache.catalina.core.ApplicationContext.log SessionListener: contextDestroyed()
06-Nov-2023 17:10:43.922 INFO [Thread-1] org.apache.catalina.core.ApplicationContext.log ContextListener: contextDestroyed()
06-Nov-2023 17:10:43.938 INFO [Thread-1] org.apache.catalina.core.ApplicationContext.log Destruyendo la sesión http
06-Nov-2023 17:10:43.938 INFO [Thread-1] org.apache.catalina.core.ApplicationContext.log Destruyendo la aplicación!
