19-Oct-2023 10:59:24.558 INFO [main] org.apache.catalina.core.ApplicationContext.log ContextListener: contextInitialized()
19-Oct-2023 10:59:24.558 INFO [main] org.apache.catalina.core.ApplicationContext.log SessionListener: contextInitialized()
19-Oct-2023 10:59:24.561 INFO [main] org.apache.catalina.core.ApplicationContext.log ContextListener: attributeAdded('StockTicker', 'async.Stockticker@25ddbbbb')
19-Oct-2023 11:09:45.865 INFO [main] org.apache.catalina.core.ApplicationContext.log ContextListener: contextInitialized()
19-Oct-2023 11:09:45.865 INFO [main] org.apache.catalina.core.ApplicationContext.log SessionListener: contextInitialized()
19-Oct-2023 11:09:45.868 INFO [main] org.apache.catalina.core.ApplicationContext.log ContextListener: attributeAdded('StockTicker', 'async.Stockticker@1536602f')
19-Oct-2023 11:25:07.429 INFO [main] org.apache.catalina.core.ApplicationContext.log SessionListener: contextDestroyed()
19-Oct-2023 11:25:07.429 INFO [main] org.apache.catalina.core.ApplicationContext.log ContextListener: contextDestroyed()
19-Oct-2023 11:31:52.332 INFO [main] org.apache.catalina.core.ApplicationContext.log ContextListener: contextInitialized()
19-Oct-2023 11:31:52.332 INFO [main] org.apache.catalina.core.ApplicationContext.log SessionListener: contextInitialized()
19-Oct-2023 11:31:52.335 INFO [main] org.apache.catalina.core.ApplicationContext.log ContextListener: attributeAdded('StockTicker', 'async.Stockticker@5241cf67')
19-Oct-2023 11:38:30.488 INFO [Thread-1] org.apache.catalina.core.ApplicationContext.log SessionListener: contextDestroyed()
19-Oct-2023 11:38:30.489 INFO [Thread-1] org.apache.catalina.core.ApplicationContext.log ContextListener: contextDestroyed()
19-Oct-2023 12:38:23.978 INFO [main] org.apache.catalina.core.ApplicationContext.log ContextListener: contextInitialized()
19-Oct-2023 12:38:23.978 INFO [main] org.apache.catalina.core.ApplicationContext.log SessionListener: contextInitialized()
19-Oct-2023 12:38:23.980 INFO [main] org.apache.catalina.core.ApplicationContext.log ContextListener: attributeAdded('StockTicker', 'async.Stockticker@37f21974')
19-Oct-2023 12:46:28.940 INFO [main] org.apache.catalina.core.ApplicationContext.log ContextListener: contextInitialized()
19-Oct-2023 12:46:28.940 INFO [main] org.apache.catalina.core.ApplicationContext.log SessionListener: contextInitialized()
19-Oct-2023 12:46:28.942 INFO [main] org.apache.catalina.core.ApplicationContext.log ContextListener: attributeAdded('StockTicker', 'async.Stockticker@7f69d591')
19-Oct-2023 12:55:26.346 INFO [main] org.apache.catalina.core.ApplicationContext.log SessionListener: contextDestroyed()
19-Oct-2023 12:55:26.346 INFO [main] org.apache.catalina.core.ApplicationContext.log ContextListener: contextDestroyed()
19-Oct-2023 13:21:06.925 INFO [main] org.apache.catalina.core.ApplicationContext.log ContextListener: contextInitialized()
19-Oct-2023 13:21:06.925 INFO [main] org.apache.catalina.core.ApplicationContext.log SessionListener: contextInitialized()
19-Oct-2023 13:21:06.930 INFO [main] org.apache.catalina.core.ApplicationContext.log ContextListener: attributeAdded('StockTicker', 'async.Stockticker@5df417a7')
19-Oct-2023 13:36:42.284 INFO [Thread-1] org.apache.catalina.core.ApplicationContext.log SessionListener: contextDestroyed()
19-Oct-2023 13:36:42.284 INFO [Thread-1] org.apache.catalina.core.ApplicationContext.log ContextListener: contextDestroyed()
19-Oct-2023 13:43:43.729 INFO [main] org.apache.catalina.core.ApplicationContext.log ContextListener: contextInitialized()
19-Oct-2023 13:43:43.729 INFO [main] org.apache.catalina.core.ApplicationContext.log SessionListener: contextInitialized()
19-Oct-2023 13:43:43.731 INFO [main] org.apache.catalina.core.ApplicationContext.log ContextListener: attributeAdded('StockTicker', 'async.Stockticker@403132fc')
19-Oct-2023 13:57:10.255 SEVERE [http-nio-8080-exec-27] org.apache.catalina.core.StandardWrapperValve.invoke Servlet.service() para servlet [org.aartaraz.webapp.servlet.ParametroGetServlet] lanzó excepción
	java.lang.NumberFormatException: Cannot parse null string
		at java.base/java.lang.Integer.parseInt(Integer.java:630)
		at java.base/java.lang.Integer.valueOf(Integer.java:999)
		at org.aartaraz.webapp.servlet.ParametroGetServlet.doGet(ParametroGetServlet.java:21)
		at jakarta.servlet.http.HttpServlet.service(HttpServlet.java:564)
		at jakarta.servlet.http.HttpServlet.service(HttpServlet.java:658)
		at org.apache.catalina.core.ApplicationFilterChain.internalDoFilter(ApplicationFilterChain.java:205)
		at org.apache.catalina.core.ApplicationFilterChain.doFilter(ApplicationFilterChain.java:149)
		at org.apache.tomcat.websocket.server.WsFilter.doFilter(WsFilter.java:51)
		at org.apache.catalina.core.ApplicationFilterChain.internalDoFilter(ApplicationFilterChain.java:174)
		at org.apache.catalina.core.ApplicationFilterChain.doFilter(ApplicationFilterChain.java:149)
		at org.apache.catalina.core.StandardWrapperValve.invoke(StandardWrapperValve.java:167)
		at org.apache.catalina.core.StandardContextValve.invoke(StandardContextValve.java:90)
		at org.apache.catalina.authenticator.AuthenticatorBase.invoke(AuthenticatorBase.java:482)
		at org.apache.catalina.core.StandardHostValve.invoke(StandardHostValve.java:115)
		at org.apache.catalina.valves.ErrorReportValve.invoke(ErrorReportValve.java:93)
		at org.apache.catalina.valves.AbstractAccessLogValve.invoke(AbstractAccessLogValve.java:673)
		at org.apache.catalina.core.StandardEngineValve.invoke(StandardEngineValve.java:74)
		at org.apache.catalina.connector.CoyoteAdapter.service(CoyoteAdapter.java:340)
		at org.apache.coyote.http11.Http11Processor.service(Http11Processor.java:391)
		at org.apache.coyote.AbstractProcessorLight.process(AbstractProcessorLight.java:63)
		at org.apache.coyote.AbstractProtocol$ConnectionHandler.process(AbstractProtocol.java:896)
		at org.apache.tomcat.util.net.NioEndpoint$SocketProcessor.doRun(NioEndpoint.java:1744)
		at org.apache.tomcat.util.net.SocketProcessorBase.run(SocketProcessorBase.java:52)
		at org.apache.tomcat.util.threads.ThreadPoolExecutor.runWorker(ThreadPoolExecutor.java:1191)
		at org.apache.tomcat.util.threads.ThreadPoolExecutor$Worker.run(ThreadPoolExecutor.java:659)
		at org.apache.tomcat.util.threads.TaskThread$WrappingRunnable.run(TaskThread.java:61)
		at java.base/java.lang.Thread.run(Thread.java:833)
19-Oct-2023 15:32:48.788 INFO [Thread-1] org.apache.catalina.core.ApplicationContext.log SessionListener: contextDestroyed()
19-Oct-2023 15:32:48.788 INFO [Thread-1] org.apache.catalina.core.ApplicationContext.log ContextListener: contextDestroyed()
19-Oct-2023 16:49:43.898 INFO [main] org.apache.catalina.core.ApplicationContext.log ContextListener: contextInitialized()
19-Oct-2023 16:49:43.898 INFO [main] org.apache.catalina.core.ApplicationContext.log SessionListener: contextInitialized()
19-Oct-2023 16:49:43.901 INFO [main] org.apache.catalina.core.ApplicationContext.log ContextListener: attributeAdded('StockTicker', 'async.Stockticker@60bdf15d')
19-Oct-2023 16:49:44.095 INFO [main] org.apache.catalina.core.ApplicationContext.log SessionListener: contextDestroyed()
19-Oct-2023 16:49:44.095 INFO [main] org.apache.catalina.core.ApplicationContext.log ContextListener: contextDestroyed()
19-Oct-2023 18:19:13.928 INFO [main] org.apache.catalina.core.ApplicationContext.log ContextListener: contextInitialized()
19-Oct-2023 18:19:13.928 INFO [main] org.apache.catalina.core.ApplicationContext.log SessionListener: contextInitialized()
19-Oct-2023 18:19:13.933 INFO [main] org.apache.catalina.core.ApplicationContext.log ContextListener: attributeAdded('StockTicker', 'async.Stockticker@5db4c359')
19-Oct-2023 19:09:26.342 INFO [main] org.apache.catalina.core.ApplicationContext.log ContextListener: contextInitialized()
19-Oct-2023 19:09:26.342 INFO [main] org.apache.catalina.core.ApplicationContext.log SessionListener: contextInitialized()
19-Oct-2023 19:09:26.346 INFO [main] org.apache.catalina.core.ApplicationContext.log ContextListener: attributeAdded('StockTicker', 'async.Stockticker@71104a4')
19-Oct-2023 19:23:54.266 INFO [main] org.apache.catalina.core.ApplicationContext.log ContextListener: contextInitialized()
19-Oct-2023 19:23:54.267 INFO [main] org.apache.catalina.core.ApplicationContext.log SessionListener: contextInitialized()
19-Oct-2023 19:23:54.271 INFO [main] org.apache.catalina.core.ApplicationContext.log ContextListener: attributeAdded('StockTicker', 'async.Stockticker@10c8f62')
19-Oct-2023 19:23:54.536 INFO [main] org.apache.catalina.core.ApplicationContext.log SessionListener: contextDestroyed()
19-Oct-2023 19:23:54.536 INFO [main] org.apache.catalina.core.ApplicationContext.log ContextListener: contextDestroyed()
