19-Oct-2023 10:59:22.453 INFO [main] org.apache.catalina.startup.VersionLoggerListener.log Nombre de la versión del servidor: Apache Tomcat/10.1.15
19-Oct-2023 10:59:22.461 INFO [main] org.apache.catalina.startup.VersionLoggerListener.log Server built:                      Oct 11 2023 23:38:40 UTC
19-Oct-2023 10:59:22.463 INFO [main] org.apache.catalina.startup.VersionLoggerListener.log Número de versión de servidor:     10.1.15.0
19-Oct-2023 10:59:22.463 INFO [main] org.apache.catalina.startup.VersionLoggerListener.log OS Name:                           Windows 11
19-Oct-2023 10:59:22.464 INFO [main] org.apache.catalina.startup.VersionLoggerListener.log Versión de Systema Operativo:      10.0
19-Oct-2023 10:59:22.464 INFO [main] org.apache.catalina.startup.VersionLoggerListener.log Arquitectura:                      amd64
19-Oct-2023 10:59:22.465 INFO [main] org.apache.catalina.startup.VersionLoggerListener.log Java Home:                         C:\Program Files\Java\jdk-17.0.2
19-Oct-2023 10:59:22.465 INFO [main] org.apache.catalina.startup.VersionLoggerListener.log JVM Version:                       17.0.2+8-86
19-Oct-2023 10:59:22.465 INFO [main] org.apache.catalina.startup.VersionLoggerListener.log Vededor JVM:                       Oracle Corporation
19-Oct-2023 10:59:22.466 INFO [main] org.apache.catalina.startup.VersionLoggerListener.log CATALINA_BASE:                     C:\Users\userg\eclipse-workspace\JavaEE\apache-tomcat-10.1.15-windows-x64\apache-tomcat-10.1.15
19-Oct-2023 10:59:22.466 INFO [main] org.apache.catalina.startup.VersionLoggerListener.log CATALINA_HOME:                     C:\Users\userg\eclipse-workspace\JavaEE\apache-tomcat-10.1.15-windows-x64\apache-tomcat-10.1.15
19-Oct-2023 10:59:22.484 INFO [main] org.apache.catalina.startup.VersionLoggerListener.log Command line argument:             -Djava.util.logging.config.file=C:\Users\userg\eclipse-workspace\JavaEE\apache-tomcat-10.1.15-windows-x64\apache-tomcat-10.1.15\conf\logging.properties
19-Oct-2023 10:59:22.489 INFO [main] org.apache.catalina.startup.VersionLoggerListener.log Command line argument:             -Djava.util.logging.manager=org.apache.juli.ClassLoaderLogManager
19-Oct-2023 10:59:22.490 INFO [main] org.apache.catalina.startup.VersionLoggerListener.log Command line argument:             -Djdk.tls.ephemeralDHKeySize=2048
19-Oct-2023 10:59:22.490 INFO [main] org.apache.catalina.startup.VersionLoggerListener.log Command line argument:             -Djava.protocol.handler.pkgs=org.apache.catalina.webresources
19-Oct-2023 10:59:22.491 INFO [main] org.apache.catalina.startup.VersionLoggerListener.log Command line argument:             --add-opens=java.base/java.lang=ALL-UNNAMED
19-Oct-2023 10:59:22.492 INFO [main] org.apache.catalina.startup.VersionLoggerListener.log Command line argument:             --add-opens=java.base/java.io=ALL-UNNAMED
19-Oct-2023 10:59:22.493 INFO [main] org.apache.catalina.startup.VersionLoggerListener.log Command line argument:             --add-opens=java.base/java.util=ALL-UNNAMED
19-Oct-2023 10:59:22.494 INFO [main] org.apache.catalina.startup.VersionLoggerListener.log Command line argument:             --add-opens=java.base/java.util.concurrent=ALL-UNNAMED
19-Oct-2023 10:59:22.496 INFO [main] org.apache.catalina.startup.VersionLoggerListener.log Command line argument:             --add-opens=java.rmi/sun.rmi.transport=ALL-UNNAMED
19-Oct-2023 10:59:22.497 INFO [main] org.apache.catalina.startup.VersionLoggerListener.log Command line argument:             -Dcatalina.base=C:\Users\userg\eclipse-workspace\JavaEE\apache-tomcat-10.1.15-windows-x64\apache-tomcat-10.1.15
19-Oct-2023 10:59:22.498 INFO [main] org.apache.catalina.startup.VersionLoggerListener.log Command line argument:             -Dcatalina.home=C:\Users\userg\eclipse-workspace\JavaEE\apache-tomcat-10.1.15-windows-x64\apache-tomcat-10.1.15
19-Oct-2023 10:59:22.499 INFO [main] org.apache.catalina.startup.VersionLoggerListener.log Command line argument:             -Djava.io.tmpdir=C:\Users\userg\eclipse-workspace\JavaEE\apache-tomcat-10.1.15-windows-x64\apache-tomcat-10.1.15\temp
19-Oct-2023 10:59:22.505 INFO [main] org.apache.catalina.core.AprLifecycleListener.lifecycleEvent Cargada la biblioteca nativa APR de Apache Tomcat [2.0.6] con la versión APR [1.7.4].
19-Oct-2023 10:59:22.517 INFO [main] org.apache.catalina.core.AprLifecycleListener.initializeSSL OpenSSL inicializado correctamente [OpenSSL 3.0.11 19 Sep 2023]
19-Oct-2023 10:59:22.976 INFO [main] org.apache.coyote.AbstractProtocol.init Inicializando el manejador de protocolo ["http-nio-8080"]

19-Oct-2023 10:59:23.024 INFO [main] org.apache.catalina.startup.Catalina.load Server initialization in [1016] milliseconds
19-Oct-2023 10:59:23.124 INFO [main] org.apache.catalina.core.StandardService.startInternal Arrancando servicio [Catalina]
19-Oct-2023 10:59:23.125 INFO [main] org.apache.catalina.core.StandardEngine.startInternal Starting Servlet engine: [Apache Tomcat/10.1.15]
19-Oct-2023 10:59:23.148 INFO [main] org.apache.catalina.startup.HostConfig.deployDirectory Desplegando el directorio [C:\Users\userg\eclipse-workspace\JavaEE\apache-tomcat-10.1.15-windows-x64\apache-tomcat-10.1.15\webapps\docs] de la aplicación web
19-Oct-2023 10:59:23.650 INFO [main] org.apache.catalina.startup.HostConfig.deployDirectory Deployment of web application directory [C:\Users\userg\eclipse-workspace\JavaEE\apache-tomcat-10.1.15-windows-x64\apache-tomcat-10.1.15\webapps\docs] has finished in [500] ms
19-Oct-2023 10:59:23.650 INFO [main] org.apache.catalina.startup.HostConfig.deployDirectory Desplegando el directorio [C:\Users\userg\eclipse-workspace\JavaEE\apache-tomcat-10.1.15-windows-x64\apache-tomcat-10.1.15\webapps\examples] de la aplicación web
19-Oct-2023 10:59:24.579 INFO [main] org.apache.catalina.startup.HostConfig.deployDirectory Deployment of web application directory [C:\Users\userg\eclipse-workspace\JavaEE\apache-tomcat-10.1.15-windows-x64\apache-tomcat-10.1.15\webapps\examples] has finished in [929] ms
19-Oct-2023 10:59:24.580 INFO [main] org.apache.catalina.startup.HostConfig.deployDirectory Desplegando el directorio [C:\Users\userg\eclipse-workspace\JavaEE\apache-tomcat-10.1.15-windows-x64\apache-tomcat-10.1.15\webapps\host-manager] de la aplicación web
19-Oct-2023 10:59:24.658 INFO [main] org.apache.catalina.startup.HostConfig.deployDirectory Deployment of web application directory [C:\Users\userg\eclipse-workspace\JavaEE\apache-tomcat-10.1.15-windows-x64\apache-tomcat-10.1.15\webapps\host-manager] has finished in [79] ms
19-Oct-2023 10:59:24.659 INFO [main] org.apache.catalina.startup.HostConfig.deployDirectory Desplegando el directorio [C:\Users\userg\eclipse-workspace\JavaEE\apache-tomcat-10.1.15-windows-x64\apache-tomcat-10.1.15\webapps\manager] de la aplicación web
19-Oct-2023 10:59:24.742 INFO [main] org.apache.catalina.startup.HostConfig.deployDirectory Deployment of web application directory [C:\Users\userg\eclipse-workspace\JavaEE\apache-tomcat-10.1.15-windows-x64\apache-tomcat-10.1.15\webapps\manager] has finished in [83] ms
19-Oct-2023 10:59:24.742 INFO [main] org.apache.catalina.startup.HostConfig.deployDirectory Desplegando el directorio [C:\Users\userg\eclipse-workspace\JavaEE\apache-tomcat-10.1.15-windows-x64\apache-tomcat-10.1.15\webapps\ROOT] de la aplicación web
19-Oct-2023 10:59:24.788 INFO [main] org.apache.catalina.startup.HostConfig.deployDirectory Deployment of web application directory [C:\Users\userg\eclipse-workspace\JavaEE\apache-tomcat-10.1.15-windows-x64\apache-tomcat-10.1.15\webapps\ROOT] has finished in [46] ms
19-Oct-2023 10:59:24.794 INFO [main] org.apache.coyote.AbstractProtocol.start Starting ProtocolHandler ["http-nio-8080"]
19-Oct-2023 10:59:24.873 INFO [main] org.apache.catalina.startup.Catalina.start Server startup in [1848] milliseconds
19-Oct-2023 11:09:44.074 INFO [main] org.apache.catalina.startup.VersionLoggerListener.log Nombre de la versión del servidor: Apache Tomcat/10.1.15
19-Oct-2023 11:09:44.081 INFO [main] org.apache.catalina.startup.VersionLoggerListener.log Server built:                      Oct 11 2023 23:38:40 UTC
19-Oct-2023 11:09:44.081 INFO [main] org.apache.catalina.startup.VersionLoggerListener.log Número de versión de servidor:     10.1.15.0
19-Oct-2023 11:09:44.081 INFO [main] org.apache.catalina.startup.VersionLoggerListener.log OS Name:                           Windows 11
19-Oct-2023 11:09:44.082 INFO [main] org.apache.catalina.startup.VersionLoggerListener.log Versión de Systema Operativo:      10.0
19-Oct-2023 11:09:44.082 INFO [main] org.apache.catalina.startup.VersionLoggerListener.log Arquitectura:                      amd64
19-Oct-2023 11:09:44.082 INFO [main] org.apache.catalina.startup.VersionLoggerListener.log Java Home:                         C:\Program Files\Java\jdk-17.0.2
19-Oct-2023 11:09:44.082 INFO [main] org.apache.catalina.startup.VersionLoggerListener.log JVM Version:                       17.0.2+8-86
19-Oct-2023 11:09:44.082 INFO [main] org.apache.catalina.startup.VersionLoggerListener.log Vededor JVM:                       Oracle Corporation
19-Oct-2023 11:09:44.083 INFO [main] org.apache.catalina.startup.VersionLoggerListener.log CATALINA_BASE:                     C:\Users\userg\eclipse-workspace\JavaEE\apache-tomcat-10.1.15-windows-x64\apache-tomcat-10.1.15
19-Oct-2023 11:09:44.083 INFO [main] org.apache.catalina.startup.VersionLoggerListener.log CATALINA_HOME:                     C:\Users\userg\eclipse-workspace\JavaEE\apache-tomcat-10.1.15-windows-x64\apache-tomcat-10.1.15
19-Oct-2023 11:09:44.097 INFO [main] org.apache.catalina.startup.VersionLoggerListener.log Command line argument:             -Djava.util.logging.config.file=C:\Users\userg\eclipse-workspace\JavaEE\apache-tomcat-10.1.15-windows-x64\apache-tomcat-10.1.15\conf\logging.properties
19-Oct-2023 11:09:44.097 INFO [main] org.apache.catalina.startup.VersionLoggerListener.log Command line argument:             -Djava.util.logging.manager=org.apache.juli.ClassLoaderLogManager
19-Oct-2023 11:09:44.097 INFO [main] org.apache.catalina.startup.VersionLoggerListener.log Command line argument:             -Djdk.tls.ephemeralDHKeySize=2048
19-Oct-2023 11:09:44.098 INFO [main] org.apache.catalina.startup.VersionLoggerListener.log Command line argument:             -Djava.protocol.handler.pkgs=org.apache.catalina.webresources
19-Oct-2023 11:09:44.098 INFO [main] org.apache.catalina.startup.VersionLoggerListener.log Command line argument:             --add-opens=java.base/java.lang=ALL-UNNAMED
19-Oct-2023 11:09:44.099 INFO [main] org.apache.catalina.startup.VersionLoggerListener.log Command line argument:             --add-opens=java.base/java.io=ALL-UNNAMED
19-Oct-2023 11:09:44.099 INFO [main] org.apache.catalina.startup.VersionLoggerListener.log Command line argument:             --add-opens=java.base/java.util=ALL-UNNAMED
19-Oct-2023 11:09:44.107 INFO [main] org.apache.catalina.startup.VersionLoggerListener.log Command line argument:             --add-opens=java.base/java.util.concurrent=ALL-UNNAMED
19-Oct-2023 11:09:44.110 INFO [main] org.apache.catalina.startup.VersionLoggerListener.log Command line argument:             --add-opens=java.rmi/sun.rmi.transport=ALL-UNNAMED
19-Oct-2023 11:09:44.110 INFO [main] org.apache.catalina.startup.VersionLoggerListener.log Command line argument:             -Dcatalina.base=C:\Users\userg\eclipse-workspace\JavaEE\apache-tomcat-10.1.15-windows-x64\apache-tomcat-10.1.15
19-Oct-2023 11:09:44.112 INFO [main] org.apache.catalina.startup.VersionLoggerListener.log Command line argument:             -Dcatalina.home=C:\Users\userg\eclipse-workspace\JavaEE\apache-tomcat-10.1.15-windows-x64\apache-tomcat-10.1.15
19-Oct-2023 11:09:44.113 INFO [main] org.apache.catalina.startup.VersionLoggerListener.log Command line argument:             -Djava.io.tmpdir=C:\Users\userg\eclipse-workspace\JavaEE\apache-tomcat-10.1.15-windows-x64\apache-tomcat-10.1.15\temp
19-Oct-2023 11:09:44.119 INFO [main] org.apache.catalina.core.AprLifecycleListener.lifecycleEvent Cargada la biblioteca nativa APR de Apache Tomcat [2.0.6] con la versión APR [1.7.4].
19-Oct-2023 11:09:44.128 INFO [main] org.apache.catalina.core.AprLifecycleListener.initializeSSL OpenSSL inicializado correctamente [OpenSSL 3.0.11 19 Sep 2023]
19-Oct-2023 11:09:44.499 INFO [main] org.apache.coyote.AbstractProtocol.init Inicializando el manejador de protocolo ["http-nio-8080"]

19-Oct-2023 11:09:44.532 INFO [main] org.apache.catalina.startup.Catalina.load Server initialization in [770] milliseconds
19-Oct-2023 11:09:44.624 INFO [main] org.apache.catalina.core.StandardService.startInternal Arrancando servicio [Catalina]
19-Oct-2023 11:09:44.624 INFO [main] org.apache.catalina.core.StandardEngine.startInternal Starting Servlet engine: [Apache Tomcat/10.1.15]
19-Oct-2023 11:09:44.655 INFO [main] org.apache.catalina.startup.HostConfig.deployDirectory Desplegando el directorio [C:\Users\userg\eclipse-workspace\JavaEE\apache-tomcat-10.1.15-windows-x64\apache-tomcat-10.1.15\webapps\docs] de la aplicación web
19-Oct-2023 11:09:45.194 INFO [main] org.apache.catalina.startup.HostConfig.deployDirectory Deployment of web application directory [C:\Users\userg\eclipse-workspace\JavaEE\apache-tomcat-10.1.15-windows-x64\apache-tomcat-10.1.15\webapps\docs] has finished in [539] ms
19-Oct-2023 11:09:45.195 INFO [main] org.apache.catalina.startup.HostConfig.deployDirectory Desplegando el directorio [C:\Users\userg\eclipse-workspace\JavaEE\apache-tomcat-10.1.15-windows-x64\apache-tomcat-10.1.15\webapps\examples] de la aplicación web
19-Oct-2023 11:09:45.882 INFO [main] org.apache.catalina.startup.HostConfig.deployDirectory Deployment of web application directory [C:\Users\userg\eclipse-workspace\JavaEE\apache-tomcat-10.1.15-windows-x64\apache-tomcat-10.1.15\webapps\examples] has finished in [687] ms
19-Oct-2023 11:09:45.883 INFO [main] org.apache.catalina.startup.HostConfig.deployDirectory Desplegando el directorio [C:\Users\userg\eclipse-workspace\JavaEE\apache-tomcat-10.1.15-windows-x64\apache-tomcat-10.1.15\webapps\host-manager] de la aplicación web
19-Oct-2023 11:09:45.948 INFO [main] org.apache.catalina.startup.HostConfig.deployDirectory Deployment of web application directory [C:\Users\userg\eclipse-workspace\JavaEE\apache-tomcat-10.1.15-windows-x64\apache-tomcat-10.1.15\webapps\host-manager] has finished in [65] ms
19-Oct-2023 11:09:45.948 INFO [main] org.apache.catalina.startup.HostConfig.deployDirectory Desplegando el directorio [C:\Users\userg\eclipse-workspace\JavaEE\apache-tomcat-10.1.15-windows-x64\apache-tomcat-10.1.15\webapps\manager] de la aplicación web
19-Oct-2023 11:09:46.013 INFO [main] org.apache.catalina.startup.HostConfig.deployDirectory Deployment of web application directory [C:\Users\userg\eclipse-workspace\JavaEE\apache-tomcat-10.1.15-windows-x64\apache-tomcat-10.1.15\webapps\manager] has finished in [65] ms
19-Oct-2023 11:09:46.015 INFO [main] org.apache.catalina.startup.HostConfig.deployDirectory Desplegando el directorio [C:\Users\userg\eclipse-workspace\JavaEE\apache-tomcat-10.1.15-windows-x64\apache-tomcat-10.1.15\webapps\ROOT] de la aplicación web
19-Oct-2023 11:09:46.054 INFO [main] org.apache.catalina.startup.HostConfig.deployDirectory Deployment of web application directory [C:\Users\userg\eclipse-workspace\JavaEE\apache-tomcat-10.1.15-windows-x64\apache-tomcat-10.1.15\webapps\ROOT] has finished in [39] ms
19-Oct-2023 11:09:46.060 INFO [main] org.apache.coyote.AbstractProtocol.start Starting ProtocolHandler ["http-nio-8080"]
19-Oct-2023 11:09:46.137 INFO [main] org.apache.catalina.startup.Catalina.start Server startup in [1604] milliseconds
19-Oct-2023 11:22:14.122 WARNING [http-nio-8080-exec-5] org.apache.catalina.realm.LockOutRealm.filterLockedAccounts Se ha intentado autenticar al usuario bloqueado [admin]
19-Oct-2023 11:25:07.393 INFO [main] org.apache.catalina.core.StandardServer.await Se ha recibido un comando de apagado a través del puerto de apagado. Parando la instancia del Servidor.
19-Oct-2023 11:25:07.395 INFO [main] org.apache.coyote.AbstractProtocol.pause Pausing ProtocolHandler ["http-nio-8080"]
19-Oct-2023 11:25:07.411 INFO [main] org.apache.catalina.core.StandardService.stopInternal Parando servicio [Catalina]
19-Oct-2023 11:25:07.444 INFO [main] org.apache.coyote.AbstractProtocol.stop Stopping ProtocolHandler ["http-nio-8080"]
19-Oct-2023 11:25:07.460 INFO [main] org.apache.coyote.AbstractProtocol.destroy Destroying ProtocolHandler ["http-nio-8080"]
19-Oct-2023 11:31:50.611 INFO [main] org.apache.catalina.startup.VersionLoggerListener.log Nombre de la versión del servidor: Apache Tomcat/10.1.15
19-Oct-2023 11:31:50.618 INFO [main] org.apache.catalina.startup.VersionLoggerListener.log Server built:                      Oct 11 2023 23:38:40 UTC
19-Oct-2023 11:31:50.620 INFO [main] org.apache.catalina.startup.VersionLoggerListener.log Número de versión de servidor:     10.1.15.0
19-Oct-2023 11:31:50.620 INFO [main] org.apache.catalina.startup.VersionLoggerListener.log OS Name:                           Windows 11
19-Oct-2023 11:31:50.621 INFO [main] org.apache.catalina.startup.VersionLoggerListener.log Versión de Systema Operativo:      10.0
19-Oct-2023 11:31:50.621 INFO [main] org.apache.catalina.startup.VersionLoggerListener.log Arquitectura:                      amd64
19-Oct-2023 11:31:50.621 INFO [main] org.apache.catalina.startup.VersionLoggerListener.log Java Home:                         C:\Program Files\Java\jdk-17.0.2
19-Oct-2023 11:31:50.622 INFO [main] org.apache.catalina.startup.VersionLoggerListener.log JVM Version:                       17.0.2+8-86
19-Oct-2023 11:31:50.622 INFO [main] org.apache.catalina.startup.VersionLoggerListener.log Vededor JVM:                       Oracle Corporation
19-Oct-2023 11:31:50.623 INFO [main] org.apache.catalina.startup.VersionLoggerListener.log CATALINA_BASE:                     C:\Users\userg\eclipse-workspace\JavaEE\apache-tomcat-10.1.15-windows-x64\apache-tomcat-10.1.15
19-Oct-2023 11:31:50.624 INFO [main] org.apache.catalina.startup.VersionLoggerListener.log CATALINA_HOME:                     C:\Users\userg\eclipse-workspace\JavaEE\apache-tomcat-10.1.15-windows-x64\apache-tomcat-10.1.15
19-Oct-2023 11:31:50.642 INFO [main] org.apache.catalina.startup.VersionLoggerListener.log Command line argument:             -Djava.util.logging.config.file=C:\Users\userg\eclipse-workspace\JavaEE\apache-tomcat-10.1.15-windows-x64\apache-tomcat-10.1.15\conf\logging.properties
19-Oct-2023 11:31:50.645 INFO [main] org.apache.catalina.startup.VersionLoggerListener.log Command line argument:             -Djava.util.logging.manager=org.apache.juli.ClassLoaderLogManager
19-Oct-2023 11:31:50.646 INFO [main] org.apache.catalina.startup.VersionLoggerListener.log Command line argument:             -Djdk.tls.ephemeralDHKeySize=2048
19-Oct-2023 11:31:50.646 INFO [main] org.apache.catalina.startup.VersionLoggerListener.log Command line argument:             -Djava.protocol.handler.pkgs=org.apache.catalina.webresources
19-Oct-2023 11:31:50.646 INFO [main] org.apache.catalina.startup.VersionLoggerListener.log Command line argument:             --add-opens=java.base/java.lang=ALL-UNNAMED
19-Oct-2023 11:31:50.647 INFO [main] org.apache.catalina.startup.VersionLoggerListener.log Command line argument:             --add-opens=java.base/java.io=ALL-UNNAMED
19-Oct-2023 11:31:50.649 INFO [main] org.apache.catalina.startup.VersionLoggerListener.log Command line argument:             --add-opens=java.base/java.util=ALL-UNNAMED
19-Oct-2023 11:31:50.650 INFO [main] org.apache.catalina.startup.VersionLoggerListener.log Command line argument:             --add-opens=java.base/java.util.concurrent=ALL-UNNAMED
19-Oct-2023 11:31:50.651 INFO [main] org.apache.catalina.startup.VersionLoggerListener.log Command line argument:             --add-opens=java.rmi/sun.rmi.transport=ALL-UNNAMED
19-Oct-2023 11:31:50.652 INFO [main] org.apache.catalina.startup.VersionLoggerListener.log Command line argument:             -Dcatalina.base=C:\Users\userg\eclipse-workspace\JavaEE\apache-tomcat-10.1.15-windows-x64\apache-tomcat-10.1.15
19-Oct-2023 11:31:50.653 INFO [main] org.apache.catalina.startup.VersionLoggerListener.log Command line argument:             -Dcatalina.home=C:\Users\userg\eclipse-workspace\JavaEE\apache-tomcat-10.1.15-windows-x64\apache-tomcat-10.1.15
19-Oct-2023 11:31:50.654 INFO [main] org.apache.catalina.startup.VersionLoggerListener.log Command line argument:             -Djava.io.tmpdir=C:\Users\userg\eclipse-workspace\JavaEE\apache-tomcat-10.1.15-windows-x64\apache-tomcat-10.1.15\temp
19-Oct-2023 11:31:50.659 INFO [main] org.apache.catalina.core.AprLifecycleListener.lifecycleEvent Cargada la biblioteca nativa APR de Apache Tomcat [2.0.6] con la versión APR [1.7.4].
19-Oct-2023 11:31:50.672 INFO [main] org.apache.catalina.core.AprLifecycleListener.initializeSSL OpenSSL inicializado correctamente [OpenSSL 3.0.11 19 Sep 2023]
19-Oct-2023 11:31:51.037 INFO [main] org.apache.coyote.AbstractProtocol.init Inicializando el manejador de protocolo ["http-nio-8080"]

19-Oct-2023 11:31:51.081 INFO [main] org.apache.catalina.startup.Catalina.load Server initialization in [795] milliseconds
19-Oct-2023 11:31:51.166 INFO [main] org.apache.catalina.core.StandardService.startInternal Arrancando servicio [Catalina]
19-Oct-2023 11:31:51.167 INFO [main] org.apache.catalina.core.StandardEngine.startInternal Starting Servlet engine: [Apache Tomcat/10.1.15]
19-Oct-2023 11:31:51.189 INFO [main] org.apache.catalina.startup.HostConfig.deployDirectory Desplegando el directorio [C:\Users\userg\eclipse-workspace\JavaEE\apache-tomcat-10.1.15-windows-x64\apache-tomcat-10.1.15\webapps\docs] de la aplicación web
19-Oct-2023 11:31:51.706 INFO [main] org.apache.catalina.startup.HostConfig.deployDirectory Deployment of web application directory [C:\Users\userg\eclipse-workspace\JavaEE\apache-tomcat-10.1.15-windows-x64\apache-tomcat-10.1.15\webapps\docs] has finished in [515] ms
19-Oct-2023 11:31:51.707 INFO [main] org.apache.catalina.startup.HostConfig.deployDirectory Desplegando el directorio [C:\Users\userg\eclipse-workspace\JavaEE\apache-tomcat-10.1.15-windows-x64\apache-tomcat-10.1.15\webapps\examples] de la aplicación web
19-Oct-2023 11:31:52.358 INFO [main] org.apache.catalina.startup.HostConfig.deployDirectory Deployment of web application directory [C:\Users\userg\eclipse-workspace\JavaEE\apache-tomcat-10.1.15-windows-x64\apache-tomcat-10.1.15\webapps\examples] has finished in [650] ms
19-Oct-2023 11:31:52.358 INFO [main] org.apache.catalina.startup.HostConfig.deployDirectory Desplegando el directorio [C:\Users\userg\eclipse-workspace\JavaEE\apache-tomcat-10.1.15-windows-x64\apache-tomcat-10.1.15\webapps\host-manager] de la aplicación web
19-Oct-2023 11:31:52.439 INFO [main] org.apache.catalina.startup.HostConfig.deployDirectory Deployment of web application directory [C:\Users\userg\eclipse-workspace\JavaEE\apache-tomcat-10.1.15-windows-x64\apache-tomcat-10.1.15\webapps\host-manager] has finished in [81] ms
19-Oct-2023 11:31:52.440 INFO [main] org.apache.catalina.startup.HostConfig.deployDirectory Desplegando el directorio [C:\Users\userg\eclipse-workspace\JavaEE\apache-tomcat-10.1.15-windows-x64\apache-tomcat-10.1.15\webapps\manager] de la aplicación web
19-Oct-2023 11:31:52.503 INFO [main] org.apache.catalina.startup.HostConfig.deployDirectory Deployment of web application directory [C:\Users\userg\eclipse-workspace\JavaEE\apache-tomcat-10.1.15-windows-x64\apache-tomcat-10.1.15\webapps\manager] has finished in [61] ms
19-Oct-2023 11:31:52.503 INFO [main] org.apache.catalina.startup.HostConfig.deployDirectory Desplegando el directorio [C:\Users\userg\eclipse-workspace\JavaEE\apache-tomcat-10.1.15-windows-x64\apache-tomcat-10.1.15\webapps\ROOT] de la aplicación web
19-Oct-2023 11:31:52.536 INFO [main] org.apache.catalina.startup.HostConfig.deployDirectory Deployment of web application directory [C:\Users\userg\eclipse-workspace\JavaEE\apache-tomcat-10.1.15-windows-x64\apache-tomcat-10.1.15\webapps\ROOT] has finished in [32] ms
19-Oct-2023 11:31:52.542 INFO [main] org.apache.coyote.AbstractProtocol.start Starting ProtocolHandler ["http-nio-8080"]
19-Oct-2023 11:31:52.599 INFO [main] org.apache.catalina.startup.Catalina.start Server startup in [1517] milliseconds
19-Oct-2023 11:32:24.535 INFO [http-nio-8080-exec-1] org.apache.catalina.startup.HostConfig.deployWAR Despliegue del archivo [C:\Users\userg\eclipse-workspace\JavaEE\apache-tomcat-10.1.15-windows-x64\apache-tomcat-10.1.15\webapps\webapp.war] de la aplicación web
19-Oct-2023 11:32:24.647 INFO [http-nio-8080-exec-1] org.apache.catalina.startup.HostConfig.deployWAR Deployment of web application archive [C:\Users\userg\eclipse-workspace\JavaEE\apache-tomcat-10.1.15-windows-x64\apache-tomcat-10.1.15\webapps\webapp.war] has finished in [111] ms
19-Oct-2023 11:37:16.808 INFO [http-nio-8080-exec-1] org.apache.catalina.startup.HostConfig.deployWAR Despliegue del archivo [C:\Users\userg\eclipse-workspace\JavaEE\apache-tomcat-10.1.15-windows-x64\apache-tomcat-10.1.15\webapps\webapp-1.0-SNAPSHOT.war] de la aplicación web
19-Oct-2023 11:37:16.913 INFO [http-nio-8080-exec-1] org.apache.catalina.startup.HostConfig.deployWAR Deployment of web application archive [C:\Users\userg\eclipse-workspace\JavaEE\apache-tomcat-10.1.15-windows-x64\apache-tomcat-10.1.15\webapps\webapp-1.0-SNAPSHOT.war] has finished in [105] ms
19-Oct-2023 11:38:30.380 INFO [Thread-1] org.apache.coyote.AbstractProtocol.pause Pausing ProtocolHandler ["http-nio-8080"]
19-Oct-2023 11:38:30.442 INFO [Thread-1] org.apache.catalina.core.StandardService.stopInternal Parando servicio [Catalina]
19-Oct-2023 11:38:30.551 INFO [Thread-1] org.apache.coyote.AbstractProtocol.stop Stopping ProtocolHandler ["http-nio-8080"]
19-Oct-2023 11:38:30.580 INFO [Thread-1] org.apache.coyote.AbstractProtocol.destroy Destroying ProtocolHandler ["http-nio-8080"]
19-Oct-2023 12:38:22.557 INFO [main] org.apache.catalina.startup.VersionLoggerListener.log Nombre de la versión del servidor: Apache Tomcat/10.1.15
19-Oct-2023 12:38:22.562 INFO [main] org.apache.catalina.startup.VersionLoggerListener.log Server built:                      Oct 11 2023 23:38:40 UTC
19-Oct-2023 12:38:22.565 INFO [main] org.apache.catalina.startup.VersionLoggerListener.log Número de versión de servidor:     10.1.15.0
19-Oct-2023 12:38:22.565 INFO [main] org.apache.catalina.startup.VersionLoggerListener.log OS Name:                           Windows 11
19-Oct-2023 12:38:22.565 INFO [main] org.apache.catalina.startup.VersionLoggerListener.log Versión de Systema Operativo:      10.0
19-Oct-2023 12:38:22.566 INFO [main] org.apache.catalina.startup.VersionLoggerListener.log Arquitectura:                      amd64
19-Oct-2023 12:38:22.567 INFO [main] org.apache.catalina.startup.VersionLoggerListener.log Java Home:                         C:\Program Files\Java\jdk-17.0.2
19-Oct-2023 12:38:22.567 INFO [main] org.apache.catalina.startup.VersionLoggerListener.log JVM Version:                       17.0.2+8-86
19-Oct-2023 12:38:22.567 INFO [main] org.apache.catalina.startup.VersionLoggerListener.log Vededor JVM:                       Oracle Corporation
19-Oct-2023 12:38:22.567 INFO [main] org.apache.catalina.startup.VersionLoggerListener.log CATALINA_BASE:                     C:\Users\userg\eclipse-workspace\JavaEE\apache-tomcat-10.1.15-windows-x64\apache-tomcat-10.1.15
19-Oct-2023 12:38:22.567 INFO [main] org.apache.catalina.startup.VersionLoggerListener.log CATALINA_HOME:                     C:\Users\userg\eclipse-workspace\JavaEE\apache-tomcat-10.1.15-windows-x64\apache-tomcat-10.1.15
19-Oct-2023 12:38:22.580 INFO [main] org.apache.catalina.startup.VersionLoggerListener.log Command line argument:             -Djava.util.logging.config.file=C:\Users\userg\eclipse-workspace\JavaEE\apache-tomcat-10.1.15-windows-x64\apache-tomcat-10.1.15\conf\logging.properties
19-Oct-2023 12:38:22.580 INFO [main] org.apache.catalina.startup.VersionLoggerListener.log Command line argument:             -Djava.util.logging.manager=org.apache.juli.ClassLoaderLogManager
19-Oct-2023 12:38:22.581 INFO [main] org.apache.catalina.startup.VersionLoggerListener.log Command line argument:             -Djdk.tls.ephemeralDHKeySize=2048
19-Oct-2023 12:38:22.581 INFO [main] org.apache.catalina.startup.VersionLoggerListener.log Command line argument:             -Djava.protocol.handler.pkgs=org.apache.catalina.webresources
19-Oct-2023 12:38:22.581 INFO [main] org.apache.catalina.startup.VersionLoggerListener.log Command line argument:             --add-opens=java.base/java.lang=ALL-UNNAMED
19-Oct-2023 12:38:22.582 INFO [main] org.apache.catalina.startup.VersionLoggerListener.log Command line argument:             --add-opens=java.base/java.io=ALL-UNNAMED
19-Oct-2023 12:38:22.592 INFO [main] org.apache.catalina.startup.VersionLoggerListener.log Command line argument:             --add-opens=java.base/java.util=ALL-UNNAMED
19-Oct-2023 12:38:22.592 INFO [main] org.apache.catalina.startup.VersionLoggerListener.log Command line argument:             --add-opens=java.base/java.util.concurrent=ALL-UNNAMED
19-Oct-2023 12:38:22.593 INFO [main] org.apache.catalina.startup.VersionLoggerListener.log Command line argument:             --add-opens=java.rmi/sun.rmi.transport=ALL-UNNAMED
19-Oct-2023 12:38:22.595 INFO [main] org.apache.catalina.startup.VersionLoggerListener.log Command line argument:             -Dcatalina.base=C:\Users\userg\eclipse-workspace\JavaEE\apache-tomcat-10.1.15-windows-x64\apache-tomcat-10.1.15
19-Oct-2023 12:38:22.597 INFO [main] org.apache.catalina.startup.VersionLoggerListener.log Command line argument:             -Dcatalina.home=C:\Users\userg\eclipse-workspace\JavaEE\apache-tomcat-10.1.15-windows-x64\apache-tomcat-10.1.15
19-Oct-2023 12:38:22.601 INFO [main] org.apache.catalina.startup.VersionLoggerListener.log Command line argument:             -Djava.io.tmpdir=C:\Users\userg\eclipse-workspace\JavaEE\apache-tomcat-10.1.15-windows-x64\apache-tomcat-10.1.15\temp
19-Oct-2023 12:38:22.606 INFO [main] org.apache.catalina.core.AprLifecycleListener.lifecycleEvent Cargada la biblioteca nativa APR de Apache Tomcat [2.0.6] con la versión APR [1.7.4].
19-Oct-2023 12:38:22.616 INFO [main] org.apache.catalina.core.AprLifecycleListener.initializeSSL OpenSSL inicializado correctamente [OpenSSL 3.0.11 19 Sep 2023]
19-Oct-2023 12:38:22.907 INFO [main] org.apache.coyote.AbstractProtocol.init Inicializando el manejador de protocolo ["http-nio-8080"]

19-Oct-2023 12:38:22.932 INFO [main] org.apache.catalina.startup.Catalina.load Server initialization in [615] milliseconds
19-Oct-2023 12:38:22.995 INFO [main] org.apache.catalina.core.StandardService.startInternal Arrancando servicio [Catalina]
19-Oct-2023 12:38:22.996 INFO [main] org.apache.catalina.core.StandardEngine.startInternal Starting Servlet engine: [Apache Tomcat/10.1.15]
19-Oct-2023 12:38:23.029 INFO [main] org.apache.catalina.startup.HostConfig.deployWAR Despliegue del archivo [C:\Users\userg\eclipse-workspace\JavaEE\apache-tomcat-10.1.15-windows-x64\apache-tomcat-10.1.15\webapps\webapp-1.0-SNAPSHOT.war] de la aplicación web
19-Oct-2023 12:38:23.377 INFO [main] org.apache.catalina.startup.HostConfig.deployWAR Deployment of web application archive [C:\Users\userg\eclipse-workspace\JavaEE\apache-tomcat-10.1.15-windows-x64\apache-tomcat-10.1.15\webapps\webapp-1.0-SNAPSHOT.war] has finished in [344] ms
19-Oct-2023 12:38:23.379 INFO [main] org.apache.catalina.startup.HostConfig.deployWAR Despliegue del archivo [C:\Users\userg\eclipse-workspace\JavaEE\apache-tomcat-10.1.15-windows-x64\apache-tomcat-10.1.15\webapps\webapp.war] de la aplicación web
19-Oct-2023 12:38:23.416 INFO [main] org.apache.catalina.startup.HostConfig.deployWAR Deployment of web application archive [C:\Users\userg\eclipse-workspace\JavaEE\apache-tomcat-10.1.15-windows-x64\apache-tomcat-10.1.15\webapps\webapp.war] has finished in [37] ms
19-Oct-2023 12:38:23.420 INFO [main] org.apache.catalina.startup.HostConfig.deployDirectory Desplegando el directorio [C:\Users\userg\eclipse-workspace\JavaEE\apache-tomcat-10.1.15-windows-x64\apache-tomcat-10.1.15\webapps\docs] de la aplicación web
19-Oct-2023 12:38:23.468 INFO [main] org.apache.catalina.startup.HostConfig.deployDirectory Deployment of web application directory [C:\Users\userg\eclipse-workspace\JavaEE\apache-tomcat-10.1.15-windows-x64\apache-tomcat-10.1.15\webapps\docs] has finished in [49] ms
19-Oct-2023 12:38:23.469 INFO [main] org.apache.catalina.startup.HostConfig.deployDirectory Desplegando el directorio [C:\Users\userg\eclipse-workspace\JavaEE\apache-tomcat-10.1.15-windows-x64\apache-tomcat-10.1.15\webapps\examples] de la aplicación web
19-Oct-2023 12:38:23.993 INFO [main] org.apache.catalina.startup.HostConfig.deployDirectory Deployment of web application directory [C:\Users\userg\eclipse-workspace\JavaEE\apache-tomcat-10.1.15-windows-x64\apache-tomcat-10.1.15\webapps\examples] has finished in [524] ms
19-Oct-2023 12:38:23.993 INFO [main] org.apache.catalina.startup.HostConfig.deployDirectory Desplegando el directorio [C:\Users\userg\eclipse-workspace\JavaEE\apache-tomcat-10.1.15-windows-x64\apache-tomcat-10.1.15\webapps\host-manager] de la aplicación web
19-Oct-2023 12:38:24.040 INFO [main] org.apache.catalina.startup.HostConfig.deployDirectory Deployment of web application directory [C:\Users\userg\eclipse-workspace\JavaEE\apache-tomcat-10.1.15-windows-x64\apache-tomcat-10.1.15\webapps\host-manager] has finished in [47] ms
19-Oct-2023 12:38:24.041 INFO [main] org.apache.catalina.startup.HostConfig.deployDirectory Desplegando el directorio [C:\Users\userg\eclipse-workspace\JavaEE\apache-tomcat-10.1.15-windows-x64\apache-tomcat-10.1.15\webapps\manager] de la aplicación web
19-Oct-2023 12:38:24.093 INFO [main] org.apache.catalina.startup.HostConfig.deployDirectory Deployment of web application directory [C:\Users\userg\eclipse-workspace\JavaEE\apache-tomcat-10.1.15-windows-x64\apache-tomcat-10.1.15\webapps\manager] has finished in [51] ms
19-Oct-2023 12:38:24.093 INFO [main] org.apache.catalina.startup.HostConfig.deployDirectory Desplegando el directorio [C:\Users\userg\eclipse-workspace\JavaEE\apache-tomcat-10.1.15-windows-x64\apache-tomcat-10.1.15\webapps\ROOT] de la aplicación web
19-Oct-2023 12:38:24.127 INFO [main] org.apache.catalina.startup.HostConfig.deployDirectory Deployment of web application directory [C:\Users\userg\eclipse-workspace\JavaEE\apache-tomcat-10.1.15-windows-x64\apache-tomcat-10.1.15\webapps\ROOT] has finished in [34] ms
19-Oct-2023 12:38:24.132 INFO [main] org.apache.coyote.AbstractProtocol.start Starting ProtocolHandler ["http-nio-8080"]
19-Oct-2023 12:38:24.193 INFO [main] org.apache.catalina.startup.Catalina.start Server startup in [1260] milliseconds
19-Oct-2023 12:38:33.888 INFO [http-nio-8080-exec-1] org.apache.catalina.startup.HostConfig.undeploy Repliegue (undeploy) de la aplicación web que tiene como trayectoria de contexto [/webapp]
19-Oct-2023 12:38:33.908 INFO [http-nio-8080-exec-1] org.apache.catalina.startup.HostConfig.deployWAR Despliegue del archivo [C:\Users\userg\eclipse-workspace\JavaEE\apache-tomcat-10.1.15-windows-x64\apache-tomcat-10.1.15\webapps\webapp.war] de la aplicación web
19-Oct-2023 12:38:34.021 INFO [http-nio-8080-exec-1] org.apache.catalina.startup.HostConfig.deployWAR Deployment of web application archive [C:\Users\userg\eclipse-workspace\JavaEE\apache-tomcat-10.1.15-windows-x64\apache-tomcat-10.1.15\webapps\webapp.war] has finished in [113] ms
19-Oct-2023 12:40:28.306 INFO [http-nio-8080-exec-15] org.apache.catalina.startup.HostConfig.undeploy Repliegue (undeploy) de la aplicación web que tiene como trayectoria de contexto [/webapp]
19-Oct-2023 12:40:28.325 INFO [http-nio-8080-exec-15] org.apache.catalina.startup.HostConfig.deployWAR Despliegue del archivo [C:\Users\userg\eclipse-workspace\JavaEE\apache-tomcat-10.1.15-windows-x64\apache-tomcat-10.1.15\webapps\webapp.war] de la aplicación web
19-Oct-2023 12:40:28.404 INFO [http-nio-8080-exec-15] org.apache.catalina.startup.HostConfig.deployWAR Deployment of web application archive [C:\Users\userg\eclipse-workspace\JavaEE\apache-tomcat-10.1.15-windows-x64\apache-tomcat-10.1.15\webapps\webapp.war] has finished in [79] ms
19-Oct-2023 12:41:04.488 INFO [http-nio-8080-exec-9] org.apache.catalina.startup.HostConfig.undeploy Repliegue (undeploy) de la aplicación web que tiene como trayectoria de contexto [/webapp]
19-Oct-2023 12:41:04.510 INFO [http-nio-8080-exec-9] org.apache.catalina.startup.HostConfig.deployWAR Despliegue del archivo [C:\Users\userg\eclipse-workspace\JavaEE\apache-tomcat-10.1.15-windows-x64\apache-tomcat-10.1.15\webapps\webapp.war] de la aplicación web
19-Oct-2023 12:41:04.571 INFO [http-nio-8080-exec-9] org.apache.catalina.startup.HostConfig.deployWAR Deployment of web application archive [C:\Users\userg\eclipse-workspace\JavaEE\apache-tomcat-10.1.15-windows-x64\apache-tomcat-10.1.15\webapps\webapp.war] has finished in [61] ms
19-Oct-2023 12:41:51.590 INFO [http-nio-8080-exec-18] org.apache.catalina.startup.HostConfig.undeploy Repliegue (undeploy) de la aplicación web que tiene como trayectoria de contexto [/webapp]
19-Oct-2023 12:41:51.605 INFO [http-nio-8080-exec-18] org.apache.catalina.startup.HostConfig.deployWAR Despliegue del archivo [C:\Users\userg\eclipse-workspace\JavaEE\apache-tomcat-10.1.15-windows-x64\apache-tomcat-10.1.15\webapps\webapp.war] de la aplicación web
19-Oct-2023 12:41:51.669 INFO [http-nio-8080-exec-18] org.apache.catalina.startup.HostConfig.deployWAR Deployment of web application archive [C:\Users\userg\eclipse-workspace\JavaEE\apache-tomcat-10.1.15-windows-x64\apache-tomcat-10.1.15\webapps\webapp.war] has finished in [64] ms
19-Oct-2023 12:44:45.114 INFO [http-nio-8080-exec-29] org.apache.catalina.startup.HostConfig.undeploy Repliegue (undeploy) de la aplicación web que tiene como trayectoria de contexto [/webapp]
19-Oct-2023 12:44:45.127 INFO [http-nio-8080-exec-29] org.apache.catalina.startup.HostConfig.deployWAR Despliegue del archivo [C:\Users\userg\eclipse-workspace\JavaEE\apache-tomcat-10.1.15-windows-x64\apache-tomcat-10.1.15\webapps\webapp.war] de la aplicación web
19-Oct-2023 12:44:45.178 INFO [http-nio-8080-exec-29] org.apache.catalina.startup.HostConfig.deployWAR Deployment of web application archive [C:\Users\userg\eclipse-workspace\JavaEE\apache-tomcat-10.1.15-windows-x64\apache-tomcat-10.1.15\webapps\webapp.war] has finished in [50] ms
19-Oct-2023 12:46:27.503 INFO [main] org.apache.catalina.startup.VersionLoggerListener.log Nombre de la versión del servidor: Apache Tomcat/10.1.15
19-Oct-2023 12:46:27.508 INFO [main] org.apache.catalina.startup.VersionLoggerListener.log Server built:                      Oct 11 2023 23:38:40 UTC
19-Oct-2023 12:46:27.510 INFO [main] org.apache.catalina.startup.VersionLoggerListener.log Número de versión de servidor:     10.1.15.0
19-Oct-2023 12:46:27.510 INFO [main] org.apache.catalina.startup.VersionLoggerListener.log OS Name:                           Windows 11
19-Oct-2023 12:46:27.510 INFO [main] org.apache.catalina.startup.VersionLoggerListener.log Versión de Systema Operativo:      10.0
19-Oct-2023 12:46:27.510 INFO [main] org.apache.catalina.startup.VersionLoggerListener.log Arquitectura:                      amd64
19-Oct-2023 12:46:27.510 INFO [main] org.apache.catalina.startup.VersionLoggerListener.log Java Home:                         C:\Program Files\Java\jdk-17.0.2
19-Oct-2023 12:46:27.511 INFO [main] org.apache.catalina.startup.VersionLoggerListener.log JVM Version:                       17.0.2+8-86
19-Oct-2023 12:46:27.511 INFO [main] org.apache.catalina.startup.VersionLoggerListener.log Vededor JVM:                       Oracle Corporation
19-Oct-2023 12:46:27.511 INFO [main] org.apache.catalina.startup.VersionLoggerListener.log CATALINA_BASE:                     C:\Users\userg\eclipse-workspace\JavaEE\apache-tomcat-10.1.15-windows-x64\apache-tomcat-10.1.15
19-Oct-2023 12:46:27.511 INFO [main] org.apache.catalina.startup.VersionLoggerListener.log CATALINA_HOME:                     C:\Users\userg\eclipse-workspace\JavaEE\apache-tomcat-10.1.15-windows-x64\apache-tomcat-10.1.15
19-Oct-2023 12:46:27.521 INFO [main] org.apache.catalina.startup.VersionLoggerListener.log Command line argument:             -Djava.util.logging.config.file=C:\Users\userg\eclipse-workspace\JavaEE\apache-tomcat-10.1.15-windows-x64\apache-tomcat-10.1.15\conf\logging.properties
19-Oct-2023 12:46:27.522 INFO [main] org.apache.catalina.startup.VersionLoggerListener.log Command line argument:             -Djava.util.logging.manager=org.apache.juli.ClassLoaderLogManager
19-Oct-2023 12:46:27.522 INFO [main] org.apache.catalina.startup.VersionLoggerListener.log Command line argument:             -Djdk.tls.ephemeralDHKeySize=2048
19-Oct-2023 12:46:27.522 INFO [main] org.apache.catalina.startup.VersionLoggerListener.log Command line argument:             -Djava.protocol.handler.pkgs=org.apache.catalina.webresources
19-Oct-2023 12:46:27.522 INFO [main] org.apache.catalina.startup.VersionLoggerListener.log Command line argument:             --add-opens=java.base/java.lang=ALL-UNNAMED
19-Oct-2023 12:46:27.524 INFO [main] org.apache.catalina.startup.VersionLoggerListener.log Command line argument:             --add-opens=java.base/java.io=ALL-UNNAMED
19-Oct-2023 12:46:27.524 INFO [main] org.apache.catalina.startup.VersionLoggerListener.log Command line argument:             --add-opens=java.base/java.util=ALL-UNNAMED
19-Oct-2023 12:46:27.525 INFO [main] org.apache.catalina.startup.VersionLoggerListener.log Command line argument:             --add-opens=java.base/java.util.concurrent=ALL-UNNAMED
19-Oct-2023 12:46:27.525 INFO [main] org.apache.catalina.startup.VersionLoggerListener.log Command line argument:             --add-opens=java.rmi/sun.rmi.transport=ALL-UNNAMED
19-Oct-2023 12:46:27.526 INFO [main] org.apache.catalina.startup.VersionLoggerListener.log Command line argument:             -Dcatalina.base=C:\Users\userg\eclipse-workspace\JavaEE\apache-tomcat-10.1.15-windows-x64\apache-tomcat-10.1.15
19-Oct-2023 12:46:27.527 INFO [main] org.apache.catalina.startup.VersionLoggerListener.log Command line argument:             -Dcatalina.home=C:\Users\userg\eclipse-workspace\JavaEE\apache-tomcat-10.1.15-windows-x64\apache-tomcat-10.1.15
19-Oct-2023 12:46:27.527 INFO [main] org.apache.catalina.startup.VersionLoggerListener.log Command line argument:             -Djava.io.tmpdir=C:\Users\userg\eclipse-workspace\JavaEE\apache-tomcat-10.1.15-windows-x64\apache-tomcat-10.1.15\temp
19-Oct-2023 12:46:27.531 INFO [main] org.apache.catalina.core.AprLifecycleListener.lifecycleEvent Cargada la biblioteca nativa APR de Apache Tomcat [2.0.6] con la versión APR [1.7.4].
19-Oct-2023 12:46:27.542 INFO [main] org.apache.catalina.core.AprLifecycleListener.initializeSSL OpenSSL inicializado correctamente [OpenSSL 3.0.11 19 Sep 2023]
19-Oct-2023 12:46:27.836 INFO [main] org.apache.coyote.AbstractProtocol.init Inicializando el manejador de protocolo ["http-nio-8080"]

19-Oct-2023 12:46:27.869 INFO [main] org.apache.catalina.startup.Catalina.load Server initialization in [622] milliseconds
19-Oct-2023 12:46:27.943 INFO [main] org.apache.catalina.core.StandardService.startInternal Arrancando servicio [Catalina]
19-Oct-2023 12:46:27.944 INFO [main] org.apache.catalina.core.StandardEngine.startInternal Starting Servlet engine: [Apache Tomcat/10.1.15]
19-Oct-2023 12:46:27.973 INFO [main] org.apache.catalina.startup.HostConfig.deployWAR Despliegue del archivo [C:\Users\userg\eclipse-workspace\JavaEE\apache-tomcat-10.1.15-windows-x64\apache-tomcat-10.1.15\webapps\webapp-1.0-SNAPSHOT.war] de la aplicación web
19-Oct-2023 12:46:28.402 INFO [main] org.apache.catalina.startup.HostConfig.deployWAR Deployment of web application archive [C:\Users\userg\eclipse-workspace\JavaEE\apache-tomcat-10.1.15-windows-x64\apache-tomcat-10.1.15\webapps\webapp-1.0-SNAPSHOT.war] has finished in [426] ms
19-Oct-2023 12:46:28.404 INFO [main] org.apache.catalina.startup.HostConfig.deployWAR Despliegue del archivo [C:\Users\userg\eclipse-workspace\JavaEE\apache-tomcat-10.1.15-windows-x64\apache-tomcat-10.1.15\webapps\webapp.war] de la aplicación web
19-Oct-2023 12:46:28.472 INFO [main] org.apache.catalina.startup.HostConfig.deployWAR Deployment of web application archive [C:\Users\userg\eclipse-workspace\JavaEE\apache-tomcat-10.1.15-windows-x64\apache-tomcat-10.1.15\webapps\webapp.war] has finished in [67] ms
19-Oct-2023 12:46:28.476 INFO [main] org.apache.catalina.startup.HostConfig.deployDirectory Desplegando el directorio [C:\Users\userg\eclipse-workspace\JavaEE\apache-tomcat-10.1.15-windows-x64\apache-tomcat-10.1.15\webapps\docs] de la aplicación web
19-Oct-2023 12:46:28.523 INFO [main] org.apache.catalina.startup.HostConfig.deployDirectory Deployment of web application directory [C:\Users\userg\eclipse-workspace\JavaEE\apache-tomcat-10.1.15-windows-x64\apache-tomcat-10.1.15\webapps\docs] has finished in [45] ms
19-Oct-2023 12:46:28.523 INFO [main] org.apache.catalina.startup.HostConfig.deployDirectory Desplegando el directorio [C:\Users\userg\eclipse-workspace\JavaEE\apache-tomcat-10.1.15-windows-x64\apache-tomcat-10.1.15\webapps\examples] de la aplicación web
19-Oct-2023 12:46:28.952 INFO [main] org.apache.catalina.startup.HostConfig.deployDirectory Deployment of web application directory [C:\Users\userg\eclipse-workspace\JavaEE\apache-tomcat-10.1.15-windows-x64\apache-tomcat-10.1.15\webapps\examples] has finished in [429] ms
19-Oct-2023 12:46:28.954 INFO [main] org.apache.catalina.startup.HostConfig.deployDirectory Desplegando el directorio [C:\Users\userg\eclipse-workspace\JavaEE\apache-tomcat-10.1.15-windows-x64\apache-tomcat-10.1.15\webapps\host-manager] de la aplicación web
19-Oct-2023 12:46:29.002 INFO [main] org.apache.catalina.startup.HostConfig.deployDirectory Deployment of web application directory [C:\Users\userg\eclipse-workspace\JavaEE\apache-tomcat-10.1.15-windows-x64\apache-tomcat-10.1.15\webapps\host-manager] has finished in [48] ms
19-Oct-2023 12:46:29.002 INFO [main] org.apache.catalina.startup.HostConfig.deployDirectory Desplegando el directorio [C:\Users\userg\eclipse-workspace\JavaEE\apache-tomcat-10.1.15-windows-x64\apache-tomcat-10.1.15\webapps\manager] de la aplicación web
19-Oct-2023 12:46:29.056 INFO [main] org.apache.catalina.startup.HostConfig.deployDirectory Deployment of web application directory [C:\Users\userg\eclipse-workspace\JavaEE\apache-tomcat-10.1.15-windows-x64\apache-tomcat-10.1.15\webapps\manager] has finished in [52] ms
19-Oct-2023 12:46:29.057 INFO [main] org.apache.catalina.startup.HostConfig.deployDirectory Desplegando el directorio [C:\Users\userg\eclipse-workspace\JavaEE\apache-tomcat-10.1.15-windows-x64\apache-tomcat-10.1.15\webapps\ROOT] de la aplicación web
19-Oct-2023 12:46:29.086 INFO [main] org.apache.catalina.startup.HostConfig.deployDirectory Deployment of web application directory [C:\Users\userg\eclipse-workspace\JavaEE\apache-tomcat-10.1.15-windows-x64\apache-tomcat-10.1.15\webapps\ROOT] has finished in [28] ms
19-Oct-2023 12:46:29.098 INFO [main] org.apache.coyote.AbstractProtocol.start Starting ProtocolHandler ["http-nio-8080"]
19-Oct-2023 12:46:29.151 INFO [main] org.apache.catalina.startup.Catalina.start Server startup in [1281] milliseconds
19-Oct-2023 12:47:08.312 INFO [http-nio-8080-exec-2] org.apache.catalina.startup.HostConfig.undeploy Repliegue (undeploy) de la aplicación web que tiene como trayectoria de contexto [/webapp]
19-Oct-2023 12:47:08.373 INFO [http-nio-8080-exec-2] org.apache.catalina.startup.HostConfig.deployWAR Despliegue del archivo [C:\Users\userg\eclipse-workspace\JavaEE\apache-tomcat-10.1.15-windows-x64\apache-tomcat-10.1.15\webapps\webapp.war] de la aplicación web
19-Oct-2023 12:47:08.453 INFO [http-nio-8080-exec-2] org.apache.catalina.startup.HostConfig.deployWAR Deployment of web application archive [C:\Users\userg\eclipse-workspace\JavaEE\apache-tomcat-10.1.15-windows-x64\apache-tomcat-10.1.15\webapps\webapp.war] has finished in [80] ms
19-Oct-2023 12:50:13.116 INFO [http-nio-8080-exec-11] org.apache.catalina.startup.HostConfig.undeploy Repliegue (undeploy) de la aplicación web que tiene como trayectoria de contexto [/webapp]
19-Oct-2023 12:50:13.129 INFO [http-nio-8080-exec-11] org.apache.catalina.startup.HostConfig.deployWAR Despliegue del archivo [C:\Users\userg\eclipse-workspace\JavaEE\apache-tomcat-10.1.15-windows-x64\apache-tomcat-10.1.15\webapps\webapp.war] de la aplicación web
19-Oct-2023 12:50:13.179 INFO [http-nio-8080-exec-11] org.apache.catalina.startup.HostConfig.deployWAR Deployment of web application archive [C:\Users\userg\eclipse-workspace\JavaEE\apache-tomcat-10.1.15-windows-x64\apache-tomcat-10.1.15\webapps\webapp.war] has finished in [50] ms
19-Oct-2023 12:52:10.250 INFO [http-nio-8080-exec-20] org.apache.catalina.startup.HostConfig.undeploy Repliegue (undeploy) de la aplicación web que tiene como trayectoria de contexto [/webapp]
19-Oct-2023 12:52:10.265 INFO [http-nio-8080-exec-20] org.apache.catalina.startup.HostConfig.deployWAR Despliegue del archivo [C:\Users\userg\eclipse-workspace\JavaEE\apache-tomcat-10.1.15-windows-x64\apache-tomcat-10.1.15\webapps\webapp.war] de la aplicación web
19-Oct-2023 12:52:10.328 INFO [http-nio-8080-exec-20] org.apache.catalina.startup.HostConfig.deployWAR Deployment of web application archive [C:\Users\userg\eclipse-workspace\JavaEE\apache-tomcat-10.1.15-windows-x64\apache-tomcat-10.1.15\webapps\webapp.war] has finished in [63] ms
19-Oct-2023 12:54:58.477 INFO [main] org.apache.catalina.core.StandardServer.await Se ha recibido un comando de apagado a través del puerto de apagado. Parando la instancia del Servidor.
19-Oct-2023 12:55:26.328 INFO [main] org.apache.coyote.AbstractProtocol.pause Pausing ProtocolHandler ["http-nio-8080"]
19-Oct-2023 12:55:26.342 INFO [main] org.apache.catalina.core.StandardService.stopInternal Parando servicio [Catalina]
19-Oct-2023 12:55:26.358 INFO [main] org.apache.coyote.AbstractProtocol.stop Stopping ProtocolHandler ["http-nio-8080"]
19-Oct-2023 12:55:26.379 INFO [main] org.apache.coyote.AbstractProtocol.destroy Destroying ProtocolHandler ["http-nio-8080"]
19-Oct-2023 13:20:58.657 SEVERE [main] org.apache.catalina.startup.Catalina.stopServer Could not contact [localhost:8005] (base port [8005] and offset [0]). Tomcat may not be running.
19-Oct-2023 13:20:58.661 SEVERE [main] org.apache.catalina.startup.Catalina.stopServer Error stopping Catalina
	java.net.ConnectException: Connection refused: connect
		at java.base/sun.nio.ch.Net.connect0(Native Method)
		at java.base/sun.nio.ch.Net.connect(Net.java:579)
		at java.base/sun.nio.ch.Net.connect(Net.java:568)
		at java.base/sun.nio.ch.NioSocketImpl.connect(NioSocketImpl.java:588)
		at java.base/java.net.SocksSocketImpl.connect(SocksSocketImpl.java:327)
		at java.base/java.net.Socket.connect(Socket.java:633)
		at java.base/java.net.Socket.connect(Socket.java:583)
		at java.base/java.net.Socket.<init>(Socket.java:507)
		at java.base/java.net.Socket.<init>(Socket.java:287)
		at org.apache.catalina.startup.Catalina.stopServer(Catalina.java:692)
		at java.base/jdk.internal.reflect.NativeMethodAccessorImpl.invoke0(Native Method)
		at java.base/jdk.internal.reflect.NativeMethodAccessorImpl.invoke(NativeMethodAccessorImpl.java:77)
		at java.base/jdk.internal.reflect.DelegatingMethodAccessorImpl.invoke(DelegatingMethodAccessorImpl.java:43)
		at java.base/java.lang.reflect.Method.invoke(Method.java:568)
		at org.apache.catalina.startup.Bootstrap.stopServer(Bootstrap.java:393)
		at org.apache.catalina.startup.Bootstrap.main(Bootstrap.java:483)
19-Oct-2023 13:21:05.355 INFO [main] org.apache.catalina.startup.VersionLoggerListener.log Nombre de la versión del servidor: Apache Tomcat/10.1.15
19-Oct-2023 13:21:05.362 INFO [main] org.apache.catalina.startup.VersionLoggerListener.log Server built:                      Oct 11 2023 23:38:40 UTC
19-Oct-2023 13:21:05.363 INFO [main] org.apache.catalina.startup.VersionLoggerListener.log Número de versión de servidor:     10.1.15.0
19-Oct-2023 13:21:05.363 INFO [main] org.apache.catalina.startup.VersionLoggerListener.log OS Name:                           Windows 11
19-Oct-2023 13:21:05.363 INFO [main] org.apache.catalina.startup.VersionLoggerListener.log Versión de Systema Operativo:      10.0
19-Oct-2023 13:21:05.363 INFO [main] org.apache.catalina.startup.VersionLoggerListener.log Arquitectura:                      amd64
19-Oct-2023 13:21:05.363 INFO [main] org.apache.catalina.startup.VersionLoggerListener.log Java Home:                         C:\Program Files\Java\jdk-17.0.2
19-Oct-2023 13:21:05.363 INFO [main] org.apache.catalina.startup.VersionLoggerListener.log JVM Version:                       17.0.2+8-86
19-Oct-2023 13:21:05.364 INFO [main] org.apache.catalina.startup.VersionLoggerListener.log Vededor JVM:                       Oracle Corporation
19-Oct-2023 13:21:05.365 INFO [main] org.apache.catalina.startup.VersionLoggerListener.log CATALINA_BASE:                     C:\Users\userg\eclipse-workspace\JavaEE\apache-tomcat-10.1.15-windows-x64\apache-tomcat-10.1.15
19-Oct-2023 13:21:05.365 INFO [main] org.apache.catalina.startup.VersionLoggerListener.log CATALINA_HOME:                     C:\Users\userg\eclipse-workspace\JavaEE\apache-tomcat-10.1.15-windows-x64\apache-tomcat-10.1.15
19-Oct-2023 13:21:05.375 INFO [main] org.apache.catalina.startup.VersionLoggerListener.log Command line argument:             -Djava.util.logging.config.file=C:\Users\userg\eclipse-workspace\JavaEE\apache-tomcat-10.1.15-windows-x64\apache-tomcat-10.1.15\conf\logging.properties
19-Oct-2023 13:21:05.375 INFO [main] org.apache.catalina.startup.VersionLoggerListener.log Command line argument:             -Djava.util.logging.manager=org.apache.juli.ClassLoaderLogManager
19-Oct-2023 13:21:05.375 INFO [main] org.apache.catalina.startup.VersionLoggerListener.log Command line argument:             -Djdk.tls.ephemeralDHKeySize=2048
19-Oct-2023 13:21:05.375 INFO [main] org.apache.catalina.startup.VersionLoggerListener.log Command line argument:             -Djava.protocol.handler.pkgs=org.apache.catalina.webresources
19-Oct-2023 13:21:05.375 INFO [main] org.apache.catalina.startup.VersionLoggerListener.log Command line argument:             --add-opens=java.base/java.lang=ALL-UNNAMED
19-Oct-2023 13:21:05.377 INFO [main] org.apache.catalina.startup.VersionLoggerListener.log Command line argument:             --add-opens=java.base/java.io=ALL-UNNAMED
19-Oct-2023 13:21:05.378 INFO [main] org.apache.catalina.startup.VersionLoggerListener.log Command line argument:             --add-opens=java.base/java.util=ALL-UNNAMED
19-Oct-2023 13:21:05.378 INFO [main] org.apache.catalina.startup.VersionLoggerListener.log Command line argument:             --add-opens=java.base/java.util.concurrent=ALL-UNNAMED
19-Oct-2023 13:21:05.381 INFO [main] org.apache.catalina.startup.VersionLoggerListener.log Command line argument:             --add-opens=java.rmi/sun.rmi.transport=ALL-UNNAMED
19-Oct-2023 13:21:05.382 INFO [main] org.apache.catalina.startup.VersionLoggerListener.log Command line argument:             -Dcatalina.base=C:\Users\userg\eclipse-workspace\JavaEE\apache-tomcat-10.1.15-windows-x64\apache-tomcat-10.1.15
19-Oct-2023 13:21:05.383 INFO [main] org.apache.catalina.startup.VersionLoggerListener.log Command line argument:             -Dcatalina.home=C:\Users\userg\eclipse-workspace\JavaEE\apache-tomcat-10.1.15-windows-x64\apache-tomcat-10.1.15
19-Oct-2023 13:21:05.388 INFO [main] org.apache.catalina.startup.VersionLoggerListener.log Command line argument:             -Djava.io.tmpdir=C:\Users\userg\eclipse-workspace\JavaEE\apache-tomcat-10.1.15-windows-x64\apache-tomcat-10.1.15\temp
19-Oct-2023 13:21:05.392 INFO [main] org.apache.catalina.core.AprLifecycleListener.lifecycleEvent Cargada la biblioteca nativa APR de Apache Tomcat [2.0.6] con la versión APR [1.7.4].
19-Oct-2023 13:21:05.400 INFO [main] org.apache.catalina.core.AprLifecycleListener.initializeSSL OpenSSL inicializado correctamente [OpenSSL 3.0.11 19 Sep 2023]
19-Oct-2023 13:21:05.690 INFO [main] org.apache.coyote.AbstractProtocol.init Inicializando el manejador de protocolo ["http-nio-8080"]

19-Oct-2023 13:21:05.719 INFO [main] org.apache.catalina.startup.Catalina.load Server initialization in [621] milliseconds
19-Oct-2023 13:21:05.778 INFO [main] org.apache.catalina.core.StandardService.startInternal Arrancando servicio [Catalina]
19-Oct-2023 13:21:05.779 INFO [main] org.apache.catalina.core.StandardEngine.startInternal Starting Servlet engine: [Apache Tomcat/10.1.15]
19-Oct-2023 13:21:05.805 INFO [main] org.apache.catalina.startup.HostConfig.deployWAR Despliegue del archivo [C:\Users\userg\eclipse-workspace\JavaEE\apache-tomcat-10.1.15-windows-x64\apache-tomcat-10.1.15\webapps\webapp-1.0-SNAPSHOT.war] de la aplicación web
19-Oct-2023 13:21:06.248 INFO [main] org.apache.catalina.startup.HostConfig.deployWAR Deployment of web application archive [C:\Users\userg\eclipse-workspace\JavaEE\apache-tomcat-10.1.15-windows-x64\apache-tomcat-10.1.15\webapps\webapp-1.0-SNAPSHOT.war] has finished in [440] ms
19-Oct-2023 13:21:06.250 INFO [main] org.apache.catalina.startup.HostConfig.deployWAR Despliegue del archivo [C:\Users\userg\eclipse-workspace\JavaEE\apache-tomcat-10.1.15-windows-x64\apache-tomcat-10.1.15\webapps\webapp.war] de la aplicación web
19-Oct-2023 13:21:06.316 INFO [main] org.apache.catalina.startup.HostConfig.deployWAR Deployment of web application archive [C:\Users\userg\eclipse-workspace\JavaEE\apache-tomcat-10.1.15-windows-x64\apache-tomcat-10.1.15\webapps\webapp.war] has finished in [65] ms
19-Oct-2023 13:21:06.317 INFO [main] org.apache.catalina.startup.HostConfig.deployDirectory Desplegando el directorio [C:\Users\userg\eclipse-workspace\JavaEE\apache-tomcat-10.1.15-windows-x64\apache-tomcat-10.1.15\webapps\docs] de la aplicación web
19-Oct-2023 13:21:06.379 INFO [main] org.apache.catalina.startup.HostConfig.deployDirectory Deployment of web application directory [C:\Users\userg\eclipse-workspace\JavaEE\apache-tomcat-10.1.15-windows-x64\apache-tomcat-10.1.15\webapps\docs] has finished in [63] ms
19-Oct-2023 13:21:06.380 INFO [main] org.apache.catalina.startup.HostConfig.deployDirectory Desplegando el directorio [C:\Users\userg\eclipse-workspace\JavaEE\apache-tomcat-10.1.15-windows-x64\apache-tomcat-10.1.15\webapps\examples] de la aplicación web
19-Oct-2023 13:21:06.945 INFO [main] org.apache.catalina.startup.HostConfig.deployDirectory Deployment of web application directory [C:\Users\userg\eclipse-workspace\JavaEE\apache-tomcat-10.1.15-windows-x64\apache-tomcat-10.1.15\webapps\examples] has finished in [565] ms
19-Oct-2023 13:21:06.945 INFO [main] org.apache.catalina.startup.HostConfig.deployDirectory Desplegando el directorio [C:\Users\userg\eclipse-workspace\JavaEE\apache-tomcat-10.1.15-windows-x64\apache-tomcat-10.1.15\webapps\host-manager] de la aplicación web
19-Oct-2023 13:21:07.015 INFO [main] org.apache.catalina.startup.HostConfig.deployDirectory Deployment of web application directory [C:\Users\userg\eclipse-workspace\JavaEE\apache-tomcat-10.1.15-windows-x64\apache-tomcat-10.1.15\webapps\host-manager] has finished in [70] ms
19-Oct-2023 13:21:07.017 INFO [main] org.apache.catalina.startup.HostConfig.deployDirectory Desplegando el directorio [C:\Users\userg\eclipse-workspace\JavaEE\apache-tomcat-10.1.15-windows-x64\apache-tomcat-10.1.15\webapps\manager] de la aplicación web
19-Oct-2023 13:21:07.116 INFO [main] org.apache.catalina.startup.HostConfig.deployDirectory Deployment of web application directory [C:\Users\userg\eclipse-workspace\JavaEE\apache-tomcat-10.1.15-windows-x64\apache-tomcat-10.1.15\webapps\manager] has finished in [99] ms
19-Oct-2023 13:21:07.116 INFO [main] org.apache.catalina.startup.HostConfig.deployDirectory Desplegando el directorio [C:\Users\userg\eclipse-workspace\JavaEE\apache-tomcat-10.1.15-windows-x64\apache-tomcat-10.1.15\webapps\ROOT] de la aplicación web
19-Oct-2023 13:21:07.142 INFO [main] org.apache.catalina.startup.HostConfig.deployDirectory Deployment of web application directory [C:\Users\userg\eclipse-workspace\JavaEE\apache-tomcat-10.1.15-windows-x64\apache-tomcat-10.1.15\webapps\ROOT] has finished in [26] ms
19-Oct-2023 13:21:07.149 INFO [main] org.apache.coyote.AbstractProtocol.start Starting ProtocolHandler ["http-nio-8080"]
19-Oct-2023 13:21:07.213 INFO [main] org.apache.catalina.startup.Catalina.start Server startup in [1494] milliseconds
19-Oct-2023 13:21:15.505 INFO [http-nio-8080-exec-1] org.apache.catalina.startup.HostConfig.undeploy Repliegue (undeploy) de la aplicación web que tiene como trayectoria de contexto [/webapp]
19-Oct-2023 13:21:15.525 INFO [http-nio-8080-exec-1] org.apache.catalina.startup.HostConfig.deployWAR Despliegue del archivo [C:\Users\userg\eclipse-workspace\JavaEE\apache-tomcat-10.1.15-windows-x64\apache-tomcat-10.1.15\webapps\webapp.war] de la aplicación web
19-Oct-2023 13:21:15.609 INFO [http-nio-8080-exec-1] org.apache.catalina.startup.HostConfig.deployWAR Deployment of web application archive [C:\Users\userg\eclipse-workspace\JavaEE\apache-tomcat-10.1.15-windows-x64\apache-tomcat-10.1.15\webapps\webapp.war] has finished in [84] ms
19-Oct-2023 13:23:20.877 INFO [http-nio-8080-exec-11] org.apache.catalina.startup.HostConfig.undeploy Repliegue (undeploy) de la aplicación web que tiene como trayectoria de contexto [/webapp]
19-Oct-2023 13:23:20.891 INFO [http-nio-8080-exec-11] org.apache.catalina.startup.HostConfig.deployWAR Despliegue del archivo [C:\Users\userg\eclipse-workspace\JavaEE\apache-tomcat-10.1.15-windows-x64\apache-tomcat-10.1.15\webapps\webapp.war] de la aplicación web
19-Oct-2023 13:23:20.953 INFO [http-nio-8080-exec-11] org.apache.catalina.startup.HostConfig.deployWAR Deployment of web application archive [C:\Users\userg\eclipse-workspace\JavaEE\apache-tomcat-10.1.15-windows-x64\apache-tomcat-10.1.15\webapps\webapp.war] has finished in [62] ms
19-Oct-2023 13:27:58.771 INFO [http-nio-8080-exec-19] org.apache.catalina.startup.HostConfig.undeploy Repliegue (undeploy) de la aplicación web que tiene como trayectoria de contexto [/webapp]
19-Oct-2023 13:27:58.784 INFO [http-nio-8080-exec-19] org.apache.catalina.startup.HostConfig.deployWAR Despliegue del archivo [C:\Users\userg\eclipse-workspace\JavaEE\apache-tomcat-10.1.15-windows-x64\apache-tomcat-10.1.15\webapps\webapp.war] de la aplicación web
19-Oct-2023 13:27:58.855 INFO [http-nio-8080-exec-19] org.apache.catalina.startup.HostConfig.deployWAR Deployment of web application archive [C:\Users\userg\eclipse-workspace\JavaEE\apache-tomcat-10.1.15-windows-x64\apache-tomcat-10.1.15\webapps\webapp.war] has finished in [71] ms
19-Oct-2023 13:31:05.364 INFO [http-nio-8080-exec-31] org.apache.catalina.startup.HostConfig.undeploy Repliegue (undeploy) de la aplicación web que tiene como trayectoria de contexto [/webapp]
19-Oct-2023 13:31:05.378 INFO [http-nio-8080-exec-31] org.apache.catalina.startup.HostConfig.deployWAR Despliegue del archivo [C:\Users\userg\eclipse-workspace\JavaEE\apache-tomcat-10.1.15-windows-x64\apache-tomcat-10.1.15\webapps\webapp.war] de la aplicación web
19-Oct-2023 13:31:05.443 INFO [http-nio-8080-exec-31] org.apache.catalina.startup.HostConfig.deployWAR Deployment of web application archive [C:\Users\userg\eclipse-workspace\JavaEE\apache-tomcat-10.1.15-windows-x64\apache-tomcat-10.1.15\webapps\webapp.war] has finished in [65] ms
19-Oct-2023 13:36:42.258 INFO [Thread-1] org.apache.coyote.AbstractProtocol.pause Pausing ProtocolHandler ["http-nio-8080"]
19-Oct-2023 13:36:42.277 INFO [Thread-1] org.apache.catalina.core.StandardService.stopInternal Parando servicio [Catalina]
19-Oct-2023 13:36:42.298 INFO [Thread-1] org.apache.coyote.AbstractProtocol.stop Stopping ProtocolHandler ["http-nio-8080"]
19-Oct-2023 13:36:42.305 INFO [Thread-1] org.apache.coyote.AbstractProtocol.destroy Destroying ProtocolHandler ["http-nio-8080"]
19-Oct-2023 13:43:42.263 INFO [main] org.apache.catalina.startup.VersionLoggerListener.log Nombre de la versión del servidor: Apache Tomcat/10.1.15
19-Oct-2023 13:43:42.272 INFO [main] org.apache.catalina.startup.VersionLoggerListener.log Server built:                      Oct 11 2023 23:38:40 UTC
19-Oct-2023 13:43:42.272 INFO [main] org.apache.catalina.startup.VersionLoggerListener.log Número de versión de servidor:     10.1.15.0
19-Oct-2023 13:43:42.272 INFO [main] org.apache.catalina.startup.VersionLoggerListener.log OS Name:                           Windows 11
19-Oct-2023 13:43:42.272 INFO [main] org.apache.catalina.startup.VersionLoggerListener.log Versión de Systema Operativo:      10.0
19-Oct-2023 13:43:42.272 INFO [main] org.apache.catalina.startup.VersionLoggerListener.log Arquitectura:                      amd64
19-Oct-2023 13:43:42.272 INFO [main] org.apache.catalina.startup.VersionLoggerListener.log Java Home:                         C:\Program Files\Java\jdk-17.0.2
19-Oct-2023 13:43:42.272 INFO [main] org.apache.catalina.startup.VersionLoggerListener.log JVM Version:                       17.0.2+8-86
19-Oct-2023 13:43:42.272 INFO [main] org.apache.catalina.startup.VersionLoggerListener.log Vededor JVM:                       Oracle Corporation
19-Oct-2023 13:43:42.273 INFO [main] org.apache.catalina.startup.VersionLoggerListener.log CATALINA_BASE:                     C:\Users\userg\eclipse-workspace\JavaEE\apache-tomcat-10.1.15-windows-x64\apache-tomcat-10.1.15
19-Oct-2023 13:43:42.273 INFO [main] org.apache.catalina.startup.VersionLoggerListener.log CATALINA_HOME:                     C:\Users\userg\eclipse-workspace\JavaEE\apache-tomcat-10.1.15-windows-x64\apache-tomcat-10.1.15
19-Oct-2023 13:43:42.283 INFO [main] org.apache.catalina.startup.VersionLoggerListener.log Command line argument:             -Djava.util.logging.config.file=C:\Users\userg\eclipse-workspace\JavaEE\apache-tomcat-10.1.15-windows-x64\apache-tomcat-10.1.15\conf\logging.properties
19-Oct-2023 13:43:42.283 INFO [main] org.apache.catalina.startup.VersionLoggerListener.log Command line argument:             -Djava.util.logging.manager=org.apache.juli.ClassLoaderLogManager
19-Oct-2023 13:43:42.283 INFO [main] org.apache.catalina.startup.VersionLoggerListener.log Command line argument:             -Djdk.tls.ephemeralDHKeySize=2048
19-Oct-2023 13:43:42.283 INFO [main] org.apache.catalina.startup.VersionLoggerListener.log Command line argument:             -Djava.protocol.handler.pkgs=org.apache.catalina.webresources
19-Oct-2023 13:43:42.283 INFO [main] org.apache.catalina.startup.VersionLoggerListener.log Command line argument:             --add-opens=java.base/java.lang=ALL-UNNAMED
19-Oct-2023 13:43:42.285 INFO [main] org.apache.catalina.startup.VersionLoggerListener.log Command line argument:             --add-opens=java.base/java.io=ALL-UNNAMED
19-Oct-2023 13:43:42.292 INFO [main] org.apache.catalina.startup.VersionLoggerListener.log Command line argument:             --add-opens=java.base/java.util=ALL-UNNAMED
19-Oct-2023 13:43:42.292 INFO [main] org.apache.catalina.startup.VersionLoggerListener.log Command line argument:             --add-opens=java.base/java.util.concurrent=ALL-UNNAMED
19-Oct-2023 13:43:42.293 INFO [main] org.apache.catalina.startup.VersionLoggerListener.log Command line argument:             --add-opens=java.rmi/sun.rmi.transport=ALL-UNNAMED
19-Oct-2023 13:43:42.295 INFO [main] org.apache.catalina.startup.VersionLoggerListener.log Command line argument:             -Dcatalina.base=C:\Users\userg\eclipse-workspace\JavaEE\apache-tomcat-10.1.15-windows-x64\apache-tomcat-10.1.15
19-Oct-2023 13:43:42.295 INFO [main] org.apache.catalina.startup.VersionLoggerListener.log Command line argument:             -Dcatalina.home=C:\Users\userg\eclipse-workspace\JavaEE\apache-tomcat-10.1.15-windows-x64\apache-tomcat-10.1.15
19-Oct-2023 13:43:42.296 INFO [main] org.apache.catalina.startup.VersionLoggerListener.log Command line argument:             -Djava.io.tmpdir=C:\Users\userg\eclipse-workspace\JavaEE\apache-tomcat-10.1.15-windows-x64\apache-tomcat-10.1.15\temp
19-Oct-2023 13:43:42.299 INFO [main] org.apache.catalina.core.AprLifecycleListener.lifecycleEvent Cargada la biblioteca nativa APR de Apache Tomcat [2.0.6] con la versión APR [1.7.4].
19-Oct-2023 13:43:42.310 INFO [main] org.apache.catalina.core.AprLifecycleListener.initializeSSL OpenSSL inicializado correctamente [OpenSSL 3.0.11 19 Sep 2023]
19-Oct-2023 13:43:42.590 INFO [main] org.apache.coyote.AbstractProtocol.init Inicializando el manejador de protocolo ["http-nio-8080"]

19-Oct-2023 13:43:42.618 INFO [main] org.apache.catalina.startup.Catalina.load Server initialization in [618] milliseconds
19-Oct-2023 13:43:42.682 INFO [main] org.apache.catalina.core.StandardService.startInternal Arrancando servicio [Catalina]
19-Oct-2023 13:43:42.683 INFO [main] org.apache.catalina.core.StandardEngine.startInternal Starting Servlet engine: [Apache Tomcat/10.1.15]
19-Oct-2023 13:43:42.718 INFO [main] org.apache.catalina.startup.HostConfig.deployWAR Despliegue del archivo [C:\Users\userg\eclipse-workspace\JavaEE\apache-tomcat-10.1.15-windows-x64\apache-tomcat-10.1.15\webapps\webapp-1.0-SNAPSHOT.war] de la aplicación web
19-Oct-2023 13:43:43.129 INFO [main] org.apache.catalina.startup.HostConfig.deployWAR Deployment of web application archive [C:\Users\userg\eclipse-workspace\JavaEE\apache-tomcat-10.1.15-windows-x64\apache-tomcat-10.1.15\webapps\webapp-1.0-SNAPSHOT.war] has finished in [409] ms
19-Oct-2023 13:43:43.131 INFO [main] org.apache.catalina.startup.HostConfig.deployWAR Despliegue del archivo [C:\Users\userg\eclipse-workspace\JavaEE\apache-tomcat-10.1.15-windows-x64\apache-tomcat-10.1.15\webapps\webapp.war] de la aplicación web
19-Oct-2023 13:43:43.208 INFO [main] org.apache.catalina.startup.HostConfig.deployWAR Deployment of web application archive [C:\Users\userg\eclipse-workspace\JavaEE\apache-tomcat-10.1.15-windows-x64\apache-tomcat-10.1.15\webapps\webapp.war] has finished in [75] ms
19-Oct-2023 13:43:43.209 INFO [main] org.apache.catalina.startup.HostConfig.deployDirectory Desplegando el directorio [C:\Users\userg\eclipse-workspace\JavaEE\apache-tomcat-10.1.15-windows-x64\apache-tomcat-10.1.15\webapps\docs] de la aplicación web
19-Oct-2023 13:43:43.262 INFO [main] org.apache.catalina.startup.HostConfig.deployDirectory Deployment of web application directory [C:\Users\userg\eclipse-workspace\JavaEE\apache-tomcat-10.1.15-windows-x64\apache-tomcat-10.1.15\webapps\docs] has finished in [53] ms
19-Oct-2023 13:43:43.263 INFO [main] org.apache.catalina.startup.HostConfig.deployDirectory Desplegando el directorio [C:\Users\userg\eclipse-workspace\JavaEE\apache-tomcat-10.1.15-windows-x64\apache-tomcat-10.1.15\webapps\examples] de la aplicación web
19-Oct-2023 13:43:43.746 INFO [main] org.apache.catalina.startup.HostConfig.deployDirectory Deployment of web application directory [C:\Users\userg\eclipse-workspace\JavaEE\apache-tomcat-10.1.15-windows-x64\apache-tomcat-10.1.15\webapps\examples] has finished in [482] ms
19-Oct-2023 13:43:43.746 INFO [main] org.apache.catalina.startup.HostConfig.deployDirectory Desplegando el directorio [C:\Users\userg\eclipse-workspace\JavaEE\apache-tomcat-10.1.15-windows-x64\apache-tomcat-10.1.15\webapps\host-manager] de la aplicación web
19-Oct-2023 13:43:43.796 INFO [main] org.apache.catalina.startup.HostConfig.deployDirectory Deployment of web application directory [C:\Users\userg\eclipse-workspace\JavaEE\apache-tomcat-10.1.15-windows-x64\apache-tomcat-10.1.15\webapps\host-manager] has finished in [50] ms
19-Oct-2023 13:43:43.797 INFO [main] org.apache.catalina.startup.HostConfig.deployDirectory Desplegando el directorio [C:\Users\userg\eclipse-workspace\JavaEE\apache-tomcat-10.1.15-windows-x64\apache-tomcat-10.1.15\webapps\manager] de la aplicación web
19-Oct-2023 13:43:43.844 INFO [main] org.apache.catalina.startup.HostConfig.deployDirectory Deployment of web application directory [C:\Users\userg\eclipse-workspace\JavaEE\apache-tomcat-10.1.15-windows-x64\apache-tomcat-10.1.15\webapps\manager] has finished in [47] ms
19-Oct-2023 13:43:43.845 INFO [main] org.apache.catalina.startup.HostConfig.deployDirectory Desplegando el directorio [C:\Users\userg\eclipse-workspace\JavaEE\apache-tomcat-10.1.15-windows-x64\apache-tomcat-10.1.15\webapps\ROOT] de la aplicación web
19-Oct-2023 13:43:43.866 INFO [main] org.apache.catalina.startup.HostConfig.deployDirectory Deployment of web application directory [C:\Users\userg\eclipse-workspace\JavaEE\apache-tomcat-10.1.15-windows-x64\apache-tomcat-10.1.15\webapps\ROOT] has finished in [21] ms
19-Oct-2023 13:43:43.875 INFO [main] org.apache.coyote.AbstractProtocol.start Starting ProtocolHandler ["http-nio-8080"]
19-Oct-2023 13:43:43.946 INFO [main] org.apache.catalina.startup.Catalina.start Server startup in [1327] milliseconds
19-Oct-2023 13:43:52.379 INFO [http-nio-8080-exec-1] org.apache.catalina.startup.HostConfig.undeploy Repliegue (undeploy) de la aplicación web que tiene como trayectoria de contexto [/webapp]
19-Oct-2023 13:43:52.403 INFO [http-nio-8080-exec-1] org.apache.catalina.startup.HostConfig.deployWAR Despliegue del archivo [C:\Users\userg\eclipse-workspace\JavaEE\apache-tomcat-10.1.15-windows-x64\apache-tomcat-10.1.15\webapps\webapp.war] de la aplicación web
19-Oct-2023 13:43:52.488 INFO [http-nio-8080-exec-1] org.apache.catalina.startup.HostConfig.deployWAR Deployment of web application archive [C:\Users\userg\eclipse-workspace\JavaEE\apache-tomcat-10.1.15-windows-x64\apache-tomcat-10.1.15\webapps\webapp.war] has finished in [85] ms
19-Oct-2023 13:44:36.826 INFO [http-nio-8080-exec-9] org.apache.catalina.startup.HostConfig.undeploy Repliegue (undeploy) de la aplicación web que tiene como trayectoria de contexto [/webapp]
19-Oct-2023 13:44:36.849 INFO [http-nio-8080-exec-9] org.apache.catalina.startup.HostConfig.deployWAR Despliegue del archivo [C:\Users\userg\eclipse-workspace\JavaEE\apache-tomcat-10.1.15-windows-x64\apache-tomcat-10.1.15\webapps\webapp.war] de la aplicación web
19-Oct-2023 13:44:36.927 INFO [http-nio-8080-exec-9] org.apache.catalina.startup.HostConfig.deployWAR Deployment of web application archive [C:\Users\userg\eclipse-workspace\JavaEE\apache-tomcat-10.1.15-windows-x64\apache-tomcat-10.1.15\webapps\webapp.war] has finished in [78] ms
19-Oct-2023 13:51:25.211 INFO [http-nio-8080-exec-22] org.apache.catalina.startup.HostConfig.undeploy Repliegue (undeploy) de la aplicación web que tiene como trayectoria de contexto [/webapp]
19-Oct-2023 13:51:25.236 INFO [http-nio-8080-exec-22] org.apache.catalina.startup.HostConfig.deployWAR Despliegue del archivo [C:\Users\userg\eclipse-workspace\JavaEE\apache-tomcat-10.1.15-windows-x64\apache-tomcat-10.1.15\webapps\webapp.war] de la aplicación web
19-Oct-2023 13:51:25.316 INFO [http-nio-8080-exec-22] org.apache.catalina.startup.HostConfig.deployWAR Deployment of web application archive [C:\Users\userg\eclipse-workspace\JavaEE\apache-tomcat-10.1.15-windows-x64\apache-tomcat-10.1.15\webapps\webapp.war] has finished in [81] ms
19-Oct-2023 13:56:43.009 INFO [http-nio-8080-exec-24] org.apache.catalina.startup.HostConfig.undeploy Repliegue (undeploy) de la aplicación web que tiene como trayectoria de contexto [/webapp]
19-Oct-2023 13:56:43.024 INFO [http-nio-8080-exec-24] org.apache.catalina.startup.HostConfig.deployWAR Despliegue del archivo [C:\Users\userg\eclipse-workspace\JavaEE\apache-tomcat-10.1.15-windows-x64\apache-tomcat-10.1.15\webapps\webapp.war] de la aplicación web
19-Oct-2023 13:56:43.089 INFO [http-nio-8080-exec-24] org.apache.catalina.startup.HostConfig.deployWAR Deployment of web application archive [C:\Users\userg\eclipse-workspace\JavaEE\apache-tomcat-10.1.15-windows-x64\apache-tomcat-10.1.15\webapps\webapp.war] has finished in [65] ms
19-Oct-2023 13:59:50.338 INFO [http-nio-8080-exec-34] org.apache.catalina.startup.HostConfig.undeploy Repliegue (undeploy) de la aplicación web que tiene como trayectoria de contexto [/webapp]
19-Oct-2023 13:59:50.363 INFO [http-nio-8080-exec-34] org.apache.catalina.startup.HostConfig.deployWAR Despliegue del archivo [C:\Users\userg\eclipse-workspace\JavaEE\apache-tomcat-10.1.15-windows-x64\apache-tomcat-10.1.15\webapps\webapp.war] de la aplicación web
19-Oct-2023 13:59:50.434 INFO [http-nio-8080-exec-34] org.apache.catalina.startup.HostConfig.deployWAR Deployment of web application archive [C:\Users\userg\eclipse-workspace\JavaEE\apache-tomcat-10.1.15-windows-x64\apache-tomcat-10.1.15\webapps\webapp.war] has finished in [71] ms
19-Oct-2023 15:32:48.744 INFO [Thread-1] org.apache.coyote.AbstractProtocol.pause Pausing ProtocolHandler ["http-nio-8080"]
19-Oct-2023 15:32:48.766 INFO [Thread-1] org.apache.catalina.core.StandardService.stopInternal Parando servicio [Catalina]
19-Oct-2023 15:32:48.809 INFO [Thread-1] org.apache.coyote.AbstractProtocol.stop Stopping ProtocolHandler ["http-nio-8080"]
19-Oct-2023 15:32:48.832 INFO [Thread-1] org.apache.coyote.AbstractProtocol.destroy Destroying ProtocolHandler ["http-nio-8080"]
19-Oct-2023 15:52:37.341 INFO [main] org.apache.catalina.startup.VersionLoggerListener.log Nombre de la versión del servidor: Apache Tomcat/10.1.15
19-Oct-2023 15:52:37.346 INFO [main] org.apache.catalina.startup.VersionLoggerListener.log Server built:                      Oct 11 2023 23:38:40 UTC
19-Oct-2023 15:52:37.348 INFO [main] org.apache.catalina.startup.VersionLoggerListener.log Número de versión de servidor:     10.1.15.0
19-Oct-2023 15:52:37.348 INFO [main] org.apache.catalina.startup.VersionLoggerListener.log OS Name:                           Windows 11
19-Oct-2023 15:52:37.348 INFO [main] org.apache.catalina.startup.VersionLoggerListener.log Versión de Systema Operativo:      10.0
19-Oct-2023 15:52:37.348 INFO [main] org.apache.catalina.startup.VersionLoggerListener.log Arquitectura:                      amd64
19-Oct-2023 15:52:37.349 INFO [main] org.apache.catalina.startup.VersionLoggerListener.log Java Home:                         C:\Program Files\Java\jdk-17.0.2
19-Oct-2023 15:52:37.349 INFO [main] org.apache.catalina.startup.VersionLoggerListener.log JVM Version:                       17.0.2+8-86
19-Oct-2023 15:52:37.349 INFO [main] org.apache.catalina.startup.VersionLoggerListener.log Vededor JVM:                       Oracle Corporation
19-Oct-2023 15:52:37.349 INFO [main] org.apache.catalina.startup.VersionLoggerListener.log CATALINA_BASE:                     C:\Users\userg\eclipse-workspace\CovidWeb\apache-tomcat-10.1.15
19-Oct-2023 15:52:37.349 INFO [main] org.apache.catalina.startup.VersionLoggerListener.log CATALINA_HOME:                     C:\Users\userg\eclipse-workspace\CovidWeb\apache-tomcat-10.1.15
19-Oct-2023 15:52:37.360 INFO [main] org.apache.catalina.startup.VersionLoggerListener.log Command line argument:             -Djava.util.logging.config.file=C:\Users\userg\eclipse-workspace\CovidWeb\apache-tomcat-10.1.15\conf\logging.properties
19-Oct-2023 15:52:37.361 INFO [main] org.apache.catalina.startup.VersionLoggerListener.log Command line argument:             -Djava.util.logging.manager=org.apache.juli.ClassLoaderLogManager
19-Oct-2023 15:52:37.361 INFO [main] org.apache.catalina.startup.VersionLoggerListener.log Command line argument:             -Djdk.tls.ephemeralDHKeySize=2048
19-Oct-2023 15:52:37.361 INFO [main] org.apache.catalina.startup.VersionLoggerListener.log Command line argument:             -Djava.protocol.handler.pkgs=org.apache.catalina.webresources
19-Oct-2023 15:52:37.362 INFO [main] org.apache.catalina.startup.VersionLoggerListener.log Command line argument:             --add-opens=java.base/java.lang=ALL-UNNAMED
19-Oct-2023 15:52:37.362 INFO [main] org.apache.catalina.startup.VersionLoggerListener.log Command line argument:             --add-opens=java.base/java.io=ALL-UNNAMED
19-Oct-2023 15:52:37.363 INFO [main] org.apache.catalina.startup.VersionLoggerListener.log Command line argument:             --add-opens=java.base/java.util=ALL-UNNAMED
19-Oct-2023 15:52:37.364 INFO [main] org.apache.catalina.startup.VersionLoggerListener.log Command line argument:             --add-opens=java.base/java.util.concurrent=ALL-UNNAMED
19-Oct-2023 15:52:37.365 INFO [main] org.apache.catalina.startup.VersionLoggerListener.log Command line argument:             --add-opens=java.rmi/sun.rmi.transport=ALL-UNNAMED
19-Oct-2023 15:52:37.365 INFO [main] org.apache.catalina.startup.VersionLoggerListener.log Command line argument:             -Dcatalina.base=C:\Users\userg\eclipse-workspace\CovidWeb\apache-tomcat-10.1.15
19-Oct-2023 15:52:37.365 INFO [main] org.apache.catalina.startup.VersionLoggerListener.log Command line argument:             -Dcatalina.home=C:\Users\userg\eclipse-workspace\CovidWeb\apache-tomcat-10.1.15
19-Oct-2023 15:52:37.367 INFO [main] org.apache.catalina.startup.VersionLoggerListener.log Command line argument:             -Djava.io.tmpdir=C:\Users\userg\eclipse-workspace\CovidWeb\apache-tomcat-10.1.15\temp
19-Oct-2023 15:52:37.370 INFO [main] org.apache.catalina.core.AprLifecycleListener.lifecycleEvent Cargada la biblioteca nativa APR de Apache Tomcat [2.0.6] con la versión APR [1.7.4].
19-Oct-2023 15:52:37.379 INFO [main] org.apache.catalina.core.AprLifecycleListener.initializeSSL OpenSSL inicializado correctamente [OpenSSL 3.0.11 19 Sep 2023]
19-Oct-2023 15:52:37.649 INFO [main] org.apache.coyote.AbstractProtocol.init Inicializando el manejador de protocolo ["http-nio-8080"]

19-Oct-2023 15:52:37.679 INFO [main] org.apache.catalina.startup.Catalina.load Server initialization in [582] milliseconds
19-Oct-2023 15:52:37.763 INFO [main] org.apache.catalina.core.StandardService.startInternal Arrancando servicio [Catalina]
19-Oct-2023 15:52:37.763 INFO [main] org.apache.catalina.core.StandardEngine.startInternal Starting Servlet engine: [Apache Tomcat/10.1.15]
19-Oct-2023 15:52:37.801 INFO [main] org.apache.catalina.startup.HostConfig.deployWAR Despliegue del archivo [C:\Users\userg\eclipse-workspace\CovidWeb\apache-tomcat-10.1.15\webapps\webapp-1.0-SNAPSHOT.war] de la aplicación web
19-Oct-2023 15:52:38.205 INFO [main] org.apache.catalina.startup.HostConfig.deployWAR Deployment of web application archive [C:\Users\userg\eclipse-workspace\CovidWeb\apache-tomcat-10.1.15\webapps\webapp-1.0-SNAPSHOT.war] has finished in [402] ms
19-Oct-2023 15:52:38.211 INFO [main] org.apache.catalina.startup.HostConfig.deployWAR Despliegue del archivo [C:\Users\userg\eclipse-workspace\CovidWeb\apache-tomcat-10.1.15\webapps\webapp.war] de la aplicación web
19-Oct-2023 15:52:38.302 INFO [main] org.apache.catalina.startup.HostConfig.deployWAR Deployment of web application archive [C:\Users\userg\eclipse-workspace\CovidWeb\apache-tomcat-10.1.15\webapps\webapp.war] has finished in [91] ms
19-Oct-2023 15:52:38.303 INFO [main] org.apache.catalina.startup.HostConfig.deployDirectory Desplegando el directorio [C:\Users\userg\eclipse-workspace\CovidWeb\apache-tomcat-10.1.15\webapps\docs] de la aplicación web
19-Oct-2023 15:52:38.365 INFO [main] org.apache.catalina.startup.HostConfig.deployDirectory Deployment of web application directory [C:\Users\userg\eclipse-workspace\CovidWeb\apache-tomcat-10.1.15\webapps\docs] has finished in [61] ms
19-Oct-2023 15:52:38.365 INFO [main] org.apache.catalina.startup.HostConfig.deployDirectory Desplegando el directorio [C:\Users\userg\eclipse-workspace\CovidWeb\apache-tomcat-10.1.15\webapps\examples] de la aplicación web
19-Oct-2023 15:52:38.834 INFO [main] org.apache.catalina.startup.HostConfig.deployDirectory Deployment of web application directory [C:\Users\userg\eclipse-workspace\CovidWeb\apache-tomcat-10.1.15\webapps\examples] has finished in [469] ms
19-Oct-2023 15:52:38.834 INFO [main] org.apache.catalina.startup.HostConfig.deployDirectory Desplegando el directorio [C:\Users\userg\eclipse-workspace\CovidWeb\apache-tomcat-10.1.15\webapps\host-manager] de la aplicación web
19-Oct-2023 15:52:38.891 INFO [main] org.apache.catalina.startup.HostConfig.deployDirectory Deployment of web application directory [C:\Users\userg\eclipse-workspace\CovidWeb\apache-tomcat-10.1.15\webapps\host-manager] has finished in [57] ms
19-Oct-2023 15:52:38.891 INFO [main] org.apache.catalina.startup.HostConfig.deployDirectory Desplegando el directorio [C:\Users\userg\eclipse-workspace\CovidWeb\apache-tomcat-10.1.15\webapps\manager] de la aplicación web
19-Oct-2023 15:52:38.955 INFO [main] org.apache.catalina.startup.HostConfig.deployDirectory Deployment of web application directory [C:\Users\userg\eclipse-workspace\CovidWeb\apache-tomcat-10.1.15\webapps\manager] has finished in [64] ms
19-Oct-2023 15:52:38.958 INFO [main] org.apache.catalina.startup.HostConfig.deployDirectory Desplegando el directorio [C:\Users\userg\eclipse-workspace\CovidWeb\apache-tomcat-10.1.15\webapps\ROOT] de la aplicación web
19-Oct-2023 15:52:39.004 INFO [main] org.apache.catalina.startup.HostConfig.deployDirectory Deployment of web application directory [C:\Users\userg\eclipse-workspace\CovidWeb\apache-tomcat-10.1.15\webapps\ROOT] has finished in [47] ms
19-Oct-2023 15:52:39.011 INFO [main] org.apache.coyote.AbstractProtocol.start Starting ProtocolHandler ["http-nio-8080"]
19-Oct-2023 15:52:39.080 INFO [main] org.apache.catalina.startup.Catalina.start Server startup in [1400] milliseconds
19-Oct-2023 16:50:14.379 INFO [http-nio-8080-exec-2] org.apache.catalina.startup.HostConfig.undeploy Repliegue (undeploy) de la aplicación web que tiene como trayectoria de contexto [/webapp]
19-Oct-2023 16:50:14.440 INFO [http-nio-8080-exec-2] org.apache.catalina.startup.HostConfig.deployWAR Despliegue del archivo [C:\Users\userg\eclipse-workspace\CovidWeb\apache-tomcat-10.1.15\webapps\webapp.war] de la aplicación web
19-Oct-2023 16:50:14.500 INFO [http-nio-8080-exec-2] org.apache.catalina.startup.HostConfig.deployWAR Deployment of web application archive [C:\Users\userg\eclipse-workspace\CovidWeb\apache-tomcat-10.1.15\webapps\webapp.war] has finished in [59] ms
19-Oct-2023 18:12:18.182 INFO [http-nio-8080-exec-11] org.apache.catalina.startup.HostConfig.undeploy Repliegue (undeploy) de la aplicación web que tiene como trayectoria de contexto [/webapp]
19-Oct-2023 18:12:18.208 INFO [http-nio-8080-exec-11] org.apache.catalina.startup.HostConfig.deployWAR Despliegue del archivo [C:\Users\userg\eclipse-workspace\CovidWeb\apache-tomcat-10.1.15\webapps\webapp.war] de la aplicación web
19-Oct-2023 18:12:18.394 INFO [http-nio-8080-exec-11] org.apache.catalina.startup.HostConfig.deployWAR Deployment of web application archive [C:\Users\userg\eclipse-workspace\CovidWeb\apache-tomcat-10.1.15\webapps\webapp.war] has finished in [186] ms
19-Oct-2023 18:17:07.156 INFO [http-nio-8080-exec-21] org.apache.catalina.startup.HostConfig.undeploy Repliegue (undeploy) de la aplicación web que tiene como trayectoria de contexto [/webapp]
19-Oct-2023 18:17:07.194 INFO [http-nio-8080-exec-21] org.apache.catalina.startup.HostConfig.deployWAR Despliegue del archivo [C:\Users\userg\eclipse-workspace\CovidWeb\apache-tomcat-10.1.15\webapps\webapp.war] de la aplicación web
19-Oct-2023 18:17:07.358 INFO [http-nio-8080-exec-21] org.apache.catalina.startup.HostConfig.deployWAR Deployment of web application archive [C:\Users\userg\eclipse-workspace\CovidWeb\apache-tomcat-10.1.15\webapps\webapp.war] has finished in [164] ms
19-Oct-2023 18:17:36.489 INFO [Thread-1] org.apache.coyote.AbstractProtocol.pause Pausing ProtocolHandler ["http-nio-8080"]
19-Oct-2023 18:17:36.518 INFO [Thread-1] org.apache.catalina.core.StandardService.stopInternal Parando servicio [Catalina]
19-Oct-2023 18:17:36.565 INFO [Thread-1] org.apache.coyote.AbstractProtocol.stop Stopping ProtocolHandler ["http-nio-8080"]
19-Oct-2023 18:17:36.579 INFO [Thread-1] org.apache.coyote.AbstractProtocol.destroy Destroying ProtocolHandler ["http-nio-8080"]
